<?xml version="1.0" encoding="UTF-8"?>
<testsuite xmlns:xsi="http://www.w3.org/2001/XMLSchema-instance" xsi:noNamespaceSchemaLocation="https://maven.apache.org/surefire/maven-surefire-plugin/xsd/surefire-test-report.xsd" version="3.0.2" name="TestSuite" time="39.565" tests="10" errors="0" skipped="0" failures="0">
  <properties>
    <property name="java.specification.version" value="17"/>
    <property name="sun.cpu.isalist" value="amd64"/>
    <property name="sun.jnu.encoding" value="Cp1252"/>
    <property name="java.class.path" value="D:\Niraj\Work\Spring Boot UI API Automation\SpringBootUIApiAutomation\target\test-classes;D:\Niraj\Work\Spring Boot UI API Automation\SpringBootUIApiAutomation\target\classes;C:\Users\niraj\.m2\repository\org\springframework\boot\spring-boot-starter\3.4.3\spring-boot-starter-3.4.3.jar;C:\Users\niraj\.m2\repository\org\springframework\boot\spring-boot\3.4.3\spring-boot-3.4.3.jar;C:\Users\niraj\.m2\repository\org\springframework\spring-context\6.2.3\spring-context-6.2.3.jar;C:\Users\niraj\.m2\repository\org\springframework\boot\spring-boot-autoconfigure\3.4.3\spring-boot-autoconfigure-3.4.3.jar;C:\Users\niraj\.m2\repository\jakarta\annotation\jakarta.annotation-api\2.1.1\jakarta.annotation-api-2.1.1.jar;C:\Users\niraj\.m2\repository\org\springframework\spring-core\6.2.3\spring-core-6.2.3.jar;C:\Users\niraj\.m2\repository\org\springframework\spring-jcl\6.2.3\spring-jcl-6.2.3.jar;C:\Users\niraj\.m2\repository\org\yaml\snakeyaml\2.3\snakeyaml-2.3.jar;C:\Users\niraj\.m2\repository\org\springframework\boot\spring-boot-starter-test\3.4.3\spring-boot-starter-test-3.4.3.jar;C:\Users\niraj\.m2\repository\org\springframework\boot\spring-boot-test\3.4.3\spring-boot-test-3.4.3.jar;C:\Users\niraj\.m2\repository\org\springframework\boot\spring-boot-test-autoconfigure\3.4.3\spring-boot-test-autoconfigure-3.4.3.jar;C:\Users\niraj\.m2\repository\com\jayway\jsonpath\json-path\2.9.0\json-path-2.9.0.jar;C:\Users\niraj\.m2\repository\jakarta\xml\bind\jakarta.xml.bind-api\4.0.2\jakarta.xml.bind-api-4.0.2.jar;C:\Users\niraj\.m2\repository\jakarta\activation\jakarta.activation-api\2.1.3\jakarta.activation-api-2.1.3.jar;C:\Users\niraj\.m2\repository\net\minidev\json-smart\2.5.2\json-smart-2.5.2.jar;C:\Users\niraj\.m2\repository\net\minidev\accessors-smart\2.5.2\accessors-smart-2.5.2.jar;C:\Users\niraj\.m2\repository\org\ow2\asm\asm\9.7.1\asm-9.7.1.jar;C:\Users\niraj\.m2\repository\org\assertj\assertj-core\3.26.3\assertj-core-3.26.3.jar;C:\Users\niraj\.m2\repository\net\bytebuddy\byte-buddy\1.15.11\byte-buddy-1.15.11.jar;C:\Users\niraj\.m2\repository\org\awaitility\awaitility\4.2.2\awaitility-4.2.2.jar;C:\Users\niraj\.m2\repository\org\hamcrest\hamcrest\2.2\hamcrest-2.2.jar;C:\Users\niraj\.m2\repository\org\mockito\mockito-core\5.14.2\mockito-core-5.14.2.jar;C:\Users\niraj\.m2\repository\net\bytebuddy\byte-buddy-agent\1.15.11\byte-buddy-agent-1.15.11.jar;C:\Users\niraj\.m2\repository\org\objenesis\objenesis\3.3\objenesis-3.3.jar;C:\Users\niraj\.m2\repository\org\skyscreamer\jsonassert\1.5.3\jsonassert-1.5.3.jar;C:\Users\niraj\.m2\repository\com\vaadin\external\google\android-json\0.0.20131108.vaadin1\android-json-0.0.20131108.vaadin1.jar;C:\Users\niraj\.m2\repository\org\springframework\spring-test\6.2.3\spring-test-6.2.3.jar;C:\Users\niraj\.m2\repository\org\xmlunit\xmlunit-core\2.10.0\xmlunit-core-2.10.0.jar;C:\Users\niraj\.m2\repository\org\mockito\mockito-junit-jupiter\5.14.2\mockito-junit-jupiter-5.14.2.jar;C:\Users\niraj\.m2\repository\org\springframework\boot\spring-boot-starter-aop\3.4.3\spring-boot-starter-aop-3.4.3.jar;C:\Users\niraj\.m2\repository\org\springframework\spring-aop\6.2.3\spring-aop-6.2.3.jar;C:\Users\niraj\.m2\repository\org\springframework\spring-beans\6.2.3\spring-beans-6.2.3.jar;C:\Users\niraj\.m2\repository\org\aspectj\aspectjweaver\1.9.20.1\aspectjweaver-1.9.20.1.jar;C:\Users\niraj\.m2\repository\org\springframework\boot\spring-boot-starter-data-jpa\3.4.3\spring-boot-starter-data-jpa-3.4.3.jar;C:\Users\niraj\.m2\repository\org\springframework\boot\spring-boot-starter-jdbc\3.4.3\spring-boot-starter-jdbc-3.4.3.jar;C:\Users\niraj\.m2\repository\com\zaxxer\HikariCP\5.1.0\HikariCP-5.1.0.jar;C:\Users\niraj\.m2\repository\org\springframework\spring-jdbc\6.2.3\spring-jdbc-6.2.3.jar;C:\Users\niraj\.m2\repository\org\hibernate\orm\hibernate-core\6.6.8.Final\hibernate-core-6.6.8.Final.jar;C:\Users\niraj\.m2\repository\jakarta\persistence\jakarta.persistence-api\3.1.0\jakarta.persistence-api-3.1.0.jar;C:\Users\niraj\.m2\repository\jakarta\transaction\jakarta.transaction-api\2.0.1\jakarta.transaction-api-2.0.1.jar;C:\Users\niraj\.m2\repository\org\jboss\logging\jboss-logging\3.6.1.Final\jboss-logging-3.6.1.Final.jar;C:\Users\niraj\.m2\repository\org\hibernate\common\hibernate-commons-annotations\7.0.3.Final\hibernate-commons-annotations-7.0.3.Final.jar;C:\Users\niraj\.m2\repository\io\smallrye\jandex\3.2.0\jandex-3.2.0.jar;C:\Users\niraj\.m2\repository\com\fasterxml\classmate\1.7.0\classmate-1.7.0.jar;C:\Users\niraj\.m2\repository\org\glassfish\jaxb\jaxb-runtime\4.0.5\jaxb-runtime-4.0.5.jar;C:\Users\niraj\.m2\repository\org\glassfish\jaxb\jaxb-core\4.0.5\jaxb-core-4.0.5.jar;C:\Users\niraj\.m2\repository\org\eclipse\angus\angus-activation\2.0.2\angus-activation-2.0.2.jar;C:\Users\niraj\.m2\repository\org\glassfish\jaxb\txw2\4.0.5\txw2-4.0.5.jar;C:\Users\niraj\.m2\repository\com\sun\istack\istack-commons-runtime\4.1.2\istack-commons-runtime-4.1.2.jar;C:\Users\niraj\.m2\repository\org\antlr\antlr4-runtime\4.13.0\antlr4-runtime-4.13.0.jar;C:\Users\niraj\.m2\repository\org\springframework\data\spring-data-jpa\3.4.3\spring-data-jpa-3.4.3.jar;C:\Users\niraj\.m2\repository\org\springframework\data\spring-data-commons\3.4.3\spring-data-commons-3.4.3.jar;C:\Users\niraj\.m2\repository\org\springframework\spring-orm\6.2.3\spring-orm-6.2.3.jar;C:\Users\niraj\.m2\repository\org\springframework\spring-tx\6.2.3\spring-tx-6.2.3.jar;C:\Users\niraj\.m2\repository\org\springframework\spring-aspects\6.2.3\spring-aspects-6.2.3.jar;C:\Users\niraj\.m2\repository\com\h2database\h2\2.3.232\h2-2.3.232.jar;C:\Users\niraj\.m2\repository\org\seleniumhq\selenium\selenium-java\4.28.0\selenium-java-4.28.0.jar;C:\Users\niraj\.m2\repository\org\seleniumhq\selenium\selenium-api\4.28.0\selenium-api-4.28.0.jar;C:\Users\niraj\.m2\repository\org\jspecify\jspecify\1.0.0\jspecify-1.0.0.jar;C:\Users\niraj\.m2\repository\org\seleniumhq\selenium\selenium-chrome-driver\4.28.0\selenium-chrome-driver-4.28.0.jar;C:\Users\niraj\.m2\repository\com\google\auto\service\auto-service-annotations\1.1.1\auto-service-annotations-1.1.1.jar;C:\Users\niraj\.m2\repository\org\seleniumhq\selenium\selenium-chromium-driver\4.28.0\selenium-chromium-driver-4.28.0.jar;C:\Users\niraj\.m2\repository\org\seleniumhq\selenium\selenium-json\4.28.0\selenium-json-4.28.0.jar;C:\Users\niraj\.m2\repository\org\seleniumhq\selenium\selenium-manager\4.28.0\selenium-manager-4.28.0.jar;C:\Users\niraj\.m2\repository\org\seleniumhq\selenium\selenium-devtools-v130\4.28.0\selenium-devtools-v130-4.28.0.jar;C:\Users\niraj\.m2\repository\org\seleniumhq\selenium\selenium-devtools-v131\4.28.0\selenium-devtools-v131-4.28.0.jar;C:\Users\niraj\.m2\repository\org\seleniumhq\selenium\selenium-devtools-v132\4.28.0\selenium-devtools-v132-4.28.0.jar;C:\Users\niraj\.m2\repository\org\seleniumhq\selenium\selenium-devtools-v85\4.28.0\selenium-devtools-v85-4.28.0.jar;C:\Users\niraj\.m2\repository\org\seleniumhq\selenium\selenium-edge-driver\4.28.0\selenium-edge-driver-4.28.0.jar;C:\Users\niraj\.m2\repository\org\seleniumhq\selenium\selenium-firefox-driver\4.28.0\selenium-firefox-driver-4.28.0.jar;C:\Users\niraj\.m2\repository\org\seleniumhq\selenium\selenium-http\4.28.0\selenium-http-4.28.0.jar;C:\Users\niraj\.m2\repository\org\seleniumhq\selenium\selenium-ie-driver\4.28.0\selenium-ie-driver-4.28.0.jar;C:\Users\niraj\.m2\repository\org\seleniumhq\selenium\selenium-remote-driver\4.28.0\selenium-remote-driver-4.28.0.jar;C:\Users\niraj\.m2\repository\io\opentelemetry\semconv\opentelemetry-semconv\1.28.0-alpha\opentelemetry-semconv-1.28.0-alpha.jar;C:\Users\niraj\.m2\repository\io\opentelemetry\opentelemetry-api\1.43.0\opentelemetry-api-1.43.0.jar;C:\Users\niraj\.m2\repository\io\opentelemetry\opentelemetry-context\1.43.0\opentelemetry-context-1.43.0.jar;C:\Users\niraj\.m2\repository\io\opentelemetry\opentelemetry-exporter-logging\1.43.0\opentelemetry-exporter-logging-1.43.0.jar;C:\Users\niraj\.m2\repository\io\opentelemetry\opentelemetry-sdk-common\1.43.0\opentelemetry-sdk-common-1.43.0.jar;C:\Users\niraj\.m2\repository\io\opentelemetry\opentelemetry-sdk-extension-autoconfigure-spi\1.43.0\opentelemetry-sdk-extension-autoconfigure-spi-1.43.0.jar;C:\Users\niraj\.m2\repository\io\opentelemetry\opentelemetry-sdk-extension-autoconfigure\1.43.0\opentelemetry-sdk-extension-autoconfigure-1.43.0.jar;C:\Users\niraj\.m2\repository\io\opentelemetry\opentelemetry-api-incubator\1.43.0-alpha\opentelemetry-api-incubator-1.43.0-alpha.jar;C:\Users\niraj\.m2\repository\io\opentelemetry\opentelemetry-sdk-trace\1.43.0\opentelemetry-sdk-trace-1.43.0.jar;C:\Users\niraj\.m2\repository\io\opentelemetry\opentelemetry-sdk\1.43.0\opentelemetry-sdk-1.43.0.jar;C:\Users\niraj\.m2\repository\io\opentelemetry\opentelemetry-sdk-metrics\1.43.0\opentelemetry-sdk-metrics-1.43.0.jar;C:\Users\niraj\.m2\repository\io\opentelemetry\opentelemetry-sdk-logs\1.43.0\opentelemetry-sdk-logs-1.43.0.jar;C:\Users\niraj\.m2\repository\org\seleniumhq\selenium\selenium-os\4.28.0\selenium-os-4.28.0.jar;C:\Users\niraj\.m2\repository\org\apache\commons\commons-exec\1.4.0\commons-exec-1.4.0.jar;C:\Users\niraj\.m2\repository\org\seleniumhq\selenium\selenium-safari-driver\4.28.0\selenium-safari-driver-4.28.0.jar;C:\Users\niraj\.m2\repository\org\seleniumhq\selenium\selenium-support\4.28.0\selenium-support-4.28.0.jar;C:\Users\niraj\.m2\repository\org\testng\testng\7.11.0\testng-7.11.0.jar;C:\Users\niraj\.m2\repository\org\slf4j\slf4j-api\2.0.16\slf4j-api-2.0.16.jar;C:\Users\niraj\.m2\repository\org\jcommander\jcommander\1.83\jcommander-1.83.jar;C:\Users\niraj\.m2\repository\org\webjars\jquery\3.7.1\jquery-3.7.1.jar;C:\Users\niraj\.m2\repository\io\github\bonigarcia\webdrivermanager\5.9.2\webdrivermanager-5.9.2.jar;C:\Users\niraj\.m2\repository\com\google\code\gson\gson\2.11.0\gson-2.11.0.jar;C:\Users\niraj\.m2\repository\com\google\errorprone\error_prone_annotations\2.27.0\error_prone_annotations-2.27.0.jar;C:\Users\niraj\.m2\repository\com\github\docker-java\docker-java\3.4.0\docker-java-3.4.0.jar;C:\Users\niraj\.m2\repository\com\github\docker-java\docker-java-core\3.4.0\docker-java-core-3.4.0.jar;C:\Users\niraj\.m2\repository\com\github\docker-java\docker-java-api\3.4.0\docker-java-api-3.4.0.jar;C:\Users\niraj\.m2\repository\org\slf4j\jcl-over-slf4j\2.0.16\jcl-over-slf4j-2.0.16.jar;C:\Users\niraj\.m2\repository\com\github\docker-java\docker-java-transport-httpclient5\3.4.0\docker-java-transport-httpclient5-3.4.0.jar;C:\Users\niraj\.m2\repository\com\github\docker-java\docker-java-transport\3.4.0\docker-java-transport-3.4.0.jar;C:\Users\niraj\.m2\repository\net\java\dev\jna\jna\5.13.0\jna-5.13.0.jar;C:\Users\niraj\.m2\repository\org\brotli\dec\0.1.2\dec-0.1.2.jar;C:\Users\niraj\.m2\repository\org\apache\commons\commons-compress\1.26.2\commons-compress-1.26.2.jar;C:\Users\niraj\.m2\repository\commons-codec\commons-codec\1.17.2\commons-codec-1.17.2.jar;C:\Users\niraj\.m2\repository\commons-io\commons-io\2.16.1\commons-io-2.16.1.jar;C:\Users\niraj\.m2\repository\org\apache\httpcomponents\client5\httpclient5\5.4.2\httpclient5-5.4.2.jar;C:\Users\niraj\.m2\repository\org\apache\httpcomponents\core5\httpcore5\5.3.3\httpcore5-5.3.3.jar;C:\Users\niraj\.m2\repository\org\apache\httpcomponents\core5\httpcore5-h2\5.3.3\httpcore5-h2-5.3.3.jar;C:\Users\niraj\.m2\repository\org\uncommons\reportng\1.1.4\reportng-1.1.4.jar;C:\Users\niraj\.m2\repository\velocity\velocity\1.4\velocity-1.4.jar;C:\Users\niraj\.m2\repository\velocity\velocity-dep\1.4\velocity-dep-1.4.jar;C:\Users\niraj\.m2\repository\org\apache\commons\commons-lang3\3.17.0\commons-lang3-3.17.0.jar;C:\Users\niraj\.m2\repository\com\google\inject\guice\7.0.0\guice-7.0.0.jar;C:\Users\niraj\.m2\repository\jakarta\inject\jakarta.inject-api\2.0.1\jakarta.inject-api-2.0.1.jar;C:\Users\niraj\.m2\repository\aopalliance\aopalliance\1.0\aopalliance-1.0.jar;C:\Users\niraj\.m2\repository\com\google\guava\guava\31.0.1-jre\guava-31.0.1-jre.jar;C:\Users\niraj\.m2\repository\com\google\guava\failureaccess\1.0.1\failureaccess-1.0.1.jar;C:\Users\niraj\.m2\repository\com\google\guava\listenablefuture\9999.0-empty-to-avoid-conflict-with-guava\listenablefuture-9999.0-empty-to-avoid-conflict-with-guava.jar;C:\Users\niraj\.m2\repository\org\checkerframework\checker-qual\3.12.0\checker-qual-3.12.0.jar;C:\Users\niraj\.m2\repository\com\google\j2objc\j2objc-annotations\1.3\j2objc-annotations-1.3.jar;C:\Users\niraj\.m2\repository\org\projectlombok\lombok\1.18.36\lombok-1.18.36.jar;C:\Users\niraj\.m2\repository\org\apache\logging\log4j\log4j-core\2.24.3\log4j-core-2.24.3.jar;C:\Users\niraj\.m2\repository\org\apache\logging\log4j\log4j-api\2.24.3\log4j-api-2.24.3.jar;C:\Users\niraj\.m2\repository\org\apache\logging\log4j\log4j-slf4j2-impl\2.24.3\log4j-slf4j2-impl-2.24.3.jar;C:\Users\niraj\.m2\repository\com\epam\reportportal\agent-java-testng\5.4.6\agent-java-testng-5.4.6.jar;C:\Users\niraj\.m2\repository\com\epam\reportportal\client-java\5.2.31\client-java-5.2.31.jar;C:\Users\niraj\.m2\repository\com\epam\reportportal\commons-model\5.3.3\commons-model-5.3.3.jar;C:\Users\niraj\.m2\repository\io\swagger\swagger-annotations\1.6.0\swagger-annotations-1.6.0.jar;C:\Users\niraj\.m2\repository\javax\validation\validation-api\2.0.1.Final\validation-api-2.0.1.Final.jar;C:\Users\niraj\.m2\repository\com\fasterxml\jackson\core\jackson-databind\2.18.2\jackson-databind-2.18.2.jar;C:\Users\niraj\.m2\repository\com\fasterxml\jackson\core\jackson-annotations\2.18.2\jackson-annotations-2.18.2.jar;C:\Users\niraj\.m2\repository\com\fasterxml\jackson\core\jackson-core\2.18.2\jackson-core-2.18.2.jar;C:\Users\niraj\.m2\repository\io\reactivex\rxjava2\rxjava\2.2.21\rxjava-2.2.21.jar;C:\Users\niraj\.m2\repository\org\reactivestreams\reactive-streams\1.0.4\reactive-streams-1.0.4.jar;C:\Users\niraj\.m2\repository\com\google\code\findbugs\jsr305\3.0.2\jsr305-3.0.2.jar;C:\Users\niraj\.m2\repository\com\squareup\retrofit2\retrofit\2.11.0\retrofit-2.11.0.jar;C:\Users\niraj\.m2\repository\com\squareup\okhttp3\okhttp\4.12.0\okhttp-4.12.0.jar;C:\Users\niraj\.m2\repository\com\squareup\okio\okio\3.6.0\okio-3.6.0.jar;C:\Users\niraj\.m2\repository\com\squareup\okio\okio-jvm\3.6.0\okio-jvm-3.6.0.jar;C:\Users\niraj\.m2\repository\org\jetbrains\kotlin\kotlin-stdlib-common\1.9.25\kotlin-stdlib-common-1.9.25.jar;C:\Users\niraj\.m2\repository\org\jetbrains\kotlin\kotlin-stdlib-jdk8\1.9.25\kotlin-stdlib-jdk8-1.9.25.jar;C:\Users\niraj\.m2\repository\org\jetbrains\kotlin\kotlin-stdlib\1.9.25\kotlin-stdlib-1.9.25.jar;C:\Users\niraj\.m2\repository\org\jetbrains\annotations\13.0\annotations-13.0.jar;C:\Users\niraj\.m2\repository\org\jetbrains\kotlin\kotlin-stdlib-jdk7\1.9.25\kotlin-stdlib-jdk7-1.9.25.jar;C:\Users\niraj\.m2\repository\com\squareup\retrofit2\converter-scalars\2.11.0\converter-scalars-2.11.0.jar;C:\Users\niraj\.m2\repository\com\squareup\retrofit2\converter-jackson\2.11.0\converter-jackson-2.11.0.jar;C:\Users\niraj\.m2\repository\com\squareup\retrofit2\adapter-rxjava2\2.11.0\adapter-rxjava2-2.11.0.jar;C:\Users\niraj\.m2\repository\com\squareup\okhttp3\logging-interceptor\4.12.0\logging-interceptor-4.12.0.jar;C:\Users\niraj\.m2\repository\org\aspectj\aspectjrt\1.9.20.1\aspectjrt-1.9.20.1.jar;C:\Users\niraj\.m2\repository\com\epam\reportportal\logger-java-log4j\5.2.3\logger-java-log4j-5.2.3.jar;C:\Users\niraj\.m2\repository\io\rest-assured\rest-assured\5.5.1\rest-assured-5.5.1.jar;C:\Users\niraj\.m2\repository\org\apache\groovy\groovy\4.0.25\groovy-4.0.25.jar;C:\Users\niraj\.m2\repository\org\apache\groovy\groovy-xml\4.0.25\groovy-xml-4.0.25.jar;C:\Users\niraj\.m2\repository\org\apache\httpcomponents\httpclient\4.5.13\httpclient-4.5.13.jar;C:\Users\niraj\.m2\repository\org\apache\httpcomponents\httpcore\4.4.16\httpcore-4.4.16.jar;C:\Users\niraj\.m2\repository\commons-logging\commons-logging\1.2\commons-logging-1.2.jar;C:\Users\niraj\.m2\repository\org\apache\httpcomponents\httpmime\4.5.13\httpmime-4.5.13.jar;C:\Users\niraj\.m2\repository\org\ccil\cowan\tagsoup\tagsoup\1.2.1\tagsoup-1.2.1.jar;C:\Users\niraj\.m2\repository\io\rest-assured\json-path\5.5.1\json-path-5.5.1.jar;C:\Users\niraj\.m2\repository\org\apache\groovy\groovy-json\4.0.25\groovy-json-4.0.25.jar;C:\Users\niraj\.m2\repository\io\rest-assured\rest-assured-common\5.5.1\rest-assured-common-5.5.1.jar;C:\Users\niraj\.m2\repository\io\rest-assured\xml-path\5.5.1\xml-path-5.5.1.jar;C:\Users\niraj\.m2\repository\org\springframework\boot\spring-boot-starter-web\3.4.3\spring-boot-starter-web-3.4.3.jar;C:\Users\niraj\.m2\repository\org\springframework\boot\spring-boot-starter-json\3.4.3\spring-boot-starter-json-3.4.3.jar;C:\Users\niraj\.m2\repository\com\fasterxml\jackson\datatype\jackson-datatype-jdk8\2.18.2\jackson-datatype-jdk8-2.18.2.jar;C:\Users\niraj\.m2\repository\com\fasterxml\jackson\datatype\jackson-datatype-jsr310\2.18.2\jackson-datatype-jsr310-2.18.2.jar;C:\Users\niraj\.m2\repository\com\fasterxml\jackson\module\jackson-module-parameter-names\2.18.2\jackson-module-parameter-names-2.18.2.jar;C:\Users\niraj\.m2\repository\org\springframework\boot\spring-boot-starter-tomcat\3.4.3\spring-boot-starter-tomcat-3.4.3.jar;C:\Users\niraj\.m2\repository\org\apache\tomcat\embed\tomcat-embed-core\10.1.36\tomcat-embed-core-10.1.36.jar;C:\Users\niraj\.m2\repository\org\apache\tomcat\embed\tomcat-embed-el\10.1.36\tomcat-embed-el-10.1.36.jar;C:\Users\niraj\.m2\repository\org\apache\tomcat\embed\tomcat-embed-websocket\10.1.36\tomcat-embed-websocket-10.1.36.jar;C:\Users\niraj\.m2\repository\org\springframework\spring-web\6.2.3\spring-web-6.2.3.jar;C:\Users\niraj\.m2\repository\io\micrometer\micrometer-observation\1.14.4\micrometer-observation-1.14.4.jar;C:\Users\niraj\.m2\repository\io\micrometer\micrometer-commons\1.14.4\micrometer-commons-1.14.4.jar;C:\Users\niraj\.m2\repository\org\springframework\spring-webmvc\6.2.3\spring-webmvc-6.2.3.jar;C:\Users\niraj\.m2\repository\org\springframework\spring-expression\6.2.3\spring-expression-6.2.3.jar;C:\Users\niraj\.m2\repository\org\json\json\20250107\json-20250107.jar;"/>
    <property name="java.vm.vendor" value="Azul Systems, Inc."/>
    <property name="sun.arch.data.model" value="64"/>
    <property name="user.variant" value=""/>
    <property name="java.vendor.url" value="http://www.azul.com/"/>
    <property name="user.timezone" value="America/Toronto"/>
    <property name="rp.launch.id" value="8ae7d89f-b727-432c-932a-26ae93dd5fe0"/>
    <property name="os.name" value="Windows 11"/>
    <property name="java.vm.specification.version" value="17"/>
    <property name="APPLICATION_NAME" value="OrangeHRMSpringBootAutomation"/>
    <property name="sun.java.launcher" value="SUN_STANDARD"/>
    <property name="user.country" value="CA"/>
    <property name="sun.boot.library.path" value="C:\Program Files\Zulu\zulu-17\bin"/>
    <property name="sun.java.command" value="C:\Users\niraj\AppData\Local\Temp\surefire17538848392545770611\surefirebooter-20250328063220270_3.jar C:\Users\niraj\AppData\Local\Temp\surefire17538848392545770611 2025-03-28T06-32-19_901-jvmRun1 surefire-20250328063220270_1tmp surefire_0-20250328063220270_2tmp"/>
    <property name="jdk.debug" value="release"/>
    <property name="surefire.test.class.path" value="D:\Niraj\Work\Spring Boot UI API Automation\SpringBootUIApiAutomation\target\test-classes;D:\Niraj\Work\Spring Boot UI API Automation\SpringBootUIApiAutomation\target\classes;C:\Users\niraj\.m2\repository\org\springframework\boot\spring-boot-starter\3.4.3\spring-boot-starter-3.4.3.jar;C:\Users\niraj\.m2\repository\org\springframework\boot\spring-boot\3.4.3\spring-boot-3.4.3.jar;C:\Users\niraj\.m2\repository\org\springframework\spring-context\6.2.3\spring-context-6.2.3.jar;C:\Users\niraj\.m2\repository\org\springframework\boot\spring-boot-autoconfigure\3.4.3\spring-boot-autoconfigure-3.4.3.jar;C:\Users\niraj\.m2\repository\jakarta\annotation\jakarta.annotation-api\2.1.1\jakarta.annotation-api-2.1.1.jar;C:\Users\niraj\.m2\repository\org\springframework\spring-core\6.2.3\spring-core-6.2.3.jar;C:\Users\niraj\.m2\repository\org\springframework\spring-jcl\6.2.3\spring-jcl-6.2.3.jar;C:\Users\niraj\.m2\repository\org\yaml\snakeyaml\2.3\snakeyaml-2.3.jar;C:\Users\niraj\.m2\repository\org\springframework\boot\spring-boot-starter-test\3.4.3\spring-boot-starter-test-3.4.3.jar;C:\Users\niraj\.m2\repository\org\springframework\boot\spring-boot-test\3.4.3\spring-boot-test-3.4.3.jar;C:\Users\niraj\.m2\repository\org\springframework\boot\spring-boot-test-autoconfigure\3.4.3\spring-boot-test-autoconfigure-3.4.3.jar;C:\Users\niraj\.m2\repository\com\jayway\jsonpath\json-path\2.9.0\json-path-2.9.0.jar;C:\Users\niraj\.m2\repository\jakarta\xml\bind\jakarta.xml.bind-api\4.0.2\jakarta.xml.bind-api-4.0.2.jar;C:\Users\niraj\.m2\repository\jakarta\activation\jakarta.activation-api\2.1.3\jakarta.activation-api-2.1.3.jar;C:\Users\niraj\.m2\repository\net\minidev\json-smart\2.5.2\json-smart-2.5.2.jar;C:\Users\niraj\.m2\repository\net\minidev\accessors-smart\2.5.2\accessors-smart-2.5.2.jar;C:\Users\niraj\.m2\repository\org\ow2\asm\asm\9.7.1\asm-9.7.1.jar;C:\Users\niraj\.m2\repository\org\assertj\assertj-core\3.26.3\assertj-core-3.26.3.jar;C:\Users\niraj\.m2\repository\net\bytebuddy\byte-buddy\1.15.11\byte-buddy-1.15.11.jar;C:\Users\niraj\.m2\repository\org\awaitility\awaitility\4.2.2\awaitility-4.2.2.jar;C:\Users\niraj\.m2\repository\org\hamcrest\hamcrest\2.2\hamcrest-2.2.jar;C:\Users\niraj\.m2\repository\org\mockito\mockito-core\5.14.2\mockito-core-5.14.2.jar;C:\Users\niraj\.m2\repository\net\bytebuddy\byte-buddy-agent\1.15.11\byte-buddy-agent-1.15.11.jar;C:\Users\niraj\.m2\repository\org\objenesis\objenesis\3.3\objenesis-3.3.jar;C:\Users\niraj\.m2\repository\org\skyscreamer\jsonassert\1.5.3\jsonassert-1.5.3.jar;C:\Users\niraj\.m2\repository\com\vaadin\external\google\android-json\0.0.20131108.vaadin1\android-json-0.0.20131108.vaadin1.jar;C:\Users\niraj\.m2\repository\org\springframework\spring-test\6.2.3\spring-test-6.2.3.jar;C:\Users\niraj\.m2\repository\org\xmlunit\xmlunit-core\2.10.0\xmlunit-core-2.10.0.jar;C:\Users\niraj\.m2\repository\org\mockito\mockito-junit-jupiter\5.14.2\mockito-junit-jupiter-5.14.2.jar;C:\Users\niraj\.m2\repository\org\springframework\boot\spring-boot-starter-aop\3.4.3\spring-boot-starter-aop-3.4.3.jar;C:\Users\niraj\.m2\repository\org\springframework\spring-aop\6.2.3\spring-aop-6.2.3.jar;C:\Users\niraj\.m2\repository\org\springframework\spring-beans\6.2.3\spring-beans-6.2.3.jar;C:\Users\niraj\.m2\repository\org\aspectj\aspectjweaver\1.9.20.1\aspectjweaver-1.9.20.1.jar;C:\Users\niraj\.m2\repository\org\springframework\boot\spring-boot-starter-data-jpa\3.4.3\spring-boot-starter-data-jpa-3.4.3.jar;C:\Users\niraj\.m2\repository\org\springframework\boot\spring-boot-starter-jdbc\3.4.3\spring-boot-starter-jdbc-3.4.3.jar;C:\Users\niraj\.m2\repository\com\zaxxer\HikariCP\5.1.0\HikariCP-5.1.0.jar;C:\Users\niraj\.m2\repository\org\springframework\spring-jdbc\6.2.3\spring-jdbc-6.2.3.jar;C:\Users\niraj\.m2\repository\org\hibernate\orm\hibernate-core\6.6.8.Final\hibernate-core-6.6.8.Final.jar;C:\Users\niraj\.m2\repository\jakarta\persistence\jakarta.persistence-api\3.1.0\jakarta.persistence-api-3.1.0.jar;C:\Users\niraj\.m2\repository\jakarta\transaction\jakarta.transaction-api\2.0.1\jakarta.transaction-api-2.0.1.jar;C:\Users\niraj\.m2\repository\org\jboss\logging\jboss-logging\3.6.1.Final\jboss-logging-3.6.1.Final.jar;C:\Users\niraj\.m2\repository\org\hibernate\common\hibernate-commons-annotations\7.0.3.Final\hibernate-commons-annotations-7.0.3.Final.jar;C:\Users\niraj\.m2\repository\io\smallrye\jandex\3.2.0\jandex-3.2.0.jar;C:\Users\niraj\.m2\repository\com\fasterxml\classmate\1.7.0\classmate-1.7.0.jar;C:\Users\niraj\.m2\repository\org\glassfish\jaxb\jaxb-runtime\4.0.5\jaxb-runtime-4.0.5.jar;C:\Users\niraj\.m2\repository\org\glassfish\jaxb\jaxb-core\4.0.5\jaxb-core-4.0.5.jar;C:\Users\niraj\.m2\repository\org\eclipse\angus\angus-activation\2.0.2\angus-activation-2.0.2.jar;C:\Users\niraj\.m2\repository\org\glassfish\jaxb\txw2\4.0.5\txw2-4.0.5.jar;C:\Users\niraj\.m2\repository\com\sun\istack\istack-commons-runtime\4.1.2\istack-commons-runtime-4.1.2.jar;C:\Users\niraj\.m2\repository\org\antlr\antlr4-runtime\4.13.0\antlr4-runtime-4.13.0.jar;C:\Users\niraj\.m2\repository\org\springframework\data\spring-data-jpa\3.4.3\spring-data-jpa-3.4.3.jar;C:\Users\niraj\.m2\repository\org\springframework\data\spring-data-commons\3.4.3\spring-data-commons-3.4.3.jar;C:\Users\niraj\.m2\repository\org\springframework\spring-orm\6.2.3\spring-orm-6.2.3.jar;C:\Users\niraj\.m2\repository\org\springframework\spring-tx\6.2.3\spring-tx-6.2.3.jar;C:\Users\niraj\.m2\repository\org\springframework\spring-aspects\6.2.3\spring-aspects-6.2.3.jar;C:\Users\niraj\.m2\repository\com\h2database\h2\2.3.232\h2-2.3.232.jar;C:\Users\niraj\.m2\repository\org\seleniumhq\selenium\selenium-java\4.28.0\selenium-java-4.28.0.jar;C:\Users\niraj\.m2\repository\org\seleniumhq\selenium\selenium-api\4.28.0\selenium-api-4.28.0.jar;C:\Users\niraj\.m2\repository\org\jspecify\jspecify\1.0.0\jspecify-1.0.0.jar;C:\Users\niraj\.m2\repository\org\seleniumhq\selenium\selenium-chrome-driver\4.28.0\selenium-chrome-driver-4.28.0.jar;C:\Users\niraj\.m2\repository\com\google\auto\service\auto-service-annotations\1.1.1\auto-service-annotations-1.1.1.jar;C:\Users\niraj\.m2\repository\org\seleniumhq\selenium\selenium-chromium-driver\4.28.0\selenium-chromium-driver-4.28.0.jar;C:\Users\niraj\.m2\repository\org\seleniumhq\selenium\selenium-json\4.28.0\selenium-json-4.28.0.jar;C:\Users\niraj\.m2\repository\org\seleniumhq\selenium\selenium-manager\4.28.0\selenium-manager-4.28.0.jar;C:\Users\niraj\.m2\repository\org\seleniumhq\selenium\selenium-devtools-v130\4.28.0\selenium-devtools-v130-4.28.0.jar;C:\Users\niraj\.m2\repository\org\seleniumhq\selenium\selenium-devtools-v131\4.28.0\selenium-devtools-v131-4.28.0.jar;C:\Users\niraj\.m2\repository\org\seleniumhq\selenium\selenium-devtools-v132\4.28.0\selenium-devtools-v132-4.28.0.jar;C:\Users\niraj\.m2\repository\org\seleniumhq\selenium\selenium-devtools-v85\4.28.0\selenium-devtools-v85-4.28.0.jar;C:\Users\niraj\.m2\repository\org\seleniumhq\selenium\selenium-edge-driver\4.28.0\selenium-edge-driver-4.28.0.jar;C:\Users\niraj\.m2\repository\org\seleniumhq\selenium\selenium-firefox-driver\4.28.0\selenium-firefox-driver-4.28.0.jar;C:\Users\niraj\.m2\repository\org\seleniumhq\selenium\selenium-http\4.28.0\selenium-http-4.28.0.jar;C:\Users\niraj\.m2\repository\org\seleniumhq\selenium\selenium-ie-driver\4.28.0\selenium-ie-driver-4.28.0.jar;C:\Users\niraj\.m2\repository\org\seleniumhq\selenium\selenium-remote-driver\4.28.0\selenium-remote-driver-4.28.0.jar;C:\Users\niraj\.m2\repository\io\opentelemetry\semconv\opentelemetry-semconv\1.28.0-alpha\opentelemetry-semconv-1.28.0-alpha.jar;C:\Users\niraj\.m2\repository\io\opentelemetry\opentelemetry-api\1.43.0\opentelemetry-api-1.43.0.jar;C:\Users\niraj\.m2\repository\io\opentelemetry\opentelemetry-context\1.43.0\opentelemetry-context-1.43.0.jar;C:\Users\niraj\.m2\repository\io\opentelemetry\opentelemetry-exporter-logging\1.43.0\opentelemetry-exporter-logging-1.43.0.jar;C:\Users\niraj\.m2\repository\io\opentelemetry\opentelemetry-sdk-common\1.43.0\opentelemetry-sdk-common-1.43.0.jar;C:\Users\niraj\.m2\repository\io\opentelemetry\opentelemetry-sdk-extension-autoconfigure-spi\1.43.0\opentelemetry-sdk-extension-autoconfigure-spi-1.43.0.jar;C:\Users\niraj\.m2\repository\io\opentelemetry\opentelemetry-sdk-extension-autoconfigure\1.43.0\opentelemetry-sdk-extension-autoconfigure-1.43.0.jar;C:\Users\niraj\.m2\repository\io\opentelemetry\opentelemetry-api-incubator\1.43.0-alpha\opentelemetry-api-incubator-1.43.0-alpha.jar;C:\Users\niraj\.m2\repository\io\opentelemetry\opentelemetry-sdk-trace\1.43.0\opentelemetry-sdk-trace-1.43.0.jar;C:\Users\niraj\.m2\repository\io\opentelemetry\opentelemetry-sdk\1.43.0\opentelemetry-sdk-1.43.0.jar;C:\Users\niraj\.m2\repository\io\opentelemetry\opentelemetry-sdk-metrics\1.43.0\opentelemetry-sdk-metrics-1.43.0.jar;C:\Users\niraj\.m2\repository\io\opentelemetry\opentelemetry-sdk-logs\1.43.0\opentelemetry-sdk-logs-1.43.0.jar;C:\Users\niraj\.m2\repository\org\seleniumhq\selenium\selenium-os\4.28.0\selenium-os-4.28.0.jar;C:\Users\niraj\.m2\repository\org\apache\commons\commons-exec\1.4.0\commons-exec-1.4.0.jar;C:\Users\niraj\.m2\repository\org\seleniumhq\selenium\selenium-safari-driver\4.28.0\selenium-safari-driver-4.28.0.jar;C:\Users\niraj\.m2\repository\org\seleniumhq\selenium\selenium-support\4.28.0\selenium-support-4.28.0.jar;C:\Users\niraj\.m2\repository\org\testng\testng\7.11.0\testng-7.11.0.jar;C:\Users\niraj\.m2\repository\org\slf4j\slf4j-api\2.0.16\slf4j-api-2.0.16.jar;C:\Users\niraj\.m2\repository\org\jcommander\jcommander\1.83\jcommander-1.83.jar;C:\Users\niraj\.m2\repository\org\webjars\jquery\3.7.1\jquery-3.7.1.jar;C:\Users\niraj\.m2\repository\io\github\bonigarcia\webdrivermanager\5.9.2\webdrivermanager-5.9.2.jar;C:\Users\niraj\.m2\repository\com\google\code\gson\gson\2.11.0\gson-2.11.0.jar;C:\Users\niraj\.m2\repository\com\google\errorprone\error_prone_annotations\2.27.0\error_prone_annotations-2.27.0.jar;C:\Users\niraj\.m2\repository\com\github\docker-java\docker-java\3.4.0\docker-java-3.4.0.jar;C:\Users\niraj\.m2\repository\com\github\docker-java\docker-java-core\3.4.0\docker-java-core-3.4.0.jar;C:\Users\niraj\.m2\repository\com\github\docker-java\docker-java-api\3.4.0\docker-java-api-3.4.0.jar;C:\Users\niraj\.m2\repository\org\slf4j\jcl-over-slf4j\2.0.16\jcl-over-slf4j-2.0.16.jar;C:\Users\niraj\.m2\repository\com\github\docker-java\docker-java-transport-httpclient5\3.4.0\docker-java-transport-httpclient5-3.4.0.jar;C:\Users\niraj\.m2\repository\com\github\docker-java\docker-java-transport\3.4.0\docker-java-transport-3.4.0.jar;C:\Users\niraj\.m2\repository\net\java\dev\jna\jna\5.13.0\jna-5.13.0.jar;C:\Users\niraj\.m2\repository\org\brotli\dec\0.1.2\dec-0.1.2.jar;C:\Users\niraj\.m2\repository\org\apache\commons\commons-compress\1.26.2\commons-compress-1.26.2.jar;C:\Users\niraj\.m2\repository\commons-codec\commons-codec\1.17.2\commons-codec-1.17.2.jar;C:\Users\niraj\.m2\repository\commons-io\commons-io\2.16.1\commons-io-2.16.1.jar;C:\Users\niraj\.m2\repository\org\apache\httpcomponents\client5\httpclient5\5.4.2\httpclient5-5.4.2.jar;C:\Users\niraj\.m2\repository\org\apache\httpcomponents\core5\httpcore5\5.3.3\httpcore5-5.3.3.jar;C:\Users\niraj\.m2\repository\org\apache\httpcomponents\core5\httpcore5-h2\5.3.3\httpcore5-h2-5.3.3.jar;C:\Users\niraj\.m2\repository\org\uncommons\reportng\1.1.4\reportng-1.1.4.jar;C:\Users\niraj\.m2\repository\velocity\velocity\1.4\velocity-1.4.jar;C:\Users\niraj\.m2\repository\velocity\velocity-dep\1.4\velocity-dep-1.4.jar;C:\Users\niraj\.m2\repository\org\apache\commons\commons-lang3\3.17.0\commons-lang3-3.17.0.jar;C:\Users\niraj\.m2\repository\com\google\inject\guice\7.0.0\guice-7.0.0.jar;C:\Users\niraj\.m2\repository\jakarta\inject\jakarta.inject-api\2.0.1\jakarta.inject-api-2.0.1.jar;C:\Users\niraj\.m2\repository\aopalliance\aopalliance\1.0\aopalliance-1.0.jar;C:\Users\niraj\.m2\repository\com\google\guava\guava\31.0.1-jre\guava-31.0.1-jre.jar;C:\Users\niraj\.m2\repository\com\google\guava\failureaccess\1.0.1\failureaccess-1.0.1.jar;C:\Users\niraj\.m2\repository\com\google\guava\listenablefuture\9999.0-empty-to-avoid-conflict-with-guava\listenablefuture-9999.0-empty-to-avoid-conflict-with-guava.jar;C:\Users\niraj\.m2\repository\org\checkerframework\checker-qual\3.12.0\checker-qual-3.12.0.jar;C:\Users\niraj\.m2\repository\com\google\j2objc\j2objc-annotations\1.3\j2objc-annotations-1.3.jar;C:\Users\niraj\.m2\repository\org\projectlombok\lombok\1.18.36\lombok-1.18.36.jar;C:\Users\niraj\.m2\repository\org\apache\logging\log4j\log4j-core\2.24.3\log4j-core-2.24.3.jar;C:\Users\niraj\.m2\repository\org\apache\logging\log4j\log4j-api\2.24.3\log4j-api-2.24.3.jar;C:\Users\niraj\.m2\repository\org\apache\logging\log4j\log4j-slf4j2-impl\2.24.3\log4j-slf4j2-impl-2.24.3.jar;C:\Users\niraj\.m2\repository\com\epam\reportportal\agent-java-testng\5.4.6\agent-java-testng-5.4.6.jar;C:\Users\niraj\.m2\repository\com\epam\reportportal\client-java\5.2.31\client-java-5.2.31.jar;C:\Users\niraj\.m2\repository\com\epam\reportportal\commons-model\5.3.3\commons-model-5.3.3.jar;C:\Users\niraj\.m2\repository\io\swagger\swagger-annotations\1.6.0\swagger-annotations-1.6.0.jar;C:\Users\niraj\.m2\repository\javax\validation\validation-api\2.0.1.Final\validation-api-2.0.1.Final.jar;C:\Users\niraj\.m2\repository\com\fasterxml\jackson\core\jackson-databind\2.18.2\jackson-databind-2.18.2.jar;C:\Users\niraj\.m2\repository\com\fasterxml\jackson\core\jackson-annotations\2.18.2\jackson-annotations-2.18.2.jar;C:\Users\niraj\.m2\repository\com\fasterxml\jackson\core\jackson-core\2.18.2\jackson-core-2.18.2.jar;C:\Users\niraj\.m2\repository\io\reactivex\rxjava2\rxjava\2.2.21\rxjava-2.2.21.jar;C:\Users\niraj\.m2\repository\org\reactivestreams\reactive-streams\1.0.4\reactive-streams-1.0.4.jar;C:\Users\niraj\.m2\repository\com\google\code\findbugs\jsr305\3.0.2\jsr305-3.0.2.jar;C:\Users\niraj\.m2\repository\com\squareup\retrofit2\retrofit\2.11.0\retrofit-2.11.0.jar;C:\Users\niraj\.m2\repository\com\squareup\okhttp3\okhttp\4.12.0\okhttp-4.12.0.jar;C:\Users\niraj\.m2\repository\com\squareup\okio\okio\3.6.0\okio-3.6.0.jar;C:\Users\niraj\.m2\repository\com\squareup\okio\okio-jvm\3.6.0\okio-jvm-3.6.0.jar;C:\Users\niraj\.m2\repository\org\jetbrains\kotlin\kotlin-stdlib-common\1.9.25\kotlin-stdlib-common-1.9.25.jar;C:\Users\niraj\.m2\repository\org\jetbrains\kotlin\kotlin-stdlib-jdk8\1.9.25\kotlin-stdlib-jdk8-1.9.25.jar;C:\Users\niraj\.m2\repository\org\jetbrains\kotlin\kotlin-stdlib\1.9.25\kotlin-stdlib-1.9.25.jar;C:\Users\niraj\.m2\repository\org\jetbrains\annotations\13.0\annotations-13.0.jar;C:\Users\niraj\.m2\repository\org\jetbrains\kotlin\kotlin-stdlib-jdk7\1.9.25\kotlin-stdlib-jdk7-1.9.25.jar;C:\Users\niraj\.m2\repository\com\squareup\retrofit2\converter-scalars\2.11.0\converter-scalars-2.11.0.jar;C:\Users\niraj\.m2\repository\com\squareup\retrofit2\converter-jackson\2.11.0\converter-jackson-2.11.0.jar;C:\Users\niraj\.m2\repository\com\squareup\retrofit2\adapter-rxjava2\2.11.0\adapter-rxjava2-2.11.0.jar;C:\Users\niraj\.m2\repository\com\squareup\okhttp3\logging-interceptor\4.12.0\logging-interceptor-4.12.0.jar;C:\Users\niraj\.m2\repository\org\aspectj\aspectjrt\1.9.20.1\aspectjrt-1.9.20.1.jar;C:\Users\niraj\.m2\repository\com\epam\reportportal\logger-java-log4j\5.2.3\logger-java-log4j-5.2.3.jar;C:\Users\niraj\.m2\repository\io\rest-assured\rest-assured\5.5.1\rest-assured-5.5.1.jar;C:\Users\niraj\.m2\repository\org\apache\groovy\groovy\4.0.25\groovy-4.0.25.jar;C:\Users\niraj\.m2\repository\org\apache\groovy\groovy-xml\4.0.25\groovy-xml-4.0.25.jar;C:\Users\niraj\.m2\repository\org\apache\httpcomponents\httpclient\4.5.13\httpclient-4.5.13.jar;C:\Users\niraj\.m2\repository\org\apache\httpcomponents\httpcore\4.4.16\httpcore-4.4.16.jar;C:\Users\niraj\.m2\repository\commons-logging\commons-logging\1.2\commons-logging-1.2.jar;C:\Users\niraj\.m2\repository\org\apache\httpcomponents\httpmime\4.5.13\httpmime-4.5.13.jar;C:\Users\niraj\.m2\repository\org\ccil\cowan\tagsoup\tagsoup\1.2.1\tagsoup-1.2.1.jar;C:\Users\niraj\.m2\repository\io\rest-assured\json-path\5.5.1\json-path-5.5.1.jar;C:\Users\niraj\.m2\repository\org\apache\groovy\groovy-json\4.0.25\groovy-json-4.0.25.jar;C:\Users\niraj\.m2\repository\io\rest-assured\rest-assured-common\5.5.1\rest-assured-common-5.5.1.jar;C:\Users\niraj\.m2\repository\io\rest-assured\xml-path\5.5.1\xml-path-5.5.1.jar;C:\Users\niraj\.m2\repository\org\springframework\boot\spring-boot-starter-web\3.4.3\spring-boot-starter-web-3.4.3.jar;C:\Users\niraj\.m2\repository\org\springframework\boot\spring-boot-starter-json\3.4.3\spring-boot-starter-json-3.4.3.jar;C:\Users\niraj\.m2\repository\com\fasterxml\jackson\datatype\jackson-datatype-jdk8\2.18.2\jackson-datatype-jdk8-2.18.2.jar;C:\Users\niraj\.m2\repository\com\fasterxml\jackson\datatype\jackson-datatype-jsr310\2.18.2\jackson-datatype-jsr310-2.18.2.jar;C:\Users\niraj\.m2\repository\com\fasterxml\jackson\module\jackson-module-parameter-names\2.18.2\jackson-module-parameter-names-2.18.2.jar;C:\Users\niraj\.m2\repository\org\springframework\boot\spring-boot-starter-tomcat\3.4.3\spring-boot-starter-tomcat-3.4.3.jar;C:\Users\niraj\.m2\repository\org\apache\tomcat\embed\tomcat-embed-core\10.1.36\tomcat-embed-core-10.1.36.jar;C:\Users\niraj\.m2\repository\org\apache\tomcat\embed\tomcat-embed-el\10.1.36\tomcat-embed-el-10.1.36.jar;C:\Users\niraj\.m2\repository\org\apache\tomcat\embed\tomcat-embed-websocket\10.1.36\tomcat-embed-websocket-10.1.36.jar;C:\Users\niraj\.m2\repository\org\springframework\spring-web\6.2.3\spring-web-6.2.3.jar;C:\Users\niraj\.m2\repository\io\micrometer\micrometer-observation\1.14.4\micrometer-observation-1.14.4.jar;C:\Users\niraj\.m2\repository\io\micrometer\micrometer-commons\1.14.4\micrometer-commons-1.14.4.jar;C:\Users\niraj\.m2\repository\org\springframework\spring-webmvc\6.2.3\spring-webmvc-6.2.3.jar;C:\Users\niraj\.m2\repository\org\springframework\spring-expression\6.2.3\spring-expression-6.2.3.jar;C:\Users\niraj\.m2\repository\org\json\json\20250107\json-20250107.jar;"/>
    <property name="sun.cpu.endian" value="little"/>
    <property name="user.home" value="C:\Users\niraj"/>
    <property name="user.language" value="en"/>
    <property name="java.specification.vendor" value="Oracle Corporation"/>
    <property name="java.version.date" value="2024-10-15"/>
    <property name="java.home" value="C:\Program Files\Zulu\zulu-17"/>
    <property name="file.separator" value="\"/>
    <property name="basedir" value="D:\Niraj\Work\Spring Boot UI API Automation\SpringBootUIApiAutomation"/>
    <property name="java.vm.compressedOopsMode" value="Zero based"/>
    <property name="line.separator" value="&#10;"/>
    <property name="java.vm.specification.vendor" value="Oracle Corporation"/>
    <property name="java.specification.name" value="Java Platform API Specification"/>
    <property name="FILE_LOG_CHARSET" value="UTF-8"/>
    <property name="java.awt.headless" value="true"/>
    <property name="surefire.real.class.path" value="C:\Users\niraj\AppData\Local\Temp\surefire17538848392545770611\surefirebooter-20250328063220270_3.jar"/>
    <property name="user.script" value=""/>
    <property name="sun.management.compiler" value="HotSpot 64-Bit Tiered Compilers"/>
    <property name="java.runtime.version" value="17.0.13+11-LTS"/>
    <property name="user.name" value="niraj"/>
    <property name="path.separator" value=";"/>
    <property name="os.version" value="10.0"/>
    <property name="java.runtime.name" value="OpenJDK Runtime Environment"/>
    <property name="file.encoding" value="Cp1252"/>
    <property name="java.vm.name" value="OpenJDK 64-Bit Server VM"/>
    <property name="java.vendor.version" value="Zulu17.54+21-CA"/>
    <property name="localRepository" value="C:\Users\niraj\.m2\repository"/>
    <property name="java.vendor.url.bug" value="http://www.azul.com/support/"/>
    <property name="java.io.tmpdir" value="C:\Users\niraj\AppData\Local\Temp\"/>
    <property name="com.zaxxer.hikari.pool_number" value="1"/>
    <property name="java.version" value="17.0.13"/>
    <property name="user.dir" value="D:\Niraj\Work\Spring Boot UI API Automation\SpringBootUIApiAutomation"/>
    <property name="os.arch" value="amd64"/>
    <property name="java.vm.specification.name" value="Java Virtual Machine Specification"/>
    <property name="PID" value="15088"/>
    <property name="sun.os.patch.level" value=""/>
    <property name="CONSOLE_LOG_CHARSET" value="UTF-8"/>
    <property name="native.encoding" value="Cp1252"/>
    <property name="java.library.path" value="C:\Program Files\Zulu\zulu-17\bin;C:\WINDOWS\Sun\Java\bin;C:\WINDOWS\system32;C:\WINDOWS;C:\Program Files\Zulu\zulu-17\bin\;C:\Python312\Scripts\;C:\Python312\;C:\WINDOWS\system32;C:\WINDOWS;C:\WINDOWS\System32\Wbem;C:\WINDOWS\System32\WindowsPowerShell\v1.0\;C:\WINDOWS\System32\OpenSSH\;C:\Program Files\dotnet\;D:\Niraj\Work\JDK\openjdk-21+35_windows-x64_bin\jdk-21\bin;C:\Program Files\nodejs\;C:\ProgramData\chocolatey\bin;D:\Niraj\Work\Gatling\apache-maven-3.9.9-bin\apache-maven-3.9.9\bin;C:\Program Files\Git\cmd;;C:\Program Files\Docker\Docker\resources\bin;C:\Users\niraj\AppData\Local\Microsoft\WindowsApps;C:\Users\niraj\AppData\Local\Programs\Microsoft VS Code\bin;C:\Users\niraj\AppData\Roaming\npm;C:\Program Files\JetBrains\IntelliJ IDEA Community Edition 2024.3\bin;;C:\Users\niraj\AppData\Local\Programs\Fiddler;%USERPROFILE%\AppData\Local\Microsoft\WindowsApps;."/>
    <property name="java.vm.info" value="mixed mode, sharing"/>
    <property name="java.vendor" value="Azul Systems, Inc."/>
    <property name="java.vm.version" value="17.0.13+11-LTS"/>
    <property name="java.specification.maintenance.version" value="1"/>
    <property name="sun.io.unicode.encoding" value="UnicodeLittle"/>
    <property name="java.class.version" value="61.0"/>
    <property name="LOGGED_APPLICATION_NAME" value="[OrangeHRMSpringBootAutomation] "/>
  </properties>
  <testcase name="createNewUserTest" classname="com.sb.auto.OrangeHRMSpringBootAutomation.api.UserAPITest" time="3.314">
    <system-out><![CDATA[2025-03-28T10:32:22.188585300Z main DEBUG Apache Log4j Core 2.24 initializing configuration XmlConfiguration[location=D:\Niraj\Work\Spring Boot UI API Automation\SpringBootUIApiAutomation\target\test-classes\log4j2.xml, lastModified=2025-03-24T15:37:32.426Z]
2025-03-28T10:32:22.215780400Z main DEBUG PluginManager 'Core' found 134 plugins
2025-03-28T10:32:22.216772900Z main DEBUG PluginManager 'Level' found 0 plugins
2025-03-28T10:32:22.234235100Z main DEBUG PluginManager 'Lookup' found 17 plugins
2025-03-28T10:32:22.253222600Z main DEBUG Building Plugin[name=layout, class=org.apache.logging.log4j.core.layout.PatternLayout].
2025-03-28T10:32:22.319184400Z main DEBUG PluginManager 'TypeConverter' found 26 plugins
2025-03-28T10:32:22.349742500Z main DEBUG PatternLayout$Builder(pattern="%d{yyyy-MM-dd HH:mm:ss} [%t] %-5level %logger{36} - %msg%n", PatternSelector=null, Configuration(D:\Niraj\Work\Spring Boot UI API Automation\SpringBootUIApiAutomation\target\test-classes\log4j2.xml), Replace=null, charset="null", alwaysWriteExceptions="null", disableAnsi="null", noConsoleNoAnsi="null", header="null", footer="null")
2025-03-28T10:32:22.349742500Z main DEBUG PluginManager 'Converter' found 50 plugins
2025-03-28T10:32:22.356787400Z main DEBUG Building Plugin[name=appender, class=org.apache.logging.log4j.core.appender.ConsoleAppender].
2025-03-28T10:32:22.367762Z main DEBUG ConsoleAppender$Builder(target="SYSTEM_OUT", follow="null", direct="null", bufferedIo="null", bufferSize="null", immediateFlush="null", ignoreExceptions="null", PatternLayout(%d{yyyy-MM-dd HH:mm:ss} [%t] %-5level %logger{36} - %msg%n), name="Console", Configuration(D:\Niraj\Work\Spring Boot UI API Automation\SpringBootUIApiAutomation\target\test-classes\log4j2.xml), Filter=null, ={})
2025-03-28T10:32:22.371776Z main DEBUG Starting OutputStreamManager SYSTEM_OUT.false.false
2025-03-28T10:32:22.371776Z main DEBUG Building Plugin[name=layout, class=org.apache.logging.log4j.core.layout.PatternLayout].
2025-03-28T10:32:22.372759Z main DEBUG PatternLayout$Builder(pattern="%d{yyyy-MM-dd HH:mm:ss} [%t] %-5level %logger{36} - %msg%n", PatternSelector=null, Configuration(D:\Niraj\Work\Spring Boot UI API Automation\SpringBootUIApiAutomation\target\test-classes\log4j2.xml), Replace=null, charset="null", alwaysWriteExceptions="null", disableAnsi="null", noConsoleNoAnsi="null", header="null", footer="null")
2025-03-28T10:32:22.375263100Z main DEBUG Building Plugin[name=appender, class=com.epam.ta.reportportal.log4j.appender.ReportPortalLog4j2Appender].
2025-03-28T10:32:22.393089300Z main DEBUG createAppender(name="ReportPortalAppender", filter=null, PatternLayout(%d{yyyy-MM-dd HH:mm:ss} [%t] %-5level %logger{36} - %msg%n))
2025-03-28T10:32:22.393089300Z main DEBUG Building Plugin[name=Appenders, class=org.apache.logging.log4j.core.config.AppendersPlugin].
2025-03-28T10:32:22.394090200Z main DEBUG createAppenders(={Console, ReportPortalAppender})
2025-03-28T10:32:22.395091800Z main DEBUG Building Plugin[name=Property, class=org.apache.logging.log4j.core.config.Property].
2025-03-28T10:32:22.406487700Z main DEBUG createProperty(name="log4j.encoding", value="UTF-8", Configuration(D:\Niraj\Work\Spring Boot UI API Automation\SpringBootUIApiAutomation\target\test-classes\log4j2.xml))
2025-03-28T10:32:22.409496900Z main DEBUG Building Plugin[name=AppenderRef, class=org.apache.logging.log4j.core.config.AppenderRef].
2025-03-28T10:32:22.410482100Z main DEBUG createAppenderRef(ref="Console", level="null", Filter=null)
2025-03-28T10:32:22.410482100Z main DEBUG Building Plugin[name=AppenderRef, class=org.apache.logging.log4j.core.config.AppenderRef].
2025-03-28T10:32:22.412483500Z main DEBUG createAppenderRef(ref="ReportPortalAppender", level="null", Filter=null)
2025-03-28T10:32:22.412483500Z main DEBUG Building Plugin[name=Root, class=org.apache.logging.log4j.core.config.LoggerConfig$RootLogger].
2025-03-28T10:32:22.421029100Z main DEBUG LoggerConfig$RootLogger$Builder(additivity="null", level="DEBUG", levelAndRefs="null", includeLocation="null", ={Console, ReportPortalAppender}, ={}, Configuration(D:\Niraj\Work\Spring Boot UI API Automation\SpringBootUIApiAutomation\target\test-classes\log4j2.xml), Filter=null)
2025-03-28T10:32:22.454509700Z main DEBUG Building Plugin[name=Loggers, class=org.apache.logging.log4j.core.config.LoggersPlugin].
2025-03-28T10:32:22.461521800Z main ERROR Loggers has no parameter that matches element Property
2025-03-28T10:32:22.462614200Z main DEBUG createLoggers(={root})
2025-03-28T10:32:22.464822800Z main DEBUG Configuration XmlConfiguration[location=D:\Niraj\Work\Spring Boot UI API Automation\SpringBootUIApiAutomation\target\test-classes\log4j2.xml, lastModified=2025-03-24T15:37:32.426Z] initialized
2025-03-28T10:32:22.466809600Z main INFO Starting configuration XmlConfiguration[location=D:\Niraj\Work\Spring Boot UI API Automation\SpringBootUIApiAutomation\target\test-classes\log4j2.xml, lastModified=2025-03-24T15:37:32.426Z]...
2025-03-28T10:32:22.468176100Z main INFO Start watching for changes to D:\Niraj\Work\Spring Boot UI API Automation\SpringBootUIApiAutomation\target\test-classes\log4j2.xml every 0 seconds
2025-03-28T10:32:22.470335700Z main INFO Configuration XmlConfiguration[location=D:\Niraj\Work\Spring Boot UI API Automation\SpringBootUIApiAutomation\target\test-classes\log4j2.xml, lastModified=2025-03-24T15:37:32.426Z] started.
2025-03-28T10:32:22.496035700Z main INFO Stopping configuration org.apache.logging.log4j.core.config.DefaultConfiguration@408d971b...
2025-03-28T10:32:22.498079500Z main DEBUG Shutting down OutputStreamManager SYSTEM_OUT.false.false-1
2025-03-28T10:32:22.500059600Z main DEBUG OutputStream closed
2025-03-28T10:32:22.501847200Z main DEBUG Shut down OutputStreamManager SYSTEM_OUT.false.false-1, all resources released: true
2025-03-28T10:32:22.503020800Z main DEBUG Appender DefaultConsole-1 stopped with status true
2025-03-28T10:32:22.503020800Z main INFO Configuration org.apache.logging.log4j.core.config.DefaultConfiguration@408d971b stopped.
2025-03-28T10:32:22.558446100Z main DEBUG org.apache.logging.log4j.core.util.SystemClock supports precise timestamps.
2025-03-28T10:32:22.559750500Z main DEBUG Reconfiguration complete for context[name=c387f44] at URI D:\Niraj\Work\Spring Boot UI API Automation\SpringBootUIApiAutomation\target\test-classes\log4j2.xml (org.apache.logging.log4j.core.LoggerContext@1f760b47) with optional ClassLoader: null
2025-03-28T10:32:22.560967Z main DEBUG Shutdown hook enabled. Registering a new one.
2025-03-28T10:32:22.564976500Z main DEBUG LoggerContext[name=c387f44, org.apache.logging.log4j.core.LoggerContext@1f760b47] started OK.
2025-03-28 06:32:22 [main] DEBUG org.testng.TestNG - suiteXmlPath: "D:\Niraj\Work\Spring Boot UI API Automation\SpringBootUIApiAutomation\testng.xml"
2025-03-28T10:32:22.666494500Z main DEBUG AsyncLogger.ThreadNameStrategy=UNCACHED (user specified null, default is UNCACHED)
2025-03-28T10:32:22.667493600Z main DEBUG org.apache.logging.log4j.core.util.SystemClock supports precise timestamps.
2025-03-28 06:32:23 [main] WARN  com.epam.reportportal.testng.BaseTestNGListener - WARNING! More than one ReportPortal listener is added
WARNING! More than one ReportPortal listener is added
2025-03-28 06:32:23 [main] WARN  org.testng.TestNG - Ignoring duplicate listener : com.epam.reportportal.testng.ReportPortalTestNGListener
2025-03-28 06:32:23 [main] WARN  org.testng.TestNG - Ignoring duplicate listener : com.epam.reportportal.testng.ReportPortalTestNGListener
2025-03-28 06:32:23 [main] INFO  com.epam.reportportal.service.Launch - Rerun: false
2025-03-28 06:32:24 [main] INFO  com.sb.auto.OrangeHRMSpringBootAutomation.framework.listener.ReportPortalExecutionListener - Inform all the suite have started execution at: 1743157944071
2025-03-28 06:32:24 [main] INFO  com.epam.reportportal.service.Launch - Rerun: false
2025-03-28 06:32:24 [main] DEBUG com.epam.reportportal.utils.SubscriptionUtils - Launch start successfully completed
2025-03-28 06:32:24 [main] INFO  com.sb.auto.OrangeHRMSpringBootAutomation.framework.listener.ReportPortalExecutionListener - ? ReportPortal Launch started
...
... TestNG 7.11.0 by Cédric Beust (cedric@beust.com)
...

2025-03-28 06:32:24 [rp-io-2] DEBUG com.epam.reportportal.service.Launch - ReportPortal launch with ID '8ae7d89f-b727-432c-932a-26ae93dd5fe0' has been created
2025-03-28 06:32:24 [rp-io-2] DEBUG com.epam.reportportal.utils.SubscriptionUtils - Launch start successfully completed
2025-03-28 06:32:25 [main] DEBUG org.springframework.boot.test.context.SpringBootTestContextBootstrapper - Neither @ContextConfiguration nor @ContextHierarchy found for test class [UserAPITest]: using SpringBootContextLoader
2025-03-28 06:32:25 [main] DEBUG org.springframework.test.context.support.AbstractContextLoader - Could not detect default resource locations for test class [com.sb.auto.OrangeHRMSpringBootAutomation.api.UserAPITest]: no resource found for suffixes {-context.xml, Context.groovy}.
2025-03-28 06:32:25 [main] INFO  org.springframework.test.context.support.AnnotationConfigContextLoaderUtils - Could not detect default configuration classes for test class [com.sb.auto.OrangeHRMSpringBootAutomation.api.UserAPITest]: UserAPITest does not declare any static, non-private, non-final, nested classes annotated with @Configuration.
2025-03-28 06:32:25 [main] DEBUG org.springframework.boot.test.context.SpringBootTestContextBootstrapper - Using ContextCustomizerFactory implementations for test class [UserAPITest]: [ImportsContextCustomizerFactory, ExcludeFilterContextCustomizerFactory, HttpGraphQlTesterContextCustomizerFactory, DuplicateJsonObjectContextCustomizerFactory, MockitoContextCustomizerFactory, TestRestTemplateContextCustomizerFactory, WebTestClientContextCustomizerFactory, DisableReactorResourceFactoryGlobalResourcesContextCustomizerFactory, OnFailureConditionReportContextCustomizerFactory, OverrideAutoConfigurationContextCustomizerFactory, ObservabilityContextCustomizerFactory, TypeExcludeFiltersContextCustomizerFactory, PropertyMappingContextCustomizerFactory, WebDriverContextCustomizerFactory, BeanOverrideContextCustomizerFactory, MockServerContainerContextCustomizerFactory, DynamicPropertiesContextCustomizerFactory]
2025-03-28 06:32:25 [main] DEBUG org.springframework.boot.test.context.SpringBootTestContextBootstrapper - Using ContextCustomizers for test class [UserAPITest]: [ExcludeFilterContextCustomizer, DuplicateJsonObjectContextCustomizer, MockitoContextCustomizer, TestRestTemplateContextCustomizer, DisableReactorResourceFactoryGlobalResourcesContextCustomizerCustomizer, OnFailureConditionReportContextCustomizer, DisableObservabilityContextCustomizer, PropertyMappingContextCustomizer, WebDriverContextCustomizer, DynamicPropertiesContextCustomizer]
2025-03-28 06:32:25 [main] DEBUG org.springframework.context.annotation.ClassPathScanningCandidateComponentProvider - Identified candidate component class: file [D:\Niraj\Work\Spring Boot UI API Automation\SpringBootUIApiAutomation\target\classes\com\sb\auto\OrangeHRMSpringBootAutomation\OrangeHrmSpringBootAutomationApplication.class]
2025-03-28 06:32:25 [main] INFO  org.springframework.boot.test.context.SpringBootTestContextBootstrapper - Found @SpringBootConfiguration com.sb.auto.OrangeHRMSpringBootAutomation.OrangeHrmSpringBootAutomationApplication for test class com.sb.auto.OrangeHRMSpringBootAutomation.api.UserAPITest
2025-03-28 06:32:26 [main] DEBUG org.springframework.test.context.util.TestContextSpringFactoriesUtils - Skipping candidate TestExecutionListener [org.springframework.test.context.observation.MicrometerObservationRegistryTestExecutionListener] due to a missing dependency. Specify custom TestExecutionListener classes or make the default TestExecutionListener classes and their required dependencies available. Offending class: io.micrometer.context.ThreadLocalAccessor. MicrometerObservationRegistryTestExecutionListener requires io.micrometer:micrometer-observation:1.10.8 or higher and io.micrometer:context-propagation:1.0.3 or higher.
2025-03-28 06:32:26 [main] DEBUG org.springframework.boot.test.context.SpringBootTestContextBootstrapper - Using TestExecutionListeners for test class [UserAPITest]: [ServletTestExecutionListener, DirtiesContextBeforeModesTestExecutionListener, ApplicationEventsTestExecutionListener, MockitoTestExecutionListener, BeanOverrideTestExecutionListener, DependencyInjectionTestExecutionListener, DirtiesContextTestExecutionListener, CommonCachesTestExecutionListener, TransactionalTestExecutionListener, SqlScriptsTestExecutionListener, EventPublishingTestExecutionListener, ResetMocksTestExecutionListener, RestDocsTestExecutionListener, MockRestServiceServerResetTestExecutionListener, MockMvcPrintOnlyOnFailureTestExecutionListener, WebDriverTestExecutionListener, MockWebServiceServerTestExecutionListener, MockitoResetTestExecutionListener]
2025-03-28 06:32:26 [main] DEBUG org.springframework.boot.test.context.SpringBootTestContextBootstrapper - Neither @ContextConfiguration nor @ContextHierarchy found for test class [BookingAPITest]: using SpringBootContextLoader
2025-03-28 06:32:26 [main] DEBUG org.springframework.test.context.support.AbstractContextLoader - Could not detect default resource locations for test class [com.sb.auto.OrangeHRMSpringBootAutomation.api.BookingAPITest]: no resource found for suffixes {-context.xml, Context.groovy}.
2025-03-28 06:32:26 [main] INFO  org.springframework.test.context.support.AnnotationConfigContextLoaderUtils - Could not detect default configuration classes for test class [com.sb.auto.OrangeHRMSpringBootAutomation.api.BookingAPITest]: BookingAPITest does not declare any static, non-private, non-final, nested classes annotated with @Configuration.
2025-03-28 06:32:26 [main] DEBUG org.springframework.boot.test.context.SpringBootTestContextBootstrapper - Using ContextCustomizerFactory implementations for test class [BookingAPITest]: [ImportsContextCustomizerFactory, ExcludeFilterContextCustomizerFactory, HttpGraphQlTesterContextCustomizerFactory, DuplicateJsonObjectContextCustomizerFactory, MockitoContextCustomizerFactory, TestRestTemplateContextCustomizerFactory, WebTestClientContextCustomizerFactory, DisableReactorResourceFactoryGlobalResourcesContextCustomizerFactory, OnFailureConditionReportContextCustomizerFactory, OverrideAutoConfigurationContextCustomizerFactory, ObservabilityContextCustomizerFactory, TypeExcludeFiltersContextCustomizerFactory, PropertyMappingContextCustomizerFactory, WebDriverContextCustomizerFactory, BeanOverrideContextCustomizerFactory, MockServerContainerContextCustomizerFactory, DynamicPropertiesContextCustomizerFactory]
2025-03-28 06:32:26 [main] DEBUG org.springframework.boot.test.context.SpringBootTestContextBootstrapper - Using ContextCustomizers for test class [BookingAPITest]: [ExcludeFilterContextCustomizer, DuplicateJsonObjectContextCustomizer, MockitoContextCustomizer, TestRestTemplateContextCustomizer, DisableReactorResourceFactoryGlobalResourcesContextCustomizerCustomizer, OnFailureConditionReportContextCustomizer, DisableObservabilityContextCustomizer, PropertyMappingContextCustomizer, WebDriverContextCustomizer, DynamicPropertiesContextCustomizer]
2025-03-28 06:32:26 [main] INFO  org.springframework.boot.test.context.SpringBootTestContextBootstrapper - Found @SpringBootConfiguration com.sb.auto.OrangeHRMSpringBootAutomation.OrangeHrmSpringBootAutomationApplication for test class com.sb.auto.OrangeHRMSpringBootAutomation.api.BookingAPITest
2025-03-28 06:32:26 [main] DEBUG org.springframework.test.context.util.TestContextSpringFactoriesUtils - Skipping candidate TestExecutionListener [org.springframework.test.context.observation.MicrometerObservationRegistryTestExecutionListener] due to a missing dependency. Specify custom TestExecutionListener classes or make the default TestExecutionListener classes and their required dependencies available. Offending class: io.micrometer.context.ThreadLocalAccessor. MicrometerObservationRegistryTestExecutionListener requires io.micrometer:micrometer-observation:1.10.8 or higher and io.micrometer:context-propagation:1.0.3 or higher.
2025-03-28 06:32:26 [main] DEBUG org.springframework.boot.test.context.SpringBootTestContextBootstrapper - Using TestExecutionListeners for test class [BookingAPITest]: [ServletTestExecutionListener, DirtiesContextBeforeModesTestExecutionListener, ApplicationEventsTestExecutionListener, MockitoTestExecutionListener, BeanOverrideTestExecutionListener, DependencyInjectionTestExecutionListener, DirtiesContextTestExecutionListener, CommonCachesTestExecutionListener, TransactionalTestExecutionListener, SqlScriptsTestExecutionListener, EventPublishingTestExecutionListener, ResetMocksTestExecutionListener, RestDocsTestExecutionListener, MockRestServiceServerResetTestExecutionListener, MockMvcPrintOnlyOnFailureTestExecutionListener, WebDriverTestExecutionListener, MockWebServiceServerTestExecutionListener, MockitoResetTestExecutionListener]
2025-03-28 06:32:26 [rp-io-6] DEBUG com.epam.reportportal.service.Launch - ReportPortal item with ID '314a06bb-fe7f-4f17-86a6-3a6ed52dbb0d' has been created
2025-03-28 06:32:26 [rp-io-6] DEBUG com.epam.reportportal.utils.SubscriptionUtils - Start test item successfully completed
2025-03-28 06:32:26 [main] INFO  com.sb.auto.OrangeHRMSpringBootAutomation.framework.listener.TestListener - ? Test Execution Started: API Test
2025-03-28 06:32:26 [rp-io-7] DEBUG com.epam.reportportal.service.Launch - Starting test item...rp-io-7
2025-03-28 06:32:26 [rp-io-9] DEBUG com.epam.reportportal.service.Launch - ReportPortal item with ID '4f95be4d-1466-4410-8200-306b187d4b33' has been created
2025-03-28 06:32:26 [rp-io-9] DEBUG com.epam.reportportal.utils.SubscriptionUtils - Start test item successfully completed
2025-03-28 06:32:26 [rp-io-10] DEBUG com.epam.reportportal.service.Launch - Starting test item...rp-io-10
2025-03-28 06:32:26 [main] INFO  com.sb.auto.OrangeHRMSpringBootAutomation.framework.listener.TestMethodListener - ? Before Method: springTestContextBeforeTestClass
2025-03-28 06:32:26 [rp-io-12] DEBUG com.epam.reportportal.service.Launch - ReportPortal item with ID 'f7e307da-9be4-4525-b3cb-1b1077ee22e3' has been created
2025-03-28 06:32:26 [rp-io-12] DEBUG com.epam.reportportal.utils.SubscriptionUtils - Start test item successfully completed
2025-03-28 06:32:26 [main] DEBUG org.springframework.test.context.support.DirtiesContextBeforeModesTestExecutionListener - Before test class: class [UserAPITest], class annotated with @DirtiesContext [false] with mode [null]
2025-03-28 06:32:26 [main] INFO  com.sb.auto.OrangeHRMSpringBootAutomation.framework.listener.TestMethodListener - ? After Method: springTestContextBeforeTestClass
2025-03-28 06:32:27 [rp-io-15] DEBUG com.epam.reportportal.service.Launch - Starting test item...rp-io-15
2025-03-28 06:32:27 [main] INFO  com.sb.auto.OrangeHRMSpringBootAutomation.framework.listener.TestMethodListener - ? Before Method: springTestContextPrepareTestInstance
2025-03-28 06:32:27 [rp-io-17] DEBUG com.epam.reportportal.service.Launch - ReportPortal item with ID '01296049-bafa-4707-9da4-9616be8079e6' has been created
2025-03-28 06:32:27 [rp-io-17] DEBUG com.epam.reportportal.utils.SubscriptionUtils - Start test item successfully completed
2025-03-28 06:32:27 [rp-io-19] DEBUG com.epam.reportportal.service.Launch - Accepted finish request for test item ID = f7e307da-9be4-4525-b3cb-1b1077ee22e3
2025-03-28 06:32:27 [rp-io-19] DEBUG com.epam.reportportal.utils.SubscriptionUtils - Finish test item completed
2025-03-28T10:32:27.797009Z main ERROR Loggers has no parameter that matches element Property

  .   ____          _            __ _ _
 /\\ / ___'_ __ _ _(_)_ __  __ _ \ \ \ \
( ( )\___ | '_ | '_| | '_ \/ _` | \ \ \ \
 \\/  ___)| |_)| | | | | || (_| |  ) ) ) )
  '  |____| .__|_| |_|_| |_\__, | / / / /
 =========|_|==============|___/=/_/_/_/

 :: Spring Boot ::                (v3.4.3)

2025-03-28 06:32:28 [main] WARN  org.springframework.boot.test.json.DuplicateJsonObjectContextCustomizerFactory$DuplicateJsonObjectContextCustomizer - 

Found multiple occurrences of org.json.JSONObject on the class path:

	jar:file:/C:/Users/niraj/.m2/repository/com/vaadin/external/google/android-json/0.0.20131108.vaadin1/android-json-0.0.20131108.vaadin1.jar!/org/json/JSONObject.class
	jar:file:/C:/Users/niraj/.m2/repository/org/json/json/20250107/json-20250107.jar!/org/json/JSONObject.class

You may wish to exclude one of them to ensure predictable runtime behavior

2025-03-28 06:32:28 [main] INFO  com.sb.auto.OrangeHRMSpringBootAutomation.api.UserAPITest - Starting UserAPITest using Java 17.0.13 with PID 15088 (D:\Niraj\Work\Spring Boot UI API Automation\SpringBootUIApiAutomation\target\test-classes started by niraj in D:\Niraj\Work\Spring Boot UI API Automation\SpringBootUIApiAutomation)
2025-03-28 06:32:28 [main] DEBUG com.sb.auto.OrangeHRMSpringBootAutomation.api.UserAPITest - Running with Spring Boot v3.4.3, Spring v6.2.3
2025-03-28 06:32:28 [main] INFO  com.sb.auto.OrangeHRMSpringBootAutomation.api.UserAPITest - No active profile set, falling back to 1 default profile: "default"
2025-03-28 06:32:28 [main] DEBUG org.springframework.boot.SpringApplication - Loading source class com.sb.auto.OrangeHRMSpringBootAutomation.OrangeHrmSpringBootAutomationApplication
2025-03-28 06:32:29 [main] DEBUG org.springframework.web.context.support.GenericWebApplicationContext - Refreshing org.springframework.web.context.support.GenericWebApplicationContext@22d322f5
2025-03-28 06:32:29 [main] DEBUG org.springframework.beans.factory.support.DefaultListableBeanFactory - Creating shared instance of singleton bean 'org.springframework.context.annotation.internalConfigurationAnnotationProcessor'
2025-03-28 06:32:29 [main] DEBUG org.springframework.beans.factory.support.DefaultListableBeanFactory - Creating shared instance of singleton bean 'org.springframework.boot.autoconfigure.internalCachingMetadataReaderFactory'
2025-03-28 06:32:29 [main] DEBUG org.springframework.context.annotation.ClassPathBeanDefinitionScanner - Ignored because not a concrete top-level class: file [D:\Niraj\Work\Spring Boot UI API Automation\SpringBootUIApiAutomation\target\classes\com\sb\auto\OrangeHRMSpringBootAutomation\framework\annotation\LazyConfiguration.class]
2025-03-28 06:32:29 [main] DEBUG org.springframework.context.annotation.ClassPathBeanDefinitionScanner - Ignored because not a concrete top-level class: file [D:\Niraj\Work\Spring Boot UI API Automation\SpringBootUIApiAutomation\target\classes\com\sb\auto\OrangeHRMSpringBootAutomation\framework\annotation\Page.class]
2025-03-28 06:32:29 [main] DEBUG org.springframework.context.annotation.ClassPathBeanDefinitionScanner - Ignored because not a concrete top-level class: file [D:\Niraj\Work\Spring Boot UI API Automation\SpringBootUIApiAutomation\target\classes\com\sb\auto\OrangeHRMSpringBootAutomation\framework\annotation\PageFragment.class]
2025-03-28 06:32:29 [main] DEBUG org.springframework.context.annotation.ClassPathBeanDefinitionScanner - Ignored because not a concrete top-level class: file [D:\Niraj\Work\Spring Boot UI API Automation\SpringBootUIApiAutomation\target\classes\com\sb\auto\OrangeHRMSpringBootAutomation\framework\annotation\Window.class]
2025-03-28 06:32:29 [main] DEBUG org.springframework.context.annotation.ClassPathBeanDefinitionScanner - Identified candidate component class: file [D:\Niraj\Work\Spring Boot UI API Automation\SpringBootUIApiAutomation\target\classes\com\sb\auto\OrangeHRMSpringBootAutomation\framework\config\ActionsConfig.class]
2025-03-28 06:32:29 [main] DEBUG org.springframework.context.annotation.ClassPathBeanDefinitionScanner - Identified candidate component class: file [D:\Niraj\Work\Spring Boot UI API Automation\SpringBootUIApiAutomation\target\classes\com\sb\auto\OrangeHRMSpringBootAutomation\framework\config\ApiConfig.class]
2025-03-28 06:32:29 [main] DEBUG org.springframework.context.annotation.ClassPathBeanDefinitionScanner - Identified candidate component class: file [D:\Niraj\Work\Spring Boot UI API Automation\SpringBootUIApiAutomation\target\classes\com\sb\auto\OrangeHRMSpringBootAutomation\framework\config\WebDriverConfig.class]
2025-03-28 06:32:29 [main] DEBUG org.springframework.context.annotation.ClassPathBeanDefinitionScanner - Identified candidate component class: file [D:\Niraj\Work\Spring Boot UI API Automation\SpringBootUIApiAutomation\target\classes\com\sb\auto\OrangeHRMSpringBootAutomation\framework\config\WebDriverWaitConfig.class]
2025-03-28 06:32:29 [main] DEBUG org.springframework.context.annotation.ClassPathBeanDefinitionScanner - Identified candidate component class: file [D:\Niraj\Work\Spring Boot UI API Automation\SpringBootUIApiAutomation\target\classes\com\sb\auto\OrangeHRMSpringBootAutomation\framework\exception\GlobalExceptionHandler.class]
2025-03-28 06:32:29 [main] DEBUG org.springframework.context.annotation.ClassPathBeanDefinitionScanner - Identified candidate component class: file [D:\Niraj\Work\Spring Boot UI API Automation\SpringBootUIApiAutomation\target\classes\com\sb\auto\OrangeHRMSpringBootAutomation\framework\listener\ReportPortalExecutionListener.class]
2025-03-28 06:32:29 [main] DEBUG org.springframework.context.annotation.ClassPathBeanDefinitionScanner - Identified candidate component class: file [D:\Niraj\Work\Spring Boot UI API Automation\SpringBootUIApiAutomation\target\classes\com\sb\auto\OrangeHRMSpringBootAutomation\framework\listener\TestAnnotationTransformer.class]
2025-03-28 06:32:29 [main] DEBUG org.springframework.context.annotation.ClassPathBeanDefinitionScanner - Identified candidate component class: file [D:\Niraj\Work\Spring Boot UI API Automation\SpringBootUIApiAutomation\target\classes\com\sb\auto\OrangeHRMSpringBootAutomation\framework\listener\TestListener.class]
2025-03-28 06:32:29 [main] DEBUG org.springframework.context.annotation.ClassPathBeanDefinitionScanner - Identified candidate component class: file [D:\Niraj\Work\Spring Boot UI API Automation\SpringBootUIApiAutomation\target\classes\com\sb\auto\OrangeHRMSpringBootAutomation\framework\listener\TestMethodListener.class]
2025-03-28 06:32:29 [main] DEBUG org.springframework.context.annotation.ClassPathBeanDefinitionScanner - Identified candidate component class: file [D:\Niraj\Work\Spring Boot UI API Automation\SpringBootUIApiAutomation\target\classes\com\sb\auto\OrangeHRMSpringBootAutomation\framework\listener\TestNgReportListener.class]
2025-03-28 06:32:29 [main] DEBUG org.springframework.context.annotation.ClassPathBeanDefinitionScanner - Identified candidate component class: file [D:\Niraj\Work\Spring Boot UI API Automation\SpringBootUIApiAutomation\target\classes\com\sb\auto\OrangeHRMSpringBootAutomation\framework\listener\TestRetryAnalyzer.class]
2025-03-28 06:32:29 [main] DEBUG org.springframework.context.annotation.ClassPathBeanDefinitionScanner - Identified candidate component class: file [D:\Niraj\Work\Spring Boot UI API Automation\SpringBootUIApiAutomation\target\classes\com\sb\auto\OrangeHRMSpringBootAutomation\framework\service\BookingAPIService.class]
2025-03-28 06:32:29 [main] DEBUG org.springframework.context.annotation.ClassPathBeanDefinitionScanner - Identified candidate component class: file [D:\Niraj\Work\Spring Boot UI API Automation\SpringBootUIApiAutomation\target\classes\com\sb\auto\OrangeHRMSpringBootAutomation\framework\service\UserAPIService.class]
2025-03-28 06:32:29 [main] DEBUG org.springframework.context.annotation.ClassPathBeanDefinitionScanner - Identified candidate component class: file [D:\Niraj\Work\Spring Boot UI API Automation\SpringBootUIApiAutomation\target\classes\com\sb\auto\OrangeHRMSpringBootAutomation\framework\util\APIAuthUtils.class]
2025-03-28 06:32:29 [main] DEBUG org.springframework.context.annotation.ClassPathBeanDefinitionScanner - Identified candidate component class: file [D:\Niraj\Work\Spring Boot UI API Automation\SpringBootUIApiAutomation\target\classes\com\sb\auto\OrangeHRMSpringBootAutomation\framework\util\ConfigReaderUtil.class]
2025-03-28 06:32:29 [main] DEBUG org.springframework.context.annotation.ClassPathBeanDefinitionScanner - Identified candidate component class: file [D:\Niraj\Work\Spring Boot UI API Automation\SpringBootUIApiAutomation\target\classes\com\sb\auto\OrangeHRMSpringBootAutomation\framework\util\JsonUtil.class]
2025-03-28 06:32:29 [main] DEBUG org.springframework.context.annotation.ClassPathBeanDefinitionScanner - Identified candidate component class: file [D:\Niraj\Work\Spring Boot UI API Automation\SpringBootUIApiAutomation\target\classes\com\sb\auto\OrangeHRMSpringBootAutomation\framework\util\LoggingUtils.class]
2025-03-28 06:32:29 [main] DEBUG org.springframework.context.annotation.ClassPathBeanDefinitionScanner - Identified candidate component class: file [D:\Niraj\Work\Spring Boot UI API Automation\SpringBootUIApiAutomation\target\classes\com\sb\auto\OrangeHRMSpringBootAutomation\framework\util\LogUtility.class]
2025-03-28 06:32:29 [main] DEBUG org.springframework.context.annotation.ClassPathBeanDefinitionScanner - Identified candidate component class: file [D:\Niraj\Work\Spring Boot UI API Automation\SpringBootUIApiAutomation\target\classes\com\sb\auto\OrangeHRMSpringBootAutomation\framework\util\RestAssuredUtils.class]
2025-03-28 06:32:29 [main] DEBUG org.springframework.context.annotation.ClassPathBeanDefinitionScanner - Identified candidate component class: file [D:\Niraj\Work\Spring Boot UI API Automation\SpringBootUIApiAutomation\target\classes\com\sb\auto\OrangeHRMSpringBootAutomation\framework\util\ScreenshotUtil.class]
2025-03-28 06:32:29 [main] DEBUG org.springframework.context.annotation.ClassPathBeanDefinitionScanner - Identified candidate component class: file [D:\Niraj\Work\Spring Boot UI API Automation\SpringBootUIApiAutomation\target\classes\com\sb\auto\OrangeHRMSpringBootAutomation\framework\util\SeleniumCoreUtil.class]
2025-03-28 06:32:29 [main] DEBUG org.springframework.context.annotation.ClassPathBeanDefinitionScanner - Identified candidate component class: file [D:\Niraj\Work\Spring Boot UI API Automation\SpringBootUIApiAutomation\target\classes\com\sb\auto\OrangeHRMSpringBootAutomation\models\Booking.class]
2025-03-28 06:32:29 [main] DEBUG org.springframework.context.annotation.ClassPathBeanDefinitionScanner - Identified candidate component class: file [D:\Niraj\Work\Spring Boot UI API Automation\SpringBootUIApiAutomation\target\classes\com\sb\auto\OrangeHRMSpringBootAutomation\models\BookingDates.class]
2025-03-28 06:32:29 [main] DEBUG org.springframework.context.annotation.ClassPathBeanDefinitionScanner - Identified candidate component class: file [D:\Niraj\Work\Spring Boot UI API Automation\SpringBootUIApiAutomation\target\classes\com\sb\auto\OrangeHRMSpringBootAutomation\models\User.class]
2025-03-28 06:32:29 [main] DEBUG org.springframework.context.annotation.ClassPathBeanDefinitionScanner - Identified candidate component class: file [D:\Niraj\Work\Spring Boot UI API Automation\SpringBootUIApiAutomation\target\classes\com\sb\auto\OrangeHRMSpringBootAutomation\page\orangehrm\DashboardPage.class]
2025-03-28 06:32:29 [main] DEBUG org.springframework.context.annotation.ClassPathBeanDefinitionScanner - Identified candidate component class: file [D:\Niraj\Work\Spring Boot UI API Automation\SpringBootUIApiAutomation\target\classes\com\sb\auto\OrangeHRMSpringBootAutomation\page\orangehrm\LoginPage.class]
2025-03-28 06:32:29 [main] DEBUG org.springframework.context.annotation.ClassPathBeanDefinitionScanner - Identified candidate component class: file [D:\Niraj\Work\Spring Boot UI API Automation\SpringBootUIApiAutomation\target\classes\com\sb\auto\OrangeHRMSpringBootAutomation\page\qa\RegisterPage.class]
2025-03-28 06:32:29 [main] DEBUG org.springframework.context.annotation.ClassPathBeanDefinitionScanner - Identified candidate component class: file [D:\Niraj\Work\Spring Boot UI API Automation\SpringBootUIApiAutomation\target\classes\com\sb\auto\OrangeHRMSpringBootAutomation\page\qa\TransactionPage.class]
2025-03-28 06:32:31 [main] INFO  org.springframework.data.repository.config.RepositoryConfigurationDelegate - Bootstrapping Spring Data JPA repositories in DEFAULT mode.
2025-03-28 06:32:31 [main] DEBUG org.springframework.beans.factory.support.DefaultListableBeanFactory - Creating shared instance of singleton bean 'org.springframework.boot.autoconfigure.AutoConfigurationPackages'
2025-03-28 06:32:31 [main] DEBUG org.springframework.boot.autoconfigure.AutoConfigurationPackages - @EnableAutoConfiguration was declared on a class in the package 'com.sb.auto.OrangeHRMSpringBootAutomation'. Automatic @Repository and @Entity scanning is enabled.
2025-03-28 06:32:31 [main] DEBUG org.springframework.data.repository.config.RepositoryConfigurationDelegate - Scanning for JPA repositories in packages com.sb.auto.OrangeHRMSpringBootAutomation.
2025-03-28 06:32:31 [main] INFO  org.springframework.data.repository.config.RepositoryConfigurationDelegate - Finished Spring Data repository scanning in 48 ms. Found 0 JPA repository interfaces.
2025-03-28 06:32:31 [main] DEBUG org.springframework.beans.factory.support.DefaultListableBeanFactory - Creating shared instance of singleton bean 'propertySourcesPlaceholderConfigurer'
2025-03-28 06:32:31 [main] DEBUG org.springframework.beans.factory.support.DefaultListableBeanFactory - Creating shared instance of singleton bean 'org.springframework.boot.test.mock.mockito.MockitoPostProcessor'
2025-03-28 06:32:31 [main] DEBUG org.springframework.beans.factory.support.DefaultListableBeanFactory - Creating shared instance of singleton bean 'emBeanDefinitionRegistrarPostProcessor'
2025-03-28 06:32:31 [main] DEBUG org.springframework.beans.factory.support.DefaultListableBeanFactory - Creating shared instance of singleton bean 'org.springframework.boot.sql.init.dependency.DatabaseInitializationDependencyConfigurer$DependsOnDatabaseInitializationPostProcessor'
2025-03-28 06:32:32 [main] DEBUG org.springframework.beans.factory.support.DefaultListableBeanFactory - Creating shared instance of singleton bean 'org.springframework.context.event.internalEventListenerProcessor'
2025-03-28 06:32:32 [main] DEBUG org.springframework.beans.factory.support.DefaultListableBeanFactory - Creating shared instance of singleton bean 'preserveErrorControllerTargetClassPostProcessor'
2025-03-28 06:32:32 [main] DEBUG org.springframework.beans.factory.support.DefaultListableBeanFactory - Creating shared instance of singleton bean 'org.springframework.context.event.internalEventListenerFactory'
2025-03-28 06:32:32 [main] DEBUG org.springframework.beans.factory.support.DefaultListableBeanFactory - Creating shared instance of singleton bean 'org.springframework.transaction.config.internalTransactionalEventListenerFactory'
2025-03-28 06:32:32 [main] DEBUG org.springframework.beans.factory.support.DefaultListableBeanFactory - Creating shared instance of singleton bean 'org.springframework.boot.test.mock.mockito.MockitoPostProcessor$SpyPostProcessor'
2025-03-28 06:32:32 [main] DEBUG org.springframework.beans.factory.support.DefaultListableBeanFactory - Creating shared instance of singleton bean 'org.springframework.context.annotation.internalAutowiredAnnotationProcessor'
2025-03-28 06:32:32 [main] DEBUG org.springframework.beans.factory.support.DefaultListableBeanFactory - Creating shared instance of singleton bean 'org.springframework.context.annotation.internalCommonAnnotationProcessor'
2025-03-28 06:32:32 [main] DEBUG org.springframework.beans.factory.support.DefaultListableBeanFactory - Creating shared instance of singleton bean 'org.springframework.context.annotation.internalPersistenceAnnotationProcessor'
2025-03-28 06:32:32 [main] DEBUG org.springframework.beans.factory.support.DefaultListableBeanFactory - Creating shared instance of singleton bean 'org.springframework.boot.context.properties.ConfigurationPropertiesBindingPostProcessor'
2025-03-28 06:32:32 [main] DEBUG org.springframework.beans.factory.support.DefaultListableBeanFactory - Creating shared instance of singleton bean 'org.springframework.boot.context.internalConfigurationPropertiesBinder'
2025-03-28 06:32:32 [main] DEBUG org.springframework.beans.factory.support.DefaultListableBeanFactory - Creating shared instance of singleton bean 'jdbcConnectionDetailsHikariBeanPostProcessor'
2025-03-28 06:32:32 [main] DEBUG org.springframework.beans.factory.support.DefaultListableBeanFactory - Creating shared instance of singleton bean 'org.springframework.aop.config.internalAutoProxyCreator'
2025-03-28 06:32:32 [main] DEBUG org.springframework.beans.factory.support.DefaultListableBeanFactory - Creating shared instance of singleton bean 'persistenceExceptionTranslationPostProcessor'
2025-03-28 06:32:32 [main] DEBUG org.springframework.beans.factory.support.DefaultListableBeanFactory - Autowiring by type from bean name 'persistenceExceptionTranslationPostProcessor' via factory method to bean named 'environment'
2025-03-28 06:32:32 [main] DEBUG org.springframework.beans.factory.support.DefaultListableBeanFactory - Creating shared instance of singleton bean 'webServerFactoryCustomizerBeanPostProcessor'
2025-03-28 06:32:32 [main] DEBUG org.springframework.beans.factory.support.DefaultListableBeanFactory - Creating shared instance of singleton bean 'errorPageRegistrarBeanPostProcessor'
2025-03-28 06:32:32 [main] DEBUG org.springframework.beans.factory.support.DefaultListableBeanFactory - Creating shared instance of singleton bean 'projectingArgumentResolverBeanPostProcessor'
2025-03-28 06:32:32 [main] DEBUG org.springframework.beans.factory.support.DefaultListableBeanFactory - Creating shared instance of singleton bean 'org.springframework.transaction.config.internalTransactionAdvisor'
2025-03-28 06:32:32 [main] DEBUG org.springframework.beans.factory.support.DefaultListableBeanFactory - Creating shared instance of singleton bean 'org.springframework.transaction.annotation.ProxyTransactionManagementConfiguration'
2025-03-28 06:32:32 [main] DEBUG org.springframework.beans.factory.support.DefaultListableBeanFactory - Creating shared instance of singleton bean 'transactionAttributeSource'
2025-03-28 06:32:32 [main] DEBUG org.springframework.beans.factory.support.DefaultListableBeanFactory - Creating shared instance of singleton bean 'transactionInterceptor'
2025-03-28 06:32:32 [main] DEBUG org.springframework.beans.factory.support.DefaultListableBeanFactory - Autowiring by type from bean name 'transactionInterceptor' via factory method to bean named 'transactionAttributeSource'
2025-03-28 06:32:32 [main] DEBUG org.springframework.beans.factory.support.DefaultListableBeanFactory - Autowiring by type from bean name 'org.springframework.transaction.config.internalTransactionAdvisor' via factory method to bean named 'transactionAttributeSource'
2025-03-28 06:32:32 [main] DEBUG org.springframework.beans.factory.support.DefaultListableBeanFactory - Autowiring by type from bean name 'org.springframework.transaction.config.internalTransactionAdvisor' via factory method to bean named 'transactionInterceptor'
2025-03-28 06:32:32 [main] DEBUG org.springframework.ui.context.support.UiApplicationContextUtils - Unable to locate ThemeSource with name 'themeSource': using default [org.springframework.ui.context.support.ResourceBundleThemeSource@4cf230bf]
2025-03-28 06:32:32 [main] DEBUG org.springframework.beans.factory.support.DefaultListableBeanFactory - Creating shared instance of singleton bean 'org.springframework.test.context.support.internalDynamicPropertyRegistrarBeanInitializer'
2025-03-28 06:32:32 [main] DEBUG org.springframework.beans.factory.support.DefaultListableBeanFactory - Creating shared instance of singleton bean 'dataSourceScriptDatabaseInitializer'
2025-03-28 06:32:32 [main] DEBUG org.springframework.beans.factory.support.DefaultListableBeanFactory - Creating shared instance of singleton bean 'org.springframework.boot.autoconfigure.sql.init.DataSourceInitializationConfiguration'
2025-03-28 06:32:32 [main] DEBUG org.springframework.beans.factory.support.DefaultListableBeanFactory - Creating shared instance of singleton bean 'dataSource'
2025-03-28 06:32:32 [main] DEBUG org.springframework.beans.factory.support.DefaultListableBeanFactory - Creating shared instance of singleton bean 'org.springframework.boot.autoconfigure.jdbc.DataSourceConfiguration$Hikari'
2025-03-28 06:32:32 [main] DEBUG org.springframework.beans.factory.support.DefaultListableBeanFactory - Creating shared instance of singleton bean 'spring.datasource-org.springframework.boot.autoconfigure.jdbc.DataSourceProperties'
2025-03-28 06:32:32 [main] DEBUG org.springframework.beans.factory.support.DefaultListableBeanFactory - Creating shared instance of singleton bean 'org.springframework.boot.context.properties.BoundConfigurationProperties'
2025-03-28 06:32:32 [main] DEBUG org.springframework.beans.factory.support.DefaultListableBeanFactory - Creating shared instance of singleton bean 'jdbcConnectionDetails'
2025-03-28 06:32:32 [main] DEBUG org.springframework.beans.factory.support.DefaultListableBeanFactory - Creating shared instance of singleton bean 'org.springframework.boot.autoconfigure.jdbc.DataSourceAutoConfiguration$PooledDataSourceConfiguration'
2025-03-28 06:32:32 [main] DEBUG org.springframework.beans.factory.support.DefaultListableBeanFactory - Autowiring by type from bean name 'jdbcConnectionDetails' via factory method to bean named 'spring.datasource-org.springframework.boot.autoconfigure.jdbc.DataSourceProperties'
2025-03-28 06:32:32 [main] DEBUG org.springframework.beans.factory.support.DefaultListableBeanFactory - Autowiring by type from bean name 'dataSource' via factory method to bean named 'spring.datasource-org.springframework.boot.autoconfigure.jdbc.DataSourceProperties'
2025-03-28 06:32:32 [main] DEBUG org.springframework.beans.factory.support.DefaultListableBeanFactory - Autowiring by type from bean name 'dataSource' via factory method to bean named 'jdbcConnectionDetails'
2025-03-28 06:32:32 [main] DEBUG com.zaxxer.hikari.HikariConfig - Driver class org.h2.Driver found in Thread context class loader jdk.internal.loader.ClassLoaders$AppClassLoader@c387f44
2025-03-28 06:32:32 [main] DEBUG org.springframework.beans.factory.support.DefaultListableBeanFactory - Creating shared instance of singleton bean 'spring.sql.init-org.springframework.boot.autoconfigure.sql.init.SqlInitializationProperties'
2025-03-28 06:32:32 [main] DEBUG org.springframework.beans.factory.support.DefaultListableBeanFactory - Autowiring by type from bean name 'dataSourceScriptDatabaseInitializer' via factory method to bean named 'dataSource'
2025-03-28 06:32:32 [main] DEBUG org.springframework.beans.factory.support.DefaultListableBeanFactory - Autowiring by type from bean name 'dataSourceScriptDatabaseInitializer' via factory method to bean named 'spring.sql.init-org.springframework.boot.autoconfigure.sql.init.SqlInitializationProperties'
2025-03-28 06:32:32 [main] DEBUG org.springframework.beans.factory.support.DefaultListableBeanFactory - Creating shared instance of singleton bean 'entityManagerFactory'
2025-03-28 06:32:32 [main] DEBUG org.springframework.beans.factory.support.DefaultListableBeanFactory - Creating shared instance of singleton bean 'org.springframework.boot.autoconfigure.orm.jpa.HibernateJpaConfiguration'
2025-03-28 06:32:32 [main] DEBUG org.springframework.beans.factory.support.DefaultListableBeanFactory - Creating shared instance of singleton bean 'spring.jpa-org.springframework.boot.autoconfigure.orm.jpa.JpaProperties'
2025-03-28 06:32:32 [main] DEBUG org.springframework.beans.factory.support.DefaultListableBeanFactory - Creating shared instance of singleton bean 'spring.jpa.hibernate-org.springframework.boot.autoconfigure.orm.jpa.HibernateProperties'
2025-03-28 06:32:32 [main] DEBUG org.springframework.beans.factory.support.DefaultListableBeanFactory - Autowiring by type from bean name 'org.springframework.boot.autoconfigure.orm.jpa.HibernateJpaConfiguration' via constructor to bean named 'dataSource'
2025-03-28 06:32:32 [main] DEBUG org.springframework.beans.factory.support.DefaultListableBeanFactory - Autowiring by type from bean name 'org.springframework.boot.autoconfigure.orm.jpa.HibernateJpaConfiguration' via constructor to bean named 'spring.jpa-org.springframework.boot.autoconfigure.orm.jpa.JpaProperties'
2025-03-28 06:32:32 [main] DEBUG org.springframework.beans.factory.support.DefaultListableBeanFactory - Autowiring by type from bean name 'org.springframework.boot.autoconfigure.orm.jpa.HibernateJpaConfiguration' via constructor to bean named 'org.springframework.beans.factory.support.DefaultListableBeanFactory@6aa5974e'
2025-03-28 06:32:32 [main] DEBUG org.springframework.beans.factory.support.DefaultListableBeanFactory - Autowiring by type from bean name 'org.springframework.boot.autoconfigure.orm.jpa.HibernateJpaConfiguration' via constructor to bean named 'spring.jpa.hibernate-org.springframework.boot.autoconfigure.orm.jpa.HibernateProperties'
2025-03-28 06:32:32 [main] DEBUG org.springframework.beans.factory.support.DefaultListableBeanFactory - Creating shared instance of singleton bean 'hikariPoolDataSourceMetadataProvider'
2025-03-28 06:32:32 [main] DEBUG org.springframework.beans.factory.support.DefaultListableBeanFactory - Creating shared instance of singleton bean 'org.springframework.boot.autoconfigure.jdbc.metadata.DataSourcePoolMetadataProvidersConfiguration$HikariPoolDataSourceMetadataProviderConfiguration'
2025-03-28 06:32:32 [main] DEBUG org.springframework.beans.factory.support.DefaultListableBeanFactory - Creating shared instance of singleton bean 'entityManagerFactoryBuilder'
2025-03-28 06:32:32 [main] DEBUG org.springframework.beans.factory.support.DefaultListableBeanFactory - Creating shared instance of singleton bean 'jpaVendorAdapter'
2025-03-28 06:32:32 [main] DEBUG org.jboss.logging - Logging Provider: org.jboss.logging.Log4j2LoggerProvider
2025-03-28 06:32:32 [main] DEBUG org.springframework.beans.factory.support.DefaultListableBeanFactory - Autowiring by type from bean name 'entityManagerFactoryBuilder' via factory method to bean named 'jpaVendorAdapter'
2025-03-28 06:32:32 [main] DEBUG org.springframework.jdbc.datasource.DataSourceUtils - Fetching JDBC Connection from DataSource
2025-03-28 06:32:32 [main] DEBUG com.zaxxer.hikari.HikariConfig - HikariPool-1 - configuration:
2025-03-28 06:32:32 [main] DEBUG com.zaxxer.hikari.HikariConfig - allowPoolSuspension.............false
2025-03-28 06:32:32 [main] DEBUG com.zaxxer.hikari.HikariConfig - autoCommit......................true
2025-03-28 06:32:32 [main] DEBUG com.zaxxer.hikari.HikariConfig - catalog.........................none
2025-03-28 06:32:32 [main] DEBUG com.zaxxer.hikari.HikariConfig - connectionInitSql...............none
2025-03-28 06:32:32 [main] DEBUG com.zaxxer.hikari.HikariConfig - connectionTestQuery.............none
2025-03-28 06:32:32 [main] DEBUG com.zaxxer.hikari.HikariConfig - connectionTimeout...............30000
2025-03-28 06:32:32 [main] DEBUG com.zaxxer.hikari.HikariConfig - dataSource......................none
2025-03-28 06:32:32 [main] DEBUG com.zaxxer.hikari.HikariConfig - dataSourceClassName.............none
2025-03-28 06:32:32 [main] DEBUG com.zaxxer.hikari.HikariConfig - dataSourceJNDI..................none
2025-03-28 06:32:32 [main] DEBUG com.zaxxer.hikari.HikariConfig - dataSourceProperties............{password=<masked>}
2025-03-28 06:32:32 [main] DEBUG com.zaxxer.hikari.HikariConfig - driverClassName................."org.h2.Driver"
2025-03-28 06:32:32 [main] DEBUG com.zaxxer.hikari.HikariConfig - exceptionOverrideClassName......none
2025-03-28 06:32:32 [main] DEBUG com.zaxxer.hikari.HikariConfig - healthCheckProperties...........{}
2025-03-28 06:32:32 [main] DEBUG com.zaxxer.hikari.HikariConfig - healthCheckRegistry.............none
2025-03-28 06:32:32 [main] DEBUG com.zaxxer.hikari.HikariConfig - idleTimeout.....................600000
2025-03-28 06:32:32 [main] DEBUG com.zaxxer.hikari.HikariConfig - initializationFailTimeout.......1
2025-03-28 06:32:32 [main] DEBUG com.zaxxer.hikari.HikariConfig - isolateInternalQueries..........false
2025-03-28 06:32:32 [main] DEBUG com.zaxxer.hikari.HikariConfig - jdbcUrl.........................jdbc:h2:mem:0c4d65bd-978b-4a07-909f-59d4398284a0;DB_CLOSE_DELAY=-1;DB_CLOSE_ON_EXIT=FALSE
2025-03-28 06:32:32 [main] DEBUG com.zaxxer.hikari.HikariConfig - keepaliveTime...................0
2025-03-28 06:32:32 [main] DEBUG com.zaxxer.hikari.HikariConfig - leakDetectionThreshold..........0
2025-03-28 06:32:32 [main] DEBUG com.zaxxer.hikari.HikariConfig - maxLifetime.....................1800000
2025-03-28 06:32:32 [main] DEBUG com.zaxxer.hikari.HikariConfig - maximumPoolSize.................10
2025-03-28 06:32:32 [main] DEBUG com.zaxxer.hikari.HikariConfig - metricRegistry..................none
2025-03-28 06:32:32 [main] DEBUG com.zaxxer.hikari.HikariConfig - metricsTrackerFactory...........none
2025-03-28 06:32:32 [main] DEBUG com.zaxxer.hikari.HikariConfig - minimumIdle.....................10
2025-03-28 06:32:32 [main] DEBUG com.zaxxer.hikari.HikariConfig - password........................<masked>
2025-03-28 06:32:32 [main] DEBUG com.zaxxer.hikari.HikariConfig - poolName........................"HikariPool-1"
2025-03-28 06:32:32 [main] DEBUG com.zaxxer.hikari.HikariConfig - readOnly........................false
2025-03-28 06:32:32 [main] DEBUG com.zaxxer.hikari.HikariConfig - registerMbeans..................false
2025-03-28 06:32:32 [main] DEBUG com.zaxxer.hikari.HikariConfig - scheduledExecutor...............none
2025-03-28 06:32:32 [main] DEBUG com.zaxxer.hikari.HikariConfig - schema..........................none
2025-03-28 06:32:32 [main] DEBUG com.zaxxer.hikari.HikariConfig - threadFactory...................internal
2025-03-28 06:32:32 [main] DEBUG com.zaxxer.hikari.HikariConfig - transactionIsolation............default
2025-03-28 06:32:32 [main] DEBUG com.zaxxer.hikari.HikariConfig - username........................"sa"
2025-03-28 06:32:32 [main] DEBUG com.zaxxer.hikari.HikariConfig - validationTimeout...............5000
2025-03-28 06:32:32 [main] INFO  com.zaxxer.hikari.HikariDataSource - HikariPool-1 - Starting...
2025-03-28 06:32:33 [main] INFO  com.zaxxer.hikari.pool.HikariPool - HikariPool-1 - Added connection conn0: url=jdbc:h2:mem:0c4d65bd-978b-4a07-909f-59d4398284a0 user=SA
2025-03-28 06:32:33 [main] INFO  com.zaxxer.hikari.HikariDataSource - HikariPool-1 - Start completed.
2025-03-28 06:32:33 [main] DEBUG org.springframework.beans.factory.support.DefaultListableBeanFactory - Creating shared instance of singleton bean 'persistenceManagedTypes'
2025-03-28 06:32:33 [main] DEBUG org.springframework.beans.factory.support.DefaultListableBeanFactory - Autowiring by type from bean name 'persistenceManagedTypes' via factory method to bean named 'org.springframework.beans.factory.support.DefaultListableBeanFactory@6aa5974e'
2025-03-28 06:32:33 [main] DEBUG org.springframework.beans.factory.support.DefaultListableBeanFactory - Autowiring by type from bean name 'persistenceManagedTypes' via factory method to bean named 'org.springframework.web.context.support.GenericWebApplicationContext@22d322f5'
2025-03-28 06:32:33 [main] DEBUG org.springframework.beans.factory.support.DefaultListableBeanFactory - Autowiring by type from bean name 'entityManagerFactory' via factory method to bean named 'entityManagerFactoryBuilder'
2025-03-28 06:32:33 [main] DEBUG org.springframework.beans.factory.support.DefaultListableBeanFactory - Autowiring by type from bean name 'entityManagerFactory' via factory method to bean named 'persistenceManagedTypes'
2025-03-28 06:32:33 [HikariPool-1 housekeeper] DEBUG com.zaxxer.hikari.pool.HikariPool - HikariPool-1 - Pool stats (total=1, active=0, idle=1, waiting=0)
2025-03-28 06:32:33 [HikariPool-1 connection adder] DEBUG com.zaxxer.hikari.pool.HikariPool - HikariPool-1 - Added connection conn1: url=jdbc:h2:mem:0c4d65bd-978b-4a07-909f-59d4398284a0 user=SA
2025-03-28 06:32:33 [HikariPool-1 connection adder] DEBUG com.zaxxer.hikari.pool.HikariPool - HikariPool-1 - After adding stats (total=2, active=0, idle=2, waiting=0)
2025-03-28 06:32:33 [HikariPool-1 connection adder] DEBUG com.zaxxer.hikari.pool.HikariPool - HikariPool-1 - Added connection conn2: url=jdbc:h2:mem:0c4d65bd-978b-4a07-909f-59d4398284a0 user=SA
2025-03-28 06:32:33 [main] DEBUG org.springframework.orm.jpa.LocalContainerEntityManagerFactoryBean - Building JPA container EntityManagerFactory for persistence unit 'default'
2025-03-28 06:32:33 [HikariPool-1 connection adder] DEBUG com.zaxxer.hikari.pool.HikariPool - HikariPool-1 - After adding stats (total=3, active=0, idle=3, waiting=0)
2025-03-28 06:32:33 [HikariPool-1 connection adder] DEBUG com.zaxxer.hikari.pool.HikariPool - HikariPool-1 - Added connection conn3: url=jdbc:h2:mem:0c4d65bd-978b-4a07-909f-59d4398284a0 user=SA
2025-03-28 06:32:33 [HikariPool-1 connection adder] DEBUG com.zaxxer.hikari.pool.HikariPool - HikariPool-1 - After adding stats (total=4, active=0, idle=4, waiting=0)
2025-03-28 06:32:33 [HikariPool-1 connection adder] DEBUG com.zaxxer.hikari.pool.HikariPool - HikariPool-1 - Added connection conn4: url=jdbc:h2:mem:0c4d65bd-978b-4a07-909f-59d4398284a0 user=SA
2025-03-28 06:32:33 [HikariPool-1 connection adder] DEBUG com.zaxxer.hikari.pool.HikariPool - HikariPool-1 - After adding stats (total=5, active=0, idle=5, waiting=0)
2025-03-28 06:32:33 [HikariPool-1 connection adder] DEBUG com.zaxxer.hikari.pool.HikariPool - HikariPool-1 - Added connection conn5: url=jdbc:h2:mem:0c4d65bd-978b-4a07-909f-59d4398284a0 user=SA
2025-03-28 06:32:33 [HikariPool-1 connection adder] DEBUG com.zaxxer.hikari.pool.HikariPool - HikariPool-1 - After adding stats (total=6, active=0, idle=6, waiting=0)
2025-03-28 06:32:33 [HikariPool-1 connection adder] DEBUG com.zaxxer.hikari.pool.HikariPool - HikariPool-1 - Added connection conn6: url=jdbc:h2:mem:0c4d65bd-978b-4a07-909f-59d4398284a0 user=SA
2025-03-28 06:32:33 [HikariPool-1 connection adder] DEBUG com.zaxxer.hikari.pool.HikariPool - HikariPool-1 - After adding stats (total=7, active=0, idle=7, waiting=0)
2025-03-28 06:32:33 [HikariPool-1 connection adder] DEBUG com.zaxxer.hikari.pool.HikariPool - HikariPool-1 - Added connection conn7: url=jdbc:h2:mem:0c4d65bd-978b-4a07-909f-59d4398284a0 user=SA
2025-03-28 06:32:33 [main] DEBUG org.hibernate.jpa.internal.util.LogHelper - PersistenceUnitInfo [
	name: default
	persistence provider classname: null
	classloader: jdk.internal.loader.ClassLoaders$AppClassLoader@c387f44
	excludeUnlistedClasses: true
	JTA datasource: null
	Non JTA datasource: HikariDataSource (HikariPool-1)
	Transaction type: RESOURCE_LOCAL
	PU root URL: file:/D:/Niraj/Work/Spring%20Boot%20UI%20API%20Automation/SpringBootUIApiAutomation/target/test-classes/
	Shared Cache Mode: UNSPECIFIED
	Validation Mode: AUTO
	Jar files URLs []
	Managed classes names []
	Mapping files names []
	Properties []
2025-03-28 06:32:33 [HikariPool-1 connection adder] DEBUG com.zaxxer.hikari.pool.HikariPool - HikariPool-1 - After adding stats (total=8, active=0, idle=8, waiting=0)
2025-03-28 06:32:33 [HikariPool-1 connection adder] DEBUG com.zaxxer.hikari.pool.HikariPool - HikariPool-1 - Added connection conn8: url=jdbc:h2:mem:0c4d65bd-978b-4a07-909f-59d4398284a0 user=SA
2025-03-28 06:32:33 [main] DEBUG org.hibernate.integrator.internal.IntegratorServiceImpl - Adding Integrator [org.hibernate.boot.beanvalidation.BeanValidationIntegrator].
2025-03-28 06:32:33 [main] DEBUG org.hibernate.integrator.internal.IntegratorServiceImpl - Adding Integrator [org.hibernate.cache.internal.CollectionCacheInvalidator].
2025-03-28 06:32:33 [HikariPool-1 connection adder] DEBUG com.zaxxer.hikari.pool.HikariPool - HikariPool-1 - After adding stats (total=9, active=0, idle=9, waiting=0)
2025-03-28 06:32:33 [HikariPool-1 connection adder] DEBUG com.zaxxer.hikari.pool.HikariPool - HikariPool-1 - Added connection conn9: url=jdbc:h2:mem:0c4d65bd-978b-4a07-909f-59d4398284a0 user=SA
2025-03-28 06:32:33 [HikariPool-1 connection adder] DEBUG com.zaxxer.hikari.pool.HikariPool - HikariPool-1 - After adding stats (total=10, active=0, idle=10, waiting=0)
2025-03-28 06:32:33 [main] INFO  org.hibernate.Version - HHH000412: Hibernate ORM core version 6.6.8.Final
2025-03-28 06:32:33 [main] DEBUG org.hibernate.cfg.Environment - HHH000206: 'hibernate.properties' not found
2025-03-28 06:32:33 [main] DEBUG org.hibernate.orm.idgen.factory - Registering IdentifierGenerator strategy [uuid2] -> [org.hibernate.id.UUIDGenerator]
2025-03-28 06:32:33 [main] DEBUG org.hibernate.orm.idgen.factory - Registering IdentifierGenerator strategy [guid] -> [org.hibernate.id.GUIDGenerator]
2025-03-28 06:32:33 [main] DEBUG org.hibernate.orm.idgen.factory - Registering IdentifierGenerator strategy [uuid] -> [org.hibernate.id.UUIDHexGenerator]
2025-03-28 06:32:33 [main] DEBUG org.hibernate.orm.idgen.factory - Registering IdentifierGenerator strategy [uuid.hex] -> [org.hibernate.id.UUIDHexGenerator]
2025-03-28 06:32:33 [main] DEBUG org.hibernate.orm.idgen.factory - Registering IdentifierGenerator strategy [assigned] -> [org.hibernate.id.Assigned]
2025-03-28 06:32:33 [main] DEBUG org.hibernate.orm.idgen.factory - Registering IdentifierGenerator strategy [identity] -> [org.hibernate.id.IdentityGenerator]
2025-03-28 06:32:33 [main] DEBUG org.hibernate.orm.idgen.factory - Registering IdentifierGenerator strategy [select] -> [org.hibernate.id.SelectGenerator]
2025-03-28 06:32:33 [main] DEBUG org.hibernate.orm.idgen.factory - Registering IdentifierGenerator strategy [sequence] -> [org.hibernate.id.enhanced.SequenceStyleGenerator]
2025-03-28 06:32:33 [main] DEBUG org.hibernate.orm.idgen.factory - Registering IdentifierGenerator strategy [increment] -> [org.hibernate.id.IncrementGenerator]
2025-03-28 06:32:33 [main] DEBUG org.hibernate.orm.idgen.factory - Registering IdentifierGenerator strategy [foreign] -> [org.hibernate.id.ForeignGenerator]
2025-03-28 06:32:33 [main] DEBUG org.hibernate.orm.idgen.factory - Registering IdentifierGenerator strategy [enhanced-sequence] -> [org.hibernate.id.enhanced.SequenceStyleGenerator]
2025-03-28 06:32:33 [main] DEBUG org.hibernate.orm.idgen.factory - Registering IdentifierGenerator strategy [enhanced-table] -> [org.hibernate.id.enhanced.TableGenerator]
2025-03-28 06:32:33 [main] DEBUG org.hibernate.cache.internal.RegionFactoryInitiator - Cannot default RegionFactory based on registered strategies as `[]` RegionFactory strategies were registered
2025-03-28 06:32:33 [main] INFO  org.hibernate.cache.internal.RegionFactoryInitiator - HHH000026: Second-level cache disabled
2025-03-28 06:32:34 [main] DEBUG org.hibernate.type.BasicTypeRegistry - Adding type registration boolean -> org.hibernate.type.BasicTypeReference@6e8aea7e
2025-03-28 06:32:34 [main] DEBUG org.hibernate.type.BasicTypeRegistry - Adding type registration boolean -> org.hibernate.type.BasicTypeReference@6e8aea7e
2025-03-28 06:32:34 [main] DEBUG org.hibernate.type.BasicTypeRegistry - Adding type registration java.lang.Boolean -> org.hibernate.type.BasicTypeReference@6e8aea7e
2025-03-28 06:32:34 [main] DEBUG org.hibernate.type.BasicTypeRegistry - Adding type registration numeric_boolean -> org.hibernate.type.BasicTypeReference@59282dc6
2025-03-28 06:32:34 [main] DEBUG org.hibernate.type.BasicTypeRegistry - Adding type registration org.hibernate.type.NumericBooleanConverter -> org.hibernate.type.BasicTypeReference@59282dc6
2025-03-28 06:32:34 [main] DEBUG org.hibernate.type.BasicTypeRegistry - Adding type registration true_false -> org.hibernate.type.BasicTypeReference@603b9d4b
2025-03-28 06:32:34 [main] DEBUG org.hibernate.type.BasicTypeRegistry - Adding type registration org.hibernate.type.TrueFalseConverter -> org.hibernate.type.BasicTypeReference@603b9d4b
2025-03-28 06:32:34 [main] DEBUG org.hibernate.type.BasicTypeRegistry - Adding type registration yes_no -> org.hibernate.type.BasicTypeReference@7b2f8152
2025-03-28 06:32:34 [main] DEBUG org.hibernate.type.BasicTypeRegistry - Adding type registration org.hibernate.type.YesNoConverter -> org.hibernate.type.BasicTypeReference@7b2f8152
2025-03-28 06:32:34 [main] DEBUG org.hibernate.type.BasicTypeRegistry - Adding type registration byte -> org.hibernate.type.BasicTypeReference@6371c5ec
2025-03-28 06:32:34 [main] DEBUG org.hibernate.type.BasicTypeRegistry - Adding type registration byte -> org.hibernate.type.BasicTypeReference@6371c5ec
2025-03-28 06:32:34 [main] DEBUG org.hibernate.type.BasicTypeRegistry - Adding type registration java.lang.Byte -> org.hibernate.type.BasicTypeReference@6371c5ec
2025-03-28 06:32:34 [main] DEBUG org.hibernate.type.BasicTypeRegistry - Adding type registration binary -> org.hibernate.type.BasicTypeReference@5f9ccd0c
2025-03-28 06:32:34 [main] DEBUG org.hibernate.type.BasicTypeRegistry - Adding type registration byte[] -> org.hibernate.type.BasicTypeReference@5f9ccd0c
2025-03-28 06:32:34 [main] DEBUG org.hibernate.type.BasicTypeRegistry - Adding type registration [B -> org.hibernate.type.BasicTypeReference@5f9ccd0c
2025-03-28 06:32:34 [main] DEBUG org.hibernate.type.BasicTypeRegistry - Adding type registration binary_wrapper -> org.hibernate.type.BasicTypeReference@6738e8b2
2025-03-28 06:32:34 [main] DEBUG org.hibernate.type.BasicTypeRegistry - Adding type registration wrapper-binary -> org.hibernate.type.BasicTypeReference@6738e8b2
2025-03-28 06:32:34 [main] DEBUG org.hibernate.type.BasicTypeRegistry - Adding type registration image -> org.hibernate.type.BasicTypeReference@da9374c
2025-03-28 06:32:34 [main] DEBUG org.hibernate.type.BasicTypeRegistry - Adding type registration blob -> org.hibernate.type.BasicTypeReference@34647f58
2025-03-28 06:32:34 [main] DEBUG org.hibernate.type.BasicTypeRegistry - Adding type registration java.sql.Blob -> org.hibernate.type.BasicTypeReference@34647f58
2025-03-28 06:32:34 [main] DEBUG org.hibernate.type.BasicTypeRegistry - Adding type registration materialized_blob -> org.hibernate.type.BasicTypeReference@14b96c1e
2025-03-28 06:32:34 [main] DEBUG org.hibernate.type.BasicTypeRegistry - Adding type registration materialized_blob_wrapper -> org.hibernate.type.BasicTypeReference@229514ff
2025-03-28 06:32:34 [main] DEBUG org.hibernate.type.BasicTypeRegistry - Adding type registration short -> org.hibernate.type.BasicTypeReference@664254b6
2025-03-28 06:32:34 [main] DEBUG org.hibernate.type.BasicTypeRegistry - Adding type registration short -> org.hibernate.type.BasicTypeReference@664254b6
2025-03-28 06:32:34 [main] DEBUG org.hibernate.type.BasicTypeRegistry - Adding type registration java.lang.Short -> org.hibernate.type.BasicTypeReference@664254b6
2025-03-28 06:32:34 [main] DEBUG org.hibernate.type.BasicTypeRegistry - Adding type registration integer -> org.hibernate.type.BasicTypeReference@714b6999
2025-03-28 06:32:34 [main] DEBUG org.hibernate.type.BasicTypeRegistry - Adding type registration int -> org.hibernate.type.BasicTypeReference@714b6999
2025-03-28 06:32:34 [main] DEBUG org.hibernate.type.BasicTypeRegistry - Adding type registration java.lang.Integer -> org.hibernate.type.BasicTypeReference@714b6999
2025-03-28 06:32:34 [main] DEBUG org.hibernate.type.BasicTypeRegistry - Adding type registration long -> org.hibernate.type.BasicTypeReference@24f5e9e8
2025-03-28 06:32:34 [main] DEBUG org.hibernate.type.BasicTypeRegistry - Adding type registration long -> org.hibernate.type.BasicTypeReference@24f5e9e8
2025-03-28 06:32:34 [main] DEBUG org.hibernate.type.BasicTypeRegistry - Adding type registration java.lang.Long -> org.hibernate.type.BasicTypeReference@24f5e9e8
2025-03-28 06:32:34 [main] DEBUG org.hibernate.type.BasicTypeRegistry - Adding type registration float -> org.hibernate.type.BasicTypeReference@50e6ee24
2025-03-28 06:32:34 [main] DEBUG org.hibernate.type.BasicTypeRegistry - Adding type registration float -> org.hibernate.type.BasicTypeReference@50e6ee24
2025-03-28 06:32:34 [main] DEBUG org.hibernate.type.BasicTypeRegistry - Adding type registration java.lang.Float -> org.hibernate.type.BasicTypeReference@50e6ee24
2025-03-28 06:32:34 [main] DEBUG org.hibernate.type.BasicTypeRegistry - Adding type registration double -> org.hibernate.type.BasicTypeReference@7acb5200
2025-03-28 06:32:34 [main] DEBUG org.hibernate.type.BasicTypeRegistry - Adding type registration double -> org.hibernate.type.BasicTypeReference@7acb5200
2025-03-28 06:32:34 [main] DEBUG org.hibernate.type.BasicTypeRegistry - Adding type registration java.lang.Double -> org.hibernate.type.BasicTypeReference@7acb5200
2025-03-28 06:32:34 [main] DEBUG org.hibernate.type.BasicTypeRegistry - Adding type registration big_integer -> org.hibernate.type.BasicTypeReference@3661b732
2025-03-28 06:32:34 [main] DEBUG org.hibernate.type.BasicTypeRegistry - Adding type registration java.math.BigInteger -> org.hibernate.type.BasicTypeReference@3661b732
2025-03-28 06:32:34 [main] DEBUG org.hibernate.type.BasicTypeRegistry - Adding type registration big_decimal -> org.hibernate.type.BasicTypeReference@5111f814
2025-03-28 06:32:34 [main] DEBUG org.hibernate.type.BasicTypeRegistry - Adding type registration java.math.BigDecimal -> org.hibernate.type.BasicTypeReference@5111f814
2025-03-28 06:32:34 [main] DEBUG org.hibernate.type.BasicTypeRegistry - Adding type registration character -> org.hibernate.type.BasicTypeReference@71eafb64
2025-03-28 06:32:34 [main] DEBUG org.hibernate.type.BasicTypeRegistry - Adding type registration char -> org.hibernate.type.BasicTypeReference@71eafb64
2025-03-28 06:32:34 [main] DEBUG org.hibernate.type.BasicTypeRegistry - Adding type registration java.lang.Character -> org.hibernate.type.BasicTypeReference@71eafb64
2025-03-28 06:32:34 [main] DEBUG org.hibernate.type.BasicTypeRegistry - Adding type registration character_nchar -> org.hibernate.type.BasicTypeReference@491cc0eb
2025-03-28 06:32:34 [main] DEBUG org.hibernate.type.BasicTypeRegistry - Adding type registration string -> org.hibernate.type.BasicTypeReference@727f36dd
2025-03-28 06:32:34 [main] DEBUG org.hibernate.type.BasicTypeRegistry - Adding type registration java.lang.String -> org.hibernate.type.BasicTypeReference@727f36dd
2025-03-28 06:32:34 [main] DEBUG org.hibernate.type.BasicTypeRegistry - Adding type registration nstring -> org.hibernate.type.BasicTypeReference@ae74eef
2025-03-28 06:32:34 [main] DEBUG org.hibernate.type.BasicTypeRegistry - Adding type registration characters -> org.hibernate.type.BasicTypeReference@2553dcc0
2025-03-28 06:32:34 [main] DEBUG org.hibernate.type.BasicTypeRegistry - Adding type registration char[] -> org.hibernate.type.BasicTypeReference@2553dcc0
2025-03-28 06:32:34 [main] DEBUG org.hibernate.type.BasicTypeRegistry - Adding type registration [C -> org.hibernate.type.BasicTypeReference@2553dcc0
2025-03-28 06:32:34 [main] DEBUG org.hibernate.type.BasicTypeRegistry - Adding type registration wrapper-characters -> org.hibernate.type.BasicTypeReference@2e91cf69
2025-03-28 06:32:34 [main] DEBUG org.hibernate.type.BasicTypeRegistry - Adding type registration text -> org.hibernate.type.BasicTypeReference@746e534
2025-03-28 06:32:34 [main] DEBUG org.hibernate.type.BasicTypeRegistry - Adding type registration ntext -> org.hibernate.type.BasicTypeReference@37665305
2025-03-28 06:32:34 [main] DEBUG org.hibernate.type.BasicTypeRegistry - Adding type registration clob -> org.hibernate.type.BasicTypeReference@c683cf5
2025-03-28 06:32:34 [main] DEBUG org.hibernate.type.BasicTypeRegistry - Adding type registration java.sql.Clob -> org.hibernate.type.BasicTypeReference@c683cf5
2025-03-28 06:32:34 [main] DEBUG org.hibernate.type.BasicTypeRegistry - Adding type registration nclob -> org.hibernate.type.BasicTypeReference@1cfd6f63
2025-03-28 06:32:34 [main] DEBUG org.hibernate.type.BasicTypeRegistry - Adding type registration java.sql.NClob -> org.hibernate.type.BasicTypeReference@1cfd6f63
2025-03-28 06:32:34 [main] DEBUG org.hibernate.type.BasicTypeRegistry - Adding type registration materialized_clob -> org.hibernate.type.BasicTypeReference@1906f982
2025-03-28 06:32:34 [main] DEBUG org.hibernate.type.BasicTypeRegistry - Adding type registration materialized_clob_char_array -> org.hibernate.type.BasicTypeReference@5444f1c3
2025-03-28 06:32:34 [main] DEBUG org.hibernate.type.BasicTypeRegistry - Adding type registration materialized_clob_character_array -> org.hibernate.type.BasicTypeReference@6a5c2d2d
2025-03-28 06:32:34 [main] DEBUG org.hibernate.type.BasicTypeRegistry - Adding type registration materialized_nclob -> org.hibernate.type.BasicTypeReference@1dadd172
2025-03-28 06:32:34 [main] DEBUG org.hibernate.type.BasicTypeRegistry - Adding type registration materialized_nclob_character_array -> org.hibernate.type.BasicTypeReference@33c9f1ac
2025-03-28 06:32:34 [main] DEBUG org.hibernate.type.BasicTypeRegistry - Adding type registration materialized_nclob_char_array -> org.hibernate.type.BasicTypeReference@4070c4ff
2025-03-28 06:32:34 [main] DEBUG org.hibernate.type.BasicTypeRegistry - Adding type registration Duration -> org.hibernate.type.BasicTypeReference@4bceac99
2025-03-28 06:32:34 [main] DEBUG org.hibernate.type.BasicTypeRegistry - Adding type registration java.time.Duration -> org.hibernate.type.BasicTypeReference@4bceac99
2025-03-28 06:32:34 [main] DEBUG org.hibernate.type.BasicTypeRegistry - Adding type registration LocalDateTime -> org.hibernate.type.BasicTypeReference@442310fd
2025-03-28 06:32:34 [main] DEBUG org.hibernate.type.BasicTypeRegistry - Adding type registration java.time.LocalDateTime -> org.hibernate.type.BasicTypeReference@442310fd
2025-03-28 06:32:34 [main] DEBUG org.hibernate.type.BasicTypeRegistry - Adding type registration LocalDate -> org.hibernate.type.BasicTypeReference@23263ba
2025-03-28 06:32:34 [main] DEBUG org.hibernate.type.BasicTypeRegistry - Adding type registration java.time.LocalDate -> org.hibernate.type.BasicTypeReference@23263ba
2025-03-28 06:32:34 [main] DEBUG org.hibernate.type.BasicTypeRegistry - Adding type registration LocalTime -> org.hibernate.type.BasicTypeReference@3ca6bd01
2025-03-28 06:32:34 [main] DEBUG org.hibernate.type.BasicTypeRegistry - Adding type registration java.time.LocalTime -> org.hibernate.type.BasicTypeReference@3ca6bd01
2025-03-28 06:32:34 [main] DEBUG org.hibernate.type.BasicTypeRegistry - Adding type registration OffsetDateTime -> org.hibernate.type.BasicTypeReference@5acd7d1c
2025-03-28 06:32:34 [main] DEBUG org.hibernate.type.BasicTypeRegistry - Adding type registration java.time.OffsetDateTime -> org.hibernate.type.BasicTypeReference@5acd7d1c
2025-03-28 06:32:34 [main] DEBUG org.hibernate.type.BasicTypeRegistry - Adding type registration OffsetDateTimeWithTimezone -> org.hibernate.type.BasicTypeReference@6b52a40
2025-03-28 06:32:34 [main] DEBUG org.hibernate.type.BasicTypeRegistry - Adding type registration OffsetDateTimeWithoutTimezone -> org.hibernate.type.BasicTypeReference@178ba69f
2025-03-28 06:32:34 [main] DEBUG org.hibernate.type.BasicTypeRegistry - Adding type registration OffsetTime -> org.hibernate.type.BasicTypeReference@2f58f492
2025-03-28 06:32:34 [main] DEBUG org.hibernate.type.BasicTypeRegistry - Adding type registration java.time.OffsetTime -> org.hibernate.type.BasicTypeReference@2f58f492
2025-03-28 06:32:34 [main] DEBUG org.hibernate.type.BasicTypeRegistry - Adding type registration OffsetTimeUtc -> org.hibernate.type.BasicTypeReference@903c13
2025-03-28 06:32:34 [main] DEBUG org.hibernate.type.BasicTypeRegistry - Adding type registration OffsetTimeWithTimezone -> org.hibernate.type.BasicTypeReference@4ae5ddc0
2025-03-28 06:32:34 [main] DEBUG org.hibernate.type.BasicTypeRegistry - Adding type registration OffsetTimeWithoutTimezone -> org.hibernate.type.BasicTypeReference@36ab69d9
2025-03-28 06:32:34 [main] DEBUG org.hibernate.type.BasicTypeRegistry - Adding type registration ZonedDateTime -> org.hibernate.type.BasicTypeReference@5ebfe7fa
2025-03-28 06:32:34 [main] DEBUG org.hibernate.type.BasicTypeRegistry - Adding type registration java.time.ZonedDateTime -> org.hibernate.type.BasicTypeReference@5ebfe7fa
2025-03-28 06:32:34 [main] DEBUG org.hibernate.type.BasicTypeRegistry - Adding type registration ZonedDateTimeWithTimezone -> org.hibernate.type.BasicTypeReference@5f4e389a
2025-03-28 06:32:34 [main] DEBUG org.hibernate.type.BasicTypeRegistry - Adding type registration ZonedDateTimeWithoutTimezone -> org.hibernate.type.BasicTypeReference@3ba1f56e
2025-03-28 06:32:34 [main] DEBUG org.hibernate.type.BasicTypeRegistry - Adding type registration date -> org.hibernate.type.BasicTypeReference@56a9b662
2025-03-28 06:32:34 [main] DEBUG org.hibernate.type.BasicTypeRegistry - Adding type registration java.sql.Date -> org.hibernate.type.BasicTypeReference@56a9b662
2025-03-28 06:32:34 [main] DEBUG org.hibernate.type.BasicTypeRegistry - Adding type registration time -> org.hibernate.type.BasicTypeReference@59ac77f9
2025-03-28 06:32:34 [main] DEBUG org.hibernate.type.BasicTypeRegistry - Adding type registration java.sql.Time -> org.hibernate.type.BasicTypeReference@59ac77f9
2025-03-28 06:32:34 [main] DEBUG org.hibernate.type.BasicTypeRegistry - Adding type registration timestamp -> org.hibernate.type.BasicTypeReference@6d92e327
2025-03-28 06:32:34 [main] DEBUG org.hibernate.type.BasicTypeRegistry - Adding type registration java.sql.Timestamp -> org.hibernate.type.BasicTypeReference@6d92e327
2025-03-28 06:32:34 [main] DEBUG org.hibernate.type.BasicTypeRegistry - Adding type registration java.util.Date -> org.hibernate.type.BasicTypeReference@6d92e327
2025-03-28 06:32:34 [main] DEBUG org.hibernate.type.BasicTypeRegistry - Adding type registration calendar -> org.hibernate.type.BasicTypeReference@76134251
2025-03-28 06:32:34 [main] DEBUG org.hibernate.type.BasicTypeRegistry - Adding type registration java.util.Calendar -> org.hibernate.type.BasicTypeReference@76134251
2025-03-28 06:32:34 [main] DEBUG org.hibernate.type.BasicTypeRegistry - Adding type registration java.util.GregorianCalendar -> org.hibernate.type.BasicTypeReference@76134251
2025-03-28 06:32:34 [main] DEBUG org.hibernate.type.BasicTypeRegistry - Adding type registration calendar_date -> org.hibernate.type.BasicTypeReference@4177d422
2025-03-28 06:32:34 [main] DEBUG org.hibernate.type.BasicTypeRegistry - Adding type registration calendar_time -> org.hibernate.type.BasicTypeReference@12f3fcd
2025-03-28 06:32:34 [main] DEBUG org.hibernate.type.BasicTypeRegistry - Adding type registration instant -> org.hibernate.type.BasicTypeReference@6dc2e473
2025-03-28 06:32:34 [main] DEBUG org.hibernate.type.BasicTypeRegistry - Adding type registration java.time.Instant -> org.hibernate.type.BasicTypeReference@6dc2e473
2025-03-28 06:32:34 [main] DEBUG org.hibernate.type.BasicTypeRegistry - Adding type registration uuid -> org.hibernate.type.BasicTypeReference@12ebfb2d
2025-03-28 06:32:34 [main] DEBUG org.hibernate.type.BasicTypeRegistry - Adding type registration java.util.UUID -> org.hibernate.type.BasicTypeReference@12ebfb2d
2025-03-28 06:32:34 [main] DEBUG org.hibernate.type.BasicTypeRegistry - Adding type registration pg-uuid -> org.hibernate.type.BasicTypeReference@12ebfb2d
2025-03-28 06:32:34 [main] DEBUG org.hibernate.type.BasicTypeRegistry - Adding type registration uuid-binary -> org.hibernate.type.BasicTypeReference@1abf951a
2025-03-28 06:32:34 [main] DEBUG org.hibernate.type.BasicTypeRegistry - Adding type registration uuid-char -> org.hibernate.type.BasicTypeReference@629600d7
2025-03-28 06:32:34 [main] DEBUG org.hibernate.type.BasicTypeRegistry - Adding type registration class -> org.hibernate.type.BasicTypeReference@180d918a
2025-03-28 06:32:34 [main] DEBUG org.hibernate.type.BasicTypeRegistry - Adding type registration java.lang.Class -> org.hibernate.type.BasicTypeReference@180d918a
2025-03-28 06:32:34 [main] DEBUG org.hibernate.type.BasicTypeRegistry - Adding type registration currency -> org.hibernate.type.BasicTypeReference@33837bd4
2025-03-28 06:32:34 [main] DEBUG org.hibernate.type.BasicTypeRegistry - Adding type registration Currency -> org.hibernate.type.BasicTypeReference@33837bd4
2025-03-28 06:32:34 [main] DEBUG org.hibernate.type.BasicTypeRegistry - Adding type registration java.util.Currency -> org.hibernate.type.BasicTypeReference@33837bd4
2025-03-28 06:32:34 [main] DEBUG org.hibernate.type.BasicTypeRegistry - Adding type registration locale -> org.hibernate.type.BasicTypeReference@61c145cb
2025-03-28 06:32:34 [main] DEBUG org.hibernate.type.BasicTypeRegistry - Adding type registration java.util.Locale -> org.hibernate.type.BasicTypeReference@61c145cb
2025-03-28 06:32:34 [main] DEBUG org.hibernate.type.BasicTypeRegistry - Adding type registration serializable -> org.hibernate.type.BasicTypeReference@153409b8
2025-03-28 06:32:34 [main] DEBUG org.hibernate.type.BasicTypeRegistry - Adding type registration java.io.Serializable -> org.hibernate.type.BasicTypeReference@153409b8
2025-03-28 06:32:34 [main] DEBUG org.hibernate.type.BasicTypeRegistry - Adding type registration timezone -> org.hibernate.type.BasicTypeReference@511bfbb0
2025-03-28 06:32:34 [main] DEBUG org.hibernate.type.BasicTypeRegistry - Adding type registration java.util.TimeZone -> org.hibernate.type.BasicTypeReference@511bfbb0
2025-03-28 06:32:34 [main] DEBUG org.hibernate.type.BasicTypeRegistry - Adding type registration ZoneOffset -> org.hibernate.type.BasicTypeReference@79ee779c
2025-03-28 06:32:34 [main] DEBUG org.hibernate.type.BasicTypeRegistry - Adding type registration java.time.ZoneOffset -> org.hibernate.type.BasicTypeReference@79ee779c
2025-03-28 06:32:34 [main] DEBUG org.hibernate.type.BasicTypeRegistry - Adding type registration url -> org.hibernate.type.BasicTypeReference@27a6384b
2025-03-28 06:32:34 [main] DEBUG org.hibernate.type.BasicTypeRegistry - Adding type registration java.net.URL -> org.hibernate.type.BasicTypeReference@27a6384b
2025-03-28 06:32:34 [main] DEBUG org.hibernate.type.BasicTypeRegistry - Adding type registration vector -> org.hibernate.type.BasicTypeReference@29ee8174
2025-03-28 06:32:34 [main] DEBUG org.hibernate.type.BasicTypeRegistry - Adding type registration float_vector -> org.hibernate.type.BasicTypeReference@23365142
2025-03-28 06:32:34 [main] DEBUG org.hibernate.type.BasicTypeRegistry - Adding type registration double_vector -> org.hibernate.type.BasicTypeReference@6549ce71
2025-03-28 06:32:34 [main] DEBUG org.hibernate.type.BasicTypeRegistry - Adding type registration byte_vector -> org.hibernate.type.BasicTypeReference@733bd6f3
2025-03-28 06:32:34 [main] DEBUG org.hibernate.type.BasicTypeRegistry - Adding type registration row_version -> org.hibernate.type.BasicTypeReference@2e030cc1
2025-03-28 06:32:34 [main] DEBUG org.hibernate.type.BasicTypeRegistry - Adding type registration object -> org.hibernate.type.JavaObjectType@6b630d4b
2025-03-28 06:32:34 [main] DEBUG org.hibernate.type.BasicTypeRegistry - Adding type registration java.lang.Object -> org.hibernate.type.JavaObjectType@6b630d4b
2025-03-28 06:32:34 [main] DEBUG org.hibernate.type.BasicTypeRegistry - Adding type registration null -> org.hibernate.type.NullType@2e057637
2025-03-28 06:32:34 [main] DEBUG org.hibernate.type.BasicTypeRegistry - Adding type registration imm_date -> org.hibernate.type.BasicTypeReference@762f8ff6
2025-03-28 06:32:34 [main] DEBUG org.hibernate.type.BasicTypeRegistry - Adding type registration imm_time -> org.hibernate.type.BasicTypeReference@30ed2a26
2025-03-28 06:32:34 [main] DEBUG org.hibernate.type.BasicTypeRegistry - Adding type registration imm_timestamp -> org.hibernate.type.BasicTypeReference@1bf10539
2025-03-28 06:32:34 [main] DEBUG org.hibernate.type.BasicTypeRegistry - Adding type registration imm_calendar -> org.hibernate.type.BasicTypeReference@1e406cbe
2025-03-28 06:32:34 [main] DEBUG org.hibernate.type.BasicTypeRegistry - Adding type registration imm_calendar_date -> org.hibernate.type.BasicTypeReference@141a10bf
2025-03-28 06:32:34 [main] DEBUG org.hibernate.type.BasicTypeRegistry - Adding type registration imm_calendar_time -> org.hibernate.type.BasicTypeReference@4dffa400
2025-03-28 06:32:34 [main] DEBUG org.hibernate.type.BasicTypeRegistry - Adding type registration imm_binary -> org.hibernate.type.BasicTypeReference@5e34a84b
2025-03-28 06:32:34 [main] DEBUG org.hibernate.type.BasicTypeRegistry - Adding type registration imm_serializable -> org.hibernate.type.BasicTypeReference@438c0aaf
2025-03-28 06:32:34 [main] DEBUG org.hibernate.boot.internal.BootstrapContextImpl - Injecting JPA temp ClassLoader [org.springframework.instrument.classloading.SimpleThrowawayClassLoader@5b0835cb] into BootstrapContext; was [null]
2025-03-28 06:32:34 [main] DEBUG org.hibernate.boot.internal.ClassLoaderAccessImpl - ClassLoaderAccessImpl#injectTempClassLoader(org.springframework.instrument.classloading.SimpleThrowawayClassLoader@5b0835cb) [was null]
2025-03-28 06:32:34 [main] DEBUG org.hibernate.boot.internal.BootstrapContextImpl - Injecting ScanEnvironment [org.hibernate.jpa.boot.internal.StandardJpaScanEnvironmentImpl@7ca29311] into BootstrapContext; was [null]
2025-03-28 06:32:34 [main] DEBUG org.hibernate.boot.internal.BootstrapContextImpl - Injecting ScanOptions [org.hibernate.boot.archive.scan.internal.StandardScanOptions@6493f780] into BootstrapContext; was [org.hibernate.boot.archive.scan.internal.StandardScanOptions@782dc5]
2025-03-28 06:32:34 [main] DEBUG org.hibernate.jpa.boot.internal.PersistenceUnitInfoDescriptor - Pushing class transformers for PU named 'default' on loading classloader jdk.internal.loader.ClassLoaders$AppClassLoader@c387f44
2025-03-28 06:32:34 [main] INFO  org.springframework.orm.jpa.persistenceunit.SpringPersistenceUnitInfo - No LoadTimeWeaver setup: ignoring JPA class transformer
2025-03-28 06:32:34 [main] DEBUG org.hibernate.boot.internal.BootstrapContextImpl - Injecting JPA temp ClassLoader [null] into BootstrapContext; was [org.springframework.instrument.classloading.SimpleThrowawayClassLoader@5b0835cb]
2025-03-28 06:32:34 [main] DEBUG org.hibernate.boot.internal.ClassLoaderAccessImpl - ClassLoaderAccessImpl#injectTempClassLoader(null) [was org.springframework.instrument.classloading.SimpleThrowawayClassLoader@5b0835cb]
2025-03-28 06:32:34 [main] DEBUG org.hibernate.engine.jdbc.env.internal.JdbcEnvironmentInitiator - Database ->
	   name : H2
	version : 2.3.232 (2024-08-11)
	  major : 2
	  minor : 3
2025-03-28 06:32:34 [main] DEBUG org.hibernate.engine.jdbc.env.internal.JdbcEnvironmentInitiator - Driver ->
	   name : H2 JDBC Driver
	version : 2.3.232 (2024-08-11)
	  major : 2
	  minor : 3
2025-03-28 06:32:34 [main] DEBUG org.hibernate.engine.jdbc.env.internal.JdbcEnvironmentInitiator - JDBC version : 4.3
2025-03-28 06:32:34 [main] DEBUG org.hibernate.orm.dialect - HHH035001: Using dialect: org.hibernate.dialect.H2Dialect, version: 2.3.232
2025-03-28 06:32:34 [main] DEBUG org.hibernate.engine.jdbc.env.spi.IdentifierHelperBuilder - JDBC driver metadata reported database stores quoted identifiers in neither upper, lower nor mixed case
2025-03-28 06:32:35 [main] INFO  org.hibernate.orm.connections.pooling - HHH10001005: Database info:
	Database JDBC URL [Connecting through datasource 'HikariDataSource (HikariPool-1)']
	Database driver: undefined/unknown
	Database version: 2.3.232
	Autocommit mode: undefined/unknown
	Isolation level: undefined/unknown
	Minimum pool size: undefined/unknown
	Maximum pool size: undefined/unknown
2025-03-28 06:32:35 [main] DEBUG org.hibernate.type.descriptor.jdbc.spi.JdbcTypeRegistry - addDescriptor(NCharTypeDescriptor) replaced previous registration(CharTypeDescriptor)
2025-03-28 06:32:35 [main] DEBUG org.hibernate.type.descriptor.jdbc.spi.JdbcTypeRegistry - addDescriptor(NVarcharTypeDescriptor) replaced previous registration(VarcharTypeDescriptor)
2025-03-28 06:32:35 [main] DEBUG org.hibernate.type.descriptor.jdbc.spi.JdbcTypeRegistry - addDescriptor(LongNVarcharTypeDescriptor) replaced previous registration(LongVarcharTypeDescriptor)
2025-03-28 06:32:35 [main] DEBUG org.hibernate.type.descriptor.jdbc.spi.JdbcTypeRegistry - addDescriptor(NClobTypeDescriptor(DEFAULT)) replaced previous registration(ClobTypeDescriptor(DEFAULT))
2025-03-28 06:32:35 [main] DEBUG org.hibernate.type.descriptor.jdbc.spi.JdbcTypeRegistry - addDescriptor(TimestampUtcDescriptor) replaced previous registration(TimestampUtcDescriptor)
2025-03-28 06:32:35 [main] DEBUG org.hibernate.type.BasicTypeRegistry - Adding type registration org.hibernate.type.DurationType -> basicType@1(java.time.Duration,3015)
2025-03-28 06:32:35 [main] DEBUG org.hibernate.type.BasicTypeRegistry - Adding type registration Duration -> basicType@1(java.time.Duration,3015)
2025-03-28 06:32:35 [main] DEBUG org.hibernate.type.BasicTypeRegistry - Adding type registration java.time.Duration -> basicType@1(java.time.Duration,3015)
2025-03-28 06:32:35 [main] DEBUG org.hibernate.type.spi.TypeConfiguration$Scope - Scoping TypeConfiguration [org.hibernate.type.spi.TypeConfiguration@52d434c1] to MetadataBuildingContext [org.hibernate.boot.internal.MetadataBuildingContextRootImpl@5d035ab6]
2025-03-28 06:32:35 [main] DEBUG org.hibernate.boot.model.relational.Namespace - Created database namespace [logicalName=Name{catalog=null, schema=null}, physicalName=Name{catalog=null, schema=null}]
2025-03-28 06:32:35 [main] DEBUG org.hibernate.internal.SessionFactoryImpl - Building session factory
2025-03-28 06:32:35 [main] DEBUG org.hibernate.service.internal.SessionFactoryServiceRegistryImpl - EventListenerRegistry access via ServiceRegistry is deprecated.  Use `sessionFactory.getEventEngine().getListenerRegistry()` instead
2025-03-28 06:32:35 [main] DEBUG org.hibernate.internal.SessionFactoryImpl - Instantiating SessionFactory with settings: {java.specification.version=17, sun.cpu.isalist=amd64, hibernate.resource.beans.container=org.springframework.orm.hibernate5.SpringBeanContainer@10bcbbed, hibernate.connection.handling_mode=DELAYED_ACQUISITION_AND_HOLD, sun.jnu.encoding=Cp1252, hibernate.implicit_naming_strategy=org.springframework.boot.orm.jpa.hibernate.SpringImplicitNamingStrategy, java.class.path=D:\Niraj\Work\Spring Boot UI API Automation\SpringBootUIApiAutomation\target\test-classes;D:\Niraj\Work\Spring Boot UI API Automation\SpringBootUIApiAutomation\target\classes;C:\Users\niraj\.m2\repository\org\springframework\boot\spring-boot-starter\3.4.3\spring-boot-starter-3.4.3.jar;C:\Users\niraj\.m2\repository\org\springframework\boot\spring-boot\3.4.3\spring-boot-3.4.3.jar;C:\Users\niraj\.m2\repository\org\springframework\spring-context\6.2.3\spring-context-6.2.3.jar;C:\Users\niraj\.m2\repository\org\springframework\boot\spring-boot-autoconfigure\3.4.3\spring-boot-autoconfigure-3.4.3.jar;C:\Users\niraj\.m2\repository\jakarta\annotation\jakarta.annotation-api\2.1.1\jakarta.annotation-api-2.1.1.jar;C:\Users\niraj\.m2\repository\org\springframework\spring-core\6.2.3\spring-core-6.2.3.jar;C:\Users\niraj\.m2\repository\org\springframework\spring-jcl\6.2.3\spring-jcl-6.2.3.jar;C:\Users\niraj\.m2\repository\org\yaml\snakeyaml\2.3\snakeyaml-2.3.jar;C:\Users\niraj\.m2\repository\org\springframework\boot\spring-boot-starter-test\3.4.3\spring-boot-starter-test-3.4.3.jar;C:\Users\niraj\.m2\repository\org\springframework\boot\spring-boot-test\3.4.3\spring-boot-test-3.4.3.jar;C:\Users\niraj\.m2\repository\org\springframework\boot\spring-boot-test-autoconfigure\3.4.3\spring-boot-test-autoconfigure-3.4.3.jar;C:\Users\niraj\.m2\repository\com\jayway\jsonpath\json-path\2.9.0\json-path-2.9.0.jar;C:\Users\niraj\.m2\repository\jakarta\xml\bind\jakarta.xml.bind-api\4.0.2\jakarta.xml.bind-api-4.0.2.jar;C:\Users\niraj\.m2\repository\jakarta\activation\jakarta.activation-api\2.1.3\jakarta.activation-api-2.1.3.jar;C:\Users\niraj\.m2\repository\net\minidev\json-smart\2.5.2\json-smart-2.5.2.jar;C:\Users\niraj\.m2\repository\net\minidev\accessors-smart\2.5.2\accessors-smart-2.5.2.jar;C:\Users\niraj\.m2\repository\org\ow2\asm\asm\9.7.1\asm-9.7.1.jar;C:\Users\niraj\.m2\repository\org\assertj\assertj-core\3.26.3\assertj-core-3.26.3.jar;C:\Users\niraj\.m2\repository\net\bytebuddy\byte-buddy\1.15.11\byte-buddy-1.15.11.jar;C:\Users\niraj\.m2\repository\org\awaitility\awaitility\4.2.2\awaitility-4.2.2.jar;C:\Users\niraj\.m2\repository\org\hamcrest\hamcrest\2.2\hamcrest-2.2.jar;C:\Users\niraj\.m2\repository\org\mockito\mockito-core\5.14.2\mockito-core-5.14.2.jar;C:\Users\niraj\.m2\repository\net\bytebuddy\byte-buddy-agent\1.15.11\byte-buddy-agent-1.15.11.jar;C:\Users\niraj\.m2\repository\org\objenesis\objenesis\3.3\objenesis-3.3.jar;C:\Users\niraj\.m2\repository\org\skyscreamer\jsonassert\1.5.3\jsonassert-1.5.3.jar;C:\Users\niraj\.m2\repository\com\vaadin\external\google\android-json\0.0.20131108.vaadin1\android-json-0.0.20131108.vaadin1.jar;C:\Users\niraj\.m2\repository\org\springframework\spring-test\6.2.3\spring-test-6.2.3.jar;C:\Users\niraj\.m2\repository\org\xmlunit\xmlunit-core\2.10.0\xmlunit-core-2.10.0.jar;C:\Users\niraj\.m2\repository\org\mockito\mockito-junit-jupiter\5.14.2\mockito-junit-jupiter-5.14.2.jar;C:\Users\niraj\.m2\repository\org\springframework\boot\spring-boot-starter-aop\3.4.3\spring-boot-starter-aop-3.4.3.jar;C:\Users\niraj\.m2\repository\org\springframework\spring-aop\6.2.3\spring-aop-6.2.3.jar;C:\Users\niraj\.m2\repository\org\springframework\spring-beans\6.2.3\spring-beans-6.2.3.jar;C:\Users\niraj\.m2\repository\org\aspectj\aspectjweaver\1.9.20.1\aspectjweaver-1.9.20.1.jar;C:\Users\niraj\.m2\repository\org\springframework\boot\spring-boot-starter-data-jpa\3.4.3\spring-boot-starter-data-jpa-3.4.3.jar;C:\Users\niraj\.m2\repository\org\springframework\boot\spring-boot-starter-jdbc\3.4.3\spring-boot-starter-jdbc-3.4.3.jar;C:\Users\niraj\.m2\repository\com\zaxxer\HikariCP\5.1.0\HikariCP-5.1.0.jar;C:\Users\niraj\.m2\repository\org\springframework\spring-jdbc\6.2.3\spring-jdbc-6.2.3.jar;C:\Users\niraj\.m2\repository\org\hibernate\orm\hibernate-core\6.6.8.Final\hibernate-core-6.6.8.Final.jar;C:\Users\niraj\.m2\repository\jakarta\persistence\jakarta.persistence-api\3.1.0\jakarta.persistence-api-3.1.0.jar;C:\Users\niraj\.m2\repository\jakarta\transaction\jakarta.transaction-api\2.0.1\jakarta.transaction-api-2.0.1.jar;C:\Users\niraj\.m2\repository\org\jboss\logging\jboss-logging\3.6.1.Final\jboss-logging-3.6.1.Final.jar;C:\Users\niraj\.m2\repository\org\hibernate\common\hibernate-commons-annotations\7.0.3.Final\hibernate-commons-annotations-7.0.3.Final.jar;C:\Users\niraj\.m2\repository\io\smallrye\jandex\3.2.0\jandex-3.2.0.jar;C:\Users\niraj\.m2\repository\com\fasterxml\classmate\1.7.0\classmate-1.7.0.jar;C:\Users\niraj\.m2\repository\org\glassfish\jaxb\jaxb-runtime\4.0.5\jaxb-runtime-4.0.5.jar;C:\Users\niraj\.m2\repository\org\glassfish\jaxb\jaxb-core\4.0.5\jaxb-core-4.0.5.jar;C:\Users\niraj\.m2\repository\org\eclipse\angus\angus-activation\2.0.2\angus-activation-2.0.2.jar;C:\Users\niraj\.m2\repository\org\glassfish\jaxb\txw2\4.0.5\txw2-4.0.5.jar;C:\Users\niraj\.m2\repository\com\sun\istack\istack-commons-runtime\4.1.2\istack-commons-runtime-4.1.2.jar;C:\Users\niraj\.m2\repository\org\antlr\antlr4-runtime\4.13.0\antlr4-runtime-4.13.0.jar;C:\Users\niraj\.m2\repository\org\springframework\data\spring-data-jpa\3.4.3\spring-data-jpa-3.4.3.jar;C:\Users\niraj\.m2\repository\org\springframework\data\spring-data-commons\3.4.3\spring-data-commons-3.4.3.jar;C:\Users\niraj\.m2\repository\org\springframework\spring-orm\6.2.3\spring-orm-6.2.3.jar;C:\Users\niraj\.m2\repository\org\springframework\spring-tx\6.2.3\spring-tx-6.2.3.jar;C:\Users\niraj\.m2\repository\org\springframework\spring-aspects\6.2.3\spring-aspects-6.2.3.jar;C:\Users\niraj\.m2\repository\com\h2database\h2\2.3.232\h2-2.3.232.jar;C:\Users\niraj\.m2\repository\org\seleniumhq\selenium\selenium-java\4.28.0\selenium-java-4.28.0.jar;C:\Users\niraj\.m2\repository\org\seleniumhq\selenium\selenium-api\4.28.0\selenium-api-4.28.0.jar;C:\Users\niraj\.m2\repository\org\jspecify\jspecify\1.0.0\jspecify-1.0.0.jar;C:\Users\niraj\.m2\repository\org\seleniumhq\selenium\selenium-chrome-driver\4.28.0\selenium-chrome-driver-4.28.0.jar;C:\Users\niraj\.m2\repository\com\google\auto\service\auto-service-annotations\1.1.1\auto-service-annotations-1.1.1.jar;C:\Users\niraj\.m2\repository\org\seleniumhq\selenium\selenium-chromium-driver\4.28.0\selenium-chromium-driver-4.28.0.jar;C:\Users\niraj\.m2\repository\org\seleniumhq\selenium\selenium-json\4.28.0\selenium-json-4.28.0.jar;C:\Users\niraj\.m2\repository\org\seleniumhq\selenium\selenium-manager\4.28.0\selenium-manager-4.28.0.jar;C:\Users\niraj\.m2\repository\org\seleniumhq\selenium\selenium-devtools-v130\4.28.0\selenium-devtools-v130-4.28.0.jar;C:\Users\niraj\.m2\repository\org\seleniumhq\selenium\selenium-devtools-v131\4.28.0\selenium-devtools-v131-4.28.0.jar;C:\Users\niraj\.m2\repository\org\seleniumhq\selenium\selenium-devtools-v132\4.28.0\selenium-devtools-v132-4.28.0.jar;C:\Users\niraj\.m2\repository\org\seleniumhq\selenium\selenium-devtools-v85\4.28.0\selenium-devtools-v85-4.28.0.jar;C:\Users\niraj\.m2\repository\org\seleniumhq\selenium\selenium-edge-driver\4.28.0\selenium-edge-driver-4.28.0.jar;C:\Users\niraj\.m2\repository\org\seleniumhq\selenium\selenium-firefox-driver\4.28.0\selenium-firefox-driver-4.28.0.jar;C:\Users\niraj\.m2\repository\org\seleniumhq\selenium\selenium-http\4.28.0\selenium-http-4.28.0.jar;C:\Users\niraj\.m2\repository\org\seleniumhq\selenium\selenium-ie-driver\4.28.0\selenium-ie-driver-4.28.0.jar;C:\Users\niraj\.m2\repository\org\seleniumhq\selenium\selenium-remote-driver\4.28.0\selenium-remote-driver-4.28.0.jar;C:\Users\niraj\.m2\repository\io\opentelemetry\semconv\opentelemetry-semconv\1.28.0-alpha\opentelemetry-semconv-1.28.0-alpha.jar;C:\Users\niraj\.m2\repository\io\opentelemetry\opentelemetry-api\1.43.0\opentelemetry-api-1.43.0.jar;C:\Users\niraj\.m2\repository\io\opentelemetry\opentelemetry-context\1.43.0\opentelemetry-context-1.43.0.jar;C:\Users\niraj\.m2\repository\io\opentelemetry\opentelemetry-exporter-logging\1.43.0\opentelemetry-exporter-logging-1.43.0.jar;C:\Users\niraj\.m2\repository\io\opentelemetry\opentelemetry-sdk-common\1.43.0\opentelemetry-sdk-common-1.43.0.jar;C:\Users\niraj\.m2\repository\io\opentelemetry\opentelemetry-sdk-extension-autoconfigure-spi\1.43.0\opentelemetry-sdk-extension-autoconfigure-spi-1.43.0.jar;C:\Users\niraj\.m2\repository\io\opentelemetry\opentelemetry-sdk-extension-autoconfigure\1.43.0\opentelemetry-sdk-extension-autoconfigure-1.43.0.jar;C:\Users\niraj\.m2\repository\io\opentelemetry\opentelemetry-api-incubator\1.43.0-alpha\opentelemetry-api-incubator-1.43.0-alpha.jar;C:\Users\niraj\.m2\repository\io\opentelemetry\opentelemetry-sdk-trace\1.43.0\opentelemetry-sdk-trace-1.43.0.jar;C:\Users\niraj\.m2\repository\io\opentelemetry\opentelemetry-sdk\1.43.0\opentelemetry-sdk-1.43.0.jar;C:\Users\niraj\.m2\repository\io\opentelemetry\opentelemetry-sdk-metrics\1.43.0\opentelemetry-sdk-metrics-1.43.0.jar;C:\Users\niraj\.m2\repository\io\opentelemetry\opentelemetry-sdk-logs\1.43.0\opentelemetry-sdk-logs-1.43.0.jar;C:\Users\niraj\.m2\repository\org\seleniumhq\selenium\selenium-os\4.28.0\selenium-os-4.28.0.jar;C:\Users\niraj\.m2\repository\org\apache\commons\commons-exec\1.4.0\commons-exec-1.4.0.jar;C:\Users\niraj\.m2\repository\org\seleniumhq\selenium\selenium-safari-driver\4.28.0\selenium-safari-driver-4.28.0.jar;C:\Users\niraj\.m2\repository\org\seleniumhq\selenium\selenium-support\4.28.0\selenium-support-4.28.0.jar;C:\Users\niraj\.m2\repository\org\testng\testng\7.11.0\testng-7.11.0.jar;C:\Users\niraj\.m2\repository\org\slf4j\slf4j-api\2.0.16\slf4j-api-2.0.16.jar;C:\Users\niraj\.m2\repository\org\jcommander\jcommander\1.83\jcommander-1.83.jar;C:\Users\niraj\.m2\repository\org\webjars\jquery\3.7.1\jquery-3.7.1.jar;C:\Users\niraj\.m2\repository\io\github\bonigarcia\webdrivermanager\5.9.2\webdrivermanager-5.9.2.jar;C:\Users\niraj\.m2\repository\com\google\code\gson\gson\2.11.0\gson-2.11.0.jar;C:\Users\niraj\.m2\repository\com\google\errorprone\error_prone_annotations\2.27.0\error_prone_annotations-2.27.0.jar;C:\Users\niraj\.m2\repository\com\github\docker-java\docker-java\3.4.0\docker-java-3.4.0.jar;C:\Users\niraj\.m2\repository\com\github\docker-java\docker-java-core\3.4.0\docker-java-core-3.4.0.jar;C:\Users\niraj\.m2\repository\com\github\docker-java\docker-java-api\3.4.0\docker-java-api-3.4.0.jar;C:\Users\niraj\.m2\repository\org\slf4j\jcl-over-slf4j\2.0.16\jcl-over-slf4j-2.0.16.jar;C:\Users\niraj\.m2\repository\com\github\docker-java\docker-java-transport-httpclient5\3.4.0\docker-java-transport-httpclient5-3.4.0.jar;C:\Users\niraj\.m2\repository\com\github\docker-java\docker-java-transport\3.4.0\docker-java-transport-3.4.0.jar;C:\Users\niraj\.m2\repository\net\java\dev\jna\jna\5.13.0\jna-5.13.0.jar;C:\Users\niraj\.m2\repository\org\brotli\dec\0.1.2\dec-0.1.2.jar;C:\Users\niraj\.m2\repository\org\apache\commons\commons-compress\1.26.2\commons-compress-1.26.2.jar;C:\Users\niraj\.m2\repository\commons-codec\commons-codec\1.17.2\commons-codec-1.17.2.jar;C:\Users\niraj\.m2\repository\commons-io\commons-io\2.16.1\commons-io-2.16.1.jar;C:\Users\niraj\.m2\repository\org\apache\httpcomponents\client5\httpclient5\5.4.2\httpclient5-5.4.2.jar;C:\Users\niraj\.m2\repository\org\apache\httpcomponents\core5\httpcore5\5.3.3\httpcore5-5.3.3.jar;C:\Users\niraj\.m2\repository\org\apache\httpcomponents\core5\httpcore5-h2\5.3.3\httpcore5-h2-5.3.3.jar;C:\Users\niraj\.m2\repository\org\uncommons\reportng\1.1.4\reportng-1.1.4.jar;C:\Users\niraj\.m2\repository\velocity\velocity\1.4\velocity-1.4.jar;C:\Users\niraj\.m2\repository\velocity\velocity-dep\1.4\velocity-dep-1.4.jar;C:\Users\niraj\.m2\repository\org\apache\commons\commons-lang3\3.17.0\commons-lang3-3.17.0.jar;C:\Users\niraj\.m2\repository\com\google\inject\guice\7.0.0\guice-7.0.0.jar;C:\Users\niraj\.m2\repository\jakarta\inject\jakarta.inject-api\2.0.1\jakarta.inject-api-2.0.1.jar;C:\Users\niraj\.m2\repository\aopalliance\aopalliance\1.0\aopalliance-1.0.jar;C:\Users\niraj\.m2\repository\com\google\guava\guava\31.0.1-jre\guava-31.0.1-jre.jar;C:\Users\niraj\.m2\repository\com\google\guava\failureaccess\1.0.1\failureaccess-1.0.1.jar;C:\Users\niraj\.m2\repository\com\google\guava\listenablefuture\9999.0-empty-to-avoid-conflict-with-guava\listenablefuture-9999.0-empty-to-avoid-conflict-with-guava.jar;C:\Users\niraj\.m2\repository\org\checkerframework\checker-qual\3.12.0\checker-qual-3.12.0.jar;C:\Users\niraj\.m2\repository\com\google\j2objc\j2objc-annotations\1.3\j2objc-annotations-1.3.jar;C:\Users\niraj\.m2\repository\org\projectlombok\lombok\1.18.36\lombok-1.18.36.jar;C:\Users\niraj\.m2\repository\org\apache\logging\log4j\log4j-core\2.24.3\log4j-core-2.24.3.jar;C:\Users\niraj\.m2\repository\org\apache\logging\log4j\log4j-api\2.24.3\log4j-api-2.24.3.jar;C:\Users\niraj\.m2\repository\org\apache\logging\log4j\log4j-slf4j2-impl\2.24.3\log4j-slf4j2-impl-2.24.3.jar;C:\Users\niraj\.m2\repository\com\epam\reportportal\agent-java-testng\5.4.6\agent-java-testng-5.4.6.jar;C:\Users\niraj\.m2\repository\com\epam\reportportal\client-java\5.2.31\client-java-5.2.31.jar;C:\Users\niraj\.m2\repository\com\epam\reportportal\commons-model\5.3.3\commons-model-5.3.3.jar;C:\Users\niraj\.m2\repository\io\swagger\swagger-annotations\1.6.0\swagger-annotations-1.6.0.jar;C:\Users\niraj\.m2\repository\javax\validation\validation-api\2.0.1.Final\validation-api-2.0.1.Final.jar;C:\Users\niraj\.m2\repository\com\fasterxml\jackson\core\jackson-databind\2.18.2\jackson-databind-2.18.2.jar;C:\Users\niraj\.m2\repository\com\fasterxml\jackson\core\jackson-annotations\2.18.2\jackson-annotations-2.18.2.jar;C:\Users\niraj\.m2\repository\com\fasterxml\jackson\core\jackson-core\2.18.2\jackson-core-2.18.2.jar;C:\Users\niraj\.m2\repository\io\reactivex\rxjava2\rxjava\2.2.21\rxjava-2.2.21.jar;C:\Users\niraj\.m2\repository\org\reactivestreams\reactive-streams\1.0.4\reactive-streams-1.0.4.jar;C:\Users\niraj\.m2\repository\com\google\code\findbugs\jsr305\3.0.2\jsr305-3.0.2.jar;C:\Users\niraj\.m2\repository\com\squareup\retrofit2\retrofit\2.11.0\retrofit-2.11.0.jar;C:\Users\niraj\.m2\repository\com\squareup\okhttp3\okhttp\4.12.0\okhttp-4.12.0.jar;C:\Users\niraj\.m2\repository\com\squareup\okio\okio\3.6.0\okio-3.6.0.jar;C:\Users\niraj\.m2\repository\com\squareup\okio\okio-jvm\3.6.0\okio-jvm-3.6.0.jar;C:\Users\niraj\.m2\repository\org\jetbrains\kotlin\kotlin-stdlib-common\1.9.25\kotlin-stdlib-common-1.9.25.jar;C:\Users\niraj\.m2\repository\org\jetbrains\kotlin\kotlin-stdlib-jdk8\1.9.25\kotlin-stdlib-jdk8-1.9.25.jar;C:\Users\niraj\.m2\repository\org\jetbrains\kotlin\kotlin-stdlib\1.9.25\kotlin-stdlib-1.9.25.jar;C:\Users\niraj\.m2\repository\org\jetbrains\annotations\13.0\annotations-13.0.jar;C:\Users\niraj\.m2\repository\org\jetbrains\kotlin\kotlin-stdlib-jdk7\1.9.25\kotlin-stdlib-jdk7-1.9.25.jar;C:\Users\niraj\.m2\repository\com\squareup\retrofit2\converter-scalars\2.11.0\converter-scalars-2.11.0.jar;C:\Users\niraj\.m2\repository\com\squareup\retrofit2\converter-jackson\2.11.0\converter-jackson-2.11.0.jar;C:\Users\niraj\.m2\repository\com\squareup\retrofit2\adapter-rxjava2\2.11.0\adapter-rxjava2-2.11.0.jar;C:\Users\niraj\.m2\repository\com\squareup\okhttp3\logging-interceptor\4.12.0\logging-interceptor-4.12.0.jar;C:\Users\niraj\.m2\repository\org\aspectj\aspectjrt\1.9.20.1\aspectjrt-1.9.20.1.jar;C:\Users\niraj\.m2\repository\com\epam\reportportal\logger-java-log4j\5.2.3\logger-java-log4j-5.2.3.jar;C:\Users\niraj\.m2\repository\io\rest-assured\rest-assured\5.5.1\rest-assured-5.5.1.jar;C:\Users\niraj\.m2\repository\org\apache\groovy\groovy\4.0.25\groovy-4.0.25.jar;C:\Users\niraj\.m2\repository\org\apache\groovy\groovy-xml\4.0.25\groovy-xml-4.0.25.jar;C:\Users\niraj\.m2\repository\org\apache\httpcomponents\httpclient\4.5.13\httpclient-4.5.13.jar;C:\Users\niraj\.m2\repository\org\apache\httpcomponents\httpcore\4.4.16\httpcore-4.4.16.jar;C:\Users\niraj\.m2\repository\commons-logging\commons-logging\1.2\commons-logging-1.2.jar;C:\Users\niraj\.m2\repository\org\apache\httpcomponents\httpmime\4.5.13\httpmime-4.5.13.jar;C:\Users\niraj\.m2\repository\org\ccil\cowan\tagsoup\tagsoup\1.2.1\tagsoup-1.2.1.jar;C:\Users\niraj\.m2\repository\io\rest-assured\json-path\5.5.1\json-path-5.5.1.jar;C:\Users\niraj\.m2\repository\org\apache\groovy\groovy-json\4.0.25\groovy-json-4.0.25.jar;C:\Users\niraj\.m2\repository\io\rest-assured\rest-assured-common\5.5.1\rest-assured-common-5.5.1.jar;C:\Users\niraj\.m2\repository\io\rest-assured\xml-path\5.5.1\xml-path-5.5.1.jar;C:\Users\niraj\.m2\repository\org\springframework\boot\spring-boot-starter-web\3.4.3\spring-boot-starter-web-3.4.3.jar;C:\Users\niraj\.m2\repository\org\springframework\boot\spring-boot-starter-json\3.4.3\spring-boot-starter-json-3.4.3.jar;C:\Users\niraj\.m2\repository\com\fasterxml\jackson\datatype\jackson-datatype-jdk8\2.18.2\jackson-datatype-jdk8-2.18.2.jar;C:\Users\niraj\.m2\repository\com\fasterxml\jackson\datatype\jackson-datatype-jsr310\2.18.2\jackson-datatype-jsr310-2.18.2.jar;C:\Users\niraj\.m2\repository\com\fasterxml\jackson\module\jackson-module-parameter-names\2.18.2\jackson-module-parameter-names-2.18.2.jar;C:\Users\niraj\.m2\repository\org\springframework\boot\spring-boot-starter-tomcat\3.4.3\spring-boot-starter-tomcat-3.4.3.jar;C:\Users\niraj\.m2\repository\org\apache\tomcat\embed\tomcat-embed-core\10.1.36\tomcat-embed-core-10.1.36.jar;C:\Users\niraj\.m2\repository\org\apache\tomcat\embed\tomcat-embed-el\10.1.36\tomcat-embed-el-10.1.36.jar;C:\Users\niraj\.m2\repository\org\apache\tomcat\embed\tomcat-embed-websocket\10.1.36\tomcat-embed-websocket-10.1.36.jar;C:\Users\niraj\.m2\repository\org\springframework\spring-web\6.2.3\spring-web-6.2.3.jar;C:\Users\niraj\.m2\repository\io\micrometer\micrometer-observation\1.14.4\micrometer-observation-1.14.4.jar;C:\Users\niraj\.m2\repository\io\micrometer\micrometer-commons\1.14.4\micrometer-commons-1.14.4.jar;C:\Users\niraj\.m2\repository\org\springframework\spring-webmvc\6.2.3\spring-webmvc-6.2.3.jar;C:\Users\niraj\.m2\repository\org\springframework\spring-expression\6.2.3\spring-expression-6.2.3.jar;C:\Users\niraj\.m2\repository\org\json\json\20250107\json-20250107.jar;, java.vm.vendor=Azul Systems, Inc., sun.arch.data.model=64, user.variant=, java.vendor.url=http://www.azul.com/, user.timezone=America/Toronto, jakarta.persistence.sharedCache.mode=UNSPECIFIED, rp.launch.id=8ae7d89f-b727-432c-932a-26ae93dd5fe0, java.vm.specification.version=17, os.name=Windows 11, APPLICATION_NAME=OrangeHRMSpringBootAutomation, jakarta.persistence.nonJtaDataSource=HikariDataSource (HikariPool-1), sun.java.launcher=SUN_STANDARD, user.country=CA, sun.boot.library.path=C:\Program Files\Zulu\zulu-17\bin, sun.java.command=C:\Users\niraj\AppData\Local\Temp\surefire17538848392545770611\surefirebooter-20250328063220270_3.jar C:\Users\niraj\AppData\Local\Temp\surefire17538848392545770611 2025-03-28T06-32-19_901-jvmRun1 surefire-20250328063220270_1tmp surefire_0-20250328063220270_2tmp, javax.persistence.nonJtaDataSource=HikariDataSource (HikariPool-1), hibernate.transaction.jta.platform=org.hibernate.engine.transaction.jta.platform.internal.NoJtaPlatform@9a16af1, jdk.debug=release, surefire.test.class.path=D:\Niraj\Work\Spring Boot UI API Automation\SpringBootUIApiAutomation\target\test-classes;D:\Niraj\Work\Spring Boot UI API Automation\SpringBootUIApiAutomation\target\classes;C:\Users\niraj\.m2\repository\org\springframework\boot\spring-boot-starter\3.4.3\spring-boot-starter-3.4.3.jar;C:\Users\niraj\.m2\repository\org\springframework\boot\spring-boot\3.4.3\spring-boot-3.4.3.jar;C:\Users\niraj\.m2\repository\org\springframework\spring-context\6.2.3\spring-context-6.2.3.jar;C:\Users\niraj\.m2\repository\org\springframework\boot\spring-boot-autoconfigure\3.4.3\spring-boot-autoconfigure-3.4.3.jar;C:\Users\niraj\.m2\repository\jakarta\annotation\jakarta.annotation-api\2.1.1\jakarta.annotation-api-2.1.1.jar;C:\Users\niraj\.m2\repository\org\springframework\spring-core\6.2.3\spring-core-6.2.3.jar;C:\Users\niraj\.m2\repository\org\springframework\spring-jcl\6.2.3\spring-jcl-6.2.3.jar;C:\Users\niraj\.m2\repository\org\yaml\snakeyaml\2.3\snakeyaml-2.3.jar;C:\Users\niraj\.m2\repository\org\springframework\boot\spring-boot-starter-test\3.4.3\spring-boot-starter-test-3.4.3.jar;C:\Users\niraj\.m2\repository\org\springframework\boot\spring-boot-test\3.4.3\spring-boot-test-3.4.3.jar;C:\Users\niraj\.m2\repository\org\springframework\boot\spring-boot-test-autoconfigure\3.4.3\spring-boot-test-autoconfigure-3.4.3.jar;C:\Users\niraj\.m2\repository\com\jayway\jsonpath\json-path\2.9.0\json-path-2.9.0.jar;C:\Users\niraj\.m2\repository\jakarta\xml\bind\jakarta.xml.bind-api\4.0.2\jakarta.xml.bind-api-4.0.2.jar;C:\Users\niraj\.m2\repository\jakarta\activation\jakarta.activation-api\2.1.3\jakarta.activation-api-2.1.3.jar;C:\Users\niraj\.m2\repository\net\minidev\json-smart\2.5.2\json-smart-2.5.2.jar;C:\Users\niraj\.m2\repository\net\minidev\accessors-smart\2.5.2\accessors-smart-2.5.2.jar;C:\Users\niraj\.m2\repository\org\ow2\asm\asm\9.7.1\asm-9.7.1.jar;C:\Users\niraj\.m2\repository\org\assertj\assertj-core\3.26.3\assertj-core-3.26.3.jar;C:\Users\niraj\.m2\repository\net\bytebuddy\byte-buddy\1.15.11\byte-buddy-1.15.11.jar;C:\Users\niraj\.m2\repository\org\awaitility\awaitility\4.2.2\awaitility-4.2.2.jar;C:\Users\niraj\.m2\repository\org\hamcrest\hamcrest\2.2\hamcrest-2.2.jar;C:\Users\niraj\.m2\repository\org\mockito\mockito-core\5.14.2\mockito-core-5.14.2.jar;C:\Users\niraj\.m2\repository\net\bytebuddy\byte-buddy-agent\1.15.11\byte-buddy-agent-1.15.11.jar;C:\Users\niraj\.m2\repository\org\objenesis\objenesis\3.3\objenesis-3.3.jar;C:\Users\niraj\.m2\repository\org\skyscreamer\jsonassert\1.5.3\jsonassert-1.5.3.jar;C:\Users\niraj\.m2\repository\com\vaadin\external\google\android-json\0.0.20131108.vaadin1\android-json-0.0.20131108.vaadin1.jar;C:\Users\niraj\.m2\repository\org\springframework\spring-test\6.2.3\spring-test-6.2.3.jar;C:\Users\niraj\.m2\repository\org\xmlunit\xmlunit-core\2.10.0\xmlunit-core-2.10.0.jar;C:\Users\niraj\.m2\repository\org\mockito\mockito-junit-jupiter\5.14.2\mockito-junit-jupiter-5.14.2.jar;C:\Users\niraj\.m2\repository\org\springframework\boot\spring-boot-starter-aop\3.4.3\spring-boot-starter-aop-3.4.3.jar;C:\Users\niraj\.m2\repository\org\springframework\spring-aop\6.2.3\spring-aop-6.2.3.jar;C:\Users\niraj\.m2\repository\org\springframework\spring-beans\6.2.3\spring-beans-6.2.3.jar;C:\Users\niraj\.m2\repository\org\aspectj\aspectjweaver\1.9.20.1\aspectjweaver-1.9.20.1.jar;C:\Users\niraj\.m2\repository\org\springframework\boot\spring-boot-starter-data-jpa\3.4.3\spring-boot-starter-data-jpa-3.4.3.jar;C:\Users\niraj\.m2\repository\org\springframework\boot\spring-boot-starter-jdbc\3.4.3\spring-boot-starter-jdbc-3.4.3.jar;C:\Users\niraj\.m2\repository\com\zaxxer\HikariCP\5.1.0\HikariCP-5.1.0.jar;C:\Users\niraj\.m2\repository\org\springframework\spring-jdbc\6.2.3\spring-jdbc-6.2.3.jar;C:\Users\niraj\.m2\repository\org\hibernate\orm\hibernate-core\6.6.8.Final\hibernate-core-6.6.8.Final.jar;C:\Users\niraj\.m2\repository\jakarta\persistence\jakarta.persistence-api\3.1.0\jakarta.persistence-api-3.1.0.jar;C:\Users\niraj\.m2\repository\jakarta\transaction\jakarta.transaction-api\2.0.1\jakarta.transaction-api-2.0.1.jar;C:\Users\niraj\.m2\repository\org\jboss\logging\jboss-logging\3.6.1.Final\jboss-logging-3.6.1.Final.jar;C:\Users\niraj\.m2\repository\org\hibernate\common\hibernate-commons-annotations\7.0.3.Final\hibernate-commons-annotations-7.0.3.Final.jar;C:\Users\niraj\.m2\repository\io\smallrye\jandex\3.2.0\jandex-3.2.0.jar;C:\Users\niraj\.m2\repository\com\fasterxml\classmate\1.7.0\classmate-1.7.0.jar;C:\Users\niraj\.m2\repository\org\glassfish\jaxb\jaxb-runtime\4.0.5\jaxb-runtime-4.0.5.jar;C:\Users\niraj\.m2\repository\org\glassfish\jaxb\jaxb-core\4.0.5\jaxb-core-4.0.5.jar;C:\Users\niraj\.m2\repository\org\eclipse\angus\angus-activation\2.0.2\angus-activation-2.0.2.jar;C:\Users\niraj\.m2\repository\org\glassfish\jaxb\txw2\4.0.5\txw2-4.0.5.jar;C:\Users\niraj\.m2\repository\com\sun\istack\istack-commons-runtime\4.1.2\istack-commons-runtime-4.1.2.jar;C:\Users\niraj\.m2\repository\org\antlr\antlr4-runtime\4.13.0\antlr4-runtime-4.13.0.jar;C:\Users\niraj\.m2\repository\org\springframework\data\spring-data-jpa\3.4.3\spring-data-jpa-3.4.3.jar;C:\Users\niraj\.m2\repository\org\springframework\data\spring-data-commons\3.4.3\spring-data-commons-3.4.3.jar;C:\Users\niraj\.m2\repository\org\springframework\spring-orm\6.2.3\spring-orm-6.2.3.jar;C:\Users\niraj\.m2\repository\org\springframework\spring-tx\6.2.3\spring-tx-6.2.3.jar;C:\Users\niraj\.m2\repository\org\springframework\spring-aspects\6.2.3\spring-aspects-6.2.3.jar;C:\Users\niraj\.m2\repository\com\h2database\h2\2.3.232\h2-2.3.232.jar;C:\Users\niraj\.m2\repository\org\seleniumhq\selenium\selenium-java\4.28.0\selenium-java-4.28.0.jar;C:\Users\niraj\.m2\repository\org\seleniumhq\selenium\selenium-api\4.28.0\selenium-api-4.28.0.jar;C:\Users\niraj\.m2\repository\org\jspecify\jspecify\1.0.0\jspecify-1.0.0.jar;C:\Users\niraj\.m2\repository\org\seleniumhq\selenium\selenium-chrome-driver\4.28.0\selenium-chrome-driver-4.28.0.jar;C:\Users\niraj\.m2\repository\com\google\auto\service\auto-service-annotations\1.1.1\auto-service-annotations-1.1.1.jar;C:\Users\niraj\.m2\repository\org\seleniumhq\selenium\selenium-chromium-driver\4.28.0\selenium-chromium-driver-4.28.0.jar;C:\Users\niraj\.m2\repository\org\seleniumhq\selenium\selenium-json\4.28.0\selenium-json-4.28.0.jar;C:\Users\niraj\.m2\repository\org\seleniumhq\selenium\selenium-manager\4.28.0\selenium-manager-4.28.0.jar;C:\Users\niraj\.m2\repository\org\seleniumhq\selenium\selenium-devtools-v130\4.28.0\selenium-devtools-v130-4.28.0.jar;C:\Users\niraj\.m2\repository\org\seleniumhq\selenium\selenium-devtools-v131\4.28.0\selenium-devtools-v131-4.28.0.jar;C:\Users\niraj\.m2\repository\org\seleniumhq\selenium\selenium-devtools-v132\4.28.0\selenium-devtools-v132-4.28.0.jar;C:\Users\niraj\.m2\repository\org\seleniumhq\selenium\selenium-devtools-v85\4.28.0\selenium-devtools-v85-4.28.0.jar;C:\Users\niraj\.m2\repository\org\seleniumhq\selenium\selenium-edge-driver\4.28.0\selenium-edge-driver-4.28.0.jar;C:\Users\niraj\.m2\repository\org\seleniumhq\selenium\selenium-firefox-driver\4.28.0\selenium-firefox-driver-4.28.0.jar;C:\Users\niraj\.m2\repository\org\seleniumhq\selenium\selenium-http\4.28.0\selenium-http-4.28.0.jar;C:\Users\niraj\.m2\repository\org\seleniumhq\selenium\selenium-ie-driver\4.28.0\selenium-ie-driver-4.28.0.jar;C:\Users\niraj\.m2\repository\org\seleniumhq\selenium\selenium-remote-driver\4.28.0\selenium-remote-driver-4.28.0.jar;C:\Users\niraj\.m2\repository\io\opentelemetry\semconv\opentelemetry-semconv\1.28.0-alpha\opentelemetry-semconv-1.28.0-alpha.jar;C:\Users\niraj\.m2\repository\io\opentelemetry\opentelemetry-api\1.43.0\opentelemetry-api-1.43.0.jar;C:\Users\niraj\.m2\repository\io\opentelemetry\opentelemetry-context\1.43.0\opentelemetry-context-1.43.0.jar;C:\Users\niraj\.m2\repository\io\opentelemetry\opentelemetry-exporter-logging\1.43.0\opentelemetry-exporter-logging-1.43.0.jar;C:\Users\niraj\.m2\repository\io\opentelemetry\opentelemetry-sdk-common\1.43.0\opentelemetry-sdk-common-1.43.0.jar;C:\Users\niraj\.m2\repository\io\opentelemetry\opentelemetry-sdk-extension-autoconfigure-spi\1.43.0\opentelemetry-sdk-extension-autoconfigure-spi-1.43.0.jar;C:\Users\niraj\.m2\repository\io\opentelemetry\opentelemetry-sdk-extension-autoconfigure\1.43.0\opentelemetry-sdk-extension-autoconfigure-1.43.0.jar;C:\Users\niraj\.m2\repository\io\opentelemetry\opentelemetry-api-incubator\1.43.0-alpha\opentelemetry-api-incubator-1.43.0-alpha.jar;C:\Users\niraj\.m2\repository\io\opentelemetry\opentelemetry-sdk-trace\1.43.0\opentelemetry-sdk-trace-1.43.0.jar;C:\Users\niraj\.m2\repository\io\opentelemetry\opentelemetry-sdk\1.43.0\opentelemetry-sdk-1.43.0.jar;C:\Users\niraj\.m2\repository\io\opentelemetry\opentelemetry-sdk-metrics\1.43.0\opentelemetry-sdk-metrics-1.43.0.jar;C:\Users\niraj\.m2\repository\io\opentelemetry\opentelemetry-sdk-logs\1.43.0\opentelemetry-sdk-logs-1.43.0.jar;C:\Users\niraj\.m2\repository\org\seleniumhq\selenium\selenium-os\4.28.0\selenium-os-4.28.0.jar;C:\Users\niraj\.m2\repository\org\apache\commons\commons-exec\1.4.0\commons-exec-1.4.0.jar;C:\Users\niraj\.m2\repository\org\seleniumhq\selenium\selenium-safari-driver\4.28.0\selenium-safari-driver-4.28.0.jar;C:\Users\niraj\.m2\repository\org\seleniumhq\selenium\selenium-support\4.28.0\selenium-support-4.28.0.jar;C:\Users\niraj\.m2\repository\org\testng\testng\7.11.0\testng-7.11.0.jar;C:\Users\niraj\.m2\repository\org\slf4j\slf4j-api\2.0.16\slf4j-api-2.0.16.jar;C:\Users\niraj\.m2\repository\org\jcommander\jcommander\1.83\jcommander-1.83.jar;C:\Users\niraj\.m2\repository\org\webjars\jquery\3.7.1\jquery-3.7.1.jar;C:\Users\niraj\.m2\repository\io\github\bonigarcia\webdrivermanager\5.9.2\webdrivermanager-5.9.2.jar;C:\Users\niraj\.m2\repository\com\google\code\gson\gson\2.11.0\gson-2.11.0.jar;C:\Users\niraj\.m2\repository\com\google\errorprone\error_prone_annotations\2.27.0\error_prone_annotations-2.27.0.jar;C:\Users\niraj\.m2\repository\com\github\docker-java\docker-java\3.4.0\docker-java-3.4.0.jar;C:\Users\niraj\.m2\repository\com\github\docker-java\docker-java-core\3.4.0\docker-java-core-3.4.0.jar;C:\Users\niraj\.m2\repository\com\github\docker-java\docker-java-api\3.4.0\docker-java-api-3.4.0.jar;C:\Users\niraj\.m2\repository\org\slf4j\jcl-over-slf4j\2.0.16\jcl-over-slf4j-2.0.16.jar;C:\Users\niraj\.m2\repository\com\github\docker-java\docker-java-transport-httpclient5\3.4.0\docker-java-transport-httpclient5-3.4.0.jar;C:\Users\niraj\.m2\repository\com\github\docker-java\docker-java-transport\3.4.0\docker-java-transport-3.4.0.jar;C:\Users\niraj\.m2\repository\net\java\dev\jna\jna\5.13.0\jna-5.13.0.jar;C:\Users\niraj\.m2\repository\org\brotli\dec\0.1.2\dec-0.1.2.jar;C:\Users\niraj\.m2\repository\org\apache\commons\commons-compress\1.26.2\commons-compress-1.26.2.jar;C:\Users\niraj\.m2\repository\commons-codec\commons-codec\1.17.2\commons-codec-1.17.2.jar;C:\Users\niraj\.m2\repository\commons-io\commons-io\2.16.1\commons-io-2.16.1.jar;C:\Users\niraj\.m2\repository\org\apache\httpcomponents\client5\httpclient5\5.4.2\httpclient5-5.4.2.jar;C:\Users\niraj\.m2\repository\org\apache\httpcomponents\core5\httpcore5\5.3.3\httpcore5-5.3.3.jar;C:\Users\niraj\.m2\repository\org\apache\httpcomponents\core5\httpcore5-h2\5.3.3\httpcore5-h2-5.3.3.jar;C:\Users\niraj\.m2\repository\org\uncommons\reportng\1.1.4\reportng-1.1.4.jar;C:\Users\niraj\.m2\repository\velocity\velocity\1.4\velocity-1.4.jar;C:\Users\niraj\.m2\repository\velocity\velocity-dep\1.4\velocity-dep-1.4.jar;C:\Users\niraj\.m2\repository\org\apache\commons\commons-lang3\3.17.0\commons-lang3-3.17.0.jar;C:\Users\niraj\.m2\repository\com\google\inject\guice\7.0.0\guice-7.0.0.jar;C:\Users\niraj\.m2\repository\jakarta\inject\jakarta.inject-api\2.0.1\jakarta.inject-api-2.0.1.jar;C:\Users\niraj\.m2\repository\aopalliance\aopalliance\1.0\aopalliance-1.0.jar;C:\Users\niraj\.m2\repository\com\google\guava\guava\31.0.1-jre\guava-31.0.1-jre.jar;C:\Users\niraj\.m2\repository\com\google\guava\failureaccess\1.0.1\failureaccess-1.0.1.jar;C:\Users\niraj\.m2\repository\com\google\guava\listenablefuture\9999.0-empty-to-avoid-conflict-with-guava\listenablefuture-9999.0-empty-to-avoid-conflict-with-guava.jar;C:\Users\niraj\.m2\repository\org\checkerframework\checker-qual\3.12.0\checker-qual-3.12.0.jar;C:\Users\niraj\.m2\repository\com\google\j2objc\j2objc-annotations\1.3\j2objc-annotations-1.3.jar;C:\Users\niraj\.m2\repository\org\projectlombok\lombok\1.18.36\lombok-1.18.36.jar;C:\Users\niraj\.m2\repository\org\apache\logging\log4j\log4j-core\2.24.3\log4j-core-2.24.3.jar;C:\Users\niraj\.m2\repository\org\apache\logging\log4j\log4j-api\2.24.3\log4j-api-2.24.3.jar;C:\Users\niraj\.m2\repository\org\apache\logging\log4j\log4j-slf4j2-impl\2.24.3\log4j-slf4j2-impl-2.24.3.jar;C:\Users\niraj\.m2\repository\com\epam\reportportal\agent-java-testng\5.4.6\agent-java-testng-5.4.6.jar;C:\Users\niraj\.m2\repository\com\epam\reportportal\client-java\5.2.31\client-java-5.2.31.jar;C:\Users\niraj\.m2\repository\com\epam\reportportal\commons-model\5.3.3\commons-model-5.3.3.jar;C:\Users\niraj\.m2\repository\io\swagger\swagger-annotations\1.6.0\swagger-annotations-1.6.0.jar;C:\Users\niraj\.m2\repository\javax\validation\validation-api\2.0.1.Final\validation-api-2.0.1.Final.jar;C:\Users\niraj\.m2\repository\com\fasterxml\jackson\core\jackson-databind\2.18.2\jackson-databind-2.18.2.jar;C:\Users\niraj\.m2\repository\com\fasterxml\jackson\core\jackson-annotations\2.18.2\jackson-annotations-2.18.2.jar;C:\Users\niraj\.m2\repository\com\fasterxml\jackson\core\jackson-core\2.18.2\jackson-core-2.18.2.jar;C:\Users\niraj\.m2\repository\io\reactivex\rxjava2\rxjava\2.2.21\rxjava-2.2.21.jar;C:\Users\niraj\.m2\repository\org\reactivestreams\reactive-streams\1.0.4\reactive-streams-1.0.4.jar;C:\Users\niraj\.m2\repository\com\google\code\findbugs\jsr305\3.0.2\jsr305-3.0.2.jar;C:\Users\niraj\.m2\repository\com\squareup\retrofit2\retrofit\2.11.0\retrofit-2.11.0.jar;C:\Users\niraj\.m2\repository\com\squareup\okhttp3\okhttp\4.12.0\okhttp-4.12.0.jar;C:\Users\niraj\.m2\repository\com\squareup\okio\okio\3.6.0\okio-3.6.0.jar;C:\Users\niraj\.m2\repository\com\squareup\okio\okio-jvm\3.6.0\okio-jvm-3.6.0.jar;C:\Users\niraj\.m2\repository\org\jetbrains\kotlin\kotlin-stdlib-common\1.9.25\kotlin-stdlib-common-1.9.25.jar;C:\Users\niraj\.m2\repository\org\jetbrains\kotlin\kotlin-stdlib-jdk8\1.9.25\kotlin-stdlib-jdk8-1.9.25.jar;C:\Users\niraj\.m2\repository\org\jetbrains\kotlin\kotlin-stdlib\1.9.25\kotlin-stdlib-1.9.25.jar;C:\Users\niraj\.m2\repository\org\jetbrains\annotations\13.0\annotations-13.0.jar;C:\Users\niraj\.m2\repository\org\jetbrains\kotlin\kotlin-stdlib-jdk7\1.9.25\kotlin-stdlib-jdk7-1.9.25.jar;C:\Users\niraj\.m2\repository\com\squareup\retrofit2\converter-scalars\2.11.0\converter-scalars-2.11.0.jar;C:\Users\niraj\.m2\repository\com\squareup\retrofit2\converter-jackson\2.11.0\converter-jackson-2.11.0.jar;C:\Users\niraj\.m2\repository\com\squareup\retrofit2\adapter-rxjava2\2.11.0\adapter-rxjava2-2.11.0.jar;C:\Users\niraj\.m2\repository\com\squareup\okhttp3\logging-interceptor\4.12.0\logging-interceptor-4.12.0.jar;C:\Users\niraj\.m2\repository\org\aspectj\aspectjrt\1.9.20.1\aspectjrt-1.9.20.1.jar;C:\Users\niraj\.m2\repository\com\epam\reportportal\logger-java-log4j\5.2.3\logger-java-log4j-5.2.3.jar;C:\Users\niraj\.m2\repository\io\rest-assured\rest-assured\5.5.1\rest-assured-5.5.1.jar;C:\Users\niraj\.m2\repository\org\apache\groovy\groovy\4.0.25\groovy-4.0.25.jar;C:\Users\niraj\.m2\repository\org\apache\groovy\groovy-xml\4.0.25\groovy-xml-4.0.25.jar;C:\Users\niraj\.m2\repository\org\apache\httpcomponents\httpclient\4.5.13\httpclient-4.5.13.jar;C:\Users\niraj\.m2\repository\org\apache\httpcomponents\httpcore\4.4.16\httpcore-4.4.16.jar;C:\Users\niraj\.m2\repository\commons-logging\commons-logging\1.2\commons-logging-1.2.jar;C:\Users\niraj\.m2\repository\org\apache\httpcomponents\httpmime\4.5.13\httpmime-4.5.13.jar;C:\Users\niraj\.m2\repository\org\ccil\cowan\tagsoup\tagsoup\1.2.1\tagsoup-1.2.1.jar;C:\Users\niraj\.m2\repository\io\rest-assured\json-path\5.5.1\json-path-5.5.1.jar;C:\Users\niraj\.m2\repository\org\apache\groovy\groovy-json\4.0.25\groovy-json-4.0.25.jar;C:\Users\niraj\.m2\repository\io\rest-assured\rest-assured-common\5.5.1\rest-assured-common-5.5.1.jar;C:\Users\niraj\.m2\repository\io\rest-assured\xml-path\5.5.1\xml-path-5.5.1.jar;C:\Users\niraj\.m2\repository\org\springframework\boot\spring-boot-starter-web\3.4.3\spring-boot-starter-web-3.4.3.jar;C:\Users\niraj\.m2\repository\org\springframework\boot\spring-boot-starter-json\3.4.3\spring-boot-starter-json-3.4.3.jar;C:\Users\niraj\.m2\repository\com\fasterxml\jackson\datatype\jackson-datatype-jdk8\2.18.2\jackson-datatype-jdk8-2.18.2.jar;C:\Users\niraj\.m2\repository\com\fasterxml\jackson\datatype\jackson-datatype-jsr310\2.18.2\jackson-datatype-jsr310-2.18.2.jar;C:\Users\niraj\.m2\repository\com\fasterxml\jackson\module\jackson-module-parameter-names\2.18.2\jackson-module-parameter-names-2.18.2.jar;C:\Users\niraj\.m2\repository\org\springframework\boot\spring-boot-starter-tomcat\3.4.3\spring-boot-starter-tomcat-3.4.3.jar;C:\Users\niraj\.m2\repository\org\apache\tomcat\embed\tomcat-embed-core\10.1.36\tomcat-embed-core-10.1.36.jar;C:\Users\niraj\.m2\repository\org\apache\tomcat\embed\tomcat-embed-el\10.1.36\tomcat-embed-el-10.1.36.jar;C:\Users\niraj\.m2\repository\org\apache\tomcat\embed\tomcat-embed-websocket\10.1.36\tomcat-embed-websocket-10.1.36.jar;C:\Users\niraj\.m2\repository\org\springframework\spring-web\6.2.3\spring-web-6.2.3.jar;C:\Users\niraj\.m2\repository\io\micrometer\micrometer-observation\1.14.4\micrometer-observation-1.14.4.jar;C:\Users\niraj\.m2\repository\io\micrometer\micrometer-commons\1.14.4\micrometer-commons-1.14.4.jar;C:\Users\niraj\.m2\repository\org\springframework\spring-webmvc\6.2.3\spring-webmvc-6.2.3.jar;C:\Users\niraj\.m2\repository\org\springframework\spring-expression\6.2.3\spring-expression-6.2.3.jar;C:\Users\niraj\.m2\repository\org\json\json\20250107\json-20250107.jar;, sun.cpu.endian=little, hibernate.cdi.extensions=true, user.home=C:\Users\niraj, user.language=en, java.specification.vendor=Oracle Corporation, java.version.date=2024-10-15, java.home=C:\Program Files\Zulu\zulu-17, file.separator=\, basedir=D:\Niraj\Work\Spring Boot UI API Automation\SpringBootUIApiAutomation, java.vm.compressedOopsMode=Zero based, line.separator=
, hibernate.persistenceUnitName=default, java.vm.specification.vendor=Oracle Corporation, java.specification.name=Java Platform API Specification, FILE_LOG_CHARSET=UTF-8, hibernate.transaction.coordinator_class=class org.hibernate.resource.transaction.backend.jdbc.internal.JdbcResourceLocalTransactionCoordinatorBuilderImpl, java.awt.headless=true, surefire.real.class.path=C:\Users\niraj\AppData\Local\Temp\surefire17538848392545770611\surefirebooter-20250328063220270_3.jar, jakarta.persistence.validation.mode=AUTO, hibernate.hbm2ddl.auto=create-drop, user.script=, sun.management.compiler=HotSpot 64-Bit Tiered Compilers, java.runtime.version=17.0.13+11-LTS, user.name=niraj, path.separator=;, os.version=10.0, java.runtime.name=OpenJDK Runtime Environment, file.encoding=Cp1252, java.vm.name=OpenJDK 64-Bit Server VM, java.vendor.version=Zulu17.54+21-CA, localRepository=C:\Users\niraj\.m2\repository, java.vendor.url.bug=http://www.azul.com/support/, java.io.tmpdir=C:\Users\niraj\AppData\Local\Temp\, com.zaxxer.hikari.pool_number=1, java.version=17.0.13, hibernate.physical_naming_strategy=org.hibernate.boot.model.naming.CamelCaseToUnderscoresNamingStrategy, user.dir=D:\Niraj\Work\Spring Boot UI API Automation\SpringBootUIApiAutomation, os.arch=amd64, java.vm.specification.name=Java Virtual Machine Specification, PID=15088, sun.os.patch.level=, CONSOLE_LOG_CHARSET=UTF-8, hibernate.boot.CfgXmlAccessService.key=org.hibernate.boot.registry.StandardServiceRegistryBuilder$1@47e70f54, native.encoding=Cp1252, java.library.path=C:\Program Files\Zulu\zulu-17\bin;C:\WINDOWS\Sun\Java\bin;C:\WINDOWS\system32;C:\WINDOWS;C:\Program Files\Zulu\zulu-17\bin\;C:\Python312\Scripts\;C:\Python312\;C:\WINDOWS\system32;C:\WINDOWS;C:\WINDOWS\System32\Wbem;C:\WINDOWS\System32\WindowsPowerShell\v1.0\;C:\WINDOWS\System32\OpenSSH\;C:\Program Files\dotnet\;D:\Niraj\Work\JDK\openjdk-21+35_windows-x64_bin\jdk-21\bin;C:\Program Files\nodejs\;C:\ProgramData\chocolatey\bin;D:\Niraj\Work\Gatling\apache-maven-3.9.9-bin\apache-maven-3.9.9\bin;C:\Program Files\Git\cmd;;C:\Program Files\Docker\Docker\resources\bin;C:\Users\niraj\AppData\Local\Microsoft\WindowsApps;C:\Users\niraj\AppData\Local\Programs\Microsoft VS Code\bin;C:\Users\niraj\AppData\Roaming\npm;C:\Program Files\JetBrains\IntelliJ IDEA Community Edition 2024.3\bin;;C:\Users\niraj\AppData\Local\Programs\Fiddler;%USERPROFILE%\AppData\Local\Microsoft\WindowsApps;., java.vendor=Azul Systems, Inc., java.vm.info=mixed mode, sharing, java.vm.version=17.0.13+11-LTS, java.specification.maintenance.version=1, sun.io.unicode.encoding=UnicodeLittle, hibernate.archive.scanner=org.hibernate.boot.archive.scan.internal.DisabledScanner, hibernate.connection.datasource=HikariDataSource (HikariPool-1), java.class.version=61.0, LOGGED_APPLICATION_NAME=[OrangeHRMSpringBootAutomation] }
2025-03-28 06:32:35 [main] DEBUG org.hibernate.internal.SessionFactoryImpl - Session factory constructed with filter configurations : {}
2025-03-28 06:32:35 [main] DEBUG org.hibernate.query.sqm.function.SqmFunctionRegistry - Registered SqmFunctionTemplate [NamedSqmFunctionTemplate(max)] under max; prior registration was null
2025-03-28 06:32:35 [main] DEBUG org.hibernate.query.sqm.function.SqmFunctionRegistry - Registered SqmFunctionTemplate [NamedSqmFunctionTemplate(min)] under min; prior registration was null
2025-03-28 06:32:35 [main] DEBUG org.hibernate.query.sqm.function.SqmFunctionRegistry - Registered SqmFunctionTemplate [NamedSqmFunctionTemplate(sum)] under sum; prior registration was null
2025-03-28 06:32:35 [main] DEBUG org.hibernate.query.sqm.function.SqmFunctionRegistry - Registered SqmFunctionTemplate [NamedSqmFunctionTemplate(avg)] under avg; prior registration was null
2025-03-28 06:32:35 [main] DEBUG org.hibernate.query.sqm.function.SqmFunctionRegistry - Registered SqmFunctionTemplate [org.hibernate.dialect.function.CountFunction@5a95aaae] under count; prior registration was null
2025-03-28 06:32:35 [main] DEBUG org.hibernate.query.sqm.function.SqmFunctionRegistry - Registered SqmFunctionTemplate [org.hibernate.dialect.function.EveryAnyEmulation@ea40c9f] under every; prior registration was null
2025-03-28 06:32:35 [main] DEBUG org.hibernate.query.sqm.function.SqmFunctionRegistry - Registered SqmFunctionTemplate [org.hibernate.dialect.function.EveryAnyEmulation@5d782a4a] under any; prior registration was null
2025-03-28 06:32:35 [main] DEBUG org.hibernate.query.sqm.function.SqmFunctionRegistry - Registered SqmFunctionTemplate [NamedSqmFunctionTemplate(floor)] under floor; prior registration was null
2025-03-28 06:32:35 [main] DEBUG org.hibernate.query.sqm.function.SqmFunctionRegistry - Registered SqmFunctionTemplate [NamedSqmFunctionTemplate(ceiling)] under ceiling; prior registration was null
2025-03-28 06:32:35 [main] DEBUG org.hibernate.query.sqm.function.SqmFunctionRegistry - Registered SqmFunctionTemplate [NamedSqmFunctionTemplate(mod)] under mod; prior registration was null
2025-03-28 06:32:35 [main] DEBUG org.hibernate.query.sqm.function.SqmFunctionRegistry - Registered SqmFunctionTemplate [NamedSqmFunctionTemplate(abs)] under abs; prior registration was null
2025-03-28 06:32:35 [main] DEBUG org.hibernate.query.sqm.function.SqmFunctionRegistry - Registered SqmFunctionTemplate [NamedSqmFunctionTemplate(sign)] under sign; prior registration was null
2025-03-28 06:32:35 [main] DEBUG org.hibernate.query.sqm.function.SqmFunctionRegistry - Registered SqmFunctionTemplate [NamedSqmFunctionTemplate(sqrt)] under sqrt; prior registration was null
2025-03-28 06:32:35 [main] DEBUG org.hibernate.query.sqm.function.SqmFunctionRegistry - Registered SqmFunctionTemplate [NamedSqmFunctionTemplate(ln)] under ln; prior registration was null
2025-03-28 06:32:35 [main] DEBUG org.hibernate.query.sqm.function.SqmFunctionRegistry - Registered SqmFunctionTemplate [NamedSqmFunctionTemplate(exp)] under exp; prior registration was null
2025-03-28 06:32:35 [main] DEBUG org.hibernate.query.sqm.function.SqmFunctionRegistry - Registered SqmFunctionTemplate [NamedSqmFunctionTemplate(power)] under power; prior registration was null
2025-03-28 06:32:35 [main] DEBUG org.hibernate.query.sqm.function.SqmFunctionRegistry - Registered SqmFunctionTemplate [NamedSqmFunctionTemplate(round)] under round; prior registration was null
2025-03-28 06:32:35 [main] DEBUG org.hibernate.query.sqm.function.SqmFunctionRegistry - Registered SqmFunctionTemplate [NamedSqmFunctionTemplate(sin)] under sin; prior registration was null
2025-03-28 06:32:35 [main] DEBUG org.hibernate.query.sqm.function.SqmFunctionRegistry - Registered SqmFunctionTemplate [NamedSqmFunctionTemplate(cos)] under cos; prior registration was null
2025-03-28 06:32:35 [main] DEBUG org.hibernate.query.sqm.function.SqmFunctionRegistry - Registered SqmFunctionTemplate [NamedSqmFunctionTemplate(tan)] under tan; prior registration was null
2025-03-28 06:32:35 [main] DEBUG org.hibernate.query.sqm.function.SqmFunctionRegistry - Registered SqmFunctionTemplate [NamedSqmFunctionTemplate(asin)] under asin; prior registration was null
2025-03-28 06:32:35 [main] DEBUG org.hibernate.query.sqm.function.SqmFunctionRegistry - Registered SqmFunctionTemplate [NamedSqmFunctionTemplate(acos)] under acos; prior registration was null
2025-03-28 06:32:35 [main] DEBUG org.hibernate.query.sqm.function.SqmFunctionRegistry - Registered SqmFunctionTemplate [NamedSqmFunctionTemplate(atan)] under atan; prior registration was null
2025-03-28 06:32:35 [main] DEBUG org.hibernate.query.sqm.function.SqmFunctionRegistry - Registered SqmFunctionTemplate [NamedSqmFunctionTemplate(atan2)] under atan2; prior registration was null
2025-03-28 06:32:35 [main] DEBUG org.hibernate.query.sqm.function.SqmFunctionRegistry - Registered SqmFunctionTemplate [org.hibernate.query.sqm.function.PatternBasedSqmFunctionDescriptor@646ddc20] under sinh; prior registration was null
2025-03-28 06:32:35 [main] DEBUG org.hibernate.query.sqm.function.SqmFunctionRegistry - Registered SqmFunctionTemplate [org.hibernate.query.sqm.function.PatternBasedSqmFunctionDescriptor@22561412] under cosh; prior registration was null
2025-03-28 06:32:35 [main] DEBUG org.hibernate.query.sqm.function.SqmFunctionRegistry - Registered SqmFunctionTemplate [org.hibernate.query.sqm.function.PatternBasedSqmFunctionDescriptor@32153bbe] under tanh; prior registration was null
2025-03-28 06:32:35 [main] DEBUG org.hibernate.query.sqm.function.SqmFunctionRegistry - Registered SqmFunctionTemplate [org.hibernate.query.sqm.function.PatternBasedSqmFunctionDescriptor@4806fbf7] under pi; prior registration was null
2025-03-28 06:32:35 [main] DEBUG org.hibernate.query.sqm.function.SqmFunctionRegistry - Registered SqmFunctionTemplate [org.hibernate.query.sqm.function.PatternBasedSqmFunctionDescriptor@4280b20b] under log; prior registration was null
2025-03-28 06:32:35 [main] DEBUG org.hibernate.query.sqm.function.SqmFunctionRegistry - Registered SqmFunctionTemplate [NamedSqmFunctionTemplate(coalesce)] under coalesce; prior registration was null
2025-03-28 06:32:35 [main] DEBUG org.hibernate.query.sqm.function.SqmFunctionRegistry - Registered SqmFunctionTemplate [NamedSqmFunctionTemplate(nullif)] under nullif; prior registration was null
2025-03-28 06:32:35 [main] DEBUG org.hibernate.query.sqm.function.SqmFunctionRegistry - Registered SqmFunctionTemplate [NamedSqmFunctionTemplate(left)] under left; prior registration was null
2025-03-28 06:32:35 [main] DEBUG org.hibernate.query.sqm.function.SqmFunctionRegistry - Registered SqmFunctionTemplate [NamedSqmFunctionTemplate(right)] under right; prior registration was null
2025-03-28 06:32:35 [main] DEBUG org.hibernate.query.sqm.function.SqmFunctionRegistry - Registered SqmFunctionTemplate [NamedSqmFunctionTemplate(replace)] under replace; prior registration was null
2025-03-28 06:32:35 [main] DEBUG org.hibernate.query.sqm.function.SqmFunctionRegistry - Registered SqmFunctionTemplate [NamedSqmFunctionTemplate(concat)] under concat; prior registration was null
2025-03-28 06:32:35 [main] DEBUG org.hibernate.query.sqm.function.SqmFunctionRegistry - Registered SqmFunctionTemplate [NamedSqmFunctionTemplate(lower)] under lower; prior registration was null
2025-03-28 06:32:35 [main] DEBUG org.hibernate.query.sqm.function.SqmFunctionRegistry - Registered SqmFunctionTemplate [NamedSqmFunctionTemplate(upper)] under upper; prior registration was null
2025-03-28 06:32:35 [main] DEBUG org.hibernate.query.sqm.function.SqmFunctionRegistry - Registered SqmFunctionTemplate [NamedSqmFunctionTemplate(substring)] under substring; prior registration was null
2025-03-28 06:32:35 [main] DEBUG org.hibernate.query.sqm.function.SqmFunctionRegistry - Registered SqmFunctionTemplate [NamedSqmFunctionTemplate(locate)] under locate; prior registration was null
2025-03-28 06:32:35 [main] DEBUG org.hibernate.query.sqm.function.SqmFunctionRegistry - Registered SqmFunctionTemplate [NamedSqmFunctionTemplate(character_length)] under character_length; prior registration was null
2025-03-28 06:32:35 [main] DEBUG org.hibernate.query.sqm.function.SqmFunctionRegistry - Registering alternate key : length -> character_length
2025-03-28 06:32:35 [main] DEBUG org.hibernate.query.sqm.function.SqmFunctionRegistry - Registered SqmFunctionTemplate [org.hibernate.dialect.function.LocatePositionEmulation@4516c2ef] under position; prior registration was null
2025-03-28 06:32:35 [main] DEBUG org.hibernate.query.sqm.function.SqmFunctionRegistry - Registered SqmFunctionTemplate [org.hibernate.dialect.function.InsertSubstringOverlayEmulation@118f2486] under overlay; prior registration was null
2025-03-28 06:32:35 [main] DEBUG org.hibernate.query.sqm.function.SqmFunctionRegistry - Registered SqmFunctionTemplate [org.hibernate.dialect.function.TrimFunction@3fb4beb1] under trim; prior registration was null
2025-03-28 06:32:35 [main] DEBUG org.hibernate.query.sqm.function.SqmFunctionRegistry - Registered SqmFunctionTemplate [org.hibernate.dialect.function.CastFunction@13087c75] under cast; prior registration was null
2025-03-28 06:32:35 [main] DEBUG org.hibernate.query.sqm.function.SqmFunctionRegistry - Registered SqmFunctionTemplate [org.hibernate.query.sqm.function.PatternBasedSqmFunctionDescriptor@da4c5cb] under collate; prior registration was null
2025-03-28 06:32:35 [main] DEBUG org.hibernate.query.sqm.function.SqmFunctionRegistry - Registered SqmFunctionTemplate [org.hibernate.dialect.function.ExtractFunction@2a0881f1] under extract; prior registration was null
2025-03-28 06:32:35 [main] DEBUG org.hibernate.query.sqm.function.SqmFunctionRegistry - Registered SqmFunctionTemplate [NamedSqmFunctionTemplate(least)] under least; prior registration was null
2025-03-28 06:32:35 [main] DEBUG org.hibernate.query.sqm.function.SqmFunctionRegistry - Registered SqmFunctionTemplate [NamedSqmFunctionTemplate(greatest)] under greatest; prior registration was null
2025-03-28 06:32:35 [main] DEBUG org.hibernate.query.sqm.function.SqmFunctionRegistry - Registered SqmFunctionTemplate [org.hibernate.dialect.function.CoalesceIfnullEmulation@1df2e767] under ifnull; prior registration was null
2025-03-28 06:32:35 [main] DEBUG org.hibernate.query.sqm.function.SqmFunctionRegistry - Registered SqmFunctionTemplate [NamedSqmFunctionTemplate(lpad)] under lpad; prior registration was null
2025-03-28 06:32:35 [main] DEBUG org.hibernate.query.sqm.function.SqmFunctionRegistry - Registered SqmFunctionTemplate [NamedSqmFunctionTemplate(rpad)] under rpad; prior registration was null
2025-03-28 06:32:35 [main] DEBUG org.hibernate.query.sqm.function.SqmFunctionRegistry - Registered SqmFunctionTemplate [org.hibernate.dialect.function.LpadRpadPadEmulation@a319a2e] under pad; prior registration was null
2025-03-28 06:32:35 [main] DEBUG org.hibernate.query.sqm.function.SqmFunctionRegistry - Registered SqmFunctionTemplate [org.hibernate.dialect.function.CastStrEmulation@1387bd84] under str; prior registration was null
2025-03-28 06:32:35 [main] DEBUG org.hibernate.query.sqm.function.SqmFunctionRegistry - Registered SqmFunctionTemplate [org.hibernate.dialect.function.FormatFunction@404566e7] under format; prior registration was null
2025-03-28 06:32:35 [main] DEBUG org.hibernate.query.sqm.function.SqmFunctionRegistry - Registered SqmFunctionTemplate [org.hibernate.dialect.function.TimestampaddFunction@63614cdd] under timestampadd; prior registration was null
2025-03-28 06:32:35 [main] DEBUG org.hibernate.query.sqm.function.SqmFunctionRegistry - Registered SqmFunctionTemplate [org.hibernate.dialect.function.TimestampdiffFunction@30eee098] under timestampdiff; prior registration was null
2025-03-28 06:32:35 [main] DEBUG org.hibernate.query.sqm.function.SqmFunctionRegistry - Registering alternate key : dateadd -> timestampadd
2025-03-28 06:32:35 [main] DEBUG org.hibernate.query.sqm.function.SqmFunctionRegistry - Registering alternate key : datediff -> timestampdiff
2025-03-28 06:32:35 [main] DEBUG org.hibernate.query.sqm.function.SqmFunctionRegistry - Registered SqmFunctionTemplate [org.hibernate.dialect.function.CurrentFunction@22a22f1] under current_date; prior registration was null
2025-03-28 06:32:35 [main] DEBUG org.hibernate.query.sqm.function.SqmFunctionRegistry - Registered SqmFunctionTemplate [org.hibernate.dialect.function.CurrentFunction@2e76d0d3] under current_time; prior registration was null
2025-03-28 06:32:35 [main] DEBUG org.hibernate.query.sqm.function.SqmFunctionRegistry - Registered SqmFunctionTemplate [org.hibernate.dialect.function.CurrentFunction@63c88994] under current_timestamp; prior registration was null
2025-03-28 06:32:35 [main] DEBUG org.hibernate.query.sqm.function.SqmFunctionRegistry - Registering alternate key : current date -> current_date
2025-03-28 06:32:35 [main] DEBUG org.hibernate.query.sqm.function.SqmFunctionRegistry - Registering alternate key : current time -> current_time
2025-03-28 06:32:35 [main] DEBUG org.hibernate.query.sqm.function.SqmFunctionRegistry - Registering alternate key : current timestamp -> current_timestamp
2025-03-28 06:32:35 [main] DEBUG org.hibernate.query.sqm.function.SqmFunctionRegistry - Registered SqmFunctionTemplate [org.hibernate.dialect.function.CurrentFunction@4adc3951] under local_date; prior registration was null
2025-03-28 06:32:35 [main] DEBUG org.hibernate.query.sqm.function.SqmFunctionRegistry - Registered SqmFunctionTemplate [org.hibernate.dialect.function.CurrentFunction@52b49891] under local_time; prior registration was null
2025-03-28 06:32:35 [main] DEBUG org.hibernate.query.sqm.function.SqmFunctionRegistry - Registered SqmFunctionTemplate [org.hibernate.dialect.function.CurrentFunction@75973f7a] under local_datetime; prior registration was null
2025-03-28 06:32:35 [main] DEBUG org.hibernate.query.sqm.function.SqmFunctionRegistry - Registered SqmFunctionTemplate [org.hibernate.dialect.function.CurrentFunction@7940b729] under offset_datetime; prior registration was null
2025-03-28 06:32:35 [main] DEBUG org.hibernate.query.sqm.function.SqmFunctionRegistry - Registering alternate key : local date -> local_date
2025-03-28 06:32:35 [main] DEBUG org.hibernate.query.sqm.function.SqmFunctionRegistry - Registering alternate key : local time -> local_time
2025-03-28 06:32:35 [main] DEBUG org.hibernate.query.sqm.function.SqmFunctionRegistry - Registering alternate key : local datetime -> local_datetime
2025-03-28 06:32:35 [main] DEBUG org.hibernate.query.sqm.function.SqmFunctionRegistry - Registering alternate key : offset datetime -> offset_datetime
2025-03-28 06:32:35 [main] DEBUG org.hibernate.query.sqm.function.SqmFunctionRegistry - Registered SqmFunctionTemplate [org.hibernate.dialect.function.CurrentFunction@24fb752f] under instant; prior registration was null
2025-03-28 06:32:35 [main] DEBUG org.hibernate.query.sqm.function.SqmFunctionRegistry - Registering alternate key : current_instant -> instant
2025-03-28 06:32:35 [main] DEBUG org.hibernate.query.sqm.function.SqmFunctionRegistry - Registered SqmFunctionTemplate [org.hibernate.dialect.function.SqlFunction@514b247b] under sql; prior registration was null
2025-03-28 06:32:35 [main] DEBUG org.hibernate.query.sqm.function.SqmFunctionRegistry - Registered SqmFunctionTemplate [NamedSqmFunctionTemplate(max)] under max; prior registration was NamedSqmFunctionTemplate(max)
2025-03-28 06:32:35 [main] DEBUG org.hibernate.query.sqm.function.SqmFunctionRegistry - Registered SqmFunctionTemplate [NamedSqmFunctionTemplate(min)] under min; prior registration was NamedSqmFunctionTemplate(min)
2025-03-28 06:32:35 [main] DEBUG org.hibernate.query.sqm.function.SqmFunctionRegistry - Registered SqmFunctionTemplate [NamedSqmFunctionTemplate(sum)] under sum; prior registration was NamedSqmFunctionTemplate(sum)
2025-03-28 06:32:35 [main] DEBUG org.hibernate.query.sqm.function.SqmFunctionRegistry - Registered SqmFunctionTemplate [NamedSqmFunctionTemplate(avg)] under avg; prior registration was NamedSqmFunctionTemplate(avg)
2025-03-28 06:32:35 [main] DEBUG org.hibernate.query.sqm.function.SqmFunctionRegistry - Registered SqmFunctionTemplate [org.hibernate.dialect.function.CountFunction@66b62ebd] under count; prior registration was org.hibernate.dialect.function.CountFunction@5a95aaae
2025-03-28 06:32:35 [main] DEBUG org.hibernate.query.sqm.function.SqmFunctionRegistry - Registered SqmFunctionTemplate [org.hibernate.dialect.function.AvgFunction@47bfde21] under avg; prior registration was NamedSqmFunctionTemplate(avg)
2025-03-28 06:32:35 [main] DEBUG org.hibernate.query.sqm.function.SqmFunctionRegistry - Registered SqmFunctionTemplate [NamedSqmFunctionTemplate(pi)] under pi; prior registration was org.hibernate.query.sqm.function.PatternBasedSqmFunctionDescriptor@4806fbf7
2025-03-28 06:32:35 [main] DEBUG org.hibernate.query.sqm.function.SqmFunctionRegistry - Registered SqmFunctionTemplate [NamedSqmFunctionTemplate(cot)] under cot; prior registration was null
2025-03-28 06:32:35 [main] DEBUG org.hibernate.query.sqm.function.SqmFunctionRegistry - Registered SqmFunctionTemplate [NamedSqmFunctionTemplate(radians)] under radians; prior registration was null
2025-03-28 06:32:35 [main] DEBUG org.hibernate.query.sqm.function.SqmFunctionRegistry - Registered SqmFunctionTemplate [NamedSqmFunctionTemplate(degrees)] under degrees; prior registration was null
2025-03-28 06:32:35 [main] DEBUG org.hibernate.query.sqm.function.SqmFunctionRegistry - Registered SqmFunctionTemplate [NamedSqmFunctionTemplate(log10)] under log10; prior registration was null
2025-03-28 06:32:35 [main] DEBUG org.hibernate.query.sqm.function.SqmFunctionRegistry - Registered SqmFunctionTemplate [org.hibernate.query.sqm.function.PatternBasedSqmFunctionDescriptor@628f0936] under mod; prior registration was NamedSqmFunctionTemplate(mod)
2025-03-28 06:32:35 [main] DEBUG org.hibernate.query.sqm.function.SqmFunctionRegistry - Registered SqmFunctionTemplate [NamedSqmFunctionTemplate(rand)] under rand; prior registration was null
2025-03-28 06:32:35 [main] DEBUG org.hibernate.query.sqm.function.SqmFunctionRegistry - Registered SqmFunctionTemplate [NamedSqmFunctionTemplate(soundex)] under soundex; prior registration was null
2025-03-28 06:32:35 [main] DEBUG org.hibernate.query.sqm.function.SqmFunctionRegistry - Registered SqmFunctionTemplate [NamedSqmFunctionTemplate(translate)] under translate; prior registration was null
2025-03-28 06:32:35 [main] DEBUG org.hibernate.query.sqm.function.SqmFunctionRegistry - Registered SqmFunctionTemplate [NamedSqmFunctionTemplate(bitand)] under bitand; prior registration was null
2025-03-28 06:32:35 [main] DEBUG org.hibernate.query.sqm.function.SqmFunctionRegistry - Registered SqmFunctionTemplate [NamedSqmFunctionTemplate(bitor)] under bitor; prior registration was null
2025-03-28 06:32:35 [main] DEBUG org.hibernate.query.sqm.function.SqmFunctionRegistry - Registered SqmFunctionTemplate [NamedSqmFunctionTemplate(bitxor)] under bitxor; prior registration was null
2025-03-28 06:32:35 [main] DEBUG org.hibernate.query.sqm.function.SqmFunctionRegistry - Registered SqmFunctionTemplate [NamedSqmFunctionTemplate(bitnot)] under bitnot; prior registration was null
2025-03-28 06:32:35 [main] DEBUG org.hibernate.query.sqm.function.SqmFunctionRegistry - Registered SqmFunctionTemplate [NamedSqmFunctionTemplate(bit_and)] under bit_and; prior registration was null
2025-03-28 06:32:35 [main] DEBUG org.hibernate.query.sqm.function.SqmFunctionRegistry - Registered SqmFunctionTemplate [NamedSqmFunctionTemplate(bit_or)] under bit_or; prior registration was null
2025-03-28 06:32:35 [main] DEBUG org.hibernate.query.sqm.function.SqmFunctionRegistry - Registered SqmFunctionTemplate [NamedSqmFunctionTemplate(day)] under day; prior registration was null
2025-03-28 06:32:35 [main] DEBUG org.hibernate.query.sqm.function.SqmFunctionRegistry - Registered SqmFunctionTemplate [NamedSqmFunctionTemplate(month)] under month; prior registration was null
2025-03-28 06:32:35 [main] DEBUG org.hibernate.query.sqm.function.SqmFunctionRegistry - Registered SqmFunctionTemplate [NamedSqmFunctionTemplate(year)] under year; prior registration was null
2025-03-28 06:32:35 [main] DEBUG org.hibernate.query.sqm.function.SqmFunctionRegistry - Registered SqmFunctionTemplate [NamedSqmFunctionTemplate(hour)] under hour; prior registration was null
2025-03-28 06:32:35 [main] DEBUG org.hibernate.query.sqm.function.SqmFunctionRegistry - Registered SqmFunctionTemplate [NamedSqmFunctionTemplate(minute)] under minute; prior registration was null
2025-03-28 06:32:35 [main] DEBUG org.hibernate.query.sqm.function.SqmFunctionRegistry - Registered SqmFunctionTemplate [NamedSqmFunctionTemplate(second)] under second; prior registration was null
2025-03-28 06:32:35 [main] DEBUG org.hibernate.query.sqm.function.SqmFunctionRegistry - Registered SqmFunctionTemplate [NamedSqmFunctionTemplate(microsecond)] under microsecond; prior registration was null
2025-03-28 06:32:35 [main] DEBUG org.hibernate.query.sqm.function.SqmFunctionRegistry - Registered SqmFunctionTemplate [NamedSqmFunctionTemplate(day_of_week)] under day_of_week; prior registration was null
2025-03-28 06:32:35 [main] DEBUG org.hibernate.query.sqm.function.SqmFunctionRegistry - Registered SqmFunctionTemplate [NamedSqmFunctionTemplate(day_of_month)] under day_of_month; prior registration was null
2025-03-28 06:32:35 [main] DEBUG org.hibernate.query.sqm.function.SqmFunctionRegistry - Registering alternate key : day -> day_of_month
2025-03-28 06:32:35 [main] DEBUG org.hibernate.query.sqm.function.SqmFunctionRegistry - Registered SqmFunctionTemplate [NamedSqmFunctionTemplate(day_of_year)] under day_of_year; prior registration was null
2025-03-28 06:32:35 [main] DEBUG org.hibernate.query.sqm.function.SqmFunctionRegistry - Registered SqmFunctionTemplate [NamedSqmFunctionTemplate(week)] under week; prior registration was null
2025-03-28 06:32:35 [main] DEBUG org.hibernate.query.sqm.function.SqmFunctionRegistry - Registered SqmFunctionTemplate [NamedSqmFunctionTemplate(quarter)] under quarter; prior registration was null
2025-03-28 06:32:35 [main] DEBUG org.hibernate.query.sqm.function.SqmFunctionRegistry - Registered SqmFunctionTemplate [NamedSqmFunctionTemplate(monthname)] under monthname; prior registration was null
2025-03-28 06:32:35 [main] DEBUG org.hibernate.query.sqm.function.SqmFunctionRegistry - Registered SqmFunctionTemplate [NamedSqmFunctionTemplate(dayname)] under dayname; prior registration was null
2025-03-28 06:32:35 [main] DEBUG org.hibernate.query.sqm.function.SqmFunctionRegistry - Registered SqmFunctionTemplate [NamedSqmFunctionTemplate(localtime)] under localtime; prior registration was null
2025-03-28 06:32:35 [main] DEBUG org.hibernate.query.sqm.function.SqmFunctionRegistry - Registered SqmFunctionTemplate [NamedSqmFunctionTemplate(localtimestamp)] under localtimestamp; prior registration was null
2025-03-28 06:32:35 [main] DEBUG org.hibernate.query.sqm.function.SqmFunctionRegistry - Registered SqmFunctionTemplate [NamedSqmFunctionTemplate(localtime)] under local_time; prior registration was org.hibernate.dialect.function.CurrentFunction@52b49891
2025-03-28 06:32:35 [main] DEBUG org.hibernate.query.sqm.function.SqmFunctionRegistry - Registered SqmFunctionTemplate [NamedSqmFunctionTemplate(localtimestamp)] under local_datetime; prior registration was org.hibernate.dialect.function.CurrentFunction@75973f7a
2025-03-28 06:32:35 [main] DEBUG org.hibernate.query.sqm.function.SqmFunctionRegistry - Registered SqmFunctionTemplate [org.hibernate.dialect.function.TruncFunction@6a24c41d] under trunc; prior registration was null
2025-03-28 06:32:35 [main] DEBUG org.hibernate.query.sqm.function.SqmFunctionRegistry - Registering alternate key : truncate -> trunc
2025-03-28 06:32:35 [main] DEBUG org.hibernate.query.sqm.function.SqmFunctionRegistry - Registered SqmFunctionTemplate [org.hibernate.query.sqm.function.PatternBasedSqmFunctionDescriptor@5315210d] under date_trunc; prior registration was null
2025-03-28 06:32:35 [main] DEBUG org.hibernate.query.sqm.function.SqmFunctionRegistry - Registered SqmFunctionTemplate [NamedSqmFunctionTemplate(bit_length)] under bit_length; prior registration was null
2025-03-28 06:32:35 [main] DEBUG org.hibernate.query.sqm.function.SqmFunctionRegistry - Registered SqmFunctionTemplate [NamedSqmFunctionTemplate(octet_length)] under octet_length; prior registration was null
2025-03-28 06:32:35 [main] DEBUG org.hibernate.query.sqm.function.SqmFunctionRegistry - Registered SqmFunctionTemplate [NamedSqmFunctionTemplate(ascii)] under ascii; prior registration was null
2025-03-28 06:32:35 [main] DEBUG org.hibernate.query.sqm.function.SqmFunctionRegistry - Registered SqmFunctionTemplate [NamedSqmFunctionTemplate(octet_length)] under octet_length; prior registration was NamedSqmFunctionTemplate(octet_length)
2025-03-28 06:32:35 [main] DEBUG org.hibernate.query.sqm.function.SqmFunctionRegistry - Registered SqmFunctionTemplate [NamedSqmFunctionTemplate(space)] under space; prior registration was null
2025-03-28 06:32:35 [main] DEBUG org.hibernate.query.sqm.function.SqmFunctionRegistry - Registered SqmFunctionTemplate [NamedSqmFunctionTemplate(repeat)] under repeat; prior registration was null
2025-03-28 06:32:35 [main] DEBUG org.hibernate.query.sqm.function.SqmFunctionRegistry - Registered SqmFunctionTemplate [NamedSqmFunctionTemplate(char)] under char; prior registration was null
2025-03-28 06:32:35 [main] DEBUG org.hibernate.query.sqm.function.SqmFunctionRegistry - Registering alternate key : chr -> char
2025-03-28 06:32:35 [main] DEBUG org.hibernate.query.sqm.function.SqmFunctionRegistry - Registered SqmFunctionTemplate [NamedSqmFunctionTemplate(instr)] under instr; prior registration was null
2025-03-28 06:32:35 [main] DEBUG org.hibernate.query.sqm.function.SqmFunctionRegistry - Registered SqmFunctionTemplate [NamedSqmFunctionTemplate(substr)] under substr; prior registration was null
2025-03-28 06:32:35 [main] DEBUG org.hibernate.query.sqm.function.SqmFunctionRegistry - Registered SqmFunctionTemplate [org.hibernate.query.sqm.function.PatternBasedSqmFunctionDescriptor@3f5f79d8] under position; prior registration was org.hibernate.dialect.function.LocatePositionEmulation@4516c2ef
2025-03-28 06:32:35 [main] DEBUG org.hibernate.query.sqm.function.SqmFunctionRegistry - Registered SqmFunctionTemplate [NamedSqmFunctionTemplate(ltrim)] under ltrim; prior registration was null
2025-03-28 06:32:35 [main] DEBUG org.hibernate.query.sqm.function.SqmFunctionRegistry - Registered SqmFunctionTemplate [NamedSqmFunctionTemplate(rtrim)] under rtrim; prior registration was null
2025-03-28 06:32:35 [main] DEBUG org.hibernate.query.sqm.function.SqmFunctionRegistry - Registered SqmFunctionTemplate [org.hibernate.query.sqm.function.PatternBasedSqmFunctionDescriptor@5dc1597f] under concat; prior registration was NamedSqmFunctionTemplate(concat)
2025-03-28 06:32:35 [main] DEBUG org.hibernate.query.sqm.function.SqmFunctionRegistry - Registered SqmFunctionTemplate [NamedSqmFunctionTemplate(curtime)] under curtime; prior registration was null
2025-03-28 06:32:35 [main] DEBUG org.hibernate.query.sqm.function.SqmFunctionRegistry - Registered SqmFunctionTemplate [NamedSqmFunctionTemplate(curdate)] under curdate; prior registration was null
2025-03-28 06:32:35 [main] DEBUG org.hibernate.query.sqm.function.SqmFunctionRegistry - Registered SqmFunctionTemplate [NamedSqmFunctionTemplate(now)] under now; prior registration was null
2025-03-28 06:32:35 [main] DEBUG org.hibernate.query.sqm.function.SqmFunctionRegistry - Registered SqmFunctionTemplate [NamedSqmFunctionTemplate(sysdate)] under sysdate; prior registration was null
2025-03-28 06:32:35 [main] DEBUG org.hibernate.query.sqm.function.SqmFunctionRegistry - Registered SqmFunctionTemplate [NamedSqmFunctionTemplate(insert)] under insert; prior registration was null
2025-03-28 06:32:35 [main] DEBUG org.hibernate.query.sqm.function.SqmFunctionRegistry - Registered SqmFunctionTemplate [NamedSqmFunctionTemplate(bool_and)] under bool_and; prior registration was null
2025-03-28 06:32:35 [main] DEBUG org.hibernate.query.sqm.function.SqmFunctionRegistry - Registering alternate key : every -> bool_and
2025-03-28 06:32:35 [main] DEBUG org.hibernate.query.sqm.function.SqmFunctionRegistry - Registered SqmFunctionTemplate [NamedSqmFunctionTemplate(bool_or)] under bool_or; prior registration was null
2025-03-28 06:32:35 [main] DEBUG org.hibernate.query.sqm.function.SqmFunctionRegistry - Registering alternate key : any -> bool_or
2025-03-28 06:32:35 [main] DEBUG org.hibernate.query.sqm.function.SqmFunctionRegistry - Registered SqmFunctionTemplate [NamedSqmFunctionTemplate(median)] under median; prior registration was null
2025-03-28 06:32:35 [main] DEBUG org.hibernate.query.sqm.function.SqmFunctionRegistry - Registered SqmFunctionTemplate [NamedSqmFunctionTemplate(stddev_pop)] under stddev_pop; prior registration was null
2025-03-28 06:32:35 [main] DEBUG org.hibernate.query.sqm.function.SqmFunctionRegistry - Registered SqmFunctionTemplate [NamedSqmFunctionTemplate(stddev_samp)] under stddev_samp; prior registration was null
2025-03-28 06:32:35 [main] DEBUG org.hibernate.query.sqm.function.SqmFunctionRegistry - Registered SqmFunctionTemplate [NamedSqmFunctionTemplate(var_pop)] under var_pop; prior registration was null
2025-03-28 06:32:35 [main] DEBUG org.hibernate.query.sqm.function.SqmFunctionRegistry - Registered SqmFunctionTemplate [NamedSqmFunctionTemplate(var_samp)] under var_samp; prior registration was null
2025-03-28 06:32:35 [main] DEBUG org.hibernate.query.sqm.function.SqmFunctionRegistry - Registered SqmFunctionTemplate [org.hibernate.dialect.function.FormatFunction@11896af6] under format; prior registration was org.hibernate.dialect.function.FormatFunction@404566e7
2025-03-28 06:32:35 [main] DEBUG org.hibernate.query.sqm.function.SqmFunctionRegistry - Registered SqmFunctionTemplate [NamedSqmFunctionTemplate(rownum)] under rownum; prior registration was null
2025-03-28 06:32:35 [main] DEBUG org.hibernate.query.sqm.function.SqmFunctionRegistry - Registered SqmFunctionTemplate [NamedSqmFunctionTemplate(row_number)] under row_number; prior registration was null
2025-03-28 06:32:35 [main] DEBUG org.hibernate.query.sqm.function.SqmFunctionRegistry - Registered SqmFunctionTemplate [NamedSqmFunctionTemplate(lag)] under lag; prior registration was null
2025-03-28 06:32:35 [main] DEBUG org.hibernate.query.sqm.function.SqmFunctionRegistry - Registered SqmFunctionTemplate [NamedSqmFunctionTemplate(lead)] under lead; prior registration was null
2025-03-28 06:32:35 [main] DEBUG org.hibernate.query.sqm.function.SqmFunctionRegistry - Registered SqmFunctionTemplate [NamedSqmFunctionTemplate(first_value)] under first_value; prior registration was null
2025-03-28 06:32:35 [main] DEBUG org.hibernate.query.sqm.function.SqmFunctionRegistry - Registered SqmFunctionTemplate [NamedSqmFunctionTemplate(last_value)] under last_value; prior registration was null
2025-03-28 06:32:35 [main] DEBUG org.hibernate.query.sqm.function.SqmFunctionRegistry - Registered SqmFunctionTemplate [NamedSqmFunctionTemplate(nth_value)] under nth_value; prior registration was null
2025-03-28 06:32:35 [main] DEBUG org.hibernate.query.sqm.function.SqmFunctionRegistry - Registered SqmFunctionTemplate [org.hibernate.dialect.function.ListaggFunction@3872867d] under listagg; prior registration was null
2025-03-28 06:32:35 [main] DEBUG org.hibernate.query.sqm.function.SqmFunctionRegistry - Registered SqmFunctionTemplate [org.hibernate.dialect.function.InverseDistributionFunction@62fbefad] under mode; prior registration was null
2025-03-28 06:32:35 [main] DEBUG org.hibernate.query.sqm.function.SqmFunctionRegistry - Registered SqmFunctionTemplate [org.hibernate.dialect.function.InverseDistributionFunction@79f59e0e] under percentile_cont; prior registration was null
2025-03-28 06:32:35 [main] DEBUG org.hibernate.query.sqm.function.SqmFunctionRegistry - Registered SqmFunctionTemplate [org.hibernate.dialect.function.InverseDistributionFunction@279ebd94] under percentile_disc; prior registration was null
2025-03-28 06:32:35 [main] DEBUG org.hibernate.query.sqm.function.SqmFunctionRegistry - Registered SqmFunctionTemplate [org.hibernate.dialect.function.HypotheticalSetFunction@156f0281] under rank; prior registration was null
2025-03-28 06:32:35 [main] DEBUG org.hibernate.query.sqm.function.SqmFunctionRegistry - Registered SqmFunctionTemplate [org.hibernate.dialect.function.HypotheticalSetFunction@1e041848] under dense_rank; prior registration was null
2025-03-28 06:32:35 [main] DEBUG org.hibernate.query.sqm.function.SqmFunctionRegistry - Registered SqmFunctionTemplate [org.hibernate.dialect.function.HypotheticalSetFunction@7097ead6] under percent_rank; prior registration was null
2025-03-28 06:32:35 [main] DEBUG org.hibernate.query.sqm.function.SqmFunctionRegistry - Registered SqmFunctionTemplate [org.hibernate.dialect.function.HypotheticalSetFunction@4c4be9d8] under cume_dist; prior registration was null
2025-03-28 06:32:35 [main] DEBUG org.hibernate.query.sqm.function.SqmFunctionRegistry - Registered SqmFunctionTemplate [org.hibernate.dialect.function.array.ArrayConstructorFunction@47393345] under array; prior registration was null
2025-03-28 06:32:35 [main] DEBUG org.hibernate.query.sqm.function.SqmFunctionRegistry - Registered SqmFunctionTemplate [org.hibernate.dialect.function.array.ArrayConstructorFunction@5b16e486] under array_list; prior registration was null
2025-03-28 06:32:35 [main] DEBUG org.hibernate.query.sqm.function.SqmFunctionRegistry - Registered SqmFunctionTemplate [org.hibernate.dialect.function.array.ArrayAggFunction@490704a5] under array_agg; prior registration was null
2025-03-28 06:32:35 [main] DEBUG org.hibernate.query.sqm.function.SqmFunctionRegistry - Registered SqmFunctionTemplate [org.hibernate.dialect.function.array.H2ArrayPositionFunction@eea0b48] under array_position; prior registration was null
2025-03-28 06:32:35 [main] DEBUG org.hibernate.query.sqm.function.SqmFunctionRegistry - Registered SqmFunctionTemplate [org.hibernate.dialect.function.array.H2ArrayPositionsFunction@584f4ca5] under array_positions; prior registration was null
2025-03-28 06:32:35 [main] DEBUG org.hibernate.query.sqm.function.SqmFunctionRegistry - Registered SqmFunctionTemplate [org.hibernate.dialect.function.array.H2ArrayPositionsFunction@5e94947e] under array_positions_list; prior registration was null
2025-03-28 06:32:35 [main] DEBUG org.hibernate.query.sqm.function.SqmFunctionRegistry - Registered SqmFunctionTemplate [org.hibernate.query.sqm.function.PatternBasedSqmFunctionDescriptor@4a1c14a6] under array_length; prior registration was null
2025-03-28 06:32:35 [main] DEBUG org.hibernate.query.sqm.function.SqmFunctionRegistry - Registered SqmFunctionTemplate [org.hibernate.dialect.function.DynamicDispatchFunction@4e68aede] under length; prior registration was null
2025-03-28 06:32:36 [main] DEBUG org.hibernate.query.sqm.function.SqmFunctionRegistry - Registered SqmFunctionTemplate [org.hibernate.dialect.function.array.ArrayConcatFunction@3c29f6be] under array_concat; prior registration was null
2025-03-28 06:32:36 [main] DEBUG org.hibernate.query.sqm.function.SqmFunctionRegistry - Registered SqmFunctionTemplate [org.hibernate.dialect.function.array.ArrayConcatElementFunction@7bdf8c92] under array_prepend; prior registration was null
2025-03-28 06:32:36 [main] DEBUG org.hibernate.query.sqm.function.SqmFunctionRegistry - Registered SqmFunctionTemplate [org.hibernate.dialect.function.array.ArrayConcatElementFunction@7c0b792e] under array_append; prior registration was null
2025-03-28 06:32:36 [main] DEBUG org.hibernate.query.sqm.function.SqmFunctionRegistry - Registered SqmFunctionTemplate [org.hibernate.dialect.function.array.H2ArrayContainsFunction@396519b] under array_contains; prior registration was null
2025-03-28 06:32:36 [main] DEBUG org.hibernate.query.sqm.function.SqmFunctionRegistry - Registered SqmFunctionTemplate [org.hibernate.dialect.function.array.H2ArrayContainsFunction@18ad085a] under array_contains_nullable; prior registration was null
2025-03-28 06:32:36 [main] DEBUG org.hibernate.query.sqm.function.SqmFunctionRegistry - Registered SqmFunctionTemplate [org.hibernate.dialect.function.array.H2ArrayIncludesFunction@7d432bc0] under array_includes; prior registration was null
2025-03-28 06:32:36 [main] DEBUG org.hibernate.query.sqm.function.SqmFunctionRegistry - Registered SqmFunctionTemplate [org.hibernate.dialect.function.array.H2ArrayIncludesFunction@6b04689e] under array_includes_nullable; prior registration was null
2025-03-28 06:32:36 [main] DEBUG org.hibernate.query.sqm.function.SqmFunctionRegistry - Registered SqmFunctionTemplate [org.hibernate.dialect.function.array.H2ArrayIntersectsFunction@4daead88] under array_intersects; prior registration was null
2025-03-28 06:32:36 [main] DEBUG org.hibernate.query.sqm.function.SqmFunctionRegistry - Registered SqmFunctionTemplate [org.hibernate.dialect.function.array.H2ArrayIntersectsFunction@43aa767] under array_intersects_nullable; prior registration was null
2025-03-28 06:32:36 [main] DEBUG org.hibernate.query.sqm.function.SqmFunctionRegistry - Registering alternate key : array_overlaps -> array_intersects
2025-03-28 06:32:36 [main] DEBUG org.hibernate.query.sqm.function.SqmFunctionRegistry - Registering alternate key : array_overlaps_nullable -> array_intersects_nullable
2025-03-28 06:32:36 [main] DEBUG org.hibernate.query.sqm.function.SqmFunctionRegistry - Registered SqmFunctionTemplate [org.hibernate.query.sqm.function.PatternBasedSqmFunctionDescriptor@2f7d8a7c] under array_get; prior registration was null
2025-03-28 06:32:36 [main] DEBUG org.hibernate.query.sqm.function.SqmFunctionRegistry - Registered SqmFunctionTemplate [org.hibernate.dialect.function.array.H2ArraySetFunction@1390a415] under array_set; prior registration was null
2025-03-28 06:32:36 [main] DEBUG org.hibernate.query.sqm.function.SqmFunctionRegistry - Registered SqmFunctionTemplate [org.hibernate.dialect.function.array.H2ArrayRemoveFunction@351fadfa] under array_remove; prior registration was null
2025-03-28 06:32:36 [main] DEBUG org.hibernate.query.sqm.function.SqmFunctionRegistry - Registered SqmFunctionTemplate [org.hibernate.dialect.function.array.H2ArrayRemoveIndexFunction@761a0bbd] under array_remove_index; prior registration was null
2025-03-28 06:32:36 [main] DEBUG org.hibernate.query.sqm.function.SqmFunctionRegistry - Registered SqmFunctionTemplate [org.hibernate.query.sqm.function.PatternBasedSqmFunctionDescriptor@7a6e0f3c] under array_slice; prior registration was null
2025-03-28 06:32:36 [main] DEBUG org.hibernate.query.sqm.function.SqmFunctionRegistry - Registered SqmFunctionTemplate [org.hibernate.dialect.function.array.H2ArrayReplaceFunction@1f7b8d59] under array_replace; prior registration was null
2025-03-28 06:32:36 [main] DEBUG org.hibernate.query.sqm.function.SqmFunctionRegistry - Registered SqmFunctionTemplate [org.hibernate.query.sqm.function.PatternBasedSqmFunctionDescriptor@28551755] under array_trim; prior registration was null
2025-03-28 06:32:36 [main] DEBUG org.hibernate.query.sqm.function.SqmFunctionRegistry - Registered SqmFunctionTemplate [org.hibernate.dialect.function.array.H2ArrayFillFunction@5f1db390] under array_fill; prior registration was null
2025-03-28 06:32:36 [main] DEBUG org.hibernate.query.sqm.function.SqmFunctionRegistry - Registered SqmFunctionTemplate [org.hibernate.dialect.function.array.H2ArrayFillFunction@78c5ef58] under array_fill_list; prior registration was null
2025-03-28 06:32:36 [main] DEBUG org.hibernate.query.sqm.function.SqmFunctionRegistry - Registered SqmFunctionTemplate [org.hibernate.dialect.function.array.H2ArrayToStringFunction@21d6dc81] under array_to_string; prior registration was null
2025-03-28 06:32:36 [main] DEBUG org.hibernate.HQL_FUNCTIONS - abs(NUMERIC arg)
2025-03-28 06:32:36 [main] DEBUG org.hibernate.HQL_FUNCTIONS - Double acos(NUMERIC arg)
2025-03-28 06:32:36 [main] DEBUG org.hibernate.HQL_FUNCTIONS - Boolean any(BOOLEAN predicate)
2025-03-28 06:32:36 [main] DEBUG org.hibernate.HQL_FUNCTIONS - array( ... )
2025-03-28 06:32:36 [main] DEBUG org.hibernate.HQL_FUNCTIONS - array_agg(arg)
2025-03-28 06:32:36 [main] DEBUG org.hibernate.HQL_FUNCTIONS - array_append( ... )
2025-03-28 06:32:36 [main] DEBUG org.hibernate.HQL_FUNCTIONS - array_concat( ... )
2025-03-28 06:32:36 [main] DEBUG org.hibernate.HQL_FUNCTIONS - Boolean array_contains(ARRAY haystackArray, OBJECT needleElementOrArray)
2025-03-28 06:32:36 [main] DEBUG org.hibernate.HQL_FUNCTIONS - Boolean array_contains_nullable(ARRAY haystackArray, OBJECT needleElementOrArray)
2025-03-28 06:32:36 [main] DEBUG org.hibernate.HQL_FUNCTIONS - array_fill(OBJECT element, INTEGER elementCount)
2025-03-28 06:32:36 [main] DEBUG org.hibernate.HQL_FUNCTIONS - array_fill_list(OBJECT element, INTEGER elementCount)
2025-03-28 06:32:36 [main] DEBUG org.hibernate.HQL_FUNCTIONS - array_get(ARRAY array, INTEGER index)
2025-03-28 06:32:36 [main] DEBUG org.hibernate.HQL_FUNCTIONS - Boolean array_includes(ARRAY haystackArray, OBJECT needleArray)
2025-03-28 06:32:36 [main] DEBUG org.hibernate.HQL_FUNCTIONS - Boolean array_includes_nullable(ARRAY haystackArray, OBJECT needleArray)
2025-03-28 06:32:36 [main] DEBUG org.hibernate.HQL_FUNCTIONS - Boolean array_intersects(ARRAY array0, OBJECT array1)
2025-03-28 06:32:36 [main] DEBUG org.hibernate.HQL_FUNCTIONS - Boolean array_intersects_nullable(ARRAY array0, OBJECT array1)
2025-03-28 06:32:36 [main] DEBUG org.hibernate.HQL_FUNCTIONS - Integer array_length(ARRAY array)
2025-03-28 06:32:36 [main] DEBUG org.hibernate.HQL_FUNCTIONS - array_list( ... )
2025-03-28 06:32:36 [main] DEBUG org.hibernate.HQL_FUNCTIONS - Boolean array_overlaps(ARRAY array0, OBJECT array1)
2025-03-28 06:32:36 [main] DEBUG org.hibernate.HQL_FUNCTIONS - Boolean array_overlaps_nullable(ARRAY array0, OBJECT array1)
2025-03-28 06:32:36 [main] DEBUG org.hibernate.HQL_FUNCTIONS - Integer array_position(ARRAY array, OBJECT element[, INTEGER startPosition])
2025-03-28 06:32:36 [main] DEBUG org.hibernate.HQL_FUNCTIONS - int[] array_positions(ARRAY array, OBJECT element)
2025-03-28 06:32:36 [main] DEBUG org.hibernate.HQL_FUNCTIONS - List array_positions_list(ARRAY array, OBJECT element)
2025-03-28 06:32:36 [main] DEBUG org.hibernate.HQL_FUNCTIONS - array_prepend( ... )
2025-03-28 06:32:36 [main] DEBUG org.hibernate.HQL_FUNCTIONS - array_remove( ... )
2025-03-28 06:32:36 [main] DEBUG org.hibernate.HQL_FUNCTIONS - array_remove_index( ... )
2025-03-28 06:32:36 [main] DEBUG org.hibernate.HQL_FUNCTIONS - array_replace( ... )
2025-03-28 06:32:36 [main] DEBUG org.hibernate.HQL_FUNCTIONS - array_set( ... )
2025-03-28 06:32:36 [main] DEBUG org.hibernate.HQL_FUNCTIONS - array_slice(ARRAY array, INTEGER start, INTEGER end)
2025-03-28 06:32:36 [main] DEBUG org.hibernate.HQL_FUNCTIONS - String array_to_string( ... )
2025-03-28 06:32:36 [main] DEBUG org.hibernate.HQL_FUNCTIONS - array_trim(ARRAY array, INTEGER elementsToRemove)
2025-03-28 06:32:36 [main] DEBUG org.hibernate.HQL_FUNCTIONS - Integer ascii(STRING arg)
2025-03-28 06:32:36 [main] DEBUG org.hibernate.HQL_FUNCTIONS - Double asin(NUMERIC arg)
2025-03-28 06:32:36 [main] DEBUG org.hibernate.HQL_FUNCTIONS - Double atan(NUMERIC arg)
2025-03-28 06:32:36 [main] DEBUG org.hibernate.HQL_FUNCTIONS - Double atan2(NUMERIC arg0, NUMERIC arg1)
2025-03-28 06:32:36 [main] DEBUG org.hibernate.HQL_FUNCTIONS - avg(NUMERIC arg)
2025-03-28 06:32:36 [main] DEBUG org.hibernate.HQL_FUNCTIONS - bit_and(arg)
2025-03-28 06:32:36 [main] DEBUG org.hibernate.HQL_FUNCTIONS - Integer bit_length(STRING_OR_CLOB arg)
2025-03-28 06:32:36 [main] DEBUG org.hibernate.HQL_FUNCTIONS - bit_or(arg)
2025-03-28 06:32:36 [main] DEBUG org.hibernate.HQL_FUNCTIONS - bitand(arg0, arg1)
2025-03-28 06:32:36 [main] DEBUG org.hibernate.HQL_FUNCTIONS - bitnot(arg)
2025-03-28 06:32:36 [main] DEBUG org.hibernate.HQL_FUNCTIONS - bitor(arg0, arg1)
2025-03-28 06:32:36 [main] DEBUG org.hibernate.HQL_FUNCTIONS - bitxor(arg0, arg1)
2025-03-28 06:32:36 [main] DEBUG org.hibernate.HQL_FUNCTIONS - Boolean bool_and(BOOLEAN predicate)
2025-03-28 06:32:36 [main] DEBUG org.hibernate.HQL_FUNCTIONS - Boolean bool_or(BOOLEAN predicate)
2025-03-28 06:32:36 [main] DEBUG org.hibernate.HQL_FUNCTIONS - cast(arg as Type)
2025-03-28 06:32:36 [main] DEBUG org.hibernate.HQL_FUNCTIONS - ceiling(NUMERIC arg)
2025-03-28 06:32:36 [main] DEBUG org.hibernate.HQL_FUNCTIONS - Character char(INTEGER arg)
2025-03-28 06:32:36 [main] DEBUG org.hibernate.HQL_FUNCTIONS - Integer character_length(STRING_OR_CLOB arg)
2025-03-28 06:32:36 [main] DEBUG org.hibernate.HQL_FUNCTIONS - Character chr(INTEGER arg)
2025-03-28 06:32:36 [main] DEBUG org.hibernate.HQL_FUNCTIONS - coalesce(arg0[, arg1[, ...]])
2025-03-28 06:32:36 [main] DEBUG org.hibernate.HQL_FUNCTIONS - String collate(STRING string as COLLATION collation)
2025-03-28 06:32:36 [main] DEBUG org.hibernate.HQL_FUNCTIONS - String concat(STRING string0[, STRING string1[, ...]])
2025-03-28 06:32:36 [main] DEBUG org.hibernate.HQL_FUNCTIONS - Double cos(NUMERIC arg)
2025-03-28 06:32:36 [main] DEBUG org.hibernate.HQL_FUNCTIONS - Double cosh(NUMERIC arg)
2025-03-28 06:32:36 [main] DEBUG org.hibernate.HQL_FUNCTIONS - Double cot(NUMERIC arg)
2025-03-28 06:32:36 [main] DEBUG org.hibernate.HQL_FUNCTIONS - Long count([distinct ]{arg|*})
2025-03-28 06:32:36 [main] DEBUG org.hibernate.HQL_FUNCTIONS - Double cume_dist([arg0[, ...]])
2025-03-28 06:32:36 [main] DEBUG org.hibernate.HQL_FUNCTIONS - Date curdate()
2025-03-28 06:32:36 [main] DEBUG org.hibernate.HQL_FUNCTIONS - Date current date
2025-03-28 06:32:36 [main] DEBUG org.hibernate.HQL_FUNCTIONS - Time current time
2025-03-28 06:32:36 [main] DEBUG org.hibernate.HQL_FUNCTIONS - Timestamp current timestamp
2025-03-28 06:32:36 [main] DEBUG org.hibernate.HQL_FUNCTIONS - Date current_date
2025-03-28 06:32:36 [main] DEBUG org.hibernate.HQL_FUNCTIONS - Instant current_instant
2025-03-28 06:32:36 [main] DEBUG org.hibernate.HQL_FUNCTIONS - Time current_time
2025-03-28 06:32:36 [main] DEBUG org.hibernate.HQL_FUNCTIONS - Timestamp current_timestamp
2025-03-28 06:32:36 [main] DEBUG org.hibernate.HQL_FUNCTIONS - Time curtime()
2025-03-28 06:32:36 [main] DEBUG org.hibernate.HQL_FUNCTIONS - date_trunc(STRING field, TEMPORAL datetime)
2025-03-28 06:32:36 [main] DEBUG org.hibernate.HQL_FUNCTIONS - dateadd(TEMPORAL_UNIT field, INTEGER magnitude, TEMPORAL datetime)
2025-03-28 06:32:36 [main] DEBUG org.hibernate.HQL_FUNCTIONS - Long|Double datediff(TEMPORAL_UNIT field, TEMPORAL start, TEMPORAL end)
2025-03-28 06:32:36 [main] DEBUG org.hibernate.HQL_FUNCTIONS - Integer day(DATE arg)
2025-03-28 06:32:36 [main] DEBUG org.hibernate.HQL_FUNCTIONS - Integer day_of_month(DATE arg)
2025-03-28 06:32:36 [main] DEBUG org.hibernate.HQL_FUNCTIONS - Integer day_of_week(DATE arg)
2025-03-28 06:32:36 [main] DEBUG org.hibernate.HQL_FUNCTIONS - Integer day_of_year(DATE arg)
2025-03-28 06:32:36 [main] DEBUG org.hibernate.HQL_FUNCTIONS - String dayname(DATE arg)
2025-03-28 06:32:36 [main] DEBUG org.hibernate.HQL_FUNCTIONS - Double degrees(NUMERIC arg)
2025-03-28 06:32:36 [main] DEBUG org.hibernate.HQL_FUNCTIONS - Long dense_rank([arg0[, ...]])
2025-03-28 06:32:36 [main] DEBUG org.hibernate.HQL_FUNCTIONS - Boolean every(BOOLEAN predicate)
2025-03-28 06:32:36 [main] DEBUG org.hibernate.HQL_FUNCTIONS - Double exp(NUMERIC arg)
2025-03-28 06:32:36 [main] DEBUG org.hibernate.HQL_FUNCTIONS - extract(TEMPORAL_UNIT field from TEMPORAL arg)
2025-03-28 06:32:36 [main] DEBUG org.hibernate.HQL_FUNCTIONS - first_valueANY value
2025-03-28 06:32:36 [main] DEBUG org.hibernate.HQL_FUNCTIONS - floor(NUMERIC arg)
2025-03-28 06:32:36 [main] DEBUG org.hibernate.HQL_FUNCTIONS - String format(TEMPORAL datetime as STRING pattern)
2025-03-28 06:32:36 [main] DEBUG org.hibernate.HQL_FUNCTIONS - greatest(COMPARABLE arg0, COMPARABLE arg1[, arg2[, ...]])
2025-03-28 06:32:36 [main] DEBUG org.hibernate.HQL_FUNCTIONS - Integer hour(TIME arg)
2025-03-28 06:32:36 [main] DEBUG org.hibernate.HQL_FUNCTIONS - ifnull(arg0, arg1)
2025-03-28 06:32:36 [main] DEBUG org.hibernate.HQL_FUNCTIONS - String insert(STRING string, INTEGER start, INTEGER length, STRING replacement)
2025-03-28 06:32:36 [main] DEBUG org.hibernate.HQL_FUNCTIONS - Instant instant
2025-03-28 06:32:36 [main] DEBUG org.hibernate.HQL_FUNCTIONS - Integer instr(STRING string, STRING pattern[, INTEGER start[, INTEGER occurrence]])
2025-03-28 06:32:36 [main] DEBUG org.hibernate.HQL_FUNCTIONS - lagANY value[, INTEGER offset[, ANY default]]
2025-03-28 06:32:36 [main] DEBUG org.hibernate.HQL_FUNCTIONS - last_valueANY value
2025-03-28 06:32:36 [main] DEBUG org.hibernate.HQL_FUNCTIONS - leadANY value[, INTEGER offset[, ANY default]]
2025-03-28 06:32:36 [main] DEBUG org.hibernate.HQL_FUNCTIONS - least(COMPARABLE arg0, COMPARABLE arg1[, arg2[, ...]])
2025-03-28 06:32:36 [main] DEBUG org.hibernate.HQL_FUNCTIONS - String left(STRING string, INTEGER length)
2025-03-28 06:32:36 [main] DEBUG org.hibernate.HQL_FUNCTIONS - length
2025-03-28 06:32:36 [main] DEBUG org.hibernate.HQL_FUNCTIONS - String listagg(STRING arg0, STRING arg1)
2025-03-28 06:32:36 [main] DEBUG org.hibernate.HQL_FUNCTIONS - Double ln(NUMERIC arg)
2025-03-28 06:32:36 [main] DEBUG org.hibernate.HQL_FUNCTIONS - LocalDate local date
2025-03-28 06:32:36 [main] DEBUG org.hibernate.HQL_FUNCTIONS - LocalDateTime local datetime
2025-03-28 06:32:36 [main] DEBUG org.hibernate.HQL_FUNCTIONS - LocalTime local time
2025-03-28 06:32:36 [main] DEBUG org.hibernate.HQL_FUNCTIONS - LocalDate local_date
2025-03-28 06:32:36 [main] DEBUG org.hibernate.HQL_FUNCTIONS - LocalDateTime local_datetime
2025-03-28 06:32:36 [main] DEBUG org.hibernate.HQL_FUNCTIONS - LocalTime local_time
2025-03-28 06:32:36 [main] DEBUG org.hibernate.HQL_FUNCTIONS - Time localtime
2025-03-28 06:32:36 [main] DEBUG org.hibernate.HQL_FUNCTIONS - Timestamp localtimestamp
2025-03-28 06:32:36 [main] DEBUG org.hibernate.HQL_FUNCTIONS - Integer locate(STRING pattern, STRING string[, INTEGER start])
2025-03-28 06:32:36 [main] DEBUG org.hibernate.HQL_FUNCTIONS - Double log(NUMERIC base, NUMERIC arg)
2025-03-28 06:32:36 [main] DEBUG org.hibernate.HQL_FUNCTIONS - Double log10(NUMERIC arg)
2025-03-28 06:32:36 [main] DEBUG org.hibernate.HQL_FUNCTIONS - String lower(STRING string)
2025-03-28 06:32:36 [main] DEBUG org.hibernate.HQL_FUNCTIONS - String lpad(STRING string, INTEGER length[, STRING padding])
2025-03-28 06:32:36 [main] DEBUG org.hibernate.HQL_FUNCTIONS - String ltrim(STRING string)
2025-03-28 06:32:36 [main] DEBUG org.hibernate.HQL_FUNCTIONS - max(COMPARABLE arg)
2025-03-28 06:32:36 [main] DEBUG org.hibernate.HQL_FUNCTIONS - Double median(NUMERIC arg)
2025-03-28 06:32:36 [main] DEBUG org.hibernate.HQL_FUNCTIONS - Integer microsecond(TIME arg)
2025-03-28 06:32:36 [main] DEBUG org.hibernate.HQL_FUNCTIONS - min(COMPARABLE arg)
2025-03-28 06:32:36 [main] DEBUG org.hibernate.HQL_FUNCTIONS - Integer minute(TIME arg)
2025-03-28 06:32:36 [main] DEBUG org.hibernate.HQL_FUNCTIONS - Integer mod(INTEGER arg0, INTEGER arg1)
2025-03-28 06:32:36 [main] DEBUG org.hibernate.HQL_FUNCTIONS - mode()
2025-03-28 06:32:36 [main] DEBUG org.hibernate.HQL_FUNCTIONS - Integer month(DATE arg)
2025-03-28 06:32:36 [main] DEBUG org.hibernate.HQL_FUNCTIONS - String monthname(DATE arg)
2025-03-28 06:32:36 [main] DEBUG org.hibernate.HQL_FUNCTIONS - Timestamp now()
2025-03-28 06:32:36 [main] DEBUG org.hibernate.HQL_FUNCTIONS - nth_valueANY value, INTEGER nth
2025-03-28 06:32:36 [main] DEBUG org.hibernate.HQL_FUNCTIONS - nullif(arg0, arg1)
2025-03-28 06:32:36 [main] DEBUG org.hibernate.HQL_FUNCTIONS - Integer octet_length(STRING_OR_CLOB arg)
2025-03-28 06:32:36 [main] DEBUG org.hibernate.HQL_FUNCTIONS - OffsetDateTime offset datetime
2025-03-28 06:32:36 [main] DEBUG org.hibernate.HQL_FUNCTIONS - OffsetDateTime offset_datetime
2025-03-28 06:32:36 [main] DEBUG org.hibernate.HQL_FUNCTIONS - String overlay(STRING string placing STRING replacement from INTEGER start[ for INTEGER length])
2025-03-28 06:32:36 [main] DEBUG org.hibernate.HQL_FUNCTIONS - String pad(STRING string with INTEGER length {leading|trailing}[ STRING character])
2025-03-28 06:32:36 [main] DEBUG org.hibernate.HQL_FUNCTIONS - Double percent_rank([arg0[, ...]])
2025-03-28 06:32:36 [main] DEBUG org.hibernate.HQL_FUNCTIONS - percentile_cont(NUMERIC arg)
2025-03-28 06:32:36 [main] DEBUG org.hibernate.HQL_FUNCTIONS - percentile_disc(NUMERIC arg)
2025-03-28 06:32:36 [main] DEBUG org.hibernate.HQL_FUNCTIONS - Double pi
2025-03-28 06:32:36 [main] DEBUG org.hibernate.HQL_FUNCTIONS - Integer position(STRING pattern in STRING string)
2025-03-28 06:32:36 [main] DEBUG org.hibernate.HQL_FUNCTIONS - Double power(NUMERIC arg0, NUMERIC arg1)
2025-03-28 06:32:36 [main] DEBUG org.hibernate.HQL_FUNCTIONS - Integer quarter(DATE arg)
2025-03-28 06:32:36 [main] DEBUG org.hibernate.HQL_FUNCTIONS - Double radians(NUMERIC arg)
2025-03-28 06:32:36 [main] DEBUG org.hibernate.HQL_FUNCTIONS - Double rand([INTEGER seed])
2025-03-28 06:32:36 [main] DEBUG org.hibernate.HQL_FUNCTIONS - Long rank([arg0[, ...]])
2025-03-28 06:32:36 [main] DEBUG org.hibernate.HQL_FUNCTIONS - String repeat(STRING string, INTEGER times)
2025-03-28 06:32:36 [main] DEBUG org.hibernate.HQL_FUNCTIONS - String replace(STRING string, STRING pattern, STRING replacement)
2025-03-28 06:32:36 [main] DEBUG org.hibernate.HQL_FUNCTIONS - String right(STRING string, INTEGER length)
2025-03-28 06:32:36 [main] DEBUG org.hibernate.HQL_FUNCTIONS - round(NUMERIC number[, INTEGER places])
2025-03-28 06:32:36 [main] DEBUG org.hibernate.HQL_FUNCTIONS - Long row_number()
2025-03-28 06:32:36 [main] DEBUG org.hibernate.HQL_FUNCTIONS - Long rownum()
2025-03-28 06:32:36 [main] DEBUG org.hibernate.HQL_FUNCTIONS - String rpad(STRING string, INTEGER length[, STRING padding])
2025-03-28 06:32:36 [main] DEBUG org.hibernate.HQL_FUNCTIONS - String rtrim(STRING string)
2025-03-28 06:32:36 [main] DEBUG org.hibernate.HQL_FUNCTIONS - Integer second(TIME arg)
2025-03-28 06:32:36 [main] DEBUG org.hibernate.HQL_FUNCTIONS - Integer sign(NUMERIC arg)
2025-03-28 06:32:36 [main] DEBUG org.hibernate.HQL_FUNCTIONS - Double sin(NUMERIC arg)
2025-03-28 06:32:36 [main] DEBUG org.hibernate.HQL_FUNCTIONS - Double sinh(NUMERIC arg)
2025-03-28 06:32:36 [main] DEBUG org.hibernate.HQL_FUNCTIONS - String soundex(arg)
2025-03-28 06:32:36 [main] DEBUG org.hibernate.HQL_FUNCTIONS - String space(INTEGER arg)
2025-03-28 06:32:36 [main] DEBUG org.hibernate.HQL_FUNCTIONS - Object sql
2025-03-28 06:32:36 [main] DEBUG org.hibernate.HQL_FUNCTIONS - Double sqrt(NUMERIC arg)
2025-03-28 06:32:36 [main] DEBUG org.hibernate.HQL_FUNCTIONS - Double stddev_pop(NUMERIC arg)
2025-03-28 06:32:36 [main] DEBUG org.hibernate.HQL_FUNCTIONS - Double stddev_samp(NUMERIC arg)
2025-03-28 06:32:36 [main] DEBUG org.hibernate.HQL_FUNCTIONS - String str(arg)
2025-03-28 06:32:36 [main] DEBUG org.hibernate.HQL_FUNCTIONS - String substr(STRING string, INTEGER start[, INTEGER length])
2025-03-28 06:32:36 [main] DEBUG org.hibernate.HQL_FUNCTIONS - String substring(STRING string{ from|,} INTEGER start[{ for|,} INTEGER length])
2025-03-28 06:32:36 [main] DEBUG org.hibernate.HQL_FUNCTIONS - sum(arg)
2025-03-28 06:32:36 [main] DEBUG org.hibernate.HQL_FUNCTIONS - Timestamp sysdate
2025-03-28 06:32:36 [main] DEBUG org.hibernate.HQL_FUNCTIONS - Double tan(NUMERIC arg)
2025-03-28 06:32:36 [main] DEBUG org.hibernate.HQL_FUNCTIONS - Double tanh(NUMERIC arg)
2025-03-28 06:32:36 [main] DEBUG org.hibernate.HQL_FUNCTIONS - timestampadd(TEMPORAL_UNIT field, INTEGER magnitude, TEMPORAL datetime)
2025-03-28 06:32:36 [main] DEBUG org.hibernate.HQL_FUNCTIONS - Long|Double timestampdiff(TEMPORAL_UNIT field, TEMPORAL start, TEMPORAL end)
2025-03-28 06:32:36 [main] DEBUG org.hibernate.HQL_FUNCTIONS - String translate(STRING arg0, STRING arg1, STRING arg2)
2025-03-28 06:32:36 [main] DEBUG org.hibernate.HQL_FUNCTIONS - String trim([[{leading|trailing|both} ][STRING arg0 ]from] STRING arg1)
2025-03-28 06:32:36 [main] DEBUG org.hibernate.HQL_FUNCTIONS - trunc( ... )
2025-03-28 06:32:36 [main] DEBUG org.hibernate.HQL_FUNCTIONS - truncate( ... )
2025-03-28 06:32:36 [main] DEBUG org.hibernate.HQL_FUNCTIONS - String upper(STRING string)
2025-03-28 06:32:36 [main] DEBUG org.hibernate.HQL_FUNCTIONS - Double var_pop(NUMERIC arg)
2025-03-28 06:32:36 [main] DEBUG org.hibernate.HQL_FUNCTIONS - Double var_samp(NUMERIC arg)
2025-03-28 06:32:36 [main] DEBUG org.hibernate.HQL_FUNCTIONS - Integer week(DATE arg)
2025-03-28 06:32:36 [main] DEBUG org.hibernate.HQL_FUNCTIONS - Integer year(DATE arg)
2025-03-28 06:32:36 [main] DEBUG org.hibernate.orm.query.plan.cache - Starting QueryInterpretationCache(2048)
2025-03-28 06:32:36 [main] DEBUG org.hibernate.service.internal.SessionFactoryServiceRegistryImpl - EventListenerRegistry access via ServiceRegistry is deprecated.  Use `sessionFactory.getEventEngine().getListenerRegistry()` instead
2025-03-28 06:32:36 [main] DEBUG org.hibernate.event.internal.EntityCopyObserverFactoryInitiator - Configured EntityCopyObserver strategy: disallow
2025-03-28 06:32:36 [main] DEBUG org.hibernate.orm.model.mapping.creation - Starting post-init callbacks
2025-03-28 06:32:36 [main] INFO  org.hibernate.engine.transaction.jta.platform.internal.JtaPlatformInitiator - HHH000489: No JTA platform available (set 'hibernate.transaction.jta.platform' to enable JTA platform integration)
2025-03-28 06:32:36 [main] DEBUG org.hibernate.type.spi.TypeConfiguration$Scope - Scoping TypeConfiguration [org.hibernate.type.spi.TypeConfiguration@52d434c1] to SessionFactoryImplementor [org.hibernate.internal.SessionFactoryImpl@397f925e]
2025-03-28 06:32:36 [main] DEBUG org.hibernate.query.named.NamedObjectRepository - Checking 0 named HQL queries
2025-03-28 06:32:36 [main] DEBUG org.hibernate.query.named.NamedObjectRepository - Checking 0 named SQL queries
2025-03-28 06:32:36 [main] DEBUG org.hibernate.tool.schema.spi.SchemaManagementToolCoordinator - No actions found; doing nothing
2025-03-28 06:32:36 [main] DEBUG org.hibernate.internal.SessionFactoryRegistry - Initializing SessionFactoryRegistry : org.hibernate.internal.SessionFactoryRegistry@363a09a2
2025-03-28 06:32:36 [main] DEBUG org.hibernate.internal.SessionFactoryRegistry - Registering SessionFactory: 3af4b5e7-3252-4614-b6dc-88deed327bab (<unnamed>)
2025-03-28 06:32:36 [main] DEBUG org.hibernate.internal.SessionFactoryRegistry - Not binding SessionFactory to JNDI, no JNDI name configured
2025-03-28 06:32:36 [main] DEBUG org.hibernate.internal.SessionFactoryImpl - Instantiated SessionFactory
2025-03-28 06:32:36 [main] INFO  org.springframework.orm.jpa.LocalContainerEntityManagerFactoryBean - Initialized JPA EntityManagerFactory for persistence unit 'default'
2025-03-28 06:32:36 [main] DEBUG org.springframework.beans.factory.support.DefaultListableBeanFactory - Creating shared instance of singleton bean 'orangeHrmSpringBootAutomationApplication'
2025-03-28 06:32:36 [main] DEBUG org.springframework.beans.factory.support.DefaultListableBeanFactory - Creating shared instance of singleton bean 'apiConfig'
2025-03-28 06:32:36 [main] DEBUG org.springframework.core.env.PropertySourcesPropertyResolver - Found key 'api.base.url' in PropertySource 'environmentProperties' with value of type String
2025-03-28 06:32:36 [main] DEBUG org.springframework.beans.factory.support.DefaultListableBeanFactory - Creating shared instance of singleton bean 'globalExceptionHandler'
2025-03-28 06:32:36 [main] DEBUG org.springframework.beans.factory.support.DefaultListableBeanFactory - Creating shared instance of singleton bean 'reportPortalExecutionListener'
2025-03-28 06:32:36 [main] DEBUG org.springframework.beans.factory.support.DefaultListableBeanFactory - Creating shared instance of singleton bean 'testAnnotationTransformer'
2025-03-28 06:32:36 [main] DEBUG org.springframework.beans.factory.support.DefaultListableBeanFactory - Creating shared instance of singleton bean 'testListener'
2025-03-28 06:32:36 [main] DEBUG org.springframework.beans.factory.support.DefaultListableBeanFactory - Creating shared instance of singleton bean 'testMethodListener'
2025-03-28 06:32:36 [main] DEBUG org.springframework.beans.factory.support.DefaultListableBeanFactory - Creating shared instance of singleton bean 'testNgReportListener'
2025-03-28 06:32:36 [main] DEBUG org.springframework.beans.factory.support.DefaultListableBeanFactory - Creating shared instance of singleton bean 'testRetryAnalyzer'
2025-03-28 06:32:36 [main] DEBUG org.springframework.beans.factory.support.DefaultListableBeanFactory - Creating shared instance of singleton bean 'bookingAPIService'
2025-03-28 06:32:36 [main] DEBUG org.springframework.beans.factory.support.DefaultListableBeanFactory - Creating shared instance of singleton bean 'restAssuredUtils'
2025-03-28 06:32:36 [main] DEBUG org.springframework.core.env.PropertySourcesPropertyResolver - Found key 'api.base.url' in PropertySource 'environmentProperties' with value of type String
2025-03-28 06:32:36 [main] DEBUG org.springframework.core.env.PropertySourcesPropertyResolver - Found key 'api.base.url.other' in PropertySource 'environmentProperties' with value of type String
2025-03-28 06:32:36 [main] DEBUG org.springframework.beans.factory.support.DefaultListableBeanFactory - Creating shared instance of singleton bean 'APIAuthUtils'
2025-03-28 06:32:36 [main] DEBUG org.springframework.core.env.PropertySourcesPropertyResolver - Found key 'api.base.url.other' in PropertySource 'environmentProperties' with value of type String
2025-03-28 06:32:36 [main] DEBUG org.springframework.core.env.PropertySourcesPropertyResolver - Found key 'api.auth.endpoint' in PropertySource 'environmentProperties' with value of type String
2025-03-28 06:32:36 [main] DEBUG org.springframework.core.env.PropertySourcesPropertyResolver - Found key 'api.auth.username' in PropertySource 'environmentProperties' with value of type String
2025-03-28 06:32:36 [main] DEBUG org.springframework.core.env.PropertySourcesPropertyResolver - Found key 'api.auth.password' in PropertySource 'environmentProperties' with value of type String
2025-03-28 06:32:36 [main] DEBUG org.springframework.beans.factory.support.DefaultListableBeanFactory - Creating shared instance of singleton bean 'userAPIService'
2025-03-28 06:32:36 [main] DEBUG org.springframework.beans.factory.support.DefaultListableBeanFactory - Creating shared instance of singleton bean 'configReaderUtil'
2025-03-28 06:32:36 [main] DEBUG org.springframework.beans.factory.support.DefaultListableBeanFactory - Creating shared instance of singleton bean 'jsonUtil'
2025-03-28 06:32:36 [main] DEBUG org.springframework.beans.factory.support.DefaultListableBeanFactory - Creating shared instance of singleton bean 'loggingUtils'
2025-03-28 06:32:36 [main] DEBUG org.springframework.beans.factory.support.DefaultListableBeanFactory - Creating shared instance of singleton bean 'logUtility'
2025-03-28 06:32:36 [main] DEBUG org.springframework.beans.factory.support.DefaultListableBeanFactory - Creating shared instance of singleton bean 'booking'
2025-03-28 06:32:36 [main] DEBUG org.springframework.beans.factory.support.DefaultListableBeanFactory - Creating shared instance of singleton bean 'bookingDates'
2025-03-28 06:32:36 [main] DEBUG org.springframework.beans.factory.support.DefaultListableBeanFactory - Creating shared instance of singleton bean 'user'
2025-03-28 06:32:36 [main] DEBUG org.springframework.beans.factory.support.DefaultListableBeanFactory - Creating shared instance of singleton bean 'org.springframework.boot.autoconfigure.context.PropertyPlaceholderAutoConfiguration'
2025-03-28 06:32:36 [main] DEBUG org.springframework.beans.factory.support.DefaultListableBeanFactory - Creating shared instance of singleton bean 'org.springframework.boot.autoconfigure.ssl.SslAutoConfiguration'
2025-03-28 06:32:36 [main] DEBUG org.springframework.beans.factory.support.DefaultListableBeanFactory - Creating shared instance of singleton bean 'spring.ssl-org.springframework.boot.autoconfigure.ssl.SslProperties'
2025-03-28 06:32:36 [main] DEBUG org.springframework.beans.factory.support.DefaultListableBeanFactory - Autowiring by type from bean name 'org.springframework.boot.autoconfigure.ssl.SslAutoConfiguration' via constructor to bean named 'org.springframework.web.context.support.GenericWebApplicationContext@22d322f5'
2025-03-28 06:32:36 [main] DEBUG org.springframework.beans.factory.support.DefaultListableBeanFactory - Autowiring by type from bean name 'org.springframework.boot.autoconfigure.ssl.SslAutoConfiguration' via constructor to bean named 'spring.ssl-org.springframework.boot.autoconfigure.ssl.SslProperties'
2025-03-28 06:32:36 [main] DEBUG org.springframework.beans.factory.support.DefaultListableBeanFactory - Creating shared instance of singleton bean 'fileWatcher'
2025-03-28 06:32:36 [main] DEBUG org.springframework.beans.factory.support.DefaultListableBeanFactory - Creating shared instance of singleton bean 'sslPropertiesSslBundleRegistrar'
2025-03-28 06:32:36 [main] DEBUG org.springframework.beans.factory.support.DefaultListableBeanFactory - Autowiring by type from bean name 'sslPropertiesSslBundleRegistrar' via factory method to bean named 'fileWatcher'
2025-03-28 06:32:36 [main] DEBUG org.springframework.beans.factory.support.DefaultListableBeanFactory - Creating shared instance of singleton bean 'sslBundleRegistry'
2025-03-28 06:32:36 [main] DEBUG org.springframework.beans.factory.support.DefaultListableBeanFactory - Creating shared instance of singleton bean 'org.springframework.boot.context.properties.EnableConfigurationPropertiesRegistrar.methodValidationExcludeFilter'
2025-03-28 06:32:36 [main] DEBUG org.springframework.beans.factory.support.DefaultListableBeanFactory - Creating shared instance of singleton bean 'org.springframework.boot.autoconfigure.websocket.servlet.WebSocketServletAutoConfiguration$TomcatWebSocketConfiguration'
2025-03-28 06:32:36 [main] DEBUG org.springframework.beans.factory.support.DefaultListableBeanFactory - Creating shared instance of singleton bean 'websocketServletWebServerCustomizer'
2025-03-28 06:32:36 [main] DEBUG org.springframework.beans.factory.support.DefaultListableBeanFactory - Creating shared instance of singleton bean 'org.springframework.boot.autoconfigure.websocket.servlet.WebSocketServletAutoConfiguration'
2025-03-28 06:32:36 [main] DEBUG org.springframework.beans.factory.support.DefaultListableBeanFactory - Creating shared instance of singleton bean 'org.springframework.boot.autoconfigure.web.servlet.ServletWebServerFactoryConfiguration$EmbeddedTomcat'
2025-03-28 06:32:36 [main] DEBUG org.springframework.beans.factory.support.DefaultListableBeanFactory - Creating shared instance of singleton bean 'tomcatServletWebServerFactory'
2025-03-28 06:32:36 [main] DEBUG org.springframework.beans.factory.support.DefaultListableBeanFactory - Creating shared instance of singleton bean 'servletWebServerFactoryCustomizer'
2025-03-28 06:32:36 [main] DEBUG org.springframework.beans.factory.support.DefaultListableBeanFactory - Creating shared instance of singleton bean 'org.springframework.boot.autoconfigure.web.servlet.ServletWebServerFactoryAutoConfiguration'
2025-03-28 06:32:36 [main] DEBUG org.springframework.beans.factory.support.DefaultListableBeanFactory - Creating shared instance of singleton bean 'server-org.springframework.boot.autoconfigure.web.ServerProperties'
2025-03-28 06:32:37 [main] DEBUG org.springframework.beans.factory.support.DefaultListableBeanFactory - Autowiring by type from bean name 'servletWebServerFactoryCustomizer' via factory method to bean named 'server-org.springframework.boot.autoconfigure.web.ServerProperties'
2025-03-28 06:32:37 [main] DEBUG org.springframework.beans.factory.support.DefaultListableBeanFactory - Creating shared instance of singleton bean 'tomcatServletWebServerFactoryCustomizer'
2025-03-28 06:32:37 [main] DEBUG org.springframework.beans.factory.support.DefaultListableBeanFactory - Autowiring by type from bean name 'tomcatServletWebServerFactoryCustomizer' via factory method to bean named 'server-org.springframework.boot.autoconfigure.web.ServerProperties'
2025-03-28 06:32:37 [main] DEBUG org.springframework.beans.factory.support.DefaultListableBeanFactory - Creating shared instance of singleton bean 'localeCharsetMappingsCustomizer'
2025-03-28 06:32:37 [main] DEBUG org.springframework.beans.factory.support.DefaultListableBeanFactory - Creating shared instance of singleton bean 'org.springframework.boot.autoconfigure.web.servlet.HttpEncodingAutoConfiguration'
2025-03-28 06:32:37 [main] DEBUG org.springframework.beans.factory.support.DefaultListableBeanFactory - Autowiring by type from bean name 'org.springframework.boot.autoconfigure.web.servlet.HttpEncodingAutoConfiguration' via constructor to bean named 'server-org.springframework.boot.autoconfigure.web.ServerProperties'
2025-03-28 06:32:37 [main] DEBUG org.springframework.beans.factory.support.DefaultListableBeanFactory - Creating shared instance of singleton bean 'errorPageCustomizer'
2025-03-28 06:32:37 [main] DEBUG org.springframework.beans.factory.support.DefaultListableBeanFactory - Creating shared instance of singleton bean 'org.springframework.boot.autoconfigure.web.servlet.error.ErrorMvcAutoConfiguration'
2025-03-28 06:32:37 [main] DEBUG org.springframework.beans.factory.support.DefaultListableBeanFactory - Autowiring by type from bean name 'org.springframework.boot.autoconfigure.web.servlet.error.ErrorMvcAutoConfiguration' via constructor to bean named 'server-org.springframework.boot.autoconfigure.web.ServerProperties'
2025-03-28 06:32:37 [main] DEBUG org.springframework.beans.factory.support.DefaultListableBeanFactory - Creating shared instance of singleton bean 'dispatcherServletRegistration'
2025-03-28 06:32:37 [main] DEBUG org.springframework.beans.factory.support.DefaultListableBeanFactory - Creating shared instance of singleton bean 'org.springframework.boot.autoconfigure.web.servlet.DispatcherServletAutoConfiguration$DispatcherServletRegistrationConfiguration'
2025-03-28 06:32:37 [main] DEBUG org.springframework.beans.factory.support.DefaultListableBeanFactory - Creating shared instance of singleton bean 'dispatcherServlet'
2025-03-28 06:32:37 [main] DEBUG org.springframework.beans.factory.support.DefaultListableBeanFactory - Creating shared instance of singleton bean 'org.springframework.boot.autoconfigure.web.servlet.DispatcherServletAutoConfiguration$DispatcherServletConfiguration'
2025-03-28 06:32:37 [main] DEBUG org.springframework.beans.factory.support.DefaultListableBeanFactory - Creating shared instance of singleton bean 'spring.mvc-org.springframework.boot.autoconfigure.web.servlet.WebMvcProperties'
2025-03-28 06:32:37 [main] DEBUG org.springframework.beans.factory.support.DefaultListableBeanFactory - Autowiring by type from bean name 'dispatcherServlet' via factory method to bean named 'spring.mvc-org.springframework.boot.autoconfigure.web.servlet.WebMvcProperties'
2025-03-28 06:32:37 [main] DEBUG org.springframework.beans.factory.support.DefaultListableBeanFactory - Autowiring by type from bean name 'dispatcherServletRegistration' via factory method to bean named 'dispatcherServlet'
2025-03-28 06:32:37 [main] DEBUG org.springframework.beans.factory.support.DefaultListableBeanFactory - Autowiring by type from bean name 'dispatcherServletRegistration' via factory method to bean named 'spring.mvc-org.springframework.boot.autoconfigure.web.servlet.WebMvcProperties'
2025-03-28 06:32:37 [main] DEBUG org.springframework.beans.factory.support.DefaultListableBeanFactory - Creating shared instance of singleton bean 'multipartConfigElement'
2025-03-28 06:32:37 [main] DEBUG org.springframework.beans.factory.support.DefaultListableBeanFactory - Creating shared instance of singleton bean 'org.springframework.boot.autoconfigure.web.servlet.MultipartAutoConfiguration'
2025-03-28 06:32:37 [main] DEBUG org.springframework.beans.factory.support.DefaultListableBeanFactory - Creating shared instance of singleton bean 'spring.servlet.multipart-org.springframework.boot.autoconfigure.web.servlet.MultipartProperties'
2025-03-28 06:32:37 [main] DEBUG org.springframework.beans.factory.support.DefaultListableBeanFactory - Autowiring by type from bean name 'org.springframework.boot.autoconfigure.web.servlet.MultipartAutoConfiguration' via constructor to bean named 'spring.servlet.multipart-org.springframework.boot.autoconfigure.web.servlet.MultipartProperties'
2025-03-28 06:32:37 [main] DEBUG org.springframework.beans.factory.support.DefaultListableBeanFactory - Autowiring by type from bean name 'errorPageCustomizer' via factory method to bean named 'dispatcherServletRegistration'
2025-03-28 06:32:37 [main] DEBUG org.springframework.beans.factory.support.DefaultListableBeanFactory - Creating shared instance of singleton bean 'org.springframework.boot.autoconfigure.web.servlet.DispatcherServletAutoConfiguration'
2025-03-28 06:32:37 [main] DEBUG org.springframework.beans.factory.support.DefaultListableBeanFactory - Creating shared instance of singleton bean 'org.springframework.boot.autoconfigure.task.TaskExecutorConfigurations$ThreadPoolTaskExecutorBuilderConfiguration'
2025-03-28 06:32:37 [main] DEBUG org.springframework.beans.factory.support.DefaultListableBeanFactory - Creating shared instance of singleton bean 'threadPoolTaskExecutorBuilder'
2025-03-28 06:32:37 [main] DEBUG org.springframework.beans.factory.support.DefaultListableBeanFactory - Creating shared instance of singleton bean 'spring.task.execution-org.springframework.boot.autoconfigure.task.TaskExecutionProperties'
2025-03-28 06:32:37 [main] DEBUG org.springframework.beans.factory.support.DefaultListableBeanFactory - Autowiring by type from bean name 'threadPoolTaskExecutorBuilder' via factory method to bean named 'spring.task.execution-org.springframework.boot.autoconfigure.task.TaskExecutionProperties'
2025-03-28 06:32:37 [main] DEBUG org.springframework.beans.factory.support.DefaultListableBeanFactory - Creating shared instance of singleton bean 'org.springframework.boot.autoconfigure.task.TaskExecutorConfigurations$SimpleAsyncTaskExecutorBuilderConfiguration'
2025-03-28 06:32:37 [main] DEBUG org.springframework.beans.factory.support.DefaultListableBeanFactory - Autowiring by type from bean name 'org.springframework.boot.autoconfigure.task.TaskExecutorConfigurations$SimpleAsyncTaskExecutorBuilderConfiguration' via constructor to bean named 'spring.task.execution-org.springframework.boot.autoconfigure.task.TaskExecutionProperties'
2025-03-28 06:32:37 [main] DEBUG org.springframework.beans.factory.support.DefaultListableBeanFactory - Creating shared instance of singleton bean 'simpleAsyncTaskExecutorBuilder'
2025-03-28 06:32:37 [main] DEBUG org.springframework.beans.factory.support.DefaultListableBeanFactory - Creating shared instance of singleton bean 'org.springframework.boot.autoconfigure.task.TaskExecutorConfigurations$TaskExecutorConfiguration'
2025-03-28 06:32:37 [main] DEBUG org.springframework.beans.factory.support.DefaultListableBeanFactory - Creating shared instance of singleton bean 'org.springframework.boot.autoconfigure.task.TaskExecutionAutoConfiguration'
2025-03-28 06:32:37 [main] DEBUG org.springframework.beans.factory.support.DefaultListableBeanFactory - Creating shared instance of singleton bean 'org.springframework.boot.autoconfigure.web.servlet.error.ErrorMvcAutoConfiguration$WhitelabelErrorViewConfiguration'
2025-03-28 06:32:37 [main] DEBUG org.springframework.beans.factory.support.DefaultListableBeanFactory - Creating shared instance of singleton bean 'error'
2025-03-28 06:32:37 [main] DEBUG org.springframework.beans.factory.support.DefaultListableBeanFactory - Creating shared instance of singleton bean 'beanNameViewResolver'
2025-03-28 06:32:37 [main] DEBUG org.springframework.beans.factory.support.DefaultListableBeanFactory - Creating shared instance of singleton bean 'org.springframework.boot.autoconfigure.web.servlet.error.ErrorMvcAutoConfiguration$DefaultErrorViewResolverConfiguration'
2025-03-28 06:32:37 [main] DEBUG org.springframework.beans.factory.support.DefaultListableBeanFactory - Creating shared instance of singleton bean 'spring.web-org.springframework.boot.autoconfigure.web.WebProperties'
2025-03-28 06:32:37 [main] DEBUG org.springframework.beans.factory.support.DefaultListableBeanFactory - Autowiring by type from bean name 'org.springframework.boot.autoconfigure.web.servlet.error.ErrorMvcAutoConfiguration$DefaultErrorViewResolverConfiguration' via constructor to bean named 'org.springframework.web.context.support.GenericWebApplicationContext@22d322f5'
2025-03-28 06:32:37 [main] DEBUG org.springframework.beans.factory.support.DefaultListableBeanFactory - Autowiring by type from bean name 'org.springframework.boot.autoconfigure.web.servlet.error.ErrorMvcAutoConfiguration$DefaultErrorViewResolverConfiguration' via constructor to bean named 'spring.web-org.springframework.boot.autoconfigure.web.WebProperties'
2025-03-28 06:32:37 [main] DEBUG org.springframework.beans.factory.support.DefaultListableBeanFactory - Creating shared instance of singleton bean 'conventionErrorViewResolver'
2025-03-28 06:32:37 [main] DEBUG org.springframework.beans.factory.support.DefaultListableBeanFactory - Creating shared instance of singleton bean 'errorAttributes'
2025-03-28 06:32:37 [main] DEBUG org.springframework.beans.factory.support.DefaultListableBeanFactory - Creating shared instance of singleton bean 'basicErrorController'
2025-03-28 06:32:37 [main] DEBUG org.springframework.beans.factory.support.DefaultListableBeanFactory - Autowiring by type from bean name 'basicErrorController' via factory method to bean named 'errorAttributes'
2025-03-28 06:32:37 [main] DEBUG org.springframework.beans.factory.support.DefaultListableBeanFactory - Creating shared instance of singleton bean 'org.springframework.boot.autoconfigure.web.servlet.WebMvcAutoConfiguration$EnableWebMvcConfiguration'
2025-03-28 06:32:37 [main] DEBUG org.springframework.beans.factory.support.DefaultListableBeanFactory - Autowiring by type from bean name 'org.springframework.boot.autoconfigure.web.servlet.WebMvcAutoConfiguration$EnableWebMvcConfiguration' via constructor to bean named 'spring.mvc-org.springframework.boot.autoconfigure.web.servlet.WebMvcProperties'
2025-03-28 06:32:37 [main] DEBUG org.springframework.beans.factory.support.DefaultListableBeanFactory - Autowiring by type from bean name 'org.springframework.boot.autoconfigure.web.servlet.WebMvcAutoConfiguration$EnableWebMvcConfiguration' via constructor to bean named 'spring.web-org.springframework.boot.autoconfigure.web.WebProperties'
2025-03-28 06:32:37 [main] DEBUG org.springframework.beans.factory.support.DefaultListableBeanFactory - Autowiring by type from bean name 'org.springframework.boot.autoconfigure.web.servlet.WebMvcAutoConfiguration$EnableWebMvcConfiguration' via constructor to bean named 'org.springframework.beans.factory.support.DefaultListableBeanFactory@6aa5974e'
2025-03-28 06:32:37 [main] DEBUG org.springframework.beans.factory.support.DefaultListableBeanFactory - Creating shared instance of singleton bean 'org.springframework.boot.autoconfigure.web.servlet.WebMvcAutoConfiguration$WebMvcAutoConfigurationAdapter'
2025-03-28 06:32:37 [main] DEBUG org.springframework.beans.factory.support.DefaultListableBeanFactory - Autowiring by type from bean name 'org.springframework.boot.autoconfigure.web.servlet.WebMvcAutoConfiguration$WebMvcAutoConfigurationAdapter' via constructor to bean named 'spring.web-org.springframework.boot.autoconfigure.web.WebProperties'
2025-03-28 06:32:37 [main] DEBUG org.springframework.beans.factory.support.DefaultListableBeanFactory - Autowiring by type from bean name 'org.springframework.boot.autoconfigure.web.servlet.WebMvcAutoConfiguration$WebMvcAutoConfigurationAdapter' via constructor to bean named 'spring.mvc-org.springframework.boot.autoconfigure.web.servlet.WebMvcProperties'
2025-03-28 06:32:37 [main] DEBUG org.springframework.beans.factory.support.DefaultListableBeanFactory - Autowiring by type from bean name 'org.springframework.boot.autoconfigure.web.servlet.WebMvcAutoConfiguration$WebMvcAutoConfigurationAdapter' via constructor to bean named 'org.springframework.beans.factory.support.DefaultListableBeanFactory@6aa5974e'
2025-03-28 06:32:37 [main] DEBUG org.springframework.beans.factory.support.DefaultListableBeanFactory - Creating shared instance of singleton bean 'openEntityManagerInViewInterceptorConfigurer'
2025-03-28 06:32:37 [main] DEBUG org.springframework.beans.factory.support.DefaultListableBeanFactory - Creating shared instance of singleton bean 'org.springframework.boot.autoconfigure.orm.jpa.JpaBaseConfiguration$JpaWebConfiguration'
2025-03-28 06:32:37 [main] DEBUG org.springframework.beans.factory.support.DefaultListableBeanFactory - Autowiring by type from bean name 'org.springframework.boot.autoconfigure.orm.jpa.JpaBaseConfiguration$JpaWebConfiguration' via constructor to bean named 'spring.jpa-org.springframework.boot.autoconfigure.orm.jpa.JpaProperties'
2025-03-28 06:32:37 [main] DEBUG org.springframework.beans.factory.support.DefaultListableBeanFactory - Creating shared instance of singleton bean 'openEntityManagerInViewInterceptor'
2025-03-28 06:32:37 [main] WARN  org.springframework.boot.autoconfigure.orm.jpa.JpaBaseConfiguration$JpaWebConfiguration - spring.jpa.open-in-view is enabled by default. Therefore, database queries may be performed during view rendering. Explicitly configure spring.jpa.open-in-view to disable this warning
2025-03-28 06:32:37 [main] DEBUG org.springframework.beans.factory.support.DefaultListableBeanFactory - Autowiring by type from bean name 'openEntityManagerInViewInterceptorConfigurer' via factory method to bean named 'openEntityManagerInViewInterceptor'
2025-03-28 06:32:37 [main] DEBUG org.springframework.beans.factory.support.DefaultListableBeanFactory - Creating shared instance of singleton bean 'org.springframework.data.web.config.SpringDataWebConfiguration'
2025-03-28 06:32:37 [main] DEBUG org.springframework.beans.factory.support.DefaultListableBeanFactory - Autowiring by type from bean name 'org.springframework.data.web.config.SpringDataWebConfiguration' via constructor to bean named 'org.springframework.web.context.support.GenericWebApplicationContext@22d322f5'
2025-03-28 06:32:37 [main] DEBUG org.springframework.beans.factory.support.DefaultListableBeanFactory - Creating shared instance of singleton bean 'welcomePageHandlerMapping'
2025-03-28 06:32:37 [main] DEBUG org.springframework.beans.factory.support.DefaultListableBeanFactory - Creating shared instance of singleton bean 'mvcConversionService'
2025-03-28 06:32:37 [main] DEBUG org.springframework.beans.factory.support.DefaultListableBeanFactory - Creating shared instance of singleton bean 'mvcResourceUrlProvider'
2025-03-28 06:32:37 [main] DEBUG org.springframework.beans.factory.support.DefaultListableBeanFactory - Autowiring by type from bean name 'welcomePageHandlerMapping' via factory method to bean named 'org.springframework.web.context.support.GenericWebApplicationContext@22d322f5'
2025-03-28 06:32:37 [main] DEBUG org.springframework.beans.factory.support.DefaultListableBeanFactory - Autowiring by type from bean name 'welcomePageHandlerMapping' via factory method to bean named 'mvcConversionService'
2025-03-28 06:32:37 [main] DEBUG org.springframework.beans.factory.support.DefaultListableBeanFactory - Autowiring by type from bean name 'welcomePageHandlerMapping' via factory method to bean named 'mvcResourceUrlProvider'
2025-03-28 06:32:37 [main] DEBUG org.springframework.beans.factory.support.DefaultListableBeanFactory - Creating shared instance of singleton bean 'welcomePageNotAcceptableHandlerMapping'
2025-03-28 06:32:37 [main] DEBUG org.springframework.beans.factory.support.DefaultListableBeanFactory - Autowiring by type from bean name 'welcomePageNotAcceptableHandlerMapping' via factory method to bean named 'org.springframework.web.context.support.GenericWebApplicationContext@22d322f5'
2025-03-28 06:32:37 [main] DEBUG org.springframework.beans.factory.support.DefaultListableBeanFactory - Autowiring by type from bean name 'welcomePageNotAcceptableHandlerMapping' via factory method to bean named 'mvcConversionService'
2025-03-28 06:32:37 [main] DEBUG org.springframework.beans.factory.support.DefaultListableBeanFactory - Autowiring by type from bean name 'welcomePageNotAcceptableHandlerMapping' via factory method to bean named 'mvcResourceUrlProvider'
2025-03-28 06:32:37 [main] DEBUG org.springframework.beans.factory.support.DefaultListableBeanFactory - Creating shared instance of singleton bean 'localeResolver'
2025-03-28 06:32:37 [main] DEBUG org.springframework.beans.factory.support.DefaultListableBeanFactory - Creating shared instance of singleton bean 'themeResolver'
2025-03-28 06:32:37 [main] DEBUG org.springframework.beans.factory.support.DefaultListableBeanFactory - Creating shared instance of singleton bean 'flashMapManager'
2025-03-28 06:32:37 [main] DEBUG org.springframework.beans.factory.support.DefaultListableBeanFactory - Creating shared instance of singleton bean 'viewNameTranslator'
2025-03-28 06:32:37 [main] DEBUG org.springframework.beans.factory.support.DefaultListableBeanFactory - Creating shared instance of singleton bean 'mvcValidator'
2025-03-28 06:32:37 [main] DEBUG org.springframework.beans.factory.support.DefaultListableBeanFactory - Creating shared instance of singleton bean 'mvcContentNegotiationManager'
2025-03-28 06:32:37 [main] DEBUG org.springframework.beans.factory.support.DefaultListableBeanFactory - Creating shared instance of singleton bean 'requestMappingHandlerMapping'
2025-03-28 06:32:37 [main] DEBUG org.springframework.beans.factory.support.DefaultListableBeanFactory - Autowiring by type from bean name 'requestMappingHandlerMapping' via factory method to bean named 'mvcContentNegotiationManager'
2025-03-28 06:32:37 [main] DEBUG org.springframework.beans.factory.support.DefaultListableBeanFactory - Autowiring by type from bean name 'requestMappingHandlerMapping' via factory method to bean named 'mvcConversionService'
2025-03-28 06:32:37 [main] DEBUG org.springframework.beans.factory.support.DefaultListableBeanFactory - Autowiring by type from bean name 'requestMappingHandlerMapping' via factory method to bean named 'mvcResourceUrlProvider'
2025-03-28 06:32:37 [main] DEBUG _org.springframework.web.servlet.HandlerMapping.Mappings - 
	o.s.b.a.w.s.e.BasicErrorController:
	{ [/error]}: error(HttpServletRequest)
	{ [/error], produces [text/html]}: errorHtml(HttpServletRequest,HttpServletResponse)
2025-03-28 06:32:37 [main] DEBUG org.springframework.web.servlet.mvc.method.annotation.RequestMappingHandlerMapping - 2 mappings in 'requestMappingHandlerMapping'
2025-03-28 06:32:37 [main] DEBUG org.springframework.beans.factory.support.DefaultListableBeanFactory - Creating shared instance of singleton bean 'mvcPatternParser'
2025-03-28 06:32:37 [main] DEBUG org.springframework.beans.factory.support.DefaultListableBeanFactory - Creating shared instance of singleton bean 'mvcUrlPathHelper'
2025-03-28 06:32:37 [main] DEBUG org.springframework.beans.factory.support.DefaultListableBeanFactory - Creating shared instance of singleton bean 'mvcPathMatcher'
2025-03-28 06:32:37 [main] DEBUG org.springframework.beans.factory.support.DefaultListableBeanFactory - Creating shared instance of singleton bean 'viewControllerHandlerMapping'
2025-03-28 06:32:37 [main] DEBUG org.springframework.beans.factory.support.DefaultListableBeanFactory - Autowiring by type from bean name 'viewControllerHandlerMapping' via factory method to bean named 'mvcConversionService'
2025-03-28 06:32:37 [main] DEBUG org.springframework.beans.factory.support.DefaultListableBeanFactory - Autowiring by type from bean name 'viewControllerHandlerMapping' via factory method to bean named 'mvcResourceUrlProvider'
2025-03-28 06:32:37 [main] DEBUG org.springframework.beans.factory.support.DefaultListableBeanFactory - Creating shared instance of singleton bean 'beanNameHandlerMapping'
2025-03-28 06:32:37 [main] DEBUG org.springframework.beans.factory.support.DefaultListableBeanFactory - Autowiring by type from bean name 'beanNameHandlerMapping' via factory method to bean named 'mvcConversionService'
2025-03-28 06:32:37 [main] DEBUG org.springframework.beans.factory.support.DefaultListableBeanFactory - Autowiring by type from bean name 'beanNameHandlerMapping' via factory method to bean named 'mvcResourceUrlProvider'
2025-03-28 06:32:37 [main] DEBUG _org.springframework.web.servlet.HandlerMapping.Mappings - 'beanNameHandlerMapping' {}
2025-03-28 06:32:37 [main] DEBUG org.springframework.beans.factory.support.DefaultListableBeanFactory - Creating shared instance of singleton bean 'routerFunctionMapping'
2025-03-28 06:32:37 [main] DEBUG org.springframework.beans.factory.support.DefaultListableBeanFactory - Autowiring by type from bean name 'routerFunctionMapping' via factory method to bean named 'mvcConversionService'
2025-03-28 06:32:37 [main] DEBUG org.springframework.beans.factory.support.DefaultListableBeanFactory - Autowiring by type from bean name 'routerFunctionMapping' via factory method to bean named 'mvcResourceUrlProvider'
2025-03-28 06:32:37 [main] DEBUG org.springframework.beans.factory.support.DefaultListableBeanFactory - Creating shared instance of singleton bean 'messageConverters'
2025-03-28 06:32:37 [main] DEBUG org.springframework.beans.factory.support.DefaultListableBeanFactory - Creating shared instance of singleton bean 'org.springframework.boot.autoconfigure.http.HttpMessageConvertersAutoConfiguration'
2025-03-28 06:32:37 [main] DEBUG org.springframework.beans.factory.support.DefaultListableBeanFactory - Creating shared instance of singleton bean 'stringHttpMessageConverter'
2025-03-28 06:32:38 [main] DEBUG org.springframework.beans.factory.support.DefaultListableBeanFactory - Creating shared instance of singleton bean 'org.springframework.boot.autoconfigure.http.HttpMessageConvertersAutoConfiguration$StringHttpMessageConverterConfiguration'
2025-03-28 06:32:38 [main] DEBUG org.springframework.beans.factory.support.DefaultListableBeanFactory - Autowiring by type from bean name 'stringHttpMessageConverter' via factory method to bean named 'environment'
2025-03-28 06:32:38 [main] DEBUG org.springframework.beans.factory.support.DefaultListableBeanFactory - Creating shared instance of singleton bean 'mappingJackson2HttpMessageConverter'
2025-03-28 06:32:38 [main] DEBUG org.springframework.beans.factory.support.DefaultListableBeanFactory - Creating shared instance of singleton bean 'org.springframework.boot.autoconfigure.http.JacksonHttpMessageConvertersConfiguration$MappingJackson2HttpMessageConverterConfiguration'
2025-03-28 06:32:38 [main] DEBUG org.springframework.beans.factory.support.DefaultListableBeanFactory - Creating shared instance of singleton bean 'jacksonObjectMapper'
2025-03-28 06:32:38 [main] DEBUG org.springframework.beans.factory.support.DefaultListableBeanFactory - Creating shared instance of singleton bean 'org.springframework.boot.autoconfigure.jackson.JacksonAutoConfiguration$JacksonObjectMapperConfiguration'
2025-03-28 06:32:38 [main] DEBUG org.springframework.beans.factory.support.DefaultListableBeanFactory - Creating shared instance of singleton bean 'org.springframework.boot.autoconfigure.jackson.JacksonAutoConfiguration$JacksonObjectMapperBuilderConfiguration'
2025-03-28 06:32:38 [main] DEBUG org.springframework.beans.factory.support.DefaultListableBeanFactory - Creating shared instance of singleton bean 'standardJacksonObjectMapperBuilderCustomizer'
2025-03-28 06:32:38 [main] DEBUG org.springframework.beans.factory.support.DefaultListableBeanFactory - Creating shared instance of singleton bean 'org.springframework.boot.autoconfigure.jackson.JacksonAutoConfiguration$Jackson2ObjectMapperBuilderCustomizerConfiguration'
2025-03-28 06:32:38 [main] DEBUG org.springframework.beans.factory.support.DefaultListableBeanFactory - Creating shared instance of singleton bean 'spring.jackson-org.springframework.boot.autoconfigure.jackson.JacksonProperties'
2025-03-28 06:32:38 [main] DEBUG org.springframework.beans.factory.support.DefaultListableBeanFactory - Autowiring by type from bean name 'standardJacksonObjectMapperBuilderCustomizer' via factory method to bean named 'spring.jackson-org.springframework.boot.autoconfigure.jackson.JacksonProperties'
2025-03-28 06:32:38 [main] DEBUG org.springframework.beans.factory.support.DefaultListableBeanFactory - Creating shared instance of singleton bean 'parameterNamesModule'
2025-03-28 06:32:38 [main] DEBUG org.springframework.beans.factory.support.DefaultListableBeanFactory - Creating shared instance of singleton bean 'org.springframework.boot.autoconfigure.jackson.JacksonAutoConfiguration$ParameterNamesModuleConfiguration'
2025-03-28 06:32:38 [main] DEBUG org.springframework.beans.factory.support.DefaultListableBeanFactory - Creating shared instance of singleton bean 'jsonMixinModule'
2025-03-28 06:32:38 [main] DEBUG org.springframework.beans.factory.support.DefaultListableBeanFactory - Creating shared instance of singleton bean 'org.springframework.boot.autoconfigure.jackson.JacksonAutoConfiguration$JacksonMixinConfiguration'
2025-03-28 06:32:38 [main] DEBUG org.springframework.beans.factory.support.DefaultListableBeanFactory - Creating shared instance of singleton bean 'jsonMixinModuleEntries'
2025-03-28 06:32:38 [main] DEBUG org.springframework.beans.factory.support.DefaultListableBeanFactory - Autowiring by type from bean name 'jsonMixinModuleEntries' via factory method to bean named 'org.springframework.web.context.support.GenericWebApplicationContext@22d322f5'
2025-03-28 06:32:38 [main] DEBUG org.springframework.beans.factory.support.DefaultListableBeanFactory - Autowiring by type from bean name 'jsonMixinModule' via factory method to bean named 'org.springframework.web.context.support.GenericWebApplicationContext@22d322f5'
2025-03-28 06:32:38 [main] DEBUG org.springframework.beans.factory.support.DefaultListableBeanFactory - Autowiring by type from bean name 'jsonMixinModule' via factory method to bean named 'jsonMixinModuleEntries'
2025-03-28 06:32:38 [main] DEBUG org.springframework.beans.factory.support.DefaultListableBeanFactory - Creating shared instance of singleton bean 'jsonComponentModule'
2025-03-28 06:32:38 [main] DEBUG org.springframework.beans.factory.support.DefaultListableBeanFactory - Creating shared instance of singleton bean 'org.springframework.boot.autoconfigure.jackson.JacksonAutoConfiguration'
2025-03-28 06:32:38 [main] DEBUG org.springframework.beans.factory.support.DefaultListableBeanFactory - Creating shared instance of singleton bean 'jacksonGeoModule'
2025-03-28 06:32:38 [main] DEBUG org.springframework.beans.factory.support.DefaultListableBeanFactory - Creating shared instance of singleton bean 'org.springframework.data.web.config.SpringDataJacksonConfiguration'
2025-03-28 06:32:38 [main] DEBUG org.springframework.beans.factory.support.DefaultListableBeanFactory - Creating shared instance of singleton bean 'springDataWebSettings'
2025-03-28 06:32:38 [main] DEBUG org.springframework.beans.factory.support.DefaultListableBeanFactory - Creating shared instance of singleton bean 'org.springframework.boot.autoconfigure.data.web.SpringDataWebAutoConfiguration'
2025-03-28 06:32:38 [main] DEBUG org.springframework.beans.factory.support.DefaultListableBeanFactory - Creating shared instance of singleton bean 'spring.data.web-org.springframework.boot.autoconfigure.data.web.SpringDataWebProperties'
2025-03-28 06:32:38 [main] DEBUG org.springframework.beans.factory.support.DefaultListableBeanFactory - Autowiring by type from bean name 'org.springframework.boot.autoconfigure.data.web.SpringDataWebAutoConfiguration' via constructor to bean named 'spring.data.web-org.springframework.boot.autoconfigure.data.web.SpringDataWebProperties'
2025-03-28 06:32:38 [main] DEBUG org.springframework.beans.factory.support.DefaultListableBeanFactory - Creating shared instance of singleton bean 'pageModule'
2025-03-28 06:32:38 [main] DEBUG org.springframework.beans.factory.support.DefaultListableBeanFactory - Autowiring by type from bean name 'jacksonObjectMapperBuilder' via factory method to bean named 'org.springframework.web.context.support.GenericWebApplicationContext@22d322f5'
2025-03-28 06:32:38 [main] DEBUG org.springframework.beans.factory.support.DefaultListableBeanFactory - Autowiring by type from bean name 'jacksonObjectMapperBuilder' via factory method to bean named 'standardJacksonObjectMapperBuilderCustomizer'
2025-03-28 06:32:38 [main] DEBUG org.springframework.beans.factory.support.DefaultListableBeanFactory - Autowiring by type from bean name 'jacksonObjectMapper' via factory method to bean named 'jacksonObjectMapperBuilder'
2025-03-28 06:32:38 [main] DEBUG org.springframework.beans.factory.support.DefaultListableBeanFactory - Autowiring by type from bean name 'mappingJackson2HttpMessageConverter' via factory method to bean named 'jacksonObjectMapper'
2025-03-28 06:32:38 [main] DEBUG org.springframework.beans.factory.support.DefaultListableBeanFactory - Creating shared instance of singleton bean 'resourceHandlerMapping'
2025-03-28 06:32:38 [main] DEBUG org.springframework.beans.factory.support.DefaultListableBeanFactory - Autowiring by type from bean name 'resourceHandlerMapping' via factory method to bean named 'mvcContentNegotiationManager'
2025-03-28 06:32:38 [main] DEBUG org.springframework.beans.factory.support.DefaultListableBeanFactory - Autowiring by type from bean name 'resourceHandlerMapping' via factory method to bean named 'mvcConversionService'
2025-03-28 06:32:38 [main] DEBUG org.springframework.beans.factory.support.DefaultListableBeanFactory - Autowiring by type from bean name 'resourceHandlerMapping' via factory method to bean named 'mvcResourceUrlProvider'
2025-03-28 06:32:38 [main] DEBUG _org.springframework.web.servlet.HandlerMapping.Mappings - 'resourceHandlerMapping' {/webjars/**=ResourceHttpRequestHandler [classpath [META-INF/resources/webjars/]], /**=ResourceHttpRequestHandler [classpath [META-INF/resources/], classpath [resources/], classpath [static/], classpath [public/], ServletContext [/]]}
2025-03-28 06:32:38 [main] DEBUG org.springframework.beans.factory.support.DefaultListableBeanFactory - Creating shared instance of singleton bean 'defaultServletHandlerMapping'
2025-03-28 06:32:38 [main] DEBUG org.springframework.beans.factory.support.DefaultListableBeanFactory - Creating shared instance of singleton bean 'requestMappingHandlerAdapter'
2025-03-28 06:32:38 [main] DEBUG org.springframework.beans.factory.support.DefaultListableBeanFactory - Autowiring by type from bean name 'requestMappingHandlerAdapter' via factory method to bean named 'mvcContentNegotiationManager'
2025-03-28 06:32:38 [main] DEBUG org.springframework.beans.factory.support.DefaultListableBeanFactory - Autowiring by type from bean name 'requestMappingHandlerAdapter' via factory method to bean named 'mvcConversionService'
2025-03-28 06:32:38 [main] DEBUG org.springframework.beans.factory.support.DefaultListableBeanFactory - Autowiring by type from bean name 'requestMappingHandlerAdapter' via factory method to bean named 'mvcValidator'
2025-03-28 06:32:38 [main] DEBUG org.springframework.beans.factory.support.DefaultListableBeanFactory - Creating shared instance of singleton bean 'sortResolver'
2025-03-28 06:32:38 [main] DEBUG org.springframework.beans.factory.support.DefaultListableBeanFactory - Creating shared instance of singleton bean 'sortCustomizer'
2025-03-28 06:32:38 [main] DEBUG org.springframework.beans.factory.support.DefaultListableBeanFactory - Creating shared instance of singleton bean 'pageableResolver'
2025-03-28 06:32:38 [main] DEBUG org.springframework.beans.factory.support.DefaultListableBeanFactory - Creating shared instance of singleton bean 'pageableCustomizer'
2025-03-28 06:32:38 [main] DEBUG org.springframework.beans.factory.support.DefaultListableBeanFactory - Creating shared instance of singleton bean 'applicationTaskExecutor'
2025-03-28 06:32:38 [main] DEBUG org.springframework.beans.factory.support.DefaultListableBeanFactory - Autowiring by type from bean name 'applicationTaskExecutor' via factory method to bean named 'threadPoolTaskExecutorBuilder'
2025-03-28 06:32:38 [main] DEBUG org.springframework.scheduling.concurrent.ThreadPoolTaskExecutor - Initializing ExecutorService 'applicationTaskExecutor'
2025-03-28 06:32:38 [main] DEBUG org.springframework.web.servlet.mvc.method.annotation.RequestMappingHandlerAdapter - ControllerAdvice beans: 0 @ModelAttribute, 0 @InitBinder, 1 RequestBodyAdvice, 1 ResponseBodyAdvice
2025-03-28 06:32:38 [main] DEBUG org.springframework.beans.factory.support.DefaultListableBeanFactory - Creating shared instance of singleton bean 'mvcViewResolver'
2025-03-28 06:32:38 [main] DEBUG org.springframework.beans.factory.support.DefaultListableBeanFactory - Autowiring by type from bean name 'mvcViewResolver' via factory method to bean named 'mvcContentNegotiationManager'
2025-03-28 06:32:38 [main] DEBUG org.springframework.beans.factory.support.DefaultListableBeanFactory - Creating shared instance of singleton bean 'defaultViewResolver'
2025-03-28 06:32:38 [main] DEBUG org.springframework.beans.factory.support.DefaultListableBeanFactory - Creating shared instance of singleton bean 'viewResolver'
2025-03-28 06:32:38 [main] DEBUG org.springframework.beans.factory.support.DefaultListableBeanFactory - Autowiring by type from bean name 'viewResolver' via factory method to bean named 'org.springframework.beans.factory.support.DefaultListableBeanFactory@6aa5974e'
2025-03-28 06:32:38 [main] DEBUG org.springframework.beans.factory.support.DefaultListableBeanFactory - Creating shared instance of singleton bean 'viewResolver'
2025-03-28 06:32:38 [main] DEBUG org.springframework.beans.factory.support.DefaultListableBeanFactory - Creating shared instance of singleton bean 'handlerFunctionAdapter'
2025-03-28 06:32:38 [main] DEBUG org.springframework.beans.factory.support.DefaultListableBeanFactory - Creating shared instance of singleton bean 'mvcUriComponentsContributor'
2025-03-28 06:32:38 [main] DEBUG org.springframework.beans.factory.support.DefaultListableBeanFactory - Autowiring by type from bean name 'mvcUriComponentsContributor' via factory method to bean named 'mvcConversionService'
2025-03-28 06:32:38 [main] DEBUG org.springframework.beans.factory.support.DefaultListableBeanFactory - Autowiring by type from bean name 'mvcUriComponentsContributor' via factory method to bean named 'requestMappingHandlerAdapter'
2025-03-28 06:32:38 [main] DEBUG org.springframework.beans.factory.support.DefaultListableBeanFactory - Creating shared instance of singleton bean 'httpRequestHandlerAdapter'
2025-03-28 06:32:38 [main] DEBUG org.springframework.beans.factory.support.DefaultListableBeanFactory - Creating shared instance of singleton bean 'simpleControllerHandlerAdapter'
2025-03-28 06:32:38 [main] DEBUG org.springframework.beans.factory.support.DefaultListableBeanFactory - Creating shared instance of singleton bean 'handlerExceptionResolver'
2025-03-28 06:32:38 [main] DEBUG org.springframework.beans.factory.support.DefaultListableBeanFactory - Autowiring by type from bean name 'handlerExceptionResolver' via factory method to bean named 'mvcContentNegotiationManager'
2025-03-28 06:32:38 [main] DEBUG org.springframework.web.servlet.mvc.method.annotation.ExceptionHandlerExceptionResolver - ControllerAdvice beans: 1 @ExceptionHandler, 1 ResponseBodyAdvice
2025-03-28 06:32:38 [main] DEBUG org.springframework.beans.factory.support.DefaultListableBeanFactory - Creating shared instance of singleton bean 'requestContextFilter'
2025-03-28 06:32:38 [main] DEBUG org.springframework.beans.factory.support.DefaultListableBeanFactory - Creating shared instance of singleton bean 'org.springframework.boot.autoconfigure.web.servlet.WebMvcAutoConfiguration'
2025-03-28 06:32:38 [main] DEBUG org.springframework.beans.factory.support.DefaultListableBeanFactory - Creating shared instance of singleton bean 'formContentFilter'
2025-03-28 06:32:38 [main] DEBUG org.springframework.beans.factory.support.DefaultListableBeanFactory - Creating shared instance of singleton bean 'org.springframework.boot.autoconfigure.aop.AopAutoConfiguration$AspectJAutoProxyingConfiguration$CglibAutoProxyConfiguration'
2025-03-28 06:32:38 [main] DEBUG org.springframework.beans.factory.support.DefaultListableBeanFactory - Creating shared instance of singleton bean 'org.springframework.boot.autoconfigure.aop.AopAutoConfiguration$AspectJAutoProxyingConfiguration'
2025-03-28 06:32:38 [main] DEBUG org.springframework.beans.factory.support.DefaultListableBeanFactory - Creating shared instance of singleton bean 'org.springframework.boot.autoconfigure.aop.AopAutoConfiguration'
2025-03-28 06:32:38 [main] DEBUG org.springframework.beans.factory.support.DefaultListableBeanFactory - Creating shared instance of singleton bean 'org.springframework.boot.autoconfigure.availability.ApplicationAvailabilityAutoConfiguration'
2025-03-28 06:32:38 [main] DEBUG org.springframework.beans.factory.support.DefaultListableBeanFactory - Creating shared instance of singleton bean 'applicationAvailability'
2025-03-28 06:32:38 [main] DEBUG org.springframework.beans.factory.support.DefaultListableBeanFactory - Creating shared instance of singleton bean 'org.springframework.boot.autoconfigure.transaction.jta.JtaAutoConfiguration'
2025-03-28 06:32:38 [main] DEBUG org.springframework.beans.factory.support.DefaultListableBeanFactory - Creating shared instance of singleton bean 'org.springframework.boot.autoconfigure.jdbc.metadata.DataSourcePoolMetadataProvidersConfiguration'
2025-03-28 06:32:38 [main] DEBUG org.springframework.beans.factory.support.DefaultListableBeanFactory - Creating shared instance of singleton bean 'org.springframework.boot.autoconfigure.jdbc.DataSourceAutoConfiguration'
2025-03-28 06:32:38 [main] DEBUG org.springframework.beans.factory.support.DefaultListableBeanFactory - Creating shared instance of singleton bean 'org.springframework.boot.autoconfigure.transaction.TransactionManagerCustomizationAutoConfiguration'
2025-03-28 06:32:38 [main] DEBUG org.springframework.beans.factory.support.DefaultListableBeanFactory - Creating shared instance of singleton bean 'platformTransactionManagerCustomizers'
2025-03-28 06:32:38 [main] DEBUG org.springframework.beans.factory.support.DefaultListableBeanFactory - Creating shared instance of singleton bean 'transactionExecutionListeners'
2025-03-28 06:32:38 [main] DEBUG org.springframework.beans.factory.support.DefaultListableBeanFactory - Creating shared instance of singleton bean 'spring.transaction-org.springframework.boot.autoconfigure.transaction.TransactionProperties'
2025-03-28 06:32:38 [main] DEBUG org.springframework.beans.factory.support.DefaultListableBeanFactory - Creating shared instance of singleton bean 'org.springframework.boot.autoconfigure.orm.jpa.JpaBaseConfiguration$PersistenceManagedTypesConfiguration'
2025-03-28 06:32:38 [main] DEBUG org.springframework.beans.factory.support.DefaultListableBeanFactory - Creating shared instance of singleton bean 'transactionManager'
2025-03-28 06:32:38 [main] DEBUG org.springframework.beans.factory.support.DefaultListableBeanFactory - Creating shared instance of singleton bean 'org.springframework.boot.autoconfigure.orm.jpa.HibernateJpaAutoConfiguration'
2025-03-28 06:32:38 [main] DEBUG org.springframework.beans.factory.support.DefaultListableBeanFactory - Creating shared instance of singleton bean 'org.springframework.boot.autoconfigure.context.ConfigurationPropertiesAutoConfiguration'
2025-03-28 06:32:38 [main] DEBUG org.springframework.beans.factory.support.DefaultListableBeanFactory - Creating shared instance of singleton bean 'org.springframework.boot.autoconfigure.context.LifecycleAutoConfiguration'
2025-03-28 06:32:38 [main] DEBUG org.springframework.beans.factory.support.DefaultListableBeanFactory - Creating shared instance of singleton bean 'lifecycleProcessor'
2025-03-28 06:32:38 [main] DEBUG org.springframework.beans.factory.support.DefaultListableBeanFactory - Creating shared instance of singleton bean 'spring.lifecycle-org.springframework.boot.autoconfigure.context.LifecycleProperties'
2025-03-28 06:32:38 [main] DEBUG org.springframework.beans.factory.support.DefaultListableBeanFactory - Autowiring by type from bean name 'lifecycleProcessor' via factory method to bean named 'spring.lifecycle-org.springframework.boot.autoconfigure.context.LifecycleProperties'
2025-03-28 06:32:38 [main] DEBUG org.springframework.beans.factory.support.DefaultListableBeanFactory - Creating shared instance of singleton bean 'org.springframework.boot.autoconfigure.dao.PersistenceExceptionTranslationAutoConfiguration'
2025-03-28 06:32:38 [main] DEBUG org.springframework.beans.factory.support.DefaultListableBeanFactory - Creating shared instance of singleton bean 'org.springframework.boot.autoconfigure.data.jpa.JpaRepositoriesAutoConfiguration'
2025-03-28 06:32:38 [main] DEBUG org.springframework.beans.factory.support.DefaultListableBeanFactory - Creating shared instance of singleton bean 'jpaSharedEM_entityManagerFactory'
2025-03-28 06:32:39 [main] DEBUG org.springframework.beans.factory.support.DefaultListableBeanFactory - Creating shared instance of singleton bean 'org.springframework.data.jpa.util.JpaMetamodelCacheCleanup'
2025-03-28 06:32:39 [main] DEBUG org.springframework.beans.factory.support.DefaultListableBeanFactory - Creating shared instance of singleton bean 'org.springframework.data.jpa.repository.support.JpaEvaluationContextExtension'
2025-03-28 06:32:39 [main] DEBUG org.springframework.beans.factory.support.DefaultListableBeanFactory - Creating shared instance of singleton bean 'data-jpa.repository-aot-processor#0'
2025-03-28 06:32:39 [main] DEBUG org.springframework.beans.factory.support.DefaultListableBeanFactory - Creating shared instance of singleton bean 'org.springframework.boot.autoconfigure.gson.GsonAutoConfiguration'
2025-03-28 06:32:39 [main] DEBUG org.springframework.beans.factory.support.DefaultListableBeanFactory - Creating shared instance of singleton bean 'gsonBuilder'
2025-03-28 06:32:39 [main] DEBUG org.springframework.beans.factory.support.DefaultListableBeanFactory - Creating shared instance of singleton bean 'standardGsonBuilderCustomizer'
2025-03-28 06:32:39 [main] DEBUG org.springframework.beans.factory.support.DefaultListableBeanFactory - Creating shared instance of singleton bean 'spring.gson-org.springframework.boot.autoconfigure.gson.GsonProperties'
2025-03-28 06:32:39 [main] DEBUG org.springframework.beans.factory.support.DefaultListableBeanFactory - Autowiring by type from bean name 'standardGsonBuilderCustomizer' via factory method to bean named 'spring.gson-org.springframework.boot.autoconfigure.gson.GsonProperties'
2025-03-28 06:32:39 [main] DEBUG org.springframework.beans.factory.support.DefaultListableBeanFactory - Autowiring by type from bean name 'gsonBuilder' via factory method to bean named 'standardGsonBuilderCustomizer'
2025-03-28 06:32:39 [main] DEBUG org.springframework.beans.factory.support.DefaultListableBeanFactory - Creating shared instance of singleton bean 'gson'
2025-03-28 06:32:39 [main] DEBUG org.springframework.beans.factory.support.DefaultListableBeanFactory - Autowiring by type from bean name 'gson' via factory method to bean named 'gsonBuilder'
2025-03-28 06:32:39 [main] DEBUG org.springframework.beans.factory.support.DefaultListableBeanFactory - Creating shared instance of singleton bean 'org.springframework.boot.autoconfigure.http.JacksonHttpMessageConvertersConfiguration'
2025-03-28 06:32:39 [main] DEBUG org.springframework.beans.factory.support.DefaultListableBeanFactory - Creating shared instance of singleton bean 'org.springframework.boot.autoconfigure.http.GsonHttpMessageConvertersConfiguration'
2025-03-28 06:32:39 [main] DEBUG org.springframework.beans.factory.support.DefaultListableBeanFactory - Creating shared instance of singleton bean 'org.springframework.data.web.config.ProjectingArgumentResolverRegistrar'
2025-03-28 06:32:39 [main] DEBUG org.springframework.beans.factory.support.DefaultListableBeanFactory - Creating shared instance of singleton bean 'offsetResolver'
2025-03-28 06:32:39 [main] DEBUG org.springframework.beans.factory.support.DefaultListableBeanFactory - Creating shared instance of singleton bean 'org.springframework.boot.autoconfigure.http.client.HttpClientAutoConfiguration'
2025-03-28 06:32:39 [main] DEBUG org.springframework.beans.factory.support.DefaultListableBeanFactory - Creating shared instance of singleton bean 'clientHttpRequestFactoryBuilder'
2025-03-28 06:32:39 [main] DEBUG org.springframework.beans.factory.support.DefaultListableBeanFactory - Creating shared instance of singleton bean 'spring.http.client-org.springframework.boot.autoconfigure.http.client.HttpClientProperties'
2025-03-28 06:32:39 [main] DEBUG org.springframework.beans.factory.support.DefaultListableBeanFactory - Autowiring by type from bean name 'clientHttpRequestFactoryBuilder' via factory method to bean named 'spring.http.client-org.springframework.boot.autoconfigure.http.client.HttpClientProperties'
2025-03-28 06:32:39 [main] DEBUG org.springframework.beans.factory.support.DefaultListableBeanFactory - Creating shared instance of singleton bean 'clientHttpRequestFactorySettings'
2025-03-28 06:32:39 [main] DEBUG org.springframework.beans.factory.support.DefaultListableBeanFactory - Autowiring by type from bean name 'clientHttpRequestFactorySettings' via factory method to bean named 'spring.http.client-org.springframework.boot.autoconfigure.http.client.HttpClientProperties'
2025-03-28 06:32:39 [main] DEBUG org.springframework.beans.factory.support.DefaultListableBeanFactory - Creating shared instance of singleton bean 'org.springframework.boot.autoconfigure.info.ProjectInfoAutoConfiguration'
2025-03-28 06:32:39 [main] DEBUG org.springframework.beans.factory.support.DefaultListableBeanFactory - Creating shared instance of singleton bean 'spring.info-org.springframework.boot.autoconfigure.info.ProjectInfoProperties'
2025-03-28 06:32:39 [main] DEBUG org.springframework.beans.factory.support.DefaultListableBeanFactory - Autowiring by type from bean name 'org.springframework.boot.autoconfigure.info.ProjectInfoAutoConfiguration' via constructor to bean named 'spring.info-org.springframework.boot.autoconfigure.info.ProjectInfoProperties'
2025-03-28 06:32:39 [main] DEBUG org.springframework.beans.factory.support.DefaultListableBeanFactory - Creating shared instance of singleton bean 'org.springframework.boot.autoconfigure.jdbc.JdbcTemplateConfiguration'
2025-03-28 06:32:39 [main] DEBUG org.springframework.beans.factory.support.DefaultListableBeanFactory - Creating shared instance of singleton bean 'jdbcTemplate'
2025-03-28 06:32:39 [main] DEBUG org.springframework.beans.factory.support.DefaultListableBeanFactory - Creating shared instance of singleton bean 'spring.jdbc-org.springframework.boot.autoconfigure.jdbc.JdbcProperties'
2025-03-28 06:32:39 [main] DEBUG org.springframework.beans.factory.support.DefaultListableBeanFactory - Autowiring by type from bean name 'jdbcTemplate' via factory method to bean named 'dataSource'
2025-03-28 06:32:39 [main] DEBUG org.springframework.beans.factory.support.DefaultListableBeanFactory - Autowiring by type from bean name 'jdbcTemplate' via factory method to bean named 'spring.jdbc-org.springframework.boot.autoconfigure.jdbc.JdbcProperties'
2025-03-28 06:32:39 [main] DEBUG org.springframework.beans.factory.support.DefaultListableBeanFactory - Creating shared instance of singleton bean 'org.springframework.boot.autoconfigure.jdbc.NamedParameterJdbcTemplateConfiguration'
2025-03-28 06:32:39 [main] DEBUG org.springframework.beans.factory.support.DefaultListableBeanFactory - Creating shared instance of singleton bean 'namedParameterJdbcTemplate'
2025-03-28 06:32:39 [main] DEBUG org.springframework.beans.factory.support.DefaultListableBeanFactory - Autowiring by type from bean name 'namedParameterJdbcTemplate' via factory method to bean named 'jdbcTemplate'
2025-03-28 06:32:39 [main] DEBUG org.springframework.beans.factory.support.DefaultListableBeanFactory - Creating shared instance of singleton bean 'org.springframework.boot.autoconfigure.jdbc.JdbcTemplateAutoConfiguration'
2025-03-28 06:32:39 [main] DEBUG org.springframework.beans.factory.support.DefaultListableBeanFactory - Creating shared instance of singleton bean 'org.springframework.boot.autoconfigure.jdbc.JdbcClientAutoConfiguration'
2025-03-28 06:32:39 [main] DEBUG org.springframework.beans.factory.support.DefaultListableBeanFactory - Creating shared instance of singleton bean 'jdbcClient'
2025-03-28 06:32:39 [main] DEBUG org.springframework.beans.factory.support.DefaultListableBeanFactory - Autowiring by type from bean name 'jdbcClient' via factory method to bean named 'namedParameterJdbcTemplate'
2025-03-28 06:32:39 [main] DEBUG org.springframework.beans.factory.support.DefaultListableBeanFactory - Creating shared instance of singleton bean 'org.springframework.boot.autoconfigure.sql.init.SqlInitializationAutoConfiguration'
2025-03-28 06:32:39 [main] DEBUG org.springframework.beans.factory.support.DefaultListableBeanFactory - Creating shared instance of singleton bean 'org.springframework.boot.autoconfigure.task.TaskSchedulingConfigurations$ThreadPoolTaskSchedulerBuilderConfiguration'
2025-03-28 06:32:39 [main] DEBUG org.springframework.beans.factory.support.DefaultListableBeanFactory - Creating shared instance of singleton bean 'threadPoolTaskSchedulerBuilder'
2025-03-28 06:32:39 [main] DEBUG org.springframework.beans.factory.support.DefaultListableBeanFactory - Creating shared instance of singleton bean 'spring.task.scheduling-org.springframework.boot.autoconfigure.task.TaskSchedulingProperties'
2025-03-28 06:32:39 [main] DEBUG org.springframework.beans.factory.support.DefaultListableBeanFactory - Autowiring by type from bean name 'threadPoolTaskSchedulerBuilder' via factory method to bean named 'spring.task.scheduling-org.springframework.boot.autoconfigure.task.TaskSchedulingProperties'
2025-03-28 06:32:39 [main] DEBUG org.springframework.beans.factory.support.DefaultListableBeanFactory - Creating shared instance of singleton bean 'org.springframework.boot.autoconfigure.task.TaskSchedulingConfigurations$SimpleAsyncTaskSchedulerBuilderConfiguration'
2025-03-28 06:32:39 [main] DEBUG org.springframework.beans.factory.support.DefaultListableBeanFactory - Autowiring by type from bean name 'org.springframework.boot.autoconfigure.task.TaskSchedulingConfigurations$SimpleAsyncTaskSchedulerBuilderConfiguration' via constructor to bean named 'spring.task.scheduling-org.springframework.boot.autoconfigure.task.TaskSchedulingProperties'
2025-03-28 06:32:39 [main] DEBUG org.springframework.beans.factory.support.DefaultListableBeanFactory - Creating shared instance of singleton bean 'simpleAsyncTaskSchedulerBuilder'
2025-03-28 06:32:39 [main] DEBUG org.springframework.beans.factory.support.DefaultListableBeanFactory - Creating shared instance of singleton bean 'org.springframework.boot.autoconfigure.task.TaskSchedulingAutoConfiguration'
2025-03-28 06:32:39 [main] DEBUG org.springframework.beans.factory.support.DefaultListableBeanFactory - Creating shared instance of singleton bean 'org.springframework.boot.autoconfigure.jdbc.DataSourceTransactionManagerAutoConfiguration$JdbcTransactionManagerConfiguration'
2025-03-28 06:32:39 [main] DEBUG org.springframework.beans.factory.support.DefaultListableBeanFactory - Creating shared instance of singleton bean 'org.springframework.boot.autoconfigure.jdbc.DataSourceTransactionManagerAutoConfiguration'
2025-03-28 06:32:39 [main] DEBUG org.springframework.beans.factory.support.DefaultListableBeanFactory - Creating shared instance of singleton bean 'org.springframework.boot.autoconfigure.transaction.TransactionAutoConfiguration$EnableTransactionManagementConfiguration$CglibAutoProxyConfiguration'
2025-03-28 06:32:39 [main] DEBUG org.springframework.beans.factory.support.DefaultListableBeanFactory - Creating shared instance of singleton bean 'org.springframework.boot.autoconfigure.transaction.TransactionAutoConfiguration$EnableTransactionManagementConfiguration'
2025-03-28 06:32:39 [main] DEBUG org.springframework.beans.factory.support.DefaultListableBeanFactory - Creating shared instance of singleton bean 'org.springframework.boot.autoconfigure.transaction.TransactionAutoConfiguration$TransactionTemplateConfiguration'
2025-03-28 06:32:39 [main] DEBUG org.springframework.beans.factory.support.DefaultListableBeanFactory - Creating shared instance of singleton bean 'transactionTemplate'
2025-03-28 06:32:39 [main] DEBUG org.springframework.beans.factory.support.DefaultListableBeanFactory - Autowiring by type from bean name 'transactionTemplate' via factory method to bean named 'transactionManager'
2025-03-28 06:32:39 [main] DEBUG org.springframework.beans.factory.support.DefaultListableBeanFactory - Creating shared instance of singleton bean 'org.springframework.boot.autoconfigure.transaction.TransactionAutoConfiguration'
2025-03-28 06:32:39 [main] DEBUG org.springframework.beans.factory.support.DefaultListableBeanFactory - Creating shared instance of singleton bean 'org.springframework.boot.autoconfigure.web.client.RestClientAutoConfiguration'
2025-03-28 06:32:39 [main] DEBUG org.springframework.beans.factory.support.DefaultListableBeanFactory - Creating shared instance of singleton bean 'httpMessageConvertersRestClientCustomizer'
2025-03-28 06:32:39 [main] DEBUG org.springframework.beans.factory.support.DefaultListableBeanFactory - Creating shared instance of singleton bean 'restClientSsl'
2025-03-28 06:32:39 [main] DEBUG org.springframework.beans.factory.support.DefaultListableBeanFactory - Autowiring by type from bean name 'restClientSsl' via factory method to bean named 'sslBundleRegistry'
2025-03-28 06:32:39 [main] DEBUG org.springframework.beans.factory.support.DefaultListableBeanFactory - Creating shared instance of singleton bean 'restClientBuilderConfigurer'
2025-03-28 06:32:39 [main] DEBUG org.springframework.beans.factory.support.DefaultListableBeanFactory - Creating shared instance of singleton bean 'org.springframework.boot.autoconfigure.web.client.RestTemplateAutoConfiguration'
2025-03-28 06:32:39 [main] DEBUG org.springframework.beans.factory.support.DefaultListableBeanFactory - Creating shared instance of singleton bean 'characterEncodingFilter'
2025-03-28 06:32:39 [main] DEBUG org.springframework.beans.factory.support.DefaultListableBeanFactory - Creating shared instance of singleton bean 'multipartResolver'
2025-03-28 06:32:39 [main] DEBUG org.springframework.context.support.DefaultLifecycleProcessor - Starting beans in phase -2147483647
2025-03-28 06:32:39 [main] DEBUG org.springframework.context.support.DefaultLifecycleProcessor - Successfully started bean 'springBootLoggingLifecycle'
2025-03-28 06:32:39 [main] DEBUG org.springframework.context.support.DefaultLifecycleProcessor - Starting beans in phase 1073741823
2025-03-28 06:32:39 [main] DEBUG org.springframework.boot.autoconfigure.logging.ConditionEvaluationReportLogger - 


============================
CONDITIONS EVALUATION REPORT
============================


Positive matches:
-----------------

   AopAutoConfiguration matched:
      - @ConditionalOnProperty (spring.aop.auto=true) matched (OnPropertyCondition)

   AopAutoConfiguration.AspectJAutoProxyingConfiguration matched:
      - @ConditionalOnClass found required class 'org.aspectj.weaver.Advice' (OnClassCondition)

   AopAutoConfiguration.AspectJAutoProxyingConfiguration.CglibAutoProxyConfiguration matched:
      - @ConditionalOnProperty (spring.aop.proxy-target-class=true) matched (OnPropertyCondition)

   ApplicationAvailabilityAutoConfiguration#applicationAvailability matched:
      - @ConditionalOnMissingBean (types: org.springframework.boot.availability.ApplicationAvailability; SearchStrategy: all) did not find any beans (OnBeanCondition)

   DataSourceAutoConfiguration matched:
      - @ConditionalOnClass found required classes 'javax.sql.DataSource', 'org.springframework.jdbc.datasource.embedded.EmbeddedDatabaseType' (OnClassCondition)
      - @ConditionalOnMissingBean (types: io.r2dbc.spi.ConnectionFactory; SearchStrategy: all) did not find any beans (OnBeanCondition)

   DataSourceAutoConfiguration.PooledDataSourceConfiguration matched:
      - AnyNestedCondition 1 matched 1 did not; NestedCondition on DataSourceAutoConfiguration.PooledDataSourceCondition.PooledDataSourceAvailable PooledDataSource found supported DataSource; NestedCondition on DataSourceAutoConfiguration.PooledDataSourceCondition.ExplicitType @ConditionalOnProperty (spring.datasource.type) did not find property 'type' (DataSourceAutoConfiguration.PooledDataSourceCondition)
      - @ConditionalOnMissingBean (types: javax.sql.DataSource,javax.sql.XADataSource; SearchStrategy: all) did not find any beans (OnBeanCondition)

   DataSourceAutoConfiguration.PooledDataSourceConfiguration#jdbcConnectionDetails matched:
      - @ConditionalOnMissingBean (types: org.springframework.boot.autoconfigure.jdbc.JdbcConnectionDetails; SearchStrategy: all) did not find any beans (OnBeanCondition)

   DataSourceConfiguration.Hikari matched:
      - @ConditionalOnClass found required class 'com.zaxxer.hikari.HikariDataSource' (OnClassCondition)
      - @ConditionalOnProperty (spring.datasource.type=com.zaxxer.hikari.HikariDataSource) matched (OnPropertyCondition)
      - @ConditionalOnMissingBean (types: javax.sql.DataSource; SearchStrategy: all) did not find any beans (OnBeanCondition)

   DataSourceInitializationConfiguration matched:
      - @ConditionalOnClass found required class 'org.springframework.jdbc.datasource.init.DatabasePopulator' (OnClassCondition)
      - @ConditionalOnSingleCandidate (types: javax.sql.DataSource; SearchStrategy: all) found a single bean 'dataSource'; @ConditionalOnMissingBean (types: org.springframework.boot.autoconfigure.sql.init.SqlDataSourceScriptDatabaseInitializer,org.springframework.boot.autoconfigure.sql.init.SqlR2dbcScriptDatabaseInitializer; SearchStrategy: all) did not find any beans (OnBeanCondition)

   DataSourcePoolMetadataProvidersConfiguration.HikariPoolDataSourceMetadataProviderConfiguration matched:
      - @ConditionalOnClass found required class 'com.zaxxer.hikari.HikariDataSource' (OnClassCondition)

   DataSourceTransactionManagerAutoConfiguration matched:
      - @ConditionalOnClass found required classes 'javax.sql.DataSource', 'org.springframework.jdbc.core.JdbcTemplate', 'org.springframework.transaction.TransactionManager' (OnClassCondition)

   DataSourceTransactionManagerAutoConfiguration.JdbcTransactionManagerConfiguration matched:
      - @ConditionalOnSingleCandidate (types: javax.sql.DataSource; SearchStrategy: all) found a single bean 'dataSource' (OnBeanCondition)

   DispatcherServletAutoConfiguration matched:
      - @ConditionalOnClass found required class 'org.springframework.web.servlet.DispatcherServlet' (OnClassCondition)
      - found 'session' scope (OnWebApplicationCondition)

   DispatcherServletAutoConfiguration.DispatcherServletConfiguration matched:
      - @ConditionalOnClass found required class 'jakarta.servlet.ServletRegistration' (OnClassCondition)
      - Default DispatcherServlet did not find dispatcher servlet beans (DispatcherServletAutoConfiguration.DefaultDispatcherServletCondition)

   DispatcherServletAutoConfiguration.DispatcherServletRegistrationConfiguration matched:
      - @ConditionalOnClass found required class 'jakarta.servlet.ServletRegistration' (OnClassCondition)
      - DispatcherServlet Registration did not find servlet registration bean (DispatcherServletAutoConfiguration.DispatcherServletRegistrationCondition)

   DispatcherServletAutoConfiguration.DispatcherServletRegistrationConfiguration#dispatcherServletRegistration matched:
      - @ConditionalOnBean (names: dispatcherServlet types: org.springframework.web.servlet.DispatcherServlet; SearchStrategy: all) found bean 'dispatcherServlet' (OnBeanCondition)

   ErrorMvcAutoConfiguration matched:
      - @ConditionalOnClass found required classes 'jakarta.servlet.Servlet', 'org.springframework.web.servlet.DispatcherServlet' (OnClassCondition)
      - found 'session' scope (OnWebApplicationCondition)

   ErrorMvcAutoConfiguration#basicErrorController matched:
      - @ConditionalOnMissingBean (types: org.springframework.boot.web.servlet.error.ErrorController; SearchStrategy: current) did not find any beans (OnBeanCondition)

   ErrorMvcAutoConfiguration#errorAttributes matched:
      - @ConditionalOnMissingBean (types: org.springframework.boot.web.servlet.error.ErrorAttributes; SearchStrategy: current) did not find any beans (OnBeanCondition)

   ErrorMvcAutoConfiguration.DefaultErrorViewResolverConfiguration#conventionErrorViewResolver matched:
      - @ConditionalOnBean (types: org.springframework.web.servlet.DispatcherServlet; SearchStrategy: all) found bean 'dispatcherServlet'; @ConditionalOnMissingBean (types: org.springframework.boot.autoconfigure.web.servlet.error.ErrorViewResolver; SearchStrategy: all) did not find any beans (OnBeanCondition)

   ErrorMvcAutoConfiguration.WhitelabelErrorViewConfiguration matched:
      - @ConditionalOnProperty (server.error.whitelabel.enabled) matched (OnPropertyCondition)
      - ErrorTemplate Missing did not find error template view (ErrorMvcAutoConfiguration.ErrorTemplateMissingCondition)

   ErrorMvcAutoConfiguration.WhitelabelErrorViewConfiguration#beanNameViewResolver matched:
      - @ConditionalOnMissingBean (types: org.springframework.web.servlet.view.BeanNameViewResolver; SearchStrategy: all) did not find any beans (OnBeanCondition)

   ErrorMvcAutoConfiguration.WhitelabelErrorViewConfiguration#defaultErrorView matched:
      - @ConditionalOnMissingBean (names: error; SearchStrategy: all) did not find any beans (OnBeanCondition)

   GenericCacheConfiguration matched:
      - Cache org.springframework.boot.autoconfigure.cache.GenericCacheConfiguration automatic cache type (CacheCondition)

   GsonAutoConfiguration matched:
      - @ConditionalOnClass found required class 'com.google.gson.Gson' (OnClassCondition)

   GsonAutoConfiguration#gson matched:
      - @ConditionalOnMissingBean (types: com.google.gson.Gson; SearchStrategy: all) did not find any beans (OnBeanCondition)

   GsonAutoConfiguration#gsonBuilder matched:
      - @ConditionalOnMissingBean (types: com.google.gson.GsonBuilder; SearchStrategy: all) did not find any beans (OnBeanCondition)

   GsonHttpMessageConvertersConfiguration matched:
      - @ConditionalOnClass found required class 'com.google.gson.Gson' (OnClassCondition)

   HibernateJpaAutoConfiguration matched:
      - @ConditionalOnClass found required classes 'org.springframework.orm.jpa.LocalContainerEntityManagerFactoryBean', 'jakarta.persistence.EntityManager', 'org.hibernate.engine.spi.SessionImplementor' (OnClassCondition)

   HibernateJpaConfiguration matched:
      - @ConditionalOnSingleCandidate (types: javax.sql.DataSource; SearchStrategy: all) found a single bean 'dataSource' (OnBeanCondition)

   HttpClientAutoConfiguration matched:
      - @ConditionalOnClass found required class 'org.springframework.http.client.ClientHttpRequestFactory' (OnClassCondition)
      - NoneNestedConditions 0 matched 1 did not; NestedCondition on NotReactiveWebApplicationCondition.ReactiveWebApplication did not find reactive web application classes (NotReactiveWebApplicationCondition)

   HttpClientAutoConfiguration#clientHttpRequestFactoryBuilder matched:
      - @ConditionalOnMissingBean (types: org.springframework.boot.http.client.ClientHttpRequestFactoryBuilder; SearchStrategy: all) did not find any beans (OnBeanCondition)

   HttpClientAutoConfiguration#clientHttpRequestFactorySettings matched:
      - @ConditionalOnMissingBean (types: org.springframework.boot.http.client.ClientHttpRequestFactorySettings; SearchStrategy: all) did not find any beans (OnBeanCondition)

   HttpEncodingAutoConfiguration matched:
      - @ConditionalOnClass found required class 'org.springframework.web.filter.CharacterEncodingFilter' (OnClassCondition)
      - found 'session' scope (OnWebApplicationCondition)
      - @ConditionalOnProperty (server.servlet.encoding.enabled) matched (OnPropertyCondition)

   HttpEncodingAutoConfiguration#characterEncodingFilter matched:
      - @ConditionalOnMissingBean (types: org.springframework.web.filter.CharacterEncodingFilter; SearchStrategy: all) did not find any beans (OnBeanCondition)

   HttpMessageConvertersAutoConfiguration matched:
      - @ConditionalOnClass found required class 'org.springframework.http.converter.HttpMessageConverter' (OnClassCondition)
      - NoneNestedConditions 0 matched 1 did not; NestedCondition on HttpMessageConvertersAutoConfiguration.NotReactiveWebApplicationCondition.ReactiveWebApplication did not find reactive web application classes (HttpMessageConvertersAutoConfiguration.NotReactiveWebApplicationCondition)

   HttpMessageConvertersAutoConfiguration#messageConverters matched:
      - @ConditionalOnMissingBean (types: org.springframework.boot.autoconfigure.http.HttpMessageConverters; SearchStrategy: all) did not find any beans (OnBeanCondition)

   HttpMessageConvertersAutoConfiguration.StringHttpMessageConverterConfiguration matched:
      - @ConditionalOnClass found required class 'org.springframework.http.converter.StringHttpMessageConverter' (OnClassCondition)

   HttpMessageConvertersAutoConfiguration.StringHttpMessageConverterConfiguration#stringHttpMessageConverter matched:
      - @ConditionalOnMissingBean (types: org.springframework.http.converter.StringHttpMessageConverter; SearchStrategy: all) did not find any beans (OnBeanCondition)

   JacksonAutoConfiguration matched:
      - @ConditionalOnClass found required class 'com.fasterxml.jackson.databind.ObjectMapper' (OnClassCondition)

   JacksonAutoConfiguration.Jackson2ObjectMapperBuilderCustomizerConfiguration matched:
      - @ConditionalOnClass found required class 'org.springframework.http.converter.json.Jackson2ObjectMapperBuilder' (OnClassCondition)

   JacksonAutoConfiguration.JacksonObjectMapperBuilderConfiguration matched:
      - @ConditionalOnClass found required class 'org.springframework.http.converter.json.Jackson2ObjectMapperBuilder' (OnClassCondition)

   JacksonAutoConfiguration.JacksonObjectMapperBuilderConfiguration#jacksonObjectMapperBuilder matched:
      - @ConditionalOnMissingBean (types: org.springframework.http.converter.json.Jackson2ObjectMapperBuilder; SearchStrategy: all) did not find any beans (OnBeanCondition)

   JacksonAutoConfiguration.JacksonObjectMapperConfiguration matched:
      - @ConditionalOnClass found required class 'org.springframework.http.converter.json.Jackson2ObjectMapperBuilder' (OnClassCondition)

   JacksonAutoConfiguration.JacksonObjectMapperConfiguration#jacksonObjectMapper matched:
      - @ConditionalOnMissingBean (types: com.fasterxml.jackson.databind.ObjectMapper; SearchStrategy: all) did not find any beans (OnBeanCondition)

   JacksonAutoConfiguration.ParameterNamesModuleConfiguration matched:
      - @ConditionalOnClass found required class 'com.fasterxml.jackson.module.paramnames.ParameterNamesModule' (OnClassCondition)

   JacksonAutoConfiguration.ParameterNamesModuleConfiguration#parameterNamesModule matched:
      - @ConditionalOnMissingBean (types: com.fasterxml.jackson.module.paramnames.ParameterNamesModule; SearchStrategy: all) did not find any beans (OnBeanCondition)

   JacksonHttpMessageConvertersConfiguration.MappingJackson2HttpMessageConverterConfiguration matched:
      - @ConditionalOnClass found required class 'com.fasterxml.jackson.databind.ObjectMapper' (OnClassCondition)
      - @ConditionalOnProperty (spring.mvc.converters.preferred-json-mapper=jackson) matched (OnPropertyCondition)
      - @ConditionalOnBean (types: com.fasterxml.jackson.databind.ObjectMapper; SearchStrategy: all) found bean 'jacksonObjectMapper' (OnBeanCondition)

   JacksonHttpMessageConvertersConfiguration.MappingJackson2HttpMessageConverterConfiguration#mappingJackson2HttpMessageConverter matched:
      - @ConditionalOnMissingBean (types: org.springframework.http.converter.json.MappingJackson2HttpMessageConverter ignored: org.springframework.hateoas.server.mvc.TypeConstrainedMappingJackson2HttpMessageConverter,org.springframework.data.rest.webmvc.alps.AlpsJsonHttpMessageConverter; SearchStrategy: all) did not find any beans (OnBeanCondition)

   JdbcClientAutoConfiguration matched:
      - @ConditionalOnSingleCandidate (types: org.springframework.jdbc.core.namedparam.NamedParameterJdbcTemplate; SearchStrategy: all) found a single bean 'namedParameterJdbcTemplate'; @ConditionalOnMissingBean (types: org.springframework.jdbc.core.simple.JdbcClient; SearchStrategy: all) did not find any beans (OnBeanCondition)

   JdbcTemplateAutoConfiguration matched:
      - @ConditionalOnClass found required classes 'javax.sql.DataSource', 'org.springframework.jdbc.core.JdbcTemplate' (OnClassCondition)
      - @ConditionalOnSingleCandidate (types: javax.sql.DataSource; SearchStrategy: all) found a single bean 'dataSource' (OnBeanCondition)

   JdbcTemplateConfiguration matched:
      - @ConditionalOnMissingBean (types: org.springframework.jdbc.core.JdbcOperations; SearchStrategy: all) did not find any beans (OnBeanCondition)

   JpaBaseConfiguration#entityManagerFactory matched:
      - @ConditionalOnMissingBean (types: org.springframework.orm.jpa.LocalContainerEntityManagerFactoryBean,jakarta.persistence.EntityManagerFactory; SearchStrategy: all) did not find any beans (OnBeanCondition)

   JpaBaseConfiguration#entityManagerFactoryBuilder matched:
      - @ConditionalOnMissingBean (types: org.springframework.boot.orm.jpa.EntityManagerFactoryBuilder; SearchStrategy: all) did not find any beans (OnBeanCondition)

   JpaBaseConfiguration#jpaVendorAdapter matched:
      - @ConditionalOnMissingBean (types: org.springframework.orm.jpa.JpaVendorAdapter; SearchStrategy: all) did not find any beans (OnBeanCondition)

   JpaBaseConfiguration#transactionManager matched:
      - @ConditionalOnMissingBean (types: org.springframework.transaction.TransactionManager; SearchStrategy: all) did not find any beans (OnBeanCondition)

   JpaBaseConfiguration.JpaWebConfiguration matched:
      - @ConditionalOnClass found required class 'org.springframework.web.servlet.config.annotation.WebMvcConfigurer' (OnClassCondition)
      - found 'session' scope (OnWebApplicationCondition)
      - @ConditionalOnProperty (spring.jpa.open-in-view=true) matched (OnPropertyCondition)
      - @ConditionalOnMissingBean (types: org.springframework.orm.jpa.support.OpenEntityManagerInViewInterceptor,org.springframework.orm.jpa.support.OpenEntityManagerInViewFilter; SearchStrategy: all) did not find any beans (OnBeanCondition)

   JpaBaseConfiguration.PersistenceManagedTypesConfiguration matched:
      - @ConditionalOnMissingBean (types: org.springframework.orm.jpa.LocalContainerEntityManagerFactoryBean,jakarta.persistence.EntityManagerFactory; SearchStrategy: all) did not find any beans (OnBeanCondition)

   JpaBaseConfiguration.PersistenceManagedTypesConfiguration#persistenceManagedTypes matched:
      - @ConditionalOnMissingBean (types: org.springframework.orm.jpa.persistenceunit.PersistenceManagedTypes; SearchStrategy: all) did not find any beans (OnBeanCondition)

   JpaRepositoriesAutoConfiguration matched:
      - @ConditionalOnClass found required class 'org.springframework.data.jpa.repository.JpaRepository' (OnClassCondition)
      - @ConditionalOnProperty (spring.data.jpa.repositories.enabled=true) matched (OnPropertyCondition)
      - @ConditionalOnBean (types: javax.sql.DataSource; SearchStrategy: all) found bean 'dataSource'; @ConditionalOnMissingBean (types: org.springframework.data.jpa.repository.support.JpaRepositoryFactoryBean,org.springframework.data.jpa.repository.config.JpaRepositoryConfigExtension; SearchStrategy: all) did not find any beans (OnBeanCondition)

   JtaAutoConfiguration matched:
      - @ConditionalOnClass found required class 'jakarta.transaction.Transaction' (OnClassCondition)
      - @ConditionalOnProperty (spring.jta.enabled) matched (OnPropertyCondition)

   LifecycleAutoConfiguration#defaultLifecycleProcessor matched:
      - @ConditionalOnMissingBean (names: lifecycleProcessor; SearchStrategy: current) did not find any beans (OnBeanCondition)

   MultipartAutoConfiguration matched:
      - @ConditionalOnClass found required classes 'jakarta.servlet.Servlet', 'org.springframework.web.multipart.support.StandardServletMultipartResolver', 'jakarta.servlet.MultipartConfigElement' (OnClassCondition)
      - found 'session' scope (OnWebApplicationCondition)
      - @ConditionalOnProperty (spring.servlet.multipart.enabled) matched (OnPropertyCondition)

   MultipartAutoConfiguration#multipartConfigElement matched:
      - @ConditionalOnMissingBean (types: jakarta.servlet.MultipartConfigElement; SearchStrategy: all) did not find any beans (OnBeanCondition)

   MultipartAutoConfiguration#multipartResolver matched:
      - @ConditionalOnMissingBean (types: org.springframework.web.multipart.MultipartResolver; SearchStrategy: all) did not find any beans (OnBeanCondition)

   NamedParameterJdbcTemplateConfiguration matched:
      - @ConditionalOnSingleCandidate (types: org.springframework.jdbc.core.JdbcTemplate; SearchStrategy: all) found a single bean 'jdbcTemplate'; @ConditionalOnMissingBean (types: org.springframework.jdbc.core.namedparam.NamedParameterJdbcOperations; SearchStrategy: all) did not find any beans (OnBeanCondition)

   NoOpCacheConfiguration matched:
      - Cache org.springframework.boot.autoconfigure.cache.NoOpCacheConfiguration automatic cache type (CacheCondition)

   PersistenceExceptionTranslationAutoConfiguration matched:
      - @ConditionalOnClass found required class 'org.springframework.dao.annotation.PersistenceExceptionTranslationPostProcessor' (OnClassCondition)

   PersistenceExceptionTranslationAutoConfiguration#persistenceExceptionTranslationPostProcessor matched:
      - @ConditionalOnProperty (spring.dao.exceptiontranslation.enabled) matched (OnPropertyCondition)
      - @ConditionalOnMissingBean (types: org.springframework.dao.annotation.PersistenceExceptionTranslationPostProcessor; SearchStrategy: all) did not find any beans (OnBeanCondition)

   PropertyPlaceholderAutoConfiguration#propertySourcesPlaceholderConfigurer matched:
      - @ConditionalOnMissingBean (types: org.springframework.context.support.PropertySourcesPlaceholderConfigurer; SearchStrategy: current) did not find any beans (OnBeanCondition)

   RestClientAutoConfiguration matched:
      - @ConditionalOnClass found required class 'org.springframework.web.client.RestClient' (OnClassCondition)
      - NoneNestedConditions 0 matched 1 did not; NestedCondition on NotReactiveWebApplicationCondition.ReactiveWebApplication did not find reactive web application classes (NotReactiveWebApplicationCondition)

   RestClientAutoConfiguration#httpMessageConvertersRestClientCustomizer matched:
      - @ConditionalOnMissingBean (types: org.springframework.boot.autoconfigure.web.client.HttpMessageConvertersRestClientCustomizer; SearchStrategy: all) did not find any beans (OnBeanCondition)

   RestClientAutoConfiguration#restClientBuilder matched:
      - @ConditionalOnMissingBean (types: org.springframework.web.client.RestClient$Builder; SearchStrategy: all) did not find any beans (OnBeanCondition)

   RestClientAutoConfiguration#restClientBuilderConfigurer matched:
      - @ConditionalOnMissingBean (types: org.springframework.boot.autoconfigure.web.client.RestClientBuilderConfigurer; SearchStrategy: all) did not find any beans (OnBeanCondition)

   RestClientAutoConfiguration#restClientSsl matched:
      - @ConditionalOnBean (types: org.springframework.boot.ssl.SslBundles; SearchStrategy: all) found bean 'sslBundleRegistry'; @ConditionalOnMissingBean (types: org.springframework.boot.autoconfigure.web.client.RestClientSsl; SearchStrategy: all) did not find any beans (OnBeanCondition)

   RestTemplateAutoConfiguration matched:
      - @ConditionalOnClass found required class 'org.springframework.web.client.RestTemplate' (OnClassCondition)
      - NoneNestedConditions 0 matched 1 did not; NestedCondition on NotReactiveWebApplicationCondition.ReactiveWebApplication did not find reactive web application classes (NotReactiveWebApplicationCondition)

   RestTemplateAutoConfiguration#restTemplateBuilder matched:
      - @ConditionalOnMissingBean (types: org.springframework.boot.web.client.RestTemplateBuilder; SearchStrategy: all) did not find any beans (OnBeanCondition)

   ServletWebServerFactoryAutoConfiguration matched:
      - @ConditionalOnClass found required class 'jakarta.servlet.ServletRequest' (OnClassCondition)
      - found 'session' scope (OnWebApplicationCondition)

   ServletWebServerFactoryAutoConfiguration#tomcatServletWebServerFactoryCustomizer matched:
      - @ConditionalOnClass found required class 'org.apache.catalina.startup.Tomcat' (OnClassCondition)

   ServletWebServerFactoryConfiguration.EmbeddedTomcat matched:
      - @ConditionalOnClass found required classes 'jakarta.servlet.Servlet', 'org.apache.catalina.startup.Tomcat', 'org.apache.coyote.UpgradeProtocol' (OnClassCondition)
      - @ConditionalOnMissingBean (types: org.springframework.boot.web.servlet.server.ServletWebServerFactory; SearchStrategy: current) did not find any beans (OnBeanCondition)

   SimpleCacheConfiguration matched:
      - Cache org.springframework.boot.autoconfigure.cache.SimpleCacheConfiguration automatic cache type (CacheCondition)

   SpringDataWebAutoConfiguration matched:
      - @ConditionalOnClass found required classes 'org.springframework.data.web.PageableHandlerMethodArgumentResolver', 'org.springframework.web.servlet.config.annotation.WebMvcConfigurer' (OnClassCondition)
      - found 'session' scope (OnWebApplicationCondition)
      - @ConditionalOnMissingBean (types: org.springframework.data.web.PageableHandlerMethodArgumentResolver; SearchStrategy: all) did not find any beans (OnBeanCondition)

   SpringDataWebAutoConfiguration#pageableCustomizer matched:
      - @ConditionalOnMissingBean (types: org.springframework.data.web.config.PageableHandlerMethodArgumentResolverCustomizer; SearchStrategy: all) did not find any beans (OnBeanCondition)

   SpringDataWebAutoConfiguration#sortCustomizer matched:
      - @ConditionalOnMissingBean (types: org.springframework.data.web.config.SortHandlerMethodArgumentResolverCustomizer; SearchStrategy: all) did not find any beans (OnBeanCondition)

   SpringDataWebAutoConfiguration#springDataWebSettings matched:
      - @ConditionalOnMissingBean (types: org.springframework.data.web.config.SpringDataWebSettings; SearchStrategy: all) did not find any beans (OnBeanCondition)

   SqlInitializationAutoConfiguration matched:
      - @ConditionalOnProperty (spring.sql.init.enabled) matched (OnPropertyCondition)
      - NoneNestedConditions 0 matched 1 did not; NestedCondition on SqlInitializationAutoConfiguration.SqlInitializationModeCondition.ModeIsNever @ConditionalOnProperty (spring.sql.init.mode=never) did not find property 'mode' (SqlInitializationAutoConfiguration.SqlInitializationModeCondition)

   SslAutoConfiguration#sslBundleRegistry matched:
      - @ConditionalOnMissingBean (types: org.springframework.boot.ssl.SslBundleRegistry,org.springframework.boot.ssl.SslBundles; SearchStrategy: all) did not find any beans (OnBeanCondition)

   TaskExecutionAutoConfiguration matched:
      - @ConditionalOnClass found required class 'org.springframework.scheduling.concurrent.ThreadPoolTaskExecutor' (OnClassCondition)

   TaskExecutorConfigurations.SimpleAsyncTaskExecutorBuilderConfiguration#simpleAsyncTaskExecutorBuilder matched:
      - @ConditionalOnMissingBean (types: org.springframework.boot.task.SimpleAsyncTaskExecutorBuilder; SearchStrategy: all) did not find any beans (OnBeanCondition)
      - @ConditionalOnThreading found PLATFORM (OnThreadingCondition)

   TaskExecutorConfigurations.TaskExecutorConfiguration matched:
      - @ConditionalOnMissingBean (types: java.util.concurrent.Executor; SearchStrategy: all) did not find any beans (OnBeanCondition)

   TaskExecutorConfigurations.TaskExecutorConfiguration#applicationTaskExecutor matched:
      - @ConditionalOnThreading found PLATFORM (OnThreadingCondition)

   TaskExecutorConfigurations.ThreadPoolTaskExecutorBuilderConfiguration#threadPoolTaskExecutorBuilder matched:
      - @ConditionalOnMissingBean (types: org.springframework.boot.task.ThreadPoolTaskExecutorBuilder; SearchStrategy: all) did not find any beans (OnBeanCondition)

   TaskSchedulingAutoConfiguration matched:
      - @ConditionalOnClass found required class 'org.springframework.scheduling.concurrent.ThreadPoolTaskScheduler' (OnClassCondition)

   TaskSchedulingConfigurations.SimpleAsyncTaskSchedulerBuilderConfiguration#simpleAsyncTaskSchedulerBuilder matched:
      - @ConditionalOnMissingBean (types: org.springframework.boot.task.SimpleAsyncTaskSchedulerBuilder; SearchStrategy: all) did not find any beans (OnBeanCondition)
      - @ConditionalOnThreading found PLATFORM (OnThreadingCondition)

   TaskSchedulingConfigurations.ThreadPoolTaskSchedulerBuilderConfiguration#threadPoolTaskSchedulerBuilder matched:
      - @ConditionalOnMissingBean (types: org.springframework.boot.task.ThreadPoolTaskSchedulerBuilder; SearchStrategy: all) did not find any beans (OnBeanCondition)

   TransactionAutoConfiguration matched:
      - @ConditionalOnClass found required class 'org.springframework.transaction.PlatformTransactionManager' (OnClassCondition)

   TransactionAutoConfiguration.EnableTransactionManagementConfiguration matched:
      - @ConditionalOnBean (types: org.springframework.transaction.TransactionManager; SearchStrategy: all) found bean 'transactionManager'; @ConditionalOnMissingBean (types: org.springframework.transaction.annotation.AbstractTransactionManagementConfiguration; SearchStrategy: all) did not find any beans (OnBeanCondition)

   TransactionAutoConfiguration.EnableTransactionManagementConfiguration.CglibAutoProxyConfiguration matched:
      - @ConditionalOnProperty (spring.aop.proxy-target-class=true) matched (OnPropertyCondition)

   TransactionAutoConfiguration.TransactionTemplateConfiguration matched:
      - @ConditionalOnSingleCandidate (types: org.springframework.transaction.PlatformTransactionManager; SearchStrategy: all) found a single bean 'transactionManager' (OnBeanCondition)

   TransactionAutoConfiguration.TransactionTemplateConfiguration#transactionTemplate matched:
      - @ConditionalOnMissingBean (types: org.springframework.transaction.support.TransactionOperations; SearchStrategy: all) did not find any beans (OnBeanCondition)

   TransactionManagerCustomizationAutoConfiguration matched:
      - @ConditionalOnClass found required class 'org.springframework.transaction.PlatformTransactionManager' (OnClassCondition)

   TransactionManagerCustomizationAutoConfiguration#platformTransactionManagerCustomizers matched:
      - @ConditionalOnMissingBean (types: org.springframework.boot.autoconfigure.transaction.TransactionManagerCustomizers; SearchStrategy: all) did not find any beans (OnBeanCondition)

   WebDriverConfig#chromeDriver matched:
      - @ConditionalOnProperty (browser=chrome) matched (OnPropertyCondition)

   WebMvcAutoConfiguration matched:
      - @ConditionalOnClass found required classes 'jakarta.servlet.Servlet', 'org.springframework.web.servlet.DispatcherServlet', 'org.springframework.web.servlet.config.annotation.WebMvcConfigurer' (OnClassCondition)
      - found 'session' scope (OnWebApplicationCondition)
      - @ConditionalOnMissingBean (types: org.springframework.web.servlet.config.annotation.WebMvcConfigurationSupport; SearchStrategy: all) did not find any beans (OnBeanCondition)

   WebMvcAutoConfiguration#formContentFilter matched:
      - @ConditionalOnProperty (spring.mvc.formcontent.filter.enabled) matched (OnPropertyCondition)
      - @ConditionalOnMissingBean (types: org.springframework.web.filter.FormContentFilter; SearchStrategy: all) did not find any beans (OnBeanCondition)

   WebMvcAutoConfiguration.EnableWebMvcConfiguration#flashMapManager matched:
      - @ConditionalOnMissingBean (names: flashMapManager; SearchStrategy: all) did not find any beans (OnBeanCondition)

   WebMvcAutoConfiguration.EnableWebMvcConfiguration#localeResolver matched:
      - @ConditionalOnMissingBean (names: localeResolver; SearchStrategy: all) did not find any beans (OnBeanCondition)

   WebMvcAutoConfiguration.EnableWebMvcConfiguration#themeResolver matched:
      - @ConditionalOnMissingBean (names: themeResolver; SearchStrategy: all) did not find any beans (OnBeanCondition)

   WebMvcAutoConfiguration.EnableWebMvcConfiguration#viewNameTranslator matched:
      - @ConditionalOnMissingBean (names: viewNameTranslator; SearchStrategy: all) did not find any beans (OnBeanCondition)

   WebMvcAutoConfiguration.WebMvcAutoConfigurationAdapter#defaultViewResolver matched:
      - @ConditionalOnMissingBean (types: org.springframework.web.servlet.view.InternalResourceViewResolver; SearchStrategy: all) did not find any beans (OnBeanCondition)

   WebMvcAutoConfiguration.WebMvcAutoConfigurationAdapter#requestContextFilter matched:
      - @ConditionalOnMissingBean (types: org.springframework.web.context.request.RequestContextListener,org.springframework.web.filter.RequestContextFilter; SearchStrategy: all) did not find any beans (OnBeanCondition)

   WebMvcAutoConfiguration.WebMvcAutoConfigurationAdapter#viewResolver matched:
      - @ConditionalOnBean (types: org.springframework.web.servlet.ViewResolver; SearchStrategy: all) found beans 'defaultViewResolver', 'beanNameViewResolver', 'mvcViewResolver'; @ConditionalOnMissingBean (names: viewResolver types: org.springframework.web.servlet.view.ContentNegotiatingViewResolver; SearchStrategy: all) did not find any beans (OnBeanCondition)

   WebSocketServletAutoConfiguration matched:
      - @ConditionalOnClass found required classes 'jakarta.servlet.Servlet', 'jakarta.websocket.server.ServerContainer' (OnClassCondition)
      - found 'session' scope (OnWebApplicationCondition)

   WebSocketServletAutoConfiguration.TomcatWebSocketConfiguration matched:
      - @ConditionalOnClass found required classes 'org.apache.catalina.startup.Tomcat', 'org.apache.tomcat.websocket.server.WsSci' (OnClassCondition)

   WebSocketServletAutoConfiguration.TomcatWebSocketConfiguration#websocketServletWebServerCustomizer matched:
      - @ConditionalOnMissingBean (names: websocketServletWebServerCustomizer; SearchStrategy: all) did not find any beans (OnBeanCondition)


Negative matches:
-----------------

   ActiveMQAutoConfiguration:
      Did not match:
         - @ConditionalOnClass did not find required class 'jakarta.jms.ConnectionFactory' (OnClassCondition)

   AopAutoConfiguration.AspectJAutoProxyingConfiguration.JdkDynamicAutoProxyConfiguration:
      Did not match:
         - @ConditionalOnProperty (spring.aop.proxy-target-class=false) did not find property 'proxy-target-class' (OnPropertyCondition)

   AopAutoConfiguration.ClassProxyingConfiguration:
      Did not match:
         - @ConditionalOnMissingClass found unwanted class 'org.aspectj.weaver.Advice' (OnClassCondition)

   ArtemisAutoConfiguration:
      Did not match:
         - @ConditionalOnClass did not find required class 'jakarta.jms.ConnectionFactory' (OnClassCondition)

   BatchAutoConfiguration:
      Did not match:
         - @ConditionalOnClass did not find required class 'org.springframework.batch.core.launch.JobLauncher' (OnClassCondition)

   Cache2kCacheConfiguration:
      Did not match:
         - @ConditionalOnClass did not find required class 'org.cache2k.Cache2kBuilder' (OnClassCondition)

   CacheAutoConfiguration:
      Did not match:
         - @ConditionalOnBean (types: org.springframework.cache.interceptor.CacheAspectSupport; SearchStrategy: all) did not find any beans of type org.springframework.cache.interceptor.CacheAspectSupport (OnBeanCondition)
      Matched:
         - @ConditionalOnClass found required class 'org.springframework.cache.CacheManager' (OnClassCondition)

   CacheAutoConfiguration.CacheManagerEntityManagerFactoryDependsOnPostProcessor:
      Did not match:
         - Ancestor org.springframework.boot.autoconfigure.cache.CacheAutoConfiguration did not match (ConditionEvaluationReport.AncestorsMatchedCondition)
      Matched:
         - @ConditionalOnClass found required class 'org.springframework.orm.jpa.LocalContainerEntityManagerFactoryBean' (OnClassCondition)

   CaffeineCacheConfiguration:
      Did not match:
         - @ConditionalOnClass did not find required class 'com.github.benmanes.caffeine.cache.Caffeine' (OnClassCondition)

   CassandraAutoConfiguration:
      Did not match:
         - @ConditionalOnClass did not find required class 'com.datastax.oss.driver.api.core.CqlSession' (OnClassCondition)

   CassandraDataAutoConfiguration:
      Did not match:
         - @ConditionalOnClass did not find required class 'com.datastax.oss.driver.api.core.CqlSession' (OnClassCondition)

   CassandraReactiveDataAutoConfiguration:
      Did not match:
         - @ConditionalOnClass did not find required class 'com.datastax.oss.driver.api.core.CqlSession' (OnClassCondition)

   CassandraReactiveRepositoriesAutoConfiguration:
      Did not match:
         - @ConditionalOnClass did not find required class 'org.springframework.data.cassandra.ReactiveSession' (OnClassCondition)

   CassandraRepositoriesAutoConfiguration:
      Did not match:
         - @ConditionalOnClass did not find required class 'com.datastax.oss.driver.api.core.CqlSession' (OnClassCondition)

   ClientHttpConnectorAutoConfiguration:
      Did not match:
         - @ConditionalOnClass did not find required class 'org.springframework.web.reactive.function.client.WebClient' (OnClassCondition)

   CodecsAutoConfiguration:
      Did not match:
         - @ConditionalOnClass did not find required class 'org.springframework.web.reactive.function.client.WebClient' (OnClassCondition)

   CouchbaseAutoConfiguration:
      Did not match:
         - @ConditionalOnClass did not find required class 'com.couchbase.client.java.Cluster' (OnClassCondition)

   CouchbaseCacheConfiguration:
      Did not match:
         - @ConditionalOnClass did not find required class 'com.couchbase.client.java.Cluster' (OnClassCondition)

   CouchbaseDataAutoConfiguration:
      Did not match:
         - @ConditionalOnClass did not find required class 'com.couchbase.client.java.Bucket' (OnClassCondition)

   CouchbaseReactiveDataAutoConfiguration:
      Did not match:
         - @ConditionalOnClass did not find required class 'com.couchbase.client.java.Cluster' (OnClassCondition)

   CouchbaseReactiveRepositoriesAutoConfiguration:
      Did not match:
         - @ConditionalOnClass did not find required class 'com.couchbase.client.java.Cluster' (OnClassCondition)

   CouchbaseRepositoriesAutoConfiguration:
      Did not match:
         - @ConditionalOnClass did not find required class 'com.couchbase.client.java.Bucket' (OnClassCondition)

   DataSourceAutoConfiguration.EmbeddedDatabaseConfiguration:
      Did not match:
         - EmbeddedDataSource found supported pooled data source (DataSourceAutoConfiguration.EmbeddedDatabaseCondition)

   DataSourceCheckpointRestoreConfiguration:
      Did not match:
         - @ConditionalOnClass did not find required class 'org.crac.Resource' (OnClassCondition)

   DataSourceConfiguration.Dbcp2:
      Did not match:
         - @ConditionalOnClass did not find required class 'org.apache.commons.dbcp2.BasicDataSource' (OnClassCondition)

   DataSourceConfiguration.Generic:
      Did not match:
         - @ConditionalOnProperty (spring.datasource.type) did not find property 'spring.datasource.type' (OnPropertyCondition)

   DataSourceConfiguration.OracleUcp:
      Did not match:
         - @ConditionalOnClass did not find required classes 'oracle.ucp.jdbc.PoolDataSourceImpl', 'oracle.jdbc.OracleConnection' (OnClassCondition)

   DataSourceConfiguration.Tomcat:
      Did not match:
         - @ConditionalOnClass did not find required class 'org.apache.tomcat.jdbc.pool.DataSource' (OnClassCondition)

   DataSourceJmxConfiguration:
      Did not match:
         - @ConditionalOnProperty (spring.jmx.enabled=true) found different value in property 'enabled' (OnPropertyCondition)

   DataSourcePoolMetadataProvidersConfiguration.CommonsDbcp2PoolDataSourceMetadataProviderConfiguration:
      Did not match:
         - @ConditionalOnClass did not find required class 'org.apache.commons.dbcp2.BasicDataSource' (OnClassCondition)

   DataSourcePoolMetadataProvidersConfiguration.OracleUcpPoolDataSourceMetadataProviderConfiguration:
      Did not match:
         - @ConditionalOnClass did not find required classes 'oracle.ucp.jdbc.PoolDataSource', 'oracle.jdbc.OracleConnection' (OnClassCondition)

   DataSourcePoolMetadataProvidersConfiguration.TomcatDataSourcePoolMetadataProviderConfiguration:
      Did not match:
         - @ConditionalOnClass did not find required class 'org.apache.tomcat.jdbc.pool.DataSource' (OnClassCondition)

   DataSourceTransactionManagerAutoConfiguration.JdbcTransactionManagerConfiguration#transactionManager:
      Did not match:
         - @ConditionalOnMissingBean (types: org.springframework.transaction.TransactionManager; SearchStrategy: all) found beans of type 'org.springframework.transaction.TransactionManager' transactionManager (OnBeanCondition)

   DispatcherServletAutoConfiguration.DispatcherServletConfiguration#multipartResolver:
      Did not match:
         - @ConditionalOnBean (types: org.springframework.web.multipart.MultipartResolver; SearchStrategy: all) did not find any beans of type org.springframework.web.multipart.MultipartResolver (OnBeanCondition)

   ElasticsearchClientAutoConfiguration:
      Did not match:
         - @ConditionalOnClass did not find required class 'co.elastic.clients.elasticsearch.ElasticsearchClient' (OnClassCondition)

   ElasticsearchDataAutoConfiguration:
      Did not match:
         - @ConditionalOnClass did not find required class 'org.springframework.data.elasticsearch.client.elc.ElasticsearchTemplate' (OnClassCondition)

   ElasticsearchRepositoriesAutoConfiguration:
      Did not match:
         - @ConditionalOnClass did not find required class 'org.springframework.data.elasticsearch.repository.ElasticsearchRepository' (OnClassCondition)

   ElasticsearchRestClientAutoConfiguration:
      Did not match:
         - @ConditionalOnClass did not find required class 'org.elasticsearch.client.RestClientBuilder' (OnClassCondition)

   EmbeddedLdapAutoConfiguration:
      Did not match:
         - @ConditionalOnClass did not find required class 'com.unboundid.ldap.listener.InMemoryDirectoryServer' (OnClassCondition)

   EmbeddedWebServerFactoryCustomizerAutoConfiguration:
      Did not match:
         - Application is deployed as a WAR file. (OnWarDeploymentCondition)
      Matched:
         - @ConditionalOnWebApplication (required) found 'session' scope (OnWebApplicationCondition)

   ErrorWebFluxAutoConfiguration:
      Did not match:
         - @ConditionalOnClass did not find required class 'org.springframework.web.reactive.config.WebFluxConfigurer' (OnClassCondition)

   FlywayAutoConfiguration:
      Did not match:
         - @ConditionalOnClass did not find required class 'org.flywaydb.core.Flyway' (OnClassCondition)

   FreeMarkerAutoConfiguration:
      Did not match:
         - @ConditionalOnClass did not find required class 'freemarker.template.Configuration' (OnClassCondition)

   GraphQlAutoConfiguration:
      Did not match:
         - @ConditionalOnClass did not find required class 'graphql.GraphQL' (OnClassCondition)

   GraphQlQueryByExampleAutoConfiguration:
      Did not match:
         - @ConditionalOnClass did not find required class 'graphql.GraphQL' (OnClassCondition)

   GraphQlQuerydslAutoConfiguration:
      Did not match:
         - @ConditionalOnClass did not find required class 'com.querydsl.core.Query' (OnClassCondition)

   GraphQlRSocketAutoConfiguration:
      Did not match:
         - @ConditionalOnClass did not find required class 'graphql.GraphQL' (OnClassCondition)

   GraphQlReactiveQueryByExampleAutoConfiguration:
      Did not match:
         - @ConditionalOnClass did not find required class 'graphql.GraphQL' (OnClassCondition)

   GraphQlReactiveQuerydslAutoConfiguration:
      Did not match:
         - @ConditionalOnClass did not find required class 'com.querydsl.core.Query' (OnClassCondition)

   GraphQlWebFluxAutoConfiguration:
      Did not match:
         - @ConditionalOnClass did not find required class 'graphql.GraphQL' (OnClassCondition)

   GraphQlWebFluxSecurityAutoConfiguration:
      Did not match:
         - @ConditionalOnClass did not find required class 'graphql.GraphQL' (OnClassCondition)

   GraphQlWebMvcAutoConfiguration:
      Did not match:
         - @ConditionalOnClass did not find required class 'graphql.GraphQL' (OnClassCondition)

   GraphQlWebMvcSecurityAutoConfiguration:
      Did not match:
         - @ConditionalOnClass did not find required class 'graphql.GraphQL' (OnClassCondition)

   GroovyTemplateAutoConfiguration:
      Did not match:
         - @ConditionalOnClass did not find required class 'groovy.text.markup.MarkupTemplateEngine' (OnClassCondition)

   GsonHttpMessageConvertersConfiguration.GsonHttpMessageConverterConfiguration:
      Did not match:
         - AnyNestedCondition 0 matched 2 did not; NestedCondition on GsonHttpMessageConvertersConfiguration.PreferGsonOrJacksonAndJsonbUnavailableCondition.JacksonJsonbUnavailable NoneNestedConditions 1 matched 1 did not; NestedCondition on GsonHttpMessageConvertersConfiguration.JacksonAndJsonbUnavailableCondition.JsonbPreferred @ConditionalOnProperty (spring.mvc.converters.preferred-json-mapper=jsonb) did not find property 'spring.mvc.converters.preferred-json-mapper'; NestedCondition on GsonHttpMessageConvertersConfiguration.JacksonAndJsonbUnavailableCondition.JacksonAvailable @ConditionalOnBean (types: org.springframework.http.converter.json.MappingJackson2HttpMessageConverter; SearchStrategy: all) found bean 'mappingJackson2HttpMessageConverter'; NestedCondition on GsonHttpMessageConvertersConfiguration.PreferGsonOrJacksonAndJsonbUnavailableCondition.GsonPreferred @ConditionalOnProperty (spring.mvc.converters.preferred-json-mapper=gson) did not find property 'spring.mvc.converters.preferred-json-mapper' (GsonHttpMessageConvertersConfiguration.PreferGsonOrJacksonAndJsonbUnavailableCondition)

   H2ConsoleAutoConfiguration:
      Did not match:
         - @ConditionalOnProperty (spring.h2.console.enabled=true) did not find property 'enabled' (OnPropertyCondition)
      Matched:
         - @ConditionalOnClass found required class 'org.h2.server.web.JakartaWebServlet' (OnClassCondition)
         - found 'session' scope (OnWebApplicationCondition)

   HazelcastAutoConfiguration:
      Did not match:
         - @ConditionalOnClass did not find required class 'com.hazelcast.core.HazelcastInstance' (OnClassCondition)

   HazelcastCacheConfiguration:
      Did not match:
         - @ConditionalOnClass did not find required class 'com.hazelcast.core.HazelcastInstance' (OnClassCondition)

   HazelcastJpaDependencyAutoConfiguration:
      Did not match:
         - @ConditionalOnClass did not find required class 'com.hazelcast.core.HazelcastInstance' (OnClassCondition)

   HttpHandlerAutoConfiguration:
      Did not match:
         - @ConditionalOnClass did not find required class 'org.springframework.web.reactive.DispatcherHandler' (OnClassCondition)

   HypermediaAutoConfiguration:
      Did not match:
         - @ConditionalOnClass did not find required class 'org.springframework.hateoas.EntityModel' (OnClassCondition)

   InfinispanCacheConfiguration:
      Did not match:
         - @ConditionalOnClass did not find required class 'org.infinispan.spring.embedded.provider.SpringEmbeddedCacheManager' (OnClassCondition)

   IntegrationAutoConfiguration:
      Did not match:
         - @ConditionalOnClass did not find required class 'org.springframework.integration.config.EnableIntegration' (OnClassCondition)

   JCacheCacheConfiguration:
      Did not match:
         - @ConditionalOnClass did not find required class 'javax.cache.Caching' (OnClassCondition)

   JacksonHttpMessageConvertersConfiguration.MappingJackson2XmlHttpMessageConverterConfiguration:
      Did not match:
         - @ConditionalOnClass did not find required class 'com.fasterxml.jackson.dataformat.xml.XmlMapper' (OnClassCondition)

   JdbcRepositoriesAutoConfiguration:
      Did not match:
         - @ConditionalOnClass did not find required class 'org.springframework.data.jdbc.repository.config.AbstractJdbcConfiguration' (OnClassCondition)

   JerseyAutoConfiguration:
      Did not match:
         - @ConditionalOnClass did not find required class 'org.glassfish.jersey.server.spring.SpringComponentProvider' (OnClassCondition)

   JmsAutoConfiguration:
      Did not match:
         - @ConditionalOnClass did not find required class 'jakarta.jms.Message' (OnClassCondition)

   JmxAutoConfiguration:
      Did not match:
         - @ConditionalOnProperty (spring.jmx.enabled=true) found different value in property 'enabled' (OnPropertyCondition)
      Matched:
         - @ConditionalOnClass found required class 'org.springframework.jmx.export.MBeanExporter' (OnClassCondition)

   JndiConnectionFactoryAutoConfiguration:
      Did not match:
         - @ConditionalOnClass did not find required class 'org.springframework.jms.core.JmsTemplate' (OnClassCondition)

   JndiDataSourceAutoConfiguration:
      Did not match:
         - @ConditionalOnProperty (spring.datasource.jndi-name) did not find property 'jndi-name' (OnPropertyCondition)
      Matched:
         - @ConditionalOnClass found required classes 'javax.sql.DataSource', 'org.springframework.jdbc.datasource.embedded.EmbeddedDatabaseType' (OnClassCondition)

   JndiJtaConfiguration:
      Did not match:
         - @ConditionalOnJndi JNDI environment is not available (OnJndiCondition)
      Matched:
         - @ConditionalOnClass found required class 'org.springframework.transaction.jta.JtaTransactionManager' (OnClassCondition)

   JooqAutoConfiguration:
      Did not match:
         - @ConditionalOnClass did not find required class 'org.jooq.DSLContext' (OnClassCondition)

   JpaRepositoriesAutoConfiguration#entityManagerFactoryBootstrapExecutorCustomizer:
      Did not match:
         - AnyNestedCondition 0 matched 2 did not; NestedCondition on JpaRepositoriesAutoConfiguration.BootstrapExecutorCondition.LazyBootstrapMode @ConditionalOnProperty (spring.data.jpa.repositories.bootstrap-mode=lazy) did not find property 'bootstrap-mode'; NestedCondition on JpaRepositoriesAutoConfiguration.BootstrapExecutorCondition.DeferredBootstrapMode @ConditionalOnProperty (spring.data.jpa.repositories.bootstrap-mode=deferred) did not find property 'bootstrap-mode' (JpaRepositoriesAutoConfiguration.BootstrapExecutorCondition)

   JsonbAutoConfiguration:
      Did not match:
         - @ConditionalOnClass did not find required class 'jakarta.json.bind.Jsonb' (OnClassCondition)

   JsonbHttpMessageConvertersConfiguration:
      Did not match:
         - @ConditionalOnClass did not find required class 'jakarta.json.bind.Jsonb' (OnClassCondition)

   KafkaAutoConfiguration:
      Did not match:
         - @ConditionalOnClass did not find required class 'org.springframework.kafka.core.KafkaTemplate' (OnClassCondition)

   LdapAutoConfiguration:
      Did not match:
         - @ConditionalOnClass did not find required class 'org.springframework.ldap.core.ContextSource' (OnClassCondition)

   LdapRepositoriesAutoConfiguration:
      Did not match:
         - @ConditionalOnClass did not find required class 'org.springframework.data.ldap.repository.LdapRepository' (OnClassCondition)

   LiquibaseAutoConfiguration:
      Did not match:
         - @ConditionalOnClass did not find required class 'liquibase.change.DatabaseChange' (OnClassCondition)

   MailSenderAutoConfiguration:
      Did not match:
         - @ConditionalOnClass did not find required class 'jakarta.mail.internet.MimeMessage' (OnClassCondition)

   MailSenderValidatorAutoConfiguration:
      Did not match:
         - @ConditionalOnSingleCandidate did not find required type 'org.springframework.mail.javamail.JavaMailSenderImpl' (OnBeanCondition)

   MessageSourceAutoConfiguration:
      Did not match:
         - ResourceBundle did not find bundle with basename messages (MessageSourceAutoConfiguration.ResourceBundleCondition)

   MongoAutoConfiguration:
      Did not match:
         - @ConditionalOnClass did not find required class 'com.mongodb.client.MongoClient' (OnClassCondition)

   MongoDataAutoConfiguration:
      Did not match:
         - @ConditionalOnClass did not find required class 'com.mongodb.client.MongoClient' (OnClassCondition)

   MongoReactiveAutoConfiguration:
      Did not match:
         - @ConditionalOnClass did not find required class 'com.mongodb.reactivestreams.client.MongoClient' (OnClassCondition)

   MongoReactiveDataAutoConfiguration:
      Did not match:
         - @ConditionalOnClass did not find required class 'com.mongodb.reactivestreams.client.MongoClient' (OnClassCondition)

   MongoReactiveRepositoriesAutoConfiguration:
      Did not match:
         - @ConditionalOnClass did not find required class 'com.mongodb.reactivestreams.client.MongoClient' (OnClassCondition)

   MongoRepositoriesAutoConfiguration:
      Did not match:
         - @ConditionalOnClass did not find required class 'com.mongodb.client.MongoClient' (OnClassCondition)

   MustacheAutoConfiguration:
      Did not match:
         - @ConditionalOnClass did not find required class 'com.samskivert.mustache.Mustache' (OnClassCondition)

   Neo4jAutoConfiguration:
      Did not match:
         - @ConditionalOnClass did not find required class 'org.neo4j.driver.Driver' (OnClassCondition)

   Neo4jDataAutoConfiguration:
      Did not match:
         - @ConditionalOnClass did not find required class 'org.neo4j.driver.Driver' (OnClassCondition)

   Neo4jReactiveDataAutoConfiguration:
      Did not match:
         - @ConditionalOnClass did not find required class 'org.neo4j.driver.Driver' (OnClassCondition)

   Neo4jReactiveRepositoriesAutoConfiguration:
      Did not match:
         - @ConditionalOnClass did not find required class 'org.neo4j.driver.Driver' (OnClassCondition)

   Neo4jRepositoriesAutoConfiguration:
      Did not match:
         - @ConditionalOnClass did not find required class 'org.neo4j.driver.Driver' (OnClassCondition)

   NettyAutoConfiguration:
      Did not match:
         - @ConditionalOnClass did not find required class 'io.netty.util.NettyRuntime' (OnClassCondition)

   OAuth2AuthorizationServerAutoConfiguration:
      Did not match:
         - @ConditionalOnClass did not find required class 'org.springframework.security.oauth2.server.authorization.OAuth2Authorization' (OnClassCondition)

   OAuth2AuthorizationServerJwtAutoConfiguration:
      Did not match:
         - @ConditionalOnClass did not find required class 'org.springframework.security.oauth2.server.authorization.OAuth2Authorization' (OnClassCondition)

   OAuth2ClientAutoConfiguration:
      Did not match:
         - @ConditionalOnClass did not find required class 'org.springframework.security.config.annotation.web.configuration.EnableWebSecurity' (OnClassCondition)

   OAuth2ResourceServerAutoConfiguration:
      Did not match:
         - @ConditionalOnClass did not find required class 'org.springframework.security.oauth2.server.resource.authentication.BearerTokenAuthenticationToken' (OnClassCondition)

   ProjectInfoAutoConfiguration#buildProperties:
      Did not match:
         - @ConditionalOnResource did not find resource '${spring.info.build.location:classpath:META-INF/build-info.properties}' (OnResourceCondition)

   ProjectInfoAutoConfiguration#gitProperties:
      Did not match:
         - GitResource did not find git info at classpath:git.properties (ProjectInfoAutoConfiguration.GitResourceAvailableCondition)

   PulsarAutoConfiguration:
      Did not match:
         - @ConditionalOnClass did not find required class 'org.apache.pulsar.client.api.PulsarClient' (OnClassCondition)

   PulsarReactiveAutoConfiguration:
      Did not match:
         - @ConditionalOnClass did not find required class 'org.apache.pulsar.client.api.PulsarClient' (OnClassCondition)

   QuartzAutoConfiguration:
      Did not match:
         - @ConditionalOnClass did not find required class 'org.quartz.Scheduler' (OnClassCondition)

   R2dbcAutoConfiguration:
      Did not match:
         - @ConditionalOnClass did not find required class 'io.r2dbc.spi.ConnectionFactory' (OnClassCondition)

   R2dbcDataAutoConfiguration:
      Did not match:
         - @ConditionalOnClass did not find required class 'org.springframework.data.r2dbc.core.R2dbcEntityTemplate' (OnClassCondition)

   R2dbcInitializationConfiguration:
      Did not match:
         - @ConditionalOnClass did not find required classes 'io.r2dbc.spi.ConnectionFactory', 'org.springframework.r2dbc.connection.init.DatabasePopulator' (OnClassCondition)

   R2dbcProxyAutoConfiguration:
      Did not match:
         - @ConditionalOnClass did not find required class 'io.r2dbc.proxy.ProxyConnectionFactory' (OnClassCondition)

   R2dbcRepositoriesAutoConfiguration:
      Did not match:
         - @ConditionalOnClass did not find required class 'io.r2dbc.spi.ConnectionFactory' (OnClassCondition)

   R2dbcTransactionManagerAutoConfiguration:
      Did not match:
         - @ConditionalOnClass did not find required class 'org.springframework.r2dbc.connection.R2dbcTransactionManager' (OnClassCondition)

   RSocketGraphQlClientAutoConfiguration:
      Did not match:
         - @ConditionalOnClass did not find required class 'graphql.GraphQL' (OnClassCondition)

   RSocketMessagingAutoConfiguration:
      Did not match:
         - @ConditionalOnClass did not find required class 'io.rsocket.RSocket' (OnClassCondition)

   RSocketRequesterAutoConfiguration:
      Did not match:
         - @ConditionalOnClass did not find required class 'io.rsocket.RSocket' (OnClassCondition)

   RSocketSecurityAutoConfiguration:
      Did not match:
         - @ConditionalOnClass did not find required class 'org.springframework.security.rsocket.core.SecuritySocketAcceptorInterceptor' (OnClassCondition)

   RSocketServerAutoConfiguration:
      Did not match:
         - @ConditionalOnClass did not find required class 'io.rsocket.core.RSocketServer' (OnClassCondition)

   RSocketStrategiesAutoConfiguration:
      Did not match:
         - @ConditionalOnClass did not find required class 'io.netty.buffer.PooledByteBufAllocator' (OnClassCondition)

   RabbitAutoConfiguration:
      Did not match:
         - @ConditionalOnClass did not find required class 'com.rabbitmq.client.Channel' (OnClassCondition)

   ReactiveElasticsearchClientAutoConfiguration:
      Did not match:
         - @ConditionalOnClass did not find required class 'co.elastic.clients.transport.ElasticsearchTransport' (OnClassCondition)

   ReactiveElasticsearchRepositoriesAutoConfiguration:
      Did not match:
         - @ConditionalOnClass did not find required class 'reactor.core.publisher.Mono' (OnClassCondition)

   ReactiveMultipartAutoConfiguration:
      Did not match:
         - @ConditionalOnClass did not find required class 'org.springframework.web.reactive.config.WebFluxConfigurer' (OnClassCondition)

   ReactiveOAuth2ClientAutoConfiguration:
      Did not match:
         - @ConditionalOnClass did not find required class 'reactor.core.publisher.Flux' (OnClassCondition)

   ReactiveOAuth2ResourceServerAutoConfiguration:
      Did not match:
         - @ConditionalOnClass did not find required class 'org.springframework.security.config.annotation.web.reactive.EnableWebFluxSecurity' (OnClassCondition)

   ReactiveSecurityAutoConfiguration:
      Did not match:
         - @ConditionalOnClass did not find required class 'reactor.core.publisher.Flux' (OnClassCondition)

   ReactiveUserDetailsServiceAutoConfiguration:
      Did not match:
         - @ConditionalOnClass did not find required class 'org.springframework.security.authentication.ReactiveAuthenticationManager' (OnClassCondition)

   ReactiveWebServerFactoryAutoConfiguration:
      Did not match:
         - @ConditionalOnWebApplication did not find reactive web application classes (OnWebApplicationCondition)

   ReactorAutoConfiguration:
      Did not match:
         - @ConditionalOnClass did not find required class 'reactor.core.publisher.Hooks' (OnClassCondition)

   RedisAutoConfiguration:
      Did not match:
         - @ConditionalOnClass did not find required class 'org.springframework.data.redis.core.RedisOperations' (OnClassCondition)

   RedisCacheConfiguration:
      Did not match:
         - @ConditionalOnClass did not find required class 'org.springframework.data.redis.connection.RedisConnectionFactory' (OnClassCondition)

   RedisReactiveAutoConfiguration:
      Did not match:
         - @ConditionalOnClass did not find required class 'reactor.core.publisher.Flux' (OnClassCondition)

   RedisRepositoriesAutoConfiguration:
      Did not match:
         - @ConditionalOnClass did not find required class 'org.springframework.data.redis.repository.configuration.EnableRedisRepositories' (OnClassCondition)

   RepositoryRestMvcAutoConfiguration:
      Did not match:
         - @ConditionalOnClass did not find required class 'org.springframework.data.rest.webmvc.config.RepositoryRestMvcConfiguration' (OnClassCondition)

   Saml2RelyingPartyAutoConfiguration:
      Did not match:
         - @ConditionalOnClass did not find required class 'org.springframework.security.saml2.provider.service.registration.RelyingPartyRegistrationRepository' (OnClassCondition)

   SecurityAutoConfiguration:
      Did not match:
         - @ConditionalOnClass did not find required class 'org.springframework.security.authentication.DefaultAuthenticationEventPublisher' (OnClassCondition)

   SecurityFilterAutoConfiguration:
      Did not match:
         - @ConditionalOnClass did not find required class 'org.springframework.security.config.http.SessionCreationPolicy' (OnClassCondition)

   SendGridAutoConfiguration:
      Did not match:
         - @ConditionalOnClass did not find required class 'com.sendgrid.SendGrid' (OnClassCondition)

   ServletWebServerFactoryAutoConfiguration.ForwardedHeaderFilterConfiguration:
      Did not match:
         - @ConditionalOnProperty (server.forward-headers-strategy=framework) did not find property 'server.forward-headers-strategy' (OnPropertyCondition)

   ServletWebServerFactoryConfiguration.EmbeddedJetty:
      Did not match:
         - @ConditionalOnClass did not find required classes 'org.eclipse.jetty.server.Server', 'org.eclipse.jetty.util.Loader', 'org.eclipse.jetty.ee10.webapp.WebAppContext' (OnClassCondition)

   ServletWebServerFactoryConfiguration.EmbeddedUndertow:
      Did not match:
         - @ConditionalOnClass did not find required classes 'io.undertow.Undertow', 'org.xnio.SslClientAuthMode' (OnClassCondition)

   SessionAutoConfiguration:
      Did not match:
         - @ConditionalOnClass did not find required class 'org.springframework.session.Session' (OnClassCondition)

   SpringApplicationAdminJmxAutoConfiguration:
      Did not match:
         - @ConditionalOnProperty (spring.application.admin.enabled=true) did not find property 'enabled' (OnPropertyCondition)

   TaskExecutorConfigurations.SimpleAsyncTaskExecutorBuilderConfiguration#simpleAsyncTaskExecutorBuilderVirtualThreads:
      Did not match:
         - @ConditionalOnMissingBean (types: org.springframework.boot.task.SimpleAsyncTaskExecutorBuilder; SearchStrategy: all) found beans of type 'org.springframework.boot.task.SimpleAsyncTaskExecutorBuilder' simpleAsyncTaskExecutorBuilder (OnBeanCondition)

   TaskExecutorConfigurations.TaskExecutorConfiguration#applicationTaskExecutorVirtualThreads:
      Did not match:
         - @ConditionalOnThreading did not find VIRTUAL (OnThreadingCondition)

   TaskSchedulingAutoConfiguration#scheduledBeanLazyInitializationExcludeFilter:
      Did not match:
         - @ConditionalOnBean (names: org.springframework.context.annotation.internalScheduledAnnotationProcessor; SearchStrategy: all) did not find any beans named org.springframework.context.annotation.internalScheduledAnnotationProcessor (OnBeanCondition)

   TaskSchedulingConfigurations.SimpleAsyncTaskSchedulerBuilderConfiguration#simpleAsyncTaskSchedulerBuilderVirtualThreads:
      Did not match:
         - @ConditionalOnMissingBean (types: org.springframework.boot.task.SimpleAsyncTaskSchedulerBuilder; SearchStrategy: all) found beans of type 'org.springframework.boot.task.SimpleAsyncTaskSchedulerBuilder' simpleAsyncTaskSchedulerBuilder (OnBeanCondition)

   TaskSchedulingConfigurations.TaskSchedulerConfiguration:
      Did not match:
         - @ConditionalOnBean (names: org.springframework.context.annotation.internalScheduledAnnotationProcessor; SearchStrategy: all) did not find any beans named org.springframework.context.annotation.internalScheduledAnnotationProcessor (OnBeanCondition)

   ThymeleafAutoConfiguration:
      Did not match:
         - @ConditionalOnClass did not find required class 'org.thymeleaf.spring6.SpringTemplateEngine' (OnClassCondition)

   TransactionAutoConfiguration#transactionalOperator:
      Did not match:
         - @ConditionalOnSingleCandidate (types: org.springframework.transaction.ReactiveTransactionManager; SearchStrategy: all) did not find any beans (OnBeanCondition)

   TransactionAutoConfiguration.AspectJTransactionManagementConfiguration:
      Did not match:
         - @ConditionalOnBean (types: org.springframework.transaction.aspectj.AbstractTransactionAspect; SearchStrategy: all) did not find any beans of type org.springframework.transaction.aspectj.AbstractTransactionAspect (OnBeanCondition)

   TransactionAutoConfiguration.EnableTransactionManagementConfiguration.JdkDynamicAutoProxyConfiguration:
      Did not match:
         - @ConditionalOnProperty (spring.aop.proxy-target-class=false) did not find property 'proxy-target-class' (OnPropertyCondition)

   UserDetailsServiceAutoConfiguration:
      Did not match:
         - @ConditionalOnClass did not find required class 'org.springframework.security.authentication.AuthenticationManager' (OnClassCondition)

   ValidationAutoConfiguration:
      Did not match:
         - @ConditionalOnClass did not find required class 'jakarta.validation.executable.ExecutableValidator' (OnClassCondition)

   WebClientAutoConfiguration:
      Did not match:
         - @ConditionalOnClass did not find required class 'org.springframework.web.reactive.function.client.WebClient' (OnClassCondition)

   WebDriverConfig#edgeDriver:
      Did not match:
         - @ConditionalOnProperty (browser=edge) found different value in property 'browser' (OnPropertyCondition)

   WebDriverConfig#firefoxDriver:
      Did not match:
         - @ConditionalOnProperty (browser=firefox) found different value in property 'browser' (OnPropertyCondition)

   WebFluxAutoConfiguration:
      Did not match:
         - @ConditionalOnClass did not find required class 'org.springframework.web.reactive.config.WebFluxConfigurer' (OnClassCondition)

   WebMvcAutoConfiguration#hiddenHttpMethodFilter:
      Did not match:
         - @ConditionalOnProperty (spring.mvc.hiddenmethod.filter.enabled) did not find property 'enabled' (OnPropertyCondition)

   WebMvcAutoConfiguration.ProblemDetailsErrorHandlingConfiguration:
      Did not match:
         - @ConditionalOnProperty (spring.mvc.problemdetails.enabled=true) did not find property 'enabled' (OnPropertyCondition)

   WebMvcAutoConfiguration.ResourceChainCustomizerConfiguration:
      Did not match:
         - @ConditionalOnEnabledResourceChain did not find class org.webjars.WebJarVersionLocator (OnEnabledResourceChainCondition)

   WebMvcAutoConfiguration.WebMvcAutoConfigurationAdapter#beanNameViewResolver:
      Did not match:
         - @ConditionalOnMissingBean (types: org.springframework.web.servlet.view.BeanNameViewResolver; SearchStrategy: all) found beans of type 'org.springframework.web.servlet.view.BeanNameViewResolver' beanNameViewResolver (OnBeanCondition)

   WebServiceTemplateAutoConfiguration:
      Did not match:
         - @ConditionalOnClass did not find required class 'org.springframework.oxm.Marshaller' (OnClassCondition)

   WebServicesAutoConfiguration:
      Did not match:
         - @ConditionalOnClass did not find required class 'org.springframework.ws.transport.http.MessageDispatcherServlet' (OnClassCondition)

   WebSessionIdResolverAutoConfiguration:
      Did not match:
         - @ConditionalOnClass did not find required class 'reactor.core.publisher.Mono' (OnClassCondition)

   WebSocketMessagingAutoConfiguration:
      Did not match:
         - @ConditionalOnClass did not find required class 'org.springframework.web.socket.config.annotation.WebSocketMessageBrokerConfigurer' (OnClassCondition)

   WebSocketReactiveAutoConfiguration:
      Did not match:
         - @ConditionalOnWebApplication did not find reactive web application classes (OnWebApplicationCondition)

   WebSocketServletAutoConfiguration.JettyWebSocketConfiguration:
      Did not match:
         - @ConditionalOnClass did not find required class 'org.eclipse.jetty.ee10.websocket.jakarta.server.config.JakartaWebSocketServletContainerInitializer' (OnClassCondition)

   WebSocketServletAutoConfiguration.UndertowWebSocketConfiguration:
      Did not match:
         - @ConditionalOnClass did not find required class 'io.undertow.websockets.jsr.Bootstrap' (OnClassCondition)

   XADataSourceAutoConfiguration:
      Did not match:
         - @ConditionalOnBean (types: org.springframework.boot.jdbc.XADataSourceWrapper; SearchStrategy: all) did not find any beans of type org.springframework.boot.jdbc.XADataSourceWrapper (OnBeanCondition)
      Matched:
         - @ConditionalOnClass found required classes 'javax.sql.DataSource', 'jakarta.transaction.TransactionManager', 'org.springframework.jdbc.datasource.embedded.EmbeddedDatabaseType' (OnClassCondition)


Exclusions:
-----------

    None


Unconditional classes:
----------------------

    org.springframework.boot.autoconfigure.context.ConfigurationPropertiesAutoConfiguration

    org.springframework.boot.autoconfigure.ssl.SslAutoConfiguration

    org.springframework.boot.autoconfigure.context.LifecycleAutoConfiguration

    org.springframework.boot.autoconfigure.context.PropertyPlaceholderAutoConfiguration

    org.springframework.boot.autoconfigure.availability.ApplicationAvailabilityAutoConfiguration

    org.springframework.boot.autoconfigure.info.ProjectInfoAutoConfiguration



2025-03-28 06:32:39 [main] INFO  com.sb.auto.OrangeHRMSpringBootAutomation.api.UserAPITest - Started UserAPITest in 12.58 seconds (process running for 19.23)
2025-03-28 06:32:39 [main] DEBUG org.springframework.boot.availability.ApplicationAvailabilityBean - Application availability state LivenessState changed to CORRECT
2025-03-28 06:32:39 [main] DEBUG org.springframework.boot.availability.ApplicationAvailabilityBean - Application availability state ReadinessState changed to ACCEPTING_TRAFFIC
2025-03-28 06:32:39 [main] DEBUG org.springframework.test.context.cache - Spring test ApplicationContext cache statistics: [DefaultContextCache@17e725fb size = 1, maxSize = 32, parentContextCount = 0, hitCount = 0, missCount = 1, failureCount = 0]
2025-03-28 06:32:39 [main] DEBUG org.springframework.test.context.web.ServletTestExecutionListener - Setting up MockHttpServletRequest, MockHttpServletResponse, ServletWebRequest, and RequestContextHolder for test class com.sb.auto.OrangeHRMSpringBootAutomation.api.UserAPITest
2025-03-28 06:32:39 [main] DEBUG org.springframework.test.context.support.DependencyInjectionTestExecutionListener - Performing dependency injection for test class com.sb.auto.OrangeHRMSpringBootAutomation.api.UserAPITest
2025-03-28 06:32:39 [main] DEBUG org.springframework.test.context.cache - Spring test ApplicationContext cache statistics: [DefaultContextCache@17e725fb size = 1, maxSize = 32, parentContextCount = 0, hitCount = 1, missCount = 1, failureCount = 0]
2025-03-28 06:32:39 [main] DEBUG org.springframework.test.context.cache - Spring test ApplicationContext cache statistics: [DefaultContextCache@17e725fb size = 1, maxSize = 32, parentContextCount = 0, hitCount = 2, missCount = 1, failureCount = 0]
2025-03-28 06:32:39 [main] INFO  com.sb.auto.OrangeHRMSpringBootAutomation.framework.listener.TestMethodListener - ? After Method: springTestContextPrepareTestInstance
2025-03-28 06:32:39 [rp-io-27] DEBUG com.epam.reportportal.service.Launch - Starting test item...rp-io-27
2025-03-28 06:32:39 [main] INFO  com.sb.auto.OrangeHRMSpringBootAutomation.framework.listener.TestMethodListener - ? Before Method: setUp
API Base URL: https://reqres.in/api
2025-03-28 06:32:39 [main] INFO  com.sb.auto.OrangeHRMSpringBootAutomation.framework.listener.TestMethodListener - ? After Method: setUp
2025-03-28 06:32:39 [rp-io-25] DEBUG com.epam.reportportal.service.Launch - Accepted finish request for test item ID = 01296049-bafa-4707-9da4-9616be8079e6
2025-03-28 06:32:39 [rp-io-27] DEBUG com.epam.reportportal.service.Launch - ReportPortal item with ID '957bb8e7-e632-447a-a292-3f2f21b93f22' has been created
2025-03-28 06:32:39 [rp-io-27] DEBUG com.epam.reportportal.utils.SubscriptionUtils - Start test item successfully completed
2025-03-28 06:32:39 [rp-io-25] DEBUG com.epam.reportportal.utils.SubscriptionUtils - Finish test item completed
2025-03-28 06:32:39 [rp-io-27] DEBUG com.epam.reportportal.service.Launch - Accepted finish request for test item ID = 957bb8e7-e632-447a-a292-3f2f21b93f22
2025-03-28 06:32:39 [rp-io-27] DEBUG com.epam.reportportal.utils.SubscriptionUtils - Finish test item completed
2025-03-28 06:32:39 [rp-io-37] DEBUG com.epam.reportportal.service.Launch - Starting test item...rp-io-37
2025-03-28 06:32:39 [main] INFO  com.sb.auto.OrangeHRMSpringBootAutomation.framework.listener.TestMethodListener - ? Before Method: springTestContextBeforeTestMethod
2025-03-28 06:32:39 [main] DEBUG org.springframework.test.context.support.DirtiesContextBeforeModesTestExecutionListener - Before test method: class [UserAPITest], method [createNewUserTest], class annotated with @DirtiesContext [false] with mode [null], method annotated with @DirtiesContext [false] with mode [null]
2025-03-28 06:32:39 [main] DEBUG org.springframework.test.context.cache - Spring test ApplicationContext cache statistics: [DefaultContextCache@17e725fb size = 1, maxSize = 32, parentContextCount = 0, hitCount = 3, missCount = 1, failureCount = 0]
2025-03-28 06:32:39 [main] DEBUG org.springframework.test.context.cache - Spring test ApplicationContext cache statistics: [DefaultContextCache@17e725fb size = 1, maxSize = 32, parentContextCount = 0, hitCount = 4, missCount = 1, failureCount = 0]
2025-03-28 06:32:39 [rp-io-37] DEBUG com.epam.reportportal.service.Launch - ReportPortal item with ID 'eff7a4f8-59b3-468e-a919-ab670da568f7' has been created
2025-03-28 06:32:39 [rp-io-37] DEBUG com.epam.reportportal.utils.SubscriptionUtils - Start test item successfully completed
2025-03-28 06:32:41 [main] DEBUG org.springframework.test.context.cache - Spring test ApplicationContext cache statistics: [DefaultContextCache@17e725fb size = 1, maxSize = 32, parentContextCount = 0, hitCount = 5, missCount = 1, failureCount = 0]
2025-03-28 06:32:41 [main] INFO  com.sb.auto.OrangeHRMSpringBootAutomation.framework.listener.TestMethodListener - ? After Method: springTestContextBeforeTestMethod
2025-03-28 06:32:41 [rp-io-43] DEBUG com.epam.reportportal.service.Launch - Accepted finish request for test item ID = eff7a4f8-59b3-468e-a919-ab670da568f7
2025-03-28 06:32:41 [rp-io-43] DEBUG com.epam.reportportal.utils.SubscriptionUtils - Finish test item completed
2025-03-28 06:32:41 [rp-io-33] DEBUG com.epam.reportportal.service.Launch - Starting test item...rp-io-33
2025-03-28 06:32:41 [main] INFO  com.sb.auto.OrangeHRMSpringBootAutomation.framework.listener.TestListener - ? Test Started: createNewUserTest
2025-03-28 06:32:41 [main] INFO  com.sb.auto.OrangeHRMSpringBootAutomation.framework.listener.TestMethodListener - ? Before Method: createNewUserTest
2025-03-28 06:32:41 [main] DEBUG org.springframework.test.context.cache - Spring test ApplicationContext cache statistics: [DefaultContextCache@17e725fb size = 1, maxSize = 32, parentContextCount = 0, hitCount = 6, missCount = 1, failureCount = 0]
2025-03-28 06:32:41 [rp-io-33] DEBUG com.epam.reportportal.service.Launch - ReportPortal item with ID '330b2e04-3d63-482b-b3fc-8ab344baa1bb' has been created
2025-03-28 06:32:41 [rp-io-33] DEBUG com.epam.reportportal.utils.SubscriptionUtils - Start test item successfully completed
Request method:	POST
Request URI:	https://reqres.in/api/users
Proxy:			<none>
Request params:	<none>
Query params:	<none>
Form params:	<none>
Path params:	<none>
Headers:		Accept=*/*
				Content-Type=application/json
Cookies:		<none>
Multiparts:		<none>
Body:
{
    "name": "Niraj Patel",
    "job": "Automation Architect"
}
2025-03-28 06:32:43 [main] DEBUG org.apache.http.impl.conn.BasicClientConnectionManager - Get connection for route {s}->https://reqres.in:443
2025-03-28 06:32:43 [main] DEBUG org.apache.http.impl.conn.DefaultClientConnectionOperator - Connecting to reqres.in:443
2025-03-28 06:32:44 [main] DEBUG org.apache.http.client.protocol.RequestAddCookies - CookieSpec selected: ignoreCookies
2025-03-28 06:32:44 [main] DEBUG org.apache.http.client.protocol.RequestAuthCache - Auth cache not set in the context
2025-03-28 06:32:44 [main] DEBUG org.apache.http.client.protocol.RequestTargetAuthentication - Target auth state: UNCHALLENGED
2025-03-28 06:32:44 [main] DEBUG org.apache.http.client.protocol.RequestProxyAuthentication - Proxy auth state: UNCHALLENGED
2025-03-28 06:32:44 [main] DEBUG org.apache.http.impl.client.DefaultHttpClient - Attempt 1 to execute request
2025-03-28 06:32:44 [main] DEBUG org.apache.http.impl.conn.DefaultClientConnection - Sending request: POST /api/users HTTP/1.1
2025-03-28 06:32:44 [main] DEBUG org.apache.http.wire -  >> "POST /api/users HTTP/1.1[\r][\n]"
2025-03-28 06:32:44 [main] DEBUG org.apache.http.wire -  >> "Accept: */*[\r][\n]"
2025-03-28 06:32:44 [main] DEBUG org.apache.http.wire -  >> "Content-Type: application/json[\r][\n]"
2025-03-28 06:32:44 [main] DEBUG org.apache.http.wire -  >> "Content-Length: 51[\r][\n]"
2025-03-28 06:32:44 [main] DEBUG org.apache.http.wire -  >> "Host: reqres.in[\r][\n]"
2025-03-28 06:32:44 [main] DEBUG org.apache.http.wire -  >> "Connection: Keep-Alive[\r][\n]"
2025-03-28 06:32:44 [main] DEBUG org.apache.http.wire -  >> "User-Agent: Apache-HttpClient/4.5.13 (Java/17.0.13)[\r][\n]"
2025-03-28 06:32:44 [main] DEBUG org.apache.http.wire -  >> "Accept-Encoding: gzip,deflate[\r][\n]"
2025-03-28 06:32:44 [main] DEBUG org.apache.http.wire -  >> "[\r][\n]"
2025-03-28 06:32:44 [main] DEBUG org.apache.http.headers - >> POST /api/users HTTP/1.1
2025-03-28 06:32:44 [main] DEBUG org.apache.http.headers - >> Accept: */*
2025-03-28 06:32:44 [main] DEBUG org.apache.http.headers - >> Content-Type: application/json
2025-03-28 06:32:44 [main] DEBUG org.apache.http.headers - >> Content-Length: 51
2025-03-28 06:32:44 [main] DEBUG org.apache.http.headers - >> Host: reqres.in
2025-03-28 06:32:44 [main] DEBUG org.apache.http.headers - >> Connection: Keep-Alive
2025-03-28 06:32:44 [main] DEBUG org.apache.http.headers - >> User-Agent: Apache-HttpClient/4.5.13 (Java/17.0.13)
2025-03-28 06:32:44 [main] DEBUG org.apache.http.headers - >> Accept-Encoding: gzip,deflate
2025-03-28 06:32:44 [main] DEBUG org.apache.http.wire -  >> "{"name":"Niraj Patel","job":"Automation Architect"}"
2025-03-28 06:32:44 [main] DEBUG org.apache.http.wire -  << "HTTP/1.1 201 Created[\r][\n]"
2025-03-28 06:32:44 [main] DEBUG org.apache.http.wire -  << "Date: Fri, 28 Mar 2025 10:32:43 GMT[\r][\n]"
2025-03-28 06:32:44 [main] DEBUG org.apache.http.wire -  << "Content-Type: application/json; charset=utf-8[\r][\n]"
2025-03-28 06:32:44 [main] DEBUG org.apache.http.wire -  << "Content-Length: 101[\r][\n]"
2025-03-28 06:32:44 [main] DEBUG org.apache.http.wire -  << "Connection: keep-alive[\r][\n]"
2025-03-28 06:32:44 [main] DEBUG org.apache.http.wire -  << "Report-To: {"group":"heroku-nel","max_age":3600,"endpoints":[{"url":"https://nel.heroku.com/reports?ts=1743157963&sid=c4c9725f-1ab0-44d8-820f-430df2718e11&s=oQUKwPJ8hTt96aJrnoXXQdfLXFgB5OMa8bLeEGZkr3w%3D"}]}[\r][\n]"
2025-03-28 06:32:44 [main] DEBUG org.apache.http.wire -  << "Reporting-Endpoints: heroku-nel=https://nel.heroku.com/reports?ts=1743157963&sid=c4c9725f-1ab0-44d8-820f-430df2718e11&s=oQUKwPJ8hTt96aJrnoXXQdfLXFgB5OMa8bLeEGZkr3w%3D[\r][\n]"
2025-03-28 06:32:44 [main] DEBUG org.apache.http.wire -  << "Nel: {"report_to":"heroku-nel","max_age":3600,"success_fraction":0.005,"failure_fraction":0.05,"response_headers":["Via"]}[\r][\n]"
2025-03-28 06:32:44 [main] DEBUG org.apache.http.wire -  << "X-Powered-By: Express[\r][\n]"
2025-03-28 06:32:44 [main] DEBUG org.apache.http.wire -  << "Access-Control-Allow-Origin: *[\r][\n]"
2025-03-28 06:32:44 [main] DEBUG org.apache.http.wire -  << "Etag: W/"65-ml2ENsJ8fYRY/z8dUaztzrx8nUY"[\r][\n]"
2025-03-28 06:32:44 [main] DEBUG org.apache.http.wire -  << "Via: 1.1 vegur[\r][\n]"
2025-03-28 06:32:44 [main] DEBUG org.apache.http.wire -  << "cf-cache-status: DYNAMIC[\r][\n]"
2025-03-28 06:32:44 [main] DEBUG org.apache.http.wire -  << "Server: cloudflare[\r][\n]"
2025-03-28 06:32:44 [main] DEBUG org.apache.http.wire -  << "CF-RAY: 92767719388e2e4c-BOM[\r][\n]"
2025-03-28 06:32:44 [main] DEBUG org.apache.http.wire -  << "server-timing: cfL4;desc="?proto=TCP&rtt=108691&min_rtt=104175&rtt_var=48099&sent=7&recv=7&lost=0&retrans=0&sent_bytes=3110&recv_bytes=849&delivery_rate=31216&cwnd=252&unsent_bytes=0&cid=9779f53753a3ac08&ts=523&x=0"[\r][\n]"
2025-03-28 06:32:44 [main] DEBUG org.apache.http.wire -  << "[\r][\n]"
2025-03-28 06:32:44 [main] DEBUG org.apache.http.impl.conn.DefaultClientConnection - Receiving response: HTTP/1.1 201 Created
2025-03-28 06:32:44 [main] DEBUG org.apache.http.headers - << HTTP/1.1 201 Created
2025-03-28 06:32:44 [main] DEBUG org.apache.http.headers - << Date: Fri, 28 Mar 2025 10:32:43 GMT
2025-03-28 06:32:44 [main] DEBUG org.apache.http.headers - << Content-Type: application/json; charset=utf-8
2025-03-28 06:32:44 [main] DEBUG org.apache.http.headers - << Content-Length: 101
2025-03-28 06:32:44 [main] DEBUG org.apache.http.headers - << Connection: keep-alive
2025-03-28 06:32:44 [main] DEBUG org.apache.http.headers - << Report-To: {"group":"heroku-nel","max_age":3600,"endpoints":[{"url":"https://nel.heroku.com/reports?ts=1743157963&sid=c4c9725f-1ab0-44d8-820f-430df2718e11&s=oQUKwPJ8hTt96aJrnoXXQdfLXFgB5OMa8bLeEGZkr3w%3D"}]}
2025-03-28 06:32:44 [main] DEBUG org.apache.http.headers - << Reporting-Endpoints: heroku-nel=https://nel.heroku.com/reports?ts=1743157963&sid=c4c9725f-1ab0-44d8-820f-430df2718e11&s=oQUKwPJ8hTt96aJrnoXXQdfLXFgB5OMa8bLeEGZkr3w%3D
2025-03-28 06:32:44 [main] DEBUG org.apache.http.headers - << Nel: {"report_to":"heroku-nel","max_age":3600,"success_fraction":0.005,"failure_fraction":0.05,"response_headers":["Via"]}
2025-03-28 06:32:44 [main] DEBUG org.apache.http.headers - << X-Powered-By: Express
2025-03-28 06:32:44 [main] DEBUG org.apache.http.headers - << Access-Control-Allow-Origin: *
2025-03-28 06:32:44 [main] DEBUG org.apache.http.headers - << Etag: W/"65-ml2ENsJ8fYRY/z8dUaztzrx8nUY"
2025-03-28 06:32:44 [main] DEBUG org.apache.http.headers - << Via: 1.1 vegur
2025-03-28 06:32:44 [main] DEBUG org.apache.http.headers - << cf-cache-status: DYNAMIC
2025-03-28 06:32:44 [main] DEBUG org.apache.http.headers - << Server: cloudflare
2025-03-28 06:32:44 [main] DEBUG org.apache.http.headers - << CF-RAY: 92767719388e2e4c-BOM
2025-03-28 06:32:44 [main] DEBUG org.apache.http.headers - << server-timing: cfL4;desc="?proto=TCP&rtt=108691&min_rtt=104175&rtt_var=48099&sent=7&recv=7&lost=0&retrans=0&sent_bytes=3110&recv_bytes=849&delivery_rate=31216&cwnd=252&unsent_bytes=0&cid=9779f53753a3ac08&ts=523&x=0"
2025-03-28 06:32:44 [main] DEBUG org.apache.http.impl.client.DefaultHttpClient - Connection can be kept alive indefinitely
2025-03-28 06:32:44 [main] DEBUG io.restassured.internal.RestAssuredHttpBuilder - Parsing response as: application/json; charset=utf-8
2025-03-28 06:32:44 [main] DEBUG io.restassured.internal.RestAssuredHttpBuilder - Parsed data to instance of: class org.apache.http.conn.EofSensorInputStream
2025-03-28 06:32:44 [main] DEBUG org.apache.http.wire -  << "{"name":"Niraj Patel","job":"Automation Architect","id":"198","createdAt":"2025-03-28T10:32:43.942Z"}"
2025-03-28 06:32:44 [main] DEBUG org.apache.http.impl.conn.BasicClientConnectionManager - Releasing connection org.apache.http.impl.conn.ManagedClientConnectionImpl@53e1cd6b
2025-03-28 06:32:44 [main] DEBUG org.apache.http.impl.conn.BasicClientConnectionManager - Connection can be kept alive indefinitely
HTTP/1.1 201 Created
Date: Fri, 28 Mar 2025 10:32:43 GMT
Content-Type: application/json; charset=utf-8
Content-Length: 101
Connection: keep-alive
Report-To: {"group":"heroku-nel","max_age":3600,"endpoints":[{"url":"https://nel.heroku.com/reports?ts=1743157963&sid=c4c9725f-1ab0-44d8-820f-430df2718e11&s=oQUKwPJ8hTt96aJrnoXXQdfLXFgB5OMa8bLeEGZkr3w%3D"}]}
Reporting-Endpoints: heroku-nel=https://nel.heroku.com/reports?ts=1743157963&sid=c4c9725f-1ab0-44d8-820f-430df2718e11&s=oQUKwPJ8hTt96aJrnoXXQdfLXFgB5OMa8bLeEGZkr3w%3D
Nel: {"report_to":"heroku-nel","max_age":3600,"success_fraction":0.005,"failure_fraction":0.05,"response_headers":["Via"]}
X-Powered-By: Express
Access-Control-Allow-Origin: *
Etag: W/"65-ml2ENsJ8fYRY/z8dUaztzrx8nUY"
Via: 1.1 vegur
cf-cache-status: DYNAMIC
Server: cloudflare
CF-RAY: 92767719388e2e4c-BOM
server-timing: cfL4;desc="?proto=TCP&rtt=108691&min_rtt=104175&rtt_var=48099&sent=7&recv=7&lost=0&retrans=0&sent_bytes=3110&recv_bytes=849&delivery_rate=31216&cwnd=252&unsent_bytes=0&cid=9779f53753a3ac08&ts=523&x=0"

{
    "name": "Niraj Patel",
    "job": "Automation Architect",
    "id": "198",
    "createdAt": "2025-03-28T10:32:43.942Z"
}
2025-03-28 06:32:44 [main] INFO  com.sb.auto.OrangeHRMSpringBootAutomation.api.UserAPITest - Response of CreateUser API {"name":"Niraj Patel","job":"Automation Architect","id":"198","createdAt":"2025-03-28T10:32:43.942Z"}
2025-03-28 06:32:44 [main] DEBUG org.springframework.test.context.cache - Spring test ApplicationContext cache statistics: [DefaultContextCache@17e725fb size = 1, maxSize = 32, parentContextCount = 0, hitCount = 7, missCount = 1, failureCount = 0]
2025-03-28 06:32:44 [main] INFO  com.sb.auto.OrangeHRMSpringBootAutomation.framework.listener.TestMethodListener - ? After Method: createNewUserTest
2025-03-28 06:32:44 [main] INFO  com.sb.auto.OrangeHRMSpringBootAutomation.framework.listener.TestListener - ? Test Passed: createNewUserTest
]]></system-out>
  </testcase>
  <testcase name="deleteUserTest" classname="com.sb.auto.OrangeHRMSpringBootAutomation.api.UserAPITest" time="0.651">
    <system-out><![CDATA[2025-03-28 06:32:44 [rp-io-62] DEBUG com.epam.reportportal.service.Launch - Starting test item...rp-io-62
2025-03-28 06:32:44 [main] INFO  com.sb.auto.OrangeHRMSpringBootAutomation.framework.listener.TestMethodListener - ? Before Method: springTestContextAfterTestMethod
2025-03-28 06:32:44 [main] DEBUG org.springframework.test.context.cache - Spring test ApplicationContext cache statistics: [DefaultContextCache@17e725fb size = 1, maxSize = 32, parentContextCount = 0, hitCount = 8, missCount = 1, failureCount = 0]
2025-03-28 06:32:44 [main] DEBUG org.springframework.test.context.cache - Spring test ApplicationContext cache statistics: [DefaultContextCache@17e725fb size = 1, maxSize = 32, parentContextCount = 0, hitCount = 9, missCount = 1, failureCount = 0]
2025-03-28 06:32:44 [main] DEBUG org.springframework.test.context.cache - Spring test ApplicationContext cache statistics: [DefaultContextCache@17e725fb size = 1, maxSize = 32, parentContextCount = 0, hitCount = 10, missCount = 1, failureCount = 0]
2025-03-28 06:32:44 [rp-io-63] DEBUG com.epam.reportportal.service.Launch - Accepted finish request for test item ID = 330b2e04-3d63-482b-b3fc-8ab344baa1bb
2025-03-28 06:32:44 [rp-io-63] DEBUG com.epam.reportportal.utils.SubscriptionUtils - Finish test item completed
2025-03-28 06:32:44 [main] DEBUG org.springframework.test.context.cache - Spring test ApplicationContext cache statistics: [DefaultContextCache@17e725fb size = 1, maxSize = 32, parentContextCount = 0, hitCount = 11, missCount = 1, failureCount = 0]
2025-03-28 06:32:44 [rp-io-62] DEBUG com.epam.reportportal.service.Launch - ReportPortal item with ID '5c8adf1b-69b7-474a-a627-a91a24b192c0' has been created
2025-03-28 06:32:44 [rp-io-62] DEBUG com.epam.reportportal.utils.SubscriptionUtils - Start test item successfully completed
2025-03-28 06:32:44 [main] DEBUG org.springframework.test.context.cache - Spring test ApplicationContext cache statistics: [DefaultContextCache@17e725fb size = 1, maxSize = 32, parentContextCount = 0, hitCount = 12, missCount = 1, failureCount = 0]
2025-03-28 06:32:44 [main] DEBUG org.springframework.test.context.cache - Spring test ApplicationContext cache statistics: [DefaultContextCache@17e725fb size = 1, maxSize = 32, parentContextCount = 0, hitCount = 13, missCount = 1, failureCount = 0]
2025-03-28 06:32:44 [main] DEBUG org.springframework.test.context.support.DirtiesContextTestExecutionListener - After test method: class [UserAPITest], method [createNewUserTest], class annotated with @DirtiesContext [false] with mode [null], method annotated with @DirtiesContext [false] with mode [null]
2025-03-28 06:32:44 [main] DEBUG org.springframework.test.context.web.ServletTestExecutionListener - Resetting RequestContextHolder for test class com.sb.auto.OrangeHRMSpringBootAutomation.api.UserAPITest
2025-03-28 06:32:44 [main] INFO  com.sb.auto.OrangeHRMSpringBootAutomation.framework.listener.TestMethodListener - ? After Method: springTestContextAfterTestMethod
2025-03-28 06:32:44 [rp-io-68] DEBUG com.epam.reportportal.service.Launch - Accepted finish request for test item ID = 5c8adf1b-69b7-474a-a627-a91a24b192c0
2025-03-28 06:32:44 [rp-io-68] DEBUG com.epam.reportportal.utils.SubscriptionUtils - Finish test item completed
2025-03-28 06:32:44 [rp-io-69] DEBUG com.epam.reportportal.service.Launch - Starting test item...rp-io-69
2025-03-28 06:32:44 [main] INFO  com.sb.auto.OrangeHRMSpringBootAutomation.framework.listener.TestMethodListener - ? Before Method: springTestContextBeforeTestMethod
2025-03-28 06:32:44 [main] DEBUG org.springframework.test.context.cache - Spring test ApplicationContext cache statistics: [DefaultContextCache@17e725fb size = 1, maxSize = 32, parentContextCount = 0, hitCount = 14, missCount = 1, failureCount = 0]
2025-03-28 06:32:44 [main] DEBUG org.springframework.test.context.web.ServletTestExecutionListener - Setting up MockHttpServletRequest, MockHttpServletResponse, ServletWebRequest, and RequestContextHolder for test class com.sb.auto.OrangeHRMSpringBootAutomation.api.UserAPITest
2025-03-28 06:32:44 [main] DEBUG org.springframework.test.context.support.DirtiesContextBeforeModesTestExecutionListener - Before test method: class [UserAPITest], method [deleteUserTest], class annotated with @DirtiesContext [false] with mode [null], method annotated with @DirtiesContext [false] with mode [null]
2025-03-28 06:32:44 [main] DEBUG org.springframework.test.context.support.DependencyInjectionTestExecutionListener - Reinjecting dependencies for test class com.sb.auto.OrangeHRMSpringBootAutomation.api.UserAPITest
2025-03-28 06:32:44 [main] DEBUG org.springframework.test.context.cache - Spring test ApplicationContext cache statistics: [DefaultContextCache@17e725fb size = 1, maxSize = 32, parentContextCount = 0, hitCount = 15, missCount = 1, failureCount = 0]
2025-03-28 06:32:44 [main] DEBUG org.springframework.test.context.cache - Spring test ApplicationContext cache statistics: [DefaultContextCache@17e725fb size = 1, maxSize = 32, parentContextCount = 0, hitCount = 16, missCount = 1, failureCount = 0]
2025-03-28 06:32:44 [main] DEBUG org.springframework.test.context.cache - Spring test ApplicationContext cache statistics: [DefaultContextCache@17e725fb size = 1, maxSize = 32, parentContextCount = 0, hitCount = 17, missCount = 1, failureCount = 0]
2025-03-28 06:32:44 [main] DEBUG org.springframework.test.context.cache - Spring test ApplicationContext cache statistics: [DefaultContextCache@17e725fb size = 1, maxSize = 32, parentContextCount = 0, hitCount = 18, missCount = 1, failureCount = 0]
2025-03-28 06:32:44 [main] INFO  com.sb.auto.OrangeHRMSpringBootAutomation.framework.listener.TestMethodListener - ? After Method: springTestContextBeforeTestMethod
2025-03-28 06:32:44 [rp-io-72] DEBUG com.epam.reportportal.service.Launch - ReportPortal item with ID '6361b115-e4f6-46d4-94cc-946d38596dca' has been created
2025-03-28 06:32:44 [rp-io-72] DEBUG com.epam.reportportal.utils.SubscriptionUtils - Start test item successfully completed
2025-03-28 06:32:44 [main] INFO  com.sb.auto.OrangeHRMSpringBootAutomation.framework.listener.TestListener - ? Test Started: deleteUserTest
2025-03-28 06:32:44 [rp-io-81] DEBUG com.epam.reportportal.service.Launch - Starting test item...rp-io-81
2025-03-28 06:32:44 [main] INFO  com.sb.auto.OrangeHRMSpringBootAutomation.framework.listener.TestMethodListener - ? Before Method: deleteUserTest
2025-03-28 06:32:44 [main] DEBUG org.springframework.test.context.cache - Spring test ApplicationContext cache statistics: [DefaultContextCache@17e725fb size = 1, maxSize = 32, parentContextCount = 0, hitCount = 19, missCount = 1, failureCount = 0]
2025-03-28 06:32:44 [rp-io-73] DEBUG com.epam.reportportal.service.Launch - Accepted finish request for test item ID = 6361b115-e4f6-46d4-94cc-946d38596dca
2025-03-28 06:32:44 [rp-io-73] DEBUG com.epam.reportportal.utils.SubscriptionUtils - Finish test item completed
2025-03-28 06:32:44 [rp-io-81] DEBUG com.epam.reportportal.service.Launch - ReportPortal item with ID '16481071-a9f8-4d28-bf45-caee2979d184' has been created
2025-03-28 06:32:44 [rp-io-81] DEBUG com.epam.reportportal.utils.SubscriptionUtils - Start test item successfully completed
Request method:	DELETE
Request URI:	https://reqres.in/api/users/2
Proxy:			<none>
Request params:	<none>
Query params:	<none>
Form params:	<none>
Path params:	<none>
Headers:		Accept=*/*
				Content-Type=application/json
Cookies:		<none>
Multiparts:		<none>
Body:			<none>
2025-03-28 06:32:45 [main] DEBUG org.apache.http.impl.conn.BasicClientConnectionManager - Get connection for route {s}->https://reqres.in:443
2025-03-28 06:32:45 [main] DEBUG org.apache.http.impl.conn.DefaultClientConnectionOperator - Connecting to reqres.in:443
2025-03-28 06:32:45 [main] DEBUG org.apache.http.client.protocol.RequestAddCookies - CookieSpec selected: ignoreCookies
2025-03-28 06:32:45 [main] DEBUG org.apache.http.client.protocol.RequestAuthCache - Auth cache not set in the context
2025-03-28 06:32:45 [main] DEBUG org.apache.http.client.protocol.RequestTargetAuthentication - Target auth state: UNCHALLENGED
2025-03-28 06:32:45 [main] DEBUG org.apache.http.client.protocol.RequestProxyAuthentication - Proxy auth state: UNCHALLENGED
2025-03-28 06:32:45 [main] DEBUG org.apache.http.impl.client.DefaultHttpClient - Attempt 1 to execute request
2025-03-28 06:32:45 [main] DEBUG org.apache.http.impl.conn.DefaultClientConnection - Sending request: DELETE /api/users/2 HTTP/1.1
2025-03-28 06:32:45 [main] DEBUG org.apache.http.wire -  >> "DELETE /api/users/2 HTTP/1.1[\r][\n]"
2025-03-28 06:32:45 [main] DEBUG org.apache.http.wire -  >> "Content-Type: application/json[\r][\n]"
2025-03-28 06:32:45 [main] DEBUG org.apache.http.wire -  >> "Accept: */*[\r][\n]"
2025-03-28 06:32:45 [main] DEBUG org.apache.http.wire -  >> "Host: reqres.in[\r][\n]"
2025-03-28 06:32:45 [main] DEBUG org.apache.http.wire -  >> "Connection: Keep-Alive[\r][\n]"
2025-03-28 06:32:45 [main] DEBUG org.apache.http.wire -  >> "User-Agent: Apache-HttpClient/4.5.13 (Java/17.0.13)[\r][\n]"
2025-03-28 06:32:45 [main] DEBUG org.apache.http.wire -  >> "Accept-Encoding: gzip,deflate[\r][\n]"
2025-03-28 06:32:45 [main] DEBUG org.apache.http.wire -  >> "[\r][\n]"
2025-03-28 06:32:45 [main] DEBUG org.apache.http.headers - >> DELETE /api/users/2 HTTP/1.1
2025-03-28 06:32:45 [main] DEBUG org.apache.http.headers - >> Content-Type: application/json
2025-03-28 06:32:45 [main] DEBUG org.apache.http.headers - >> Accept: */*
2025-03-28 06:32:45 [main] DEBUG org.apache.http.headers - >> Host: reqres.in
2025-03-28 06:32:45 [main] DEBUG org.apache.http.headers - >> Connection: Keep-Alive
2025-03-28 06:32:45 [main] DEBUG org.apache.http.headers - >> User-Agent: Apache-HttpClient/4.5.13 (Java/17.0.13)
2025-03-28 06:32:45 [main] DEBUG org.apache.http.headers - >> Accept-Encoding: gzip,deflate
2025-03-28 06:32:45 [main] DEBUG org.apache.http.wire -  << "HTTP/1.1 204 No Content[\r][\n]"
2025-03-28 06:32:45 [main] DEBUG org.apache.http.wire -  << "Date: Fri, 28 Mar 2025 10:32:45 GMT[\r][\n]"
2025-03-28 06:32:45 [main] DEBUG org.apache.http.wire -  << "Connection: keep-alive[\r][\n]"
2025-03-28 06:32:45 [main] DEBUG org.apache.http.wire -  << "Cf-Ray: 9276771fabba3194-BOM[\r][\n]"
2025-03-28 06:32:45 [main] DEBUG org.apache.http.wire -  << "Server: cloudflare[\r][\n]"
2025-03-28 06:32:45 [main] DEBUG org.apache.http.wire -  << "Report-To: {"group":"heroku-nel","max_age":3600,"endpoints":[{"url":"https://nel.heroku.com/reports?ts=1743157964&sid=c4c9725f-1ab0-44d8-820f-430df2718e11&s=MkLu5ISnFQ03Nchej2dnCpy7UE8v04aay7CIZqlB%2Bnw%3D"}]}[\r][\n]"
2025-03-28 06:32:45 [main] DEBUG org.apache.http.wire -  << "Reporting-Endpoints: heroku-nel=https://nel.heroku.com/reports?ts=1743157964&sid=c4c9725f-1ab0-44d8-820f-430df2718e11&s=MkLu5ISnFQ03Nchej2dnCpy7UE8v04aay7CIZqlB%2Bnw%3D[\r][\n]"
2025-03-28 06:32:45 [main] DEBUG org.apache.http.wire -  << "Nel: {"report_to":"heroku-nel","max_age":3600,"success_fraction":0.005,"failure_fraction":0.05,"response_headers":["Via"]}[\r][\n]"
2025-03-28 06:32:45 [main] DEBUG org.apache.http.wire -  << "X-Powered-By: Express[\r][\n]"
2025-03-28 06:32:45 [main] DEBUG org.apache.http.wire -  << "Access-Control-Allow-Origin: *[\r][\n]"
2025-03-28 06:32:45 [main] DEBUG org.apache.http.wire -  << "Etag: W/"2-vyGp6PvFo4RvsFtPoIWeCReyIC8"[\r][\n]"
2025-03-28 06:32:45 [main] DEBUG org.apache.http.wire -  << "Via: 1.1 vegur[\r][\n]"
2025-03-28 06:32:45 [main] DEBUG org.apache.http.wire -  << "Cf-Cache-Status: DYNAMIC[\r][\n]"
2025-03-28 06:32:45 [main] DEBUG org.apache.http.wire -  << "server-timing: cfL4;desc="?proto=TCP&rtt=35355&min_rtt=35355&rtt_var=17677&sent=6&recv=7&lost=0&retrans=1&sent_bytes=3296&recv_bytes=782&delivery_rate=33014&cwnd=252&unsent_bytes=0&cid=60823312a17bca8c&ts=418&x=0"[\r][\n]"
2025-03-28 06:32:45 [main] DEBUG org.apache.http.wire -  << "[\r][\n]"
2025-03-28 06:32:45 [main] DEBUG org.apache.http.impl.conn.DefaultClientConnection - Receiving response: HTTP/1.1 204 No Content
2025-03-28 06:32:45 [main] DEBUG org.apache.http.headers - << HTTP/1.1 204 No Content
2025-03-28 06:32:45 [main] DEBUG org.apache.http.headers - << Date: Fri, 28 Mar 2025 10:32:45 GMT
2025-03-28 06:32:45 [main] DEBUG org.apache.http.headers - << Connection: keep-alive
2025-03-28 06:32:45 [main] DEBUG org.apache.http.headers - << Cf-Ray: 9276771fabba3194-BOM
2025-03-28 06:32:45 [main] DEBUG org.apache.http.headers - << Server: cloudflare
2025-03-28 06:32:45 [main] DEBUG org.apache.http.headers - << Report-To: {"group":"heroku-nel","max_age":3600,"endpoints":[{"url":"https://nel.heroku.com/reports?ts=1743157964&sid=c4c9725f-1ab0-44d8-820f-430df2718e11&s=MkLu5ISnFQ03Nchej2dnCpy7UE8v04aay7CIZqlB%2Bnw%3D"}]}
2025-03-28 06:32:45 [main] DEBUG org.apache.http.headers - << Reporting-Endpoints: heroku-nel=https://nel.heroku.com/reports?ts=1743157964&sid=c4c9725f-1ab0-44d8-820f-430df2718e11&s=MkLu5ISnFQ03Nchej2dnCpy7UE8v04aay7CIZqlB%2Bnw%3D
2025-03-28 06:32:45 [main] DEBUG org.apache.http.headers - << Nel: {"report_to":"heroku-nel","max_age":3600,"success_fraction":0.005,"failure_fraction":0.05,"response_headers":["Via"]}
2025-03-28 06:32:45 [main] DEBUG org.apache.http.headers - << X-Powered-By: Express
2025-03-28 06:32:45 [main] DEBUG org.apache.http.headers - << Access-Control-Allow-Origin: *
2025-03-28 06:32:45 [main] DEBUG org.apache.http.headers - << Etag: W/"2-vyGp6PvFo4RvsFtPoIWeCReyIC8"
2025-03-28 06:32:45 [main] DEBUG org.apache.http.headers - << Via: 1.1 vegur
2025-03-28 06:32:45 [main] DEBUG org.apache.http.headers - << Cf-Cache-Status: DYNAMIC
2025-03-28 06:32:45 [main] DEBUG org.apache.http.headers - << server-timing: cfL4;desc="?proto=TCP&rtt=35355&min_rtt=35355&rtt_var=17677&sent=6&recv=7&lost=0&retrans=1&sent_bytes=3296&recv_bytes=782&delivery_rate=33014&cwnd=252&unsent_bytes=0&cid=60823312a17bca8c&ts=418&x=0"
2025-03-28 06:32:45 [main] DEBUG org.apache.http.impl.client.DefaultHttpClient - Connection can be kept alive indefinitely
2025-03-28 06:32:45 [main] DEBUG org.apache.http.impl.conn.BasicClientConnectionManager - Releasing connection org.apache.http.impl.conn.ManagedClientConnectionImpl@3411e0d7
2025-03-28 06:32:45 [main] DEBUG org.apache.http.impl.conn.BasicClientConnectionManager - Connection can be kept alive indefinitely
HTTP/1.1 204 No Content
Date: Fri, 28 Mar 2025 10:32:45 GMT
Connection: keep-alive
Cf-Ray: 9276771fabba3194-BOM
Server: cloudflare
Report-To: {"group":"heroku-nel","max_age":3600,"endpoints":[{"url":"https://nel.heroku.com/reports?ts=1743157964&sid=c4c9725f-1ab0-44d8-820f-430df2718e11&s=MkLu5ISnFQ03Nchej2dnCpy7UE8v04aay7CIZqlB%2Bnw%3D"}]}
Reporting-Endpoints: heroku-nel=https://nel.heroku.com/reports?ts=1743157964&sid=c4c9725f-1ab0-44d8-820f-430df2718e11&s=MkLu5ISnFQ03Nchej2dnCpy7UE8v04aay7CIZqlB%2Bnw%3D
Nel: {"report_to":"heroku-nel","max_age":3600,"success_fraction":0.005,"failure_fraction":0.05,"response_headers":["Via"]}
X-Powered-By: Express
Access-Control-Allow-Origin: *
Etag: W/"2-vyGp6PvFo4RvsFtPoIWeCReyIC8"
Via: 1.1 vegur
Cf-Cache-Status: DYNAMIC
server-timing: cfL4;desc="?proto=TCP&rtt=35355&min_rtt=35355&rtt_var=17677&sent=6&recv=7&lost=0&retrans=1&sent_bytes=3296&recv_bytes=782&delivery_rate=33014&cwnd=252&unsent_bytes=0&cid=60823312a17bca8c&ts=418&x=0"
2025-03-28 06:32:45 [main] INFO  com.sb.auto.OrangeHRMSpringBootAutomation.api.UserAPITest - Response of DeleteUser API 
2025-03-28 06:32:45 [main] DEBUG org.springframework.test.context.cache - Spring test ApplicationContext cache statistics: [DefaultContextCache@17e725fb size = 1, maxSize = 32, parentContextCount = 0, hitCount = 20, missCount = 1, failureCount = 0]
2025-03-28 06:32:45 [main] INFO  com.sb.auto.OrangeHRMSpringBootAutomation.framework.listener.TestMethodListener - ? After Method: deleteUserTest
2025-03-28 06:32:45 [main] INFO  com.sb.auto.OrangeHRMSpringBootAutomation.framework.listener.TestListener - ? Test Passed: deleteUserTest
]]></system-out>
  </testcase>
  <testcase name="getUserDetailsTest" classname="com.sb.auto.OrangeHRMSpringBootAutomation.api.UserAPITest" time="0.487">
    <system-out><![CDATA[2025-03-28 06:32:45 [main] INFO  com.sb.auto.OrangeHRMSpringBootAutomation.framework.listener.TestMethodListener - ? Before Method: springTestContextAfterTestMethod
2025-03-28 06:32:45 [main] DEBUG com.epam.reportportal.service.Launch - Starting test item...main
2025-03-28T10:32:45.563072900Z main ERROR Recursive call to appender ReportPortalAppender
2025-03-28 06:32:45 [main] DEBUG org.springframework.test.context.cache - Spring test ApplicationContext cache statistics: [DefaultContextCache@17e725fb size = 1, maxSize = 32, parentContextCount = 0, hitCount = 21, missCount = 1, failureCount = 0]
2025-03-28 06:32:45 [main] DEBUG org.springframework.test.context.cache - Spring test ApplicationContext cache statistics: [DefaultContextCache@17e725fb size = 1, maxSize = 32, parentContextCount = 0, hitCount = 22, missCount = 1, failureCount = 0]
2025-03-28 06:32:45 [main] DEBUG org.springframework.test.context.cache - Spring test ApplicationContext cache statistics: [DefaultContextCache@17e725fb size = 1, maxSize = 32, parentContextCount = 0, hitCount = 23, missCount = 1, failureCount = 0]
2025-03-28 06:32:45 [main] DEBUG org.springframework.test.context.cache - Spring test ApplicationContext cache statistics: [DefaultContextCache@17e725fb size = 1, maxSize = 32, parentContextCount = 0, hitCount = 24, missCount = 1, failureCount = 0]
2025-03-28 06:32:45 [main] DEBUG org.springframework.test.context.cache - Spring test ApplicationContext cache statistics: [DefaultContextCache@17e725fb size = 1, maxSize = 32, parentContextCount = 0, hitCount = 25, missCount = 1, failureCount = 0]
2025-03-28 06:32:45 [main] DEBUG org.springframework.test.context.cache - Spring test ApplicationContext cache statistics: [DefaultContextCache@17e725fb size = 1, maxSize = 32, parentContextCount = 0, hitCount = 26, missCount = 1, failureCount = 0]
2025-03-28 06:32:45 [main] DEBUG org.springframework.test.context.support.DirtiesContextTestExecutionListener - After test method: class [UserAPITest], method [deleteUserTest], class annotated with @DirtiesContext [false] with mode [null], method annotated with @DirtiesContext [false] with mode [null]
2025-03-28 06:32:45 [main] DEBUG org.springframework.test.context.web.ServletTestExecutionListener - Resetting RequestContextHolder for test class com.sb.auto.OrangeHRMSpringBootAutomation.api.UserAPITest
2025-03-28 06:32:45 [main] INFO  com.sb.auto.OrangeHRMSpringBootAutomation.framework.listener.TestMethodListener - ? After Method: springTestContextAfterTestMethod
2025-03-28 06:32:45 [rp-io-9] DEBUG com.epam.reportportal.service.Launch - Starting test item...rp-io-9
2025-03-28 06:32:45 [main] INFO  com.sb.auto.OrangeHRMSpringBootAutomation.framework.listener.TestMethodListener - ? Before Method: springTestContextBeforeTestMethod
2025-03-28 06:32:45 [main] DEBUG org.springframework.test.context.cache - Spring test ApplicationContext cache statistics: [DefaultContextCache@17e725fb size = 1, maxSize = 32, parentContextCount = 0, hitCount = 27, missCount = 1, failureCount = 0]
2025-03-28 06:32:45 [main] DEBUG org.springframework.test.context.web.ServletTestExecutionListener - Setting up MockHttpServletRequest, MockHttpServletResponse, ServletWebRequest, and RequestContextHolder for test class com.sb.auto.OrangeHRMSpringBootAutomation.api.UserAPITest
2025-03-28 06:32:45 [main] DEBUG org.springframework.test.context.support.DirtiesContextBeforeModesTestExecutionListener - Before test method: class [UserAPITest], method [getUserDetailsTest], class annotated with @DirtiesContext [false] with mode [null], method annotated with @DirtiesContext [false] with mode [null]
2025-03-28 06:32:45 [main] DEBUG org.springframework.test.context.support.DependencyInjectionTestExecutionListener - Reinjecting dependencies for test class com.sb.auto.OrangeHRMSpringBootAutomation.api.UserAPITest
2025-03-28 06:32:45 [main] DEBUG org.springframework.test.context.cache - Spring test ApplicationContext cache statistics: [DefaultContextCache@17e725fb size = 1, maxSize = 32, parentContextCount = 0, hitCount = 28, missCount = 1, failureCount = 0]
2025-03-28 06:32:45 [main] DEBUG org.springframework.test.context.cache - Spring test ApplicationContext cache statistics: [DefaultContextCache@17e725fb size = 1, maxSize = 32, parentContextCount = 0, hitCount = 29, missCount = 1, failureCount = 0]
2025-03-28 06:32:45 [main] DEBUG org.springframework.test.context.cache - Spring test ApplicationContext cache statistics: [DefaultContextCache@17e725fb size = 1, maxSize = 32, parentContextCount = 0, hitCount = 30, missCount = 1, failureCount = 0]
2025-03-28 06:32:45 [rp-io-4] DEBUG com.epam.reportportal.service.Launch - ReportPortal item with ID '9ccb5491-29a7-4200-89ab-ad4730b1e4af' has been created
2025-03-28 06:32:45 [rp-io-4] DEBUG com.epam.reportportal.utils.SubscriptionUtils - Start test item successfully completed
2025-03-28 06:32:45 [main] DEBUG org.springframework.test.context.cache - Spring test ApplicationContext cache statistics: [DefaultContextCache@17e725fb size = 1, maxSize = 32, parentContextCount = 0, hitCount = 31, missCount = 1, failureCount = 0]
2025-03-28 06:32:45 [main] INFO  com.sb.auto.OrangeHRMSpringBootAutomation.framework.listener.TestMethodListener - ? After Method: springTestContextBeforeTestMethod
2025-03-28 06:32:45 [main] INFO  com.sb.auto.OrangeHRMSpringBootAutomation.framework.listener.TestListener - ? Test Started: getUserDetailsTest
2025-03-28 06:32:45 [rp-io-15] DEBUG com.epam.reportportal.service.Launch - Starting test item...rp-io-15
2025-03-28 06:32:45 [main] INFO  com.sb.auto.OrangeHRMSpringBootAutomation.framework.listener.TestMethodListener - ? Before Method: getUserDetailsTest
2025-03-28 06:32:45 [main] DEBUG org.springframework.test.context.cache - Spring test ApplicationContext cache statistics: [DefaultContextCache@17e725fb size = 1, maxSize = 32, parentContextCount = 0, hitCount = 32, missCount = 1, failureCount = 0]
2025-03-28 06:32:45 [rp-io-95] DEBUG com.epam.reportportal.service.Launch - Accepted finish request for test item ID = 16481071-a9f8-4d28-bf45-caee2979d184
2025-03-28 06:32:45 [rp-io-95] DEBUG com.epam.reportportal.utils.SubscriptionUtils - Finish test item completed
2025-03-28 06:32:45 [rp-io-9] DEBUG com.epam.reportportal.service.Launch - ReportPortal item with ID '9509481f-1c1d-4e0c-a293-ab97b7582214' has been created
2025-03-28 06:32:45 [rp-io-9] DEBUG com.epam.reportportal.utils.SubscriptionUtils - Start test item successfully completed
2025-03-28 06:32:45 [rp-io-15] DEBUG com.epam.reportportal.service.Launch - ReportPortal item with ID 'a66a4fef-ce0f-407f-91f1-a6f3511f8d5b' has been created
2025-03-28 06:32:45 [rp-io-15] DEBUG com.epam.reportportal.utils.SubscriptionUtils - Start test item successfully completed
Request method:	GET
Request URI:	https://reqres.in/api/users/2
Proxy:			<none>
Request params:	<none>
Query params:	<none>
Form params:	<none>
Path params:	<none>
Headers:		Accept=*/*
				Content-Type=application/json
Cookies:		<none>
Multiparts:		<none>
Body:			<none>
2025-03-28 06:32:45 [rp-io-4] DEBUG com.epam.reportportal.service.Launch - Accepted finish request for test item ID = 9ccb5491-29a7-4200-89ab-ad4730b1e4af
2025-03-28 06:32:45 [rp-io-4] DEBUG com.epam.reportportal.utils.SubscriptionUtils - Finish test item completed
2025-03-28 06:32:45 [rp-io-9] DEBUG com.epam.reportportal.service.Launch - Accepted finish request for test item ID = 9509481f-1c1d-4e0c-a293-ab97b7582214
2025-03-28 06:32:45 [rp-io-9] DEBUG com.epam.reportportal.utils.SubscriptionUtils - Finish test item completed
2025-03-28 06:32:45 [main] DEBUG org.apache.http.impl.conn.BasicClientConnectionManager - Get connection for route {s}->https://reqres.in:443
2025-03-28 06:32:45 [main] DEBUG org.apache.http.impl.conn.DefaultClientConnectionOperator - Connecting to reqres.in:443
2025-03-28 06:32:45 [main] DEBUG org.apache.http.client.protocol.RequestAddCookies - CookieSpec selected: ignoreCookies
2025-03-28 06:32:45 [main] DEBUG org.apache.http.client.protocol.RequestAuthCache - Auth cache not set in the context
2025-03-28 06:32:45 [main] DEBUG org.apache.http.client.protocol.RequestTargetAuthentication - Target auth state: UNCHALLENGED
2025-03-28 06:32:45 [main] DEBUG org.apache.http.client.protocol.RequestProxyAuthentication - Proxy auth state: UNCHALLENGED
2025-03-28 06:32:45 [main] DEBUG org.apache.http.impl.client.DefaultHttpClient - Attempt 1 to execute request
2025-03-28 06:32:45 [main] DEBUG org.apache.http.impl.conn.DefaultClientConnection - Sending request: GET /api/users/2 HTTP/1.1
2025-03-28 06:32:45 [main] DEBUG org.apache.http.wire -  >> "GET /api/users/2 HTTP/1.1[\r][\n]"
2025-03-28 06:32:45 [main] DEBUG org.apache.http.wire -  >> "Content-Type: application/json[\r][\n]"
2025-03-28 06:32:45 [main] DEBUG org.apache.http.wire -  >> "Accept: */*[\r][\n]"
2025-03-28 06:32:45 [main] DEBUG org.apache.http.wire -  >> "Host: reqres.in[\r][\n]"
2025-03-28 06:32:45 [main] DEBUG org.apache.http.wire -  >> "Connection: Keep-Alive[\r][\n]"
2025-03-28 06:32:45 [main] DEBUG org.apache.http.wire -  >> "User-Agent: Apache-HttpClient/4.5.13 (Java/17.0.13)[\r][\n]"
2025-03-28 06:32:45 [main] DEBUG org.apache.http.wire -  >> "Accept-Encoding: gzip,deflate[\r][\n]"
2025-03-28 06:32:45 [main] DEBUG org.apache.http.wire -  >> "[\r][\n]"
2025-03-28 06:32:45 [main] DEBUG org.apache.http.headers - >> GET /api/users/2 HTTP/1.1
2025-03-28 06:32:45 [main] DEBUG org.apache.http.headers - >> Content-Type: application/json
2025-03-28 06:32:45 [main] DEBUG org.apache.http.headers - >> Accept: */*
2025-03-28 06:32:45 [main] DEBUG org.apache.http.headers - >> Host: reqres.in
2025-03-28 06:32:45 [main] DEBUG org.apache.http.headers - >> Connection: Keep-Alive
2025-03-28 06:32:45 [main] DEBUG org.apache.http.headers - >> User-Agent: Apache-HttpClient/4.5.13 (Java/17.0.13)
2025-03-28 06:32:45 [main] DEBUG org.apache.http.headers - >> Accept-Encoding: gzip,deflate
2025-03-28 06:32:45 [main] DEBUG org.apache.http.wire -  << "HTTP/1.1 200 OK[\r][\n]"
2025-03-28 06:32:45 [main] DEBUG org.apache.http.wire -  << "Date: Fri, 28 Mar 2025 10:32:45 GMT[\r][\n]"
2025-03-28 06:32:45 [main] DEBUG org.apache.http.wire -  << "Content-Type: application/json; charset=utf-8[\r][\n]"
2025-03-28 06:32:45 [main] DEBUG org.apache.http.wire -  << "Transfer-Encoding: chunked[\r][\n]"
2025-03-28 06:32:45 [main] DEBUG org.apache.http.wire -  << "Connection: keep-alive[\r][\n]"
2025-03-28 06:32:45 [main] DEBUG org.apache.http.wire -  << "Report-To: {"group":"heroku-nel","max_age":3600,"endpoints":[{"url":"https://nel.heroku.com/reports?ts=1743123596&sid=c4c9725f-1ab0-44d8-820f-430df2718e11&s=WuC0K8FRjSU6lIFpfFQIwnFKfP4fcBfeb3YIiCS9%2FOg%3D"}]}[\r][\n]"
2025-03-28 06:32:45 [main] DEBUG org.apache.http.wire -  << "Reporting-Endpoints: heroku-nel=https://nel.heroku.com/reports?ts=1743123596&sid=c4c9725f-1ab0-44d8-820f-430df2718e11&s=WuC0K8FRjSU6lIFpfFQIwnFKfP4fcBfeb3YIiCS9%2FOg%3D[\r][\n]"
2025-03-28 06:32:45 [main] DEBUG org.apache.http.wire -  << "Nel: {"report_to":"heroku-nel","max_age":3600,"success_fraction":0.005,"failure_fraction":0.05,"response_headers":["Via"]}[\r][\n]"
2025-03-28 06:32:45 [main] DEBUG org.apache.http.wire -  << "X-Powered-By: Express[\r][\n]"
2025-03-28 06:32:45 [main] DEBUG org.apache.http.wire -  << "Access-Control-Allow-Origin: *[\r][\n]"
2025-03-28 06:32:45 [main] DEBUG org.apache.http.wire -  << "Etag: W/"152-ApQgGHL6RKwaebFlrPCYPBO1xHg"[\r][\n]"
2025-03-28 06:32:45 [main] DEBUG org.apache.http.wire -  << "Via: 1.1 vegur[\r][\n]"
2025-03-28 06:32:45 [main] DEBUG org.apache.http.wire -  << "Cache-Control: max-age=14400[\r][\n]"
2025-03-28 06:32:45 [main] DEBUG org.apache.http.wire -  << "CF-Cache-Status: HIT[\r][\n]"
2025-03-28 06:32:45 [main] DEBUG org.apache.http.wire -  << "Age: 5557[\r][\n]"
2025-03-28 06:32:45 [main] DEBUG org.apache.http.wire -  << "Vary: Accept-Encoding[\r][\n]"
2025-03-28 06:32:45 [main] DEBUG org.apache.http.wire -  << "Server: cloudflare[\r][\n]"
2025-03-28 06:32:45 [main] DEBUG org.apache.http.wire -  << "CF-RAY: 927677238dcd6ef4-BOM[\r][\n]"
2025-03-28 06:32:45 [main] DEBUG org.apache.http.wire -  << "Content-Encoding: gzip[\r][\n]"
2025-03-28 06:32:45 [main] DEBUG org.apache.http.wire -  << "server-timing: cfL4;desc="?proto=TCP&rtt=40294&min_rtt=35562&rtt_var=22799&sent=5&recv=6&lost=0&retrans=0&sent_bytes=3109&recv_bytes=779&delivery_rate=59658&cwnd=252&unsent_bytes=0&cid=dd178f712f3789d9&ts=105&x=0"[\r][\n]"
2025-03-28 06:32:45 [main] DEBUG org.apache.http.wire -  << "[\r][\n]"
2025-03-28 06:32:45 [main] DEBUG org.apache.http.impl.conn.DefaultClientConnection - Receiving response: HTTP/1.1 200 OK
2025-03-28 06:32:45 [main] DEBUG org.apache.http.headers - << HTTP/1.1 200 OK
2025-03-28 06:32:45 [main] DEBUG org.apache.http.headers - << Date: Fri, 28 Mar 2025 10:32:45 GMT
2025-03-28 06:32:45 [main] DEBUG org.apache.http.headers - << Content-Type: application/json; charset=utf-8
2025-03-28 06:32:45 [main] DEBUG org.apache.http.headers - << Transfer-Encoding: chunked
2025-03-28 06:32:45 [main] DEBUG org.apache.http.headers - << Connection: keep-alive
2025-03-28 06:32:45 [main] DEBUG org.apache.http.headers - << Report-To: {"group":"heroku-nel","max_age":3600,"endpoints":[{"url":"https://nel.heroku.com/reports?ts=1743123596&sid=c4c9725f-1ab0-44d8-820f-430df2718e11&s=WuC0K8FRjSU6lIFpfFQIwnFKfP4fcBfeb3YIiCS9%2FOg%3D"}]}
2025-03-28 06:32:45 [main] DEBUG org.apache.http.headers - << Reporting-Endpoints: heroku-nel=https://nel.heroku.com/reports?ts=1743123596&sid=c4c9725f-1ab0-44d8-820f-430df2718e11&s=WuC0K8FRjSU6lIFpfFQIwnFKfP4fcBfeb3YIiCS9%2FOg%3D
2025-03-28 06:32:45 [main] DEBUG org.apache.http.headers - << Nel: {"report_to":"heroku-nel","max_age":3600,"success_fraction":0.005,"failure_fraction":0.05,"response_headers":["Via"]}
2025-03-28 06:32:45 [main] DEBUG org.apache.http.headers - << X-Powered-By: Express
2025-03-28 06:32:45 [main] DEBUG org.apache.http.headers - << Access-Control-Allow-Origin: *
2025-03-28 06:32:45 [main] DEBUG org.apache.http.headers - << Etag: W/"152-ApQgGHL6RKwaebFlrPCYPBO1xHg"
2025-03-28 06:32:45 [main] DEBUG org.apache.http.headers - << Via: 1.1 vegur
2025-03-28 06:32:45 [main] DEBUG org.apache.http.headers - << Cache-Control: max-age=14400
2025-03-28 06:32:45 [main] DEBUG org.apache.http.headers - << CF-Cache-Status: HIT
2025-03-28 06:32:45 [main] DEBUG org.apache.http.headers - << Age: 5557
2025-03-28 06:32:45 [main] DEBUG org.apache.http.headers - << Vary: Accept-Encoding
2025-03-28 06:32:45 [main] DEBUG org.apache.http.headers - << Server: cloudflare
2025-03-28 06:32:45 [main] DEBUG org.apache.http.headers - << CF-RAY: 927677238dcd6ef4-BOM
2025-03-28 06:32:45 [main] DEBUG org.apache.http.headers - << Content-Encoding: gzip
2025-03-28 06:32:45 [main] DEBUG org.apache.http.headers - << server-timing: cfL4;desc="?proto=TCP&rtt=40294&min_rtt=35562&rtt_var=22799&sent=5&recv=6&lost=0&retrans=0&sent_bytes=3109&recv_bytes=779&delivery_rate=59658&cwnd=252&unsent_bytes=0&cid=dd178f712f3789d9&ts=105&x=0"
2025-03-28 06:32:45 [main] DEBUG org.apache.http.impl.client.DefaultHttpClient - Connection can be kept alive indefinitely
2025-03-28 06:32:45 [main] DEBUG io.restassured.internal.RestAssuredHttpBuilder - Parsing response as: application/json; charset=utf-8
2025-03-28 06:32:45 [main] DEBUG org.apache.http.wire -  << "f8[\r][\n]"
2025-03-28 06:32:45 [main] DEBUG org.apache.http.wire -  << "[0x1f][0x8b][0x8][0x0][0x0][0x0][0x0][0x0][0x0][0x3]M[0x8e][0xc1]j[0xc3]0[0x10]De[0xd9]CO[0xaa][\r]9[\n]"
2025-03-28 06:32:45 [main] DEBUG org.apache.http.wire -  << "L[\n]"
2025-03-28 06:32:45 [main] DEBUG org.apache.http.wire -  << "[0xb9][0x95][0x1e][0xb]=[0x86]EZ[0xbb]k,[0xc9]Y[0xad][0x93][0x86][0xe0]/NJ[0xdb][0xe3][0xc]3o[0xe6][0x86][0x91][0x8c][0xd0][0xdf]P"[0xfa][0x9d]CN$[0x13]z[0x1c])[0xb3]5[0x17][0xa6]3[0xeb][0x8b][0xf2]I[0xb9]6[0x92][0xd1]a/Z[0xed][0x98])1z|[0xdd]R[0xe8]p[0xa2]?[0xef][0xe3][0xde]A[0x87]t&#E[0x8f][0x9f]fs[0xf5]m[0xfb][0x8b]i%[\r]mO[0x81]k[0xbb]{[0x96]D[0x3]7[0xe3]<[0xe0][0xea][0xb0].[0xf3]\[0xd4][0xb6]C[0x8b]N[0xff][0xba][0xa1]d[0xe3]l[0x81]b[0xbc]6R[0xf6][0x8b][0xa5]c-[0x8b][0x6][0xee][0x1e][0xd8][0xa7][0xcd]I[0x1c]eI[0xdd]XK[0xbe][0xeb]@i&[0x19]r[0xa7][0xdc][0xb3]*M[0xe8][0xd0][0xf8][0xcb][0xd0][0xe3][0xbb](G(=\TL[0xf2][0x0][0x9c][0xe3][0xc4][0xb5]B-Ah[0x82][\r]E[0xf0]3[0xbb][0x87]"
2025-03-28 06:32:45 [main] DEBUG org.apache.http.wire -  << "768<[0x4][0x1c][0xb6][0x13]0pf%c[0x10][0x83][0xbe](\[0xcb][0xd2][0xe0][0xba]~[0x3]u[0x8b]!1R[0x1][0x0][0x0]"
2025-03-28 06:32:45 [main] DEBUG org.apache.http.wire -  << "[\r][\n]"
2025-03-28 06:32:45 [main] DEBUG org.apache.http.wire -  << "0[\r][\n]"
2025-03-28 06:32:45 [main] DEBUG org.apache.http.wire -  << "[\r][\n]"
2025-03-28 06:32:45 [main] DEBUG io.restassured.internal.RestAssuredHttpBuilder - Parsed data to instance of: class org.apache.http.conn.EofSensorInputStream
2025-03-28 06:32:45 [main] DEBUG org.apache.http.impl.conn.BasicClientConnectionManager - Releasing connection org.apache.http.impl.conn.ManagedClientConnectionImpl@55145dc5
2025-03-28 06:32:45 [main] DEBUG org.apache.http.impl.conn.BasicClientConnectionManager - Connection can be kept alive indefinitely
HTTP/1.1 200 OK
Date: Fri, 28 Mar 2025 10:32:45 GMT
Content-Type: application/json; charset=utf-8
Transfer-Encoding: chunked
Connection: keep-alive
Report-To: {"group":"heroku-nel","max_age":3600,"endpoints":[{"url":"https://nel.heroku.com/reports?ts=1743123596&sid=c4c9725f-1ab0-44d8-820f-430df2718e11&s=WuC0K8FRjSU6lIFpfFQIwnFKfP4fcBfeb3YIiCS9%2FOg%3D"}]}
Reporting-Endpoints: heroku-nel=https://nel.heroku.com/reports?ts=1743123596&sid=c4c9725f-1ab0-44d8-820f-430df2718e11&s=WuC0K8FRjSU6lIFpfFQIwnFKfP4fcBfeb3YIiCS9%2FOg%3D
Nel: {"report_to":"heroku-nel","max_age":3600,"success_fraction":0.005,"failure_fraction":0.05,"response_headers":["Via"]}
X-Powered-By: Express
Access-Control-Allow-Origin: *
Etag: W/"152-ApQgGHL6RKwaebFlrPCYPBO1xHg"
Via: 1.1 vegur
Cache-Control: max-age=14400
CF-Cache-Status: HIT
Age: 5557
Vary: Accept-Encoding
Server: cloudflare
CF-RAY: 927677238dcd6ef4-BOM
Content-Encoding: gzip
server-timing: cfL4;desc="?proto=TCP&rtt=40294&min_rtt=35562&rtt_var=22799&sent=5&recv=6&lost=0&retrans=0&sent_bytes=3109&recv_bytes=779&delivery_rate=59658&cwnd=252&unsent_bytes=0&cid=dd178f712f3789d9&ts=105&x=0"

{
    "data": {
        "id": 2,
        "email": "janet.weaver@reqres.in",
        "first_name": "Janet",
        "last_name": "Weaver",
        "avatar": "https://reqres.in/img/faces/2-image.jpg"
    },
    "support": {
        "url": "https://contentcaddy.io?utm_source=reqres&utm_medium=json&utm_campaign=referral",
        "text": "Tired of writing endless social media content? Let Content Caddy generate it for you."
    }
}
2025-03-28 06:32:45 [main] INFO  com.sb.auto.OrangeHRMSpringBootAutomation.api.UserAPITest - Response of GETUser details API {"data":{"id":2,"email":"janet.weaver@reqres.in","first_name":"Janet","last_name":"Weaver","avatar":"https://reqres.in/img/faces/2-image.jpg"},"support":{"url":"https://contentcaddy.io?utm_source=reqres&utm_medium=json&utm_campaign=referral","text":"Tired of writing endless social media content? Let Content Caddy generate it for you."}}
2025-03-28 06:32:45 [main] DEBUG org.springframework.test.context.cache - Spring test ApplicationContext cache statistics: [DefaultContextCache@17e725fb size = 1, maxSize = 32, parentContextCount = 0, hitCount = 33, missCount = 1, failureCount = 0]
2025-03-28 06:32:45 [main] INFO  com.sb.auto.OrangeHRMSpringBootAutomation.framework.listener.TestMethodListener - ? After Method: getUserDetailsTest
2025-03-28 06:32:45 [main] INFO  com.sb.auto.OrangeHRMSpringBootAutomation.framework.listener.TestListener - ? Test Passed: getUserDetailsTest
]]></system-out>
  </testcase>
  <testcase name="updateUserTest" classname="com.sb.auto.OrangeHRMSpringBootAutomation.api.UserAPITest" time="0.687">
    <system-out><![CDATA[2025-03-28 06:32:46 [rp-io-44] DEBUG com.epam.reportportal.service.Launch - Starting test item...rp-io-44
2025-03-28 06:32:46 [main] INFO  com.sb.auto.OrangeHRMSpringBootAutomation.framework.listener.TestMethodListener - ? Before Method: springTestContextAfterTestMethod
2025-03-28 06:32:46 [main] DEBUG org.springframework.test.context.cache - Spring test ApplicationContext cache statistics: [DefaultContextCache@17e725fb size = 1, maxSize = 32, parentContextCount = 0, hitCount = 34, missCount = 1, failureCount = 0]
2025-03-28 06:32:46 [main] DEBUG org.springframework.test.context.cache - Spring test ApplicationContext cache statistics: [DefaultContextCache@17e725fb size = 1, maxSize = 32, parentContextCount = 0, hitCount = 35, missCount = 1, failureCount = 0]
2025-03-28 06:32:46 [main] DEBUG org.springframework.test.context.cache - Spring test ApplicationContext cache statistics: [DefaultContextCache@17e725fb size = 1, maxSize = 32, parentContextCount = 0, hitCount = 36, missCount = 1, failureCount = 0]
2025-03-28 06:32:46 [main] DEBUG org.springframework.test.context.cache - Spring test ApplicationContext cache statistics: [DefaultContextCache@17e725fb size = 1, maxSize = 32, parentContextCount = 0, hitCount = 37, missCount = 1, failureCount = 0]
2025-03-28 06:32:46 [main] DEBUG org.springframework.test.context.cache - Spring test ApplicationContext cache statistics: [DefaultContextCache@17e725fb size = 1, maxSize = 32, parentContextCount = 0, hitCount = 38, missCount = 1, failureCount = 0]
2025-03-28 06:32:46 [main] DEBUG org.springframework.test.context.cache - Spring test ApplicationContext cache statistics: [DefaultContextCache@17e725fb size = 1, maxSize = 32, parentContextCount = 0, hitCount = 39, missCount = 1, failureCount = 0]
2025-03-28 06:32:46 [main] DEBUG org.springframework.test.context.support.DirtiesContextTestExecutionListener - After test method: class [UserAPITest], method [getUserDetailsTest], class annotated with @DirtiesContext [false] with mode [null], method annotated with @DirtiesContext [false] with mode [null]
2025-03-28 06:32:46 [main] DEBUG org.springframework.test.context.web.ServletTestExecutionListener - Resetting RequestContextHolder for test class com.sb.auto.OrangeHRMSpringBootAutomation.api.UserAPITest
2025-03-28 06:32:46 [main] INFO  com.sb.auto.OrangeHRMSpringBootAutomation.framework.listener.TestMethodListener - ? After Method: springTestContextAfterTestMethod
2025-03-28 06:32:46 [rp-io-40] DEBUG com.epam.reportportal.service.Launch - Accepted finish request for test item ID = a66a4fef-ce0f-407f-91f1-a6f3511f8d5b
2025-03-28 06:32:46 [rp-io-40] DEBUG com.epam.reportportal.utils.SubscriptionUtils - Finish test item completed
2025-03-28 06:32:46 [rp-io-44] DEBUG com.epam.reportportal.service.Launch - ReportPortal item with ID '4c15b320-1a1b-44fb-8f1a-e36b09cb95de' has been created
2025-03-28 06:32:46 [rp-io-44] DEBUG com.epam.reportportal.utils.SubscriptionUtils - Start test item successfully completed
2025-03-28 06:32:46 [main] INFO  com.sb.auto.OrangeHRMSpringBootAutomation.framework.listener.TestMethodListener - ? Before Method: springTestContextBeforeTestMethod
2025-03-28 06:32:46 [main] DEBUG com.epam.reportportal.service.Launch - Starting test item...main
2025-03-28T10:32:46.041744500Z main ERROR Recursive call to appender ReportPortalAppender
2025-03-28 06:32:46 [main] DEBUG org.springframework.test.context.cache - Spring test ApplicationContext cache statistics: [DefaultContextCache@17e725fb size = 1, maxSize = 32, parentContextCount = 0, hitCount = 40, missCount = 1, failureCount = 0]
2025-03-28 06:32:46 [main] DEBUG org.springframework.test.context.web.ServletTestExecutionListener - Setting up MockHttpServletRequest, MockHttpServletResponse, ServletWebRequest, and RequestContextHolder for test class com.sb.auto.OrangeHRMSpringBootAutomation.api.UserAPITest
2025-03-28 06:32:46 [main] DEBUG org.springframework.test.context.support.DirtiesContextBeforeModesTestExecutionListener - Before test method: class [UserAPITest], method [updateUserTest], class annotated with @DirtiesContext [false] with mode [null], method annotated with @DirtiesContext [false] with mode [null]
2025-03-28 06:32:46 [main] DEBUG org.springframework.test.context.support.DependencyInjectionTestExecutionListener - Reinjecting dependencies for test class com.sb.auto.OrangeHRMSpringBootAutomation.api.UserAPITest
2025-03-28 06:32:46 [main] DEBUG org.springframework.test.context.cache - Spring test ApplicationContext cache statistics: [DefaultContextCache@17e725fb size = 1, maxSize = 32, parentContextCount = 0, hitCount = 41, missCount = 1, failureCount = 0]
2025-03-28 06:32:46 [main] DEBUG org.springframework.test.context.cache - Spring test ApplicationContext cache statistics: [DefaultContextCache@17e725fb size = 1, maxSize = 32, parentContextCount = 0, hitCount = 42, missCount = 1, failureCount = 0]
2025-03-28 06:32:46 [main] DEBUG org.springframework.test.context.cache - Spring test ApplicationContext cache statistics: [DefaultContextCache@17e725fb size = 1, maxSize = 32, parentContextCount = 0, hitCount = 43, missCount = 1, failureCount = 0]
2025-03-28 06:32:46 [main] DEBUG org.springframework.test.context.cache - Spring test ApplicationContext cache statistics: [DefaultContextCache@17e725fb size = 1, maxSize = 32, parentContextCount = 0, hitCount = 44, missCount = 1, failureCount = 0]
2025-03-28 06:32:46 [main] INFO  com.sb.auto.OrangeHRMSpringBootAutomation.framework.listener.TestMethodListener - ? After Method: springTestContextBeforeTestMethod
2025-03-28 06:32:46 [rp-io-53] DEBUG com.epam.reportportal.service.Launch - Starting test item...rp-io-53
2025-03-28 06:32:46 [main] INFO  com.sb.auto.OrangeHRMSpringBootAutomation.framework.listener.TestListener - ? Test Started: updateUserTest
2025-03-28 06:32:46 [main] INFO  com.sb.auto.OrangeHRMSpringBootAutomation.framework.listener.TestMethodListener - ? Before Method: updateUserTest
2025-03-28 06:32:46 [main] DEBUG org.springframework.test.context.cache - Spring test ApplicationContext cache statistics: [DefaultContextCache@17e725fb size = 1, maxSize = 32, parentContextCount = 0, hitCount = 45, missCount = 1, failureCount = 0]
2025-03-28 06:32:46 [rp-io-31] DEBUG com.epam.reportportal.service.Launch - ReportPortal item with ID '124d4be3-796f-4636-9a2a-67bdee50e90c' has been created
2025-03-28 06:32:46 [rp-io-31] DEBUG com.epam.reportportal.utils.SubscriptionUtils - Start test item successfully completed
2025-03-28 06:32:46 [rp-io-51] DEBUG com.epam.reportportal.service.Launch - Accepted finish request for test item ID = 4c15b320-1a1b-44fb-8f1a-e36b09cb95de
2025-03-28 06:32:46 [rp-io-51] DEBUG com.epam.reportportal.utils.SubscriptionUtils - Finish test item completed
2025-03-28 06:32:46 [rp-io-53] DEBUG com.epam.reportportal.service.Launch - ReportPortal item with ID 'ab854b9c-eeb9-4e05-8a71-0cc8a25a64a2' has been created
2025-03-28 06:32:46 [rp-io-53] DEBUG com.epam.reportportal.utils.SubscriptionUtils - Start test item successfully completed
Request method:	PUT
Request URI:	https://reqres.in/api/users/2
Proxy:			<none>
Request params:	<none>
Query params:	<none>
Form params:	<none>
Path params:	<none>
Headers:		Accept=*/*
				Content-Type=application/json
Cookies:		<none>
Multiparts:		<none>
Body:
{
    "name": "updated name",
    "job": "updated job"
}
2025-03-28 06:32:46 [rp-io-31] DEBUG com.epam.reportportal.service.Launch - Accepted finish request for test item ID = 124d4be3-796f-4636-9a2a-67bdee50e90c
2025-03-28 06:32:46 [rp-io-31] DEBUG com.epam.reportportal.utils.SubscriptionUtils - Finish test item completed
2025-03-28 06:32:46 [main] DEBUG org.apache.http.impl.conn.BasicClientConnectionManager - Get connection for route {s}->https://reqres.in:443
2025-03-28 06:32:46 [main] DEBUG org.apache.http.impl.conn.DefaultClientConnectionOperator - Connecting to reqres.in:443
2025-03-28 06:32:46 [main] DEBUG org.apache.http.client.protocol.RequestAddCookies - CookieSpec selected: ignoreCookies
2025-03-28 06:32:46 [main] DEBUG org.apache.http.client.protocol.RequestAuthCache - Auth cache not set in the context
2025-03-28 06:32:46 [main] DEBUG org.apache.http.client.protocol.RequestTargetAuthentication - Target auth state: UNCHALLENGED
2025-03-28 06:32:46 [main] DEBUG org.apache.http.client.protocol.RequestProxyAuthentication - Proxy auth state: UNCHALLENGED
2025-03-28 06:32:46 [main] DEBUG org.apache.http.impl.client.DefaultHttpClient - Attempt 1 to execute request
2025-03-28 06:32:46 [main] DEBUG org.apache.http.impl.conn.DefaultClientConnection - Sending request: PUT /api/users/2 HTTP/1.1
2025-03-28 06:32:46 [main] DEBUG org.apache.http.wire -  >> "PUT /api/users/2 HTTP/1.1[\r][\n]"
2025-03-28 06:32:46 [main] DEBUG org.apache.http.wire -  >> "Accept: */*[\r][\n]"
2025-03-28 06:32:46 [main] DEBUG org.apache.http.wire -  >> "Content-Type: application/json[\r][\n]"
2025-03-28 06:32:46 [main] DEBUG org.apache.http.wire -  >> "Content-Length: 43[\r][\n]"
2025-03-28 06:32:46 [main] DEBUG org.apache.http.wire -  >> "Host: reqres.in[\r][\n]"
2025-03-28 06:32:46 [main] DEBUG org.apache.http.wire -  >> "Connection: Keep-Alive[\r][\n]"
2025-03-28 06:32:46 [main] DEBUG org.apache.http.wire -  >> "User-Agent: Apache-HttpClient/4.5.13 (Java/17.0.13)[\r][\n]"
2025-03-28 06:32:46 [main] DEBUG org.apache.http.wire -  >> "Accept-Encoding: gzip,deflate[\r][\n]"
2025-03-28 06:32:46 [main] DEBUG org.apache.http.wire -  >> "[\r][\n]"
2025-03-28 06:32:46 [main] DEBUG org.apache.http.headers - >> PUT /api/users/2 HTTP/1.1
2025-03-28 06:32:46 [main] DEBUG org.apache.http.headers - >> Accept: */*
2025-03-28 06:32:46 [main] DEBUG org.apache.http.headers - >> Content-Type: application/json
2025-03-28 06:32:46 [main] DEBUG org.apache.http.headers - >> Content-Length: 43
2025-03-28 06:32:46 [main] DEBUG org.apache.http.headers - >> Host: reqres.in
2025-03-28 06:32:46 [main] DEBUG org.apache.http.headers - >> Connection: Keep-Alive
2025-03-28 06:32:46 [main] DEBUG org.apache.http.headers - >> User-Agent: Apache-HttpClient/4.5.13 (Java/17.0.13)
2025-03-28 06:32:46 [main] DEBUG org.apache.http.headers - >> Accept-Encoding: gzip,deflate
2025-03-28 06:32:46 [main] DEBUG org.apache.http.wire -  >> "{"name":"updated name","job":"updated job"}"
2025-03-28 06:32:46 [Finalizer] DEBUG org.apache.http.impl.conn.DefaultClientConnection - Connection 0.0.0.0:65359<->172.67.73.173:443 closed
2025-03-28 06:32:46 [Finalizer] DEBUG org.apache.http.impl.conn.DefaultClientConnection - Connection 0.0.0.0:65356<->172.67.73.173:443 closed
2025-03-28 06:32:46 [main] DEBUG org.apache.http.wire -  << "HTTP/1.1 200 OK[\r][\n]"
2025-03-28 06:32:46 [main] DEBUG org.apache.http.wire -  << "Date: Fri, 28 Mar 2025 10:32:46 GMT[\r][\n]"
2025-03-28 06:32:46 [main] DEBUG org.apache.http.wire -  << "Content-Type: application/json; charset=utf-8[\r][\n]"
2025-03-28 06:32:46 [main] DEBUG org.apache.http.wire -  << "Transfer-Encoding: chunked[\r][\n]"
2025-03-28 06:32:46 [main] DEBUG org.apache.http.wire -  << "Connection: keep-alive[\r][\n]"
2025-03-28 06:32:46 [main] DEBUG org.apache.http.wire -  << "Report-To: {"group":"heroku-nel","max_age":3600,"endpoints":[{"url":"https://nel.heroku.com/reports?ts=1743157966&sid=c4c9725f-1ab0-44d8-820f-430df2718e11&s=NXNFLsgJuHJflldav5FAXtJq%2B7NZVGg44%2FSxn1Z9%2FNg%3D"}]}[\r][\n]"
2025-03-28 06:32:46 [main] DEBUG org.apache.http.wire -  << "Reporting-Endpoints: heroku-nel=https://nel.heroku.com/reports?ts=1743157966&sid=c4c9725f-1ab0-44d8-820f-430df2718e11&s=NXNFLsgJuHJflldav5FAXtJq%2B7NZVGg44%2FSxn1Z9%2FNg%3D[\r][\n]"
2025-03-28 06:32:46 [main] DEBUG org.apache.http.wire -  << "Nel: {"report_to":"heroku-nel","max_age":3600,"success_fraction":0.005,"failure_fraction":0.05,"response_headers":["Via"]}[\r][\n]"
2025-03-28 06:32:46 [main] DEBUG org.apache.http.wire -  << "X-Powered-By: Express[\r][\n]"
2025-03-28 06:32:46 [main] DEBUG org.apache.http.wire -  << "Access-Control-Allow-Origin: *[\r][\n]"
2025-03-28 06:32:46 [main] DEBUG org.apache.http.wire -  << "Etag: W/"52-CrZqVSgJtm8JwfVdbAVHTlP4+4M"[\r][\n]"
2025-03-28 06:32:46 [main] DEBUG org.apache.http.wire -  << "Via: 1.1 vegur[\r][\n]"
2025-03-28 06:32:46 [main] DEBUG org.apache.http.wire -  << "CF-Cache-Status: DYNAMIC[\r][\n]"
2025-03-28 06:32:46 [main] DEBUG org.apache.http.wire -  << "Vary: Accept-Encoding[\r][\n]"
2025-03-28 06:32:46 [main] DEBUG org.apache.http.wire -  << "Server: cloudflare[\r][\n]"
2025-03-28 06:32:46 [main] DEBUG org.apache.http.wire -  << "CF-RAY: 92767727bae831a5-BOM[\r][\n]"
2025-03-28 06:32:46 [main] DEBUG org.apache.http.wire -  << "Content-Encoding: gzip[\r][\n]"
2025-03-28 06:32:46 [main] DEBUG org.apache.http.wire -  << "server-timing: cfL4;desc="?proto=TCP&rtt=32577&min_rtt=32577&rtt_var=16288&sent=6&recv=6&lost=0&retrans=1&sent_bytes=3296&recv_bytes=842&delivery_rate=35681&cwnd=253&unsent_bytes=0&cid=c785fc843363e633&ts=464&x=0"[\r][\n]"
2025-03-28 06:32:46 [main] DEBUG org.apache.http.wire -  << "[\r][\n]"
2025-03-28 06:32:46 [main] DEBUG org.apache.http.impl.conn.DefaultClientConnection - Receiving response: HTTP/1.1 200 OK
2025-03-28 06:32:46 [main] DEBUG org.apache.http.headers - << HTTP/1.1 200 OK
2025-03-28 06:32:46 [main] DEBUG org.apache.http.headers - << Date: Fri, 28 Mar 2025 10:32:46 GMT
2025-03-28 06:32:46 [main] DEBUG org.apache.http.headers - << Content-Type: application/json; charset=utf-8
2025-03-28 06:32:46 [main] DEBUG org.apache.http.headers - << Transfer-Encoding: chunked
2025-03-28 06:32:46 [main] DEBUG org.apache.http.headers - << Connection: keep-alive
2025-03-28 06:32:46 [main] DEBUG org.apache.http.headers - << Report-To: {"group":"heroku-nel","max_age":3600,"endpoints":[{"url":"https://nel.heroku.com/reports?ts=1743157966&sid=c4c9725f-1ab0-44d8-820f-430df2718e11&s=NXNFLsgJuHJflldav5FAXtJq%2B7NZVGg44%2FSxn1Z9%2FNg%3D"}]}
2025-03-28 06:32:46 [main] DEBUG org.apache.http.headers - << Reporting-Endpoints: heroku-nel=https://nel.heroku.com/reports?ts=1743157966&sid=c4c9725f-1ab0-44d8-820f-430df2718e11&s=NXNFLsgJuHJflldav5FAXtJq%2B7NZVGg44%2FSxn1Z9%2FNg%3D
2025-03-28 06:32:46 [main] DEBUG org.apache.http.headers - << Nel: {"report_to":"heroku-nel","max_age":3600,"success_fraction":0.005,"failure_fraction":0.05,"response_headers":["Via"]}
2025-03-28 06:32:46 [main] DEBUG org.apache.http.headers - << X-Powered-By: Express
2025-03-28 06:32:46 [main] DEBUG org.apache.http.headers - << Access-Control-Allow-Origin: *
2025-03-28 06:32:46 [main] DEBUG org.apache.http.headers - << Etag: W/"52-CrZqVSgJtm8JwfVdbAVHTlP4+4M"
2025-03-28 06:32:46 [main] DEBUG org.apache.http.headers - << Via: 1.1 vegur
2025-03-28 06:32:46 [main] DEBUG org.apache.http.headers - << CF-Cache-Status: DYNAMIC
2025-03-28 06:32:46 [main] DEBUG org.apache.http.headers - << Vary: Accept-Encoding
2025-03-28 06:32:46 [main] DEBUG org.apache.http.headers - << Server: cloudflare
2025-03-28 06:32:46 [main] DEBUG org.apache.http.headers - << CF-RAY: 92767727bae831a5-BOM
2025-03-28 06:32:46 [main] DEBUG org.apache.http.headers - << Content-Encoding: gzip
2025-03-28 06:32:46 [main] DEBUG org.apache.http.headers - << server-timing: cfL4;desc="?proto=TCP&rtt=32577&min_rtt=32577&rtt_var=16288&sent=6&recv=6&lost=0&retrans=1&sent_bytes=3296&recv_bytes=842&delivery_rate=35681&cwnd=253&unsent_bytes=0&cid=c785fc843363e633&ts=464&x=0"
2025-03-28 06:32:46 [main] DEBUG org.apache.http.impl.client.DefaultHttpClient - Connection can be kept alive indefinitely
2025-03-28 06:32:46 [main] DEBUG io.restassured.internal.RestAssuredHttpBuilder - Parsing response as: application/json; charset=utf-8
2025-03-28 06:32:46 [main] DEBUG org.apache.http.wire -  << "57[\r][\n]"
2025-03-28 06:32:46 [main] DEBUG org.apache.http.wire -  << "[0x1f][0x8b][0x8][0x0][0x0][0x0][0x0][0x0][0x0][0x3][0xaa]V[0xca]K[0xcc]MU[0xb2]R*-HI,IMQ[0x0]su[0x94][0xb2][0xf2][0x93][0x90][0x4]A<[0x1d][0x18][0xcf][0xb1]D[0xc9]J[0xc9][0xc8][0xc0][0xc8]T[0xd7][0xc0]X[0xd7][0xc8]"[0xc4][0xd0][0xc0][0xca][0xd8][0xc8][0xca][0xc4]L[0xcf][0xc8][0xd4]8J[0xa9][0x16][0x0][0x0][0x0][0xff][0xff][0x3][0x0][0xb4][0x8f]'BR[0x0][0x0][0x0]"
2025-03-28 06:32:46 [main] DEBUG org.apache.http.wire -  << "[\r][\n]"
2025-03-28 06:32:46 [main] DEBUG org.apache.http.wire -  << "0[\r][\n]"
2025-03-28 06:32:46 [main] DEBUG org.apache.http.wire -  << "[\r][\n]"
2025-03-28 06:32:46 [main] DEBUG io.restassured.internal.RestAssuredHttpBuilder - Parsed data to instance of: class org.apache.http.conn.EofSensorInputStream
2025-03-28 06:32:46 [main] DEBUG org.apache.http.impl.conn.BasicClientConnectionManager - Releasing connection org.apache.http.impl.conn.ManagedClientConnectionImpl@36e23af
2025-03-28 06:32:46 [main] DEBUG org.apache.http.impl.conn.BasicClientConnectionManager - Connection can be kept alive indefinitely
HTTP/1.1 200 OK
Date: Fri, 28 Mar 2025 10:32:46 GMT
Content-Type: application/json; charset=utf-8
Transfer-Encoding: chunked
Connection: keep-alive
Report-To: {"group":"heroku-nel","max_age":3600,"endpoints":[{"url":"https://nel.heroku.com/reports?ts=1743157966&sid=c4c9725f-1ab0-44d8-820f-430df2718e11&s=NXNFLsgJuHJflldav5FAXtJq%2B7NZVGg44%2FSxn1Z9%2FNg%3D"}]}
Reporting-Endpoints: heroku-nel=https://nel.heroku.com/reports?ts=1743157966&sid=c4c9725f-1ab0-44d8-820f-430df2718e11&s=NXNFLsgJuHJflldav5FAXtJq%2B7NZVGg44%2FSxn1Z9%2FNg%3D
Nel: {"report_to":"heroku-nel","max_age":3600,"success_fraction":0.005,"failure_fraction":0.05,"response_headers":["Via"]}
X-Powered-By: Express
Access-Control-Allow-Origin: *
Etag: W/"52-CrZqVSgJtm8JwfVdbAVHTlP4+4M"
Via: 1.1 vegur
CF-Cache-Status: DYNAMIC
Vary: Accept-Encoding
Server: cloudflare
CF-RAY: 92767727bae831a5-BOM
Content-Encoding: gzip
server-timing: cfL4;desc="?proto=TCP&rtt=32577&min_rtt=32577&rtt_var=16288&sent=6&recv=6&lost=0&retrans=1&sent_bytes=3296&recv_bytes=842&delivery_rate=35681&cwnd=253&unsent_bytes=0&cid=c785fc843363e633&ts=464&x=0"

{
    "name": "updated name",
    "job": "updated job",
    "updatedAt": "2025-03-28T10:32:46.253Z"
}
2025-03-28 06:32:46 [main] INFO  com.sb.auto.OrangeHRMSpringBootAutomation.api.UserAPITest - Response of UpdateUser API {"name":"updated name","job":"updated job","updatedAt":"2025-03-28T10:32:46.253Z"}
2025-03-28 06:32:46 [main] DEBUG org.springframework.test.context.cache - Spring test ApplicationContext cache statistics: [DefaultContextCache@17e725fb size = 1, maxSize = 32, parentContextCount = 0, hitCount = 46, missCount = 1, failureCount = 0]
2025-03-28 06:32:46 [main] INFO  com.sb.auto.OrangeHRMSpringBootAutomation.framework.listener.TestMethodListener - ? After Method: updateUserTest
2025-03-28 06:32:46 [main] INFO  com.sb.auto.OrangeHRMSpringBootAutomation.framework.listener.TestListener - ? Test Passed: updateUserTest
]]></system-out>
  </testcase>
  <testcase name="healthCheckTest" classname="com.sb.auto.OrangeHRMSpringBootAutomation.api.BookingAPITest" time="1.52">
    <system-out><![CDATA[2025-03-28 06:32:46 [rp-io-62] DEBUG com.epam.reportportal.service.Launch - Starting test item...rp-io-62
2025-03-28 06:32:46 [main] INFO  com.sb.auto.OrangeHRMSpringBootAutomation.framework.listener.TestMethodListener - ? Before Method: springTestContextAfterTestMethod
2025-03-28 06:32:46 [main] DEBUG org.springframework.test.context.cache - Spring test ApplicationContext cache statistics: [DefaultContextCache@17e725fb size = 1, maxSize = 32, parentContextCount = 0, hitCount = 47, missCount = 1, failureCount = 0]
2025-03-28 06:32:46 [main] DEBUG org.springframework.test.context.cache - Spring test ApplicationContext cache statistics: [DefaultContextCache@17e725fb size = 1, maxSize = 32, parentContextCount = 0, hitCount = 48, missCount = 1, failureCount = 0]
2025-03-28 06:32:46 [main] DEBUG org.springframework.test.context.cache - Spring test ApplicationContext cache statistics: [DefaultContextCache@17e725fb size = 1, maxSize = 32, parentContextCount = 0, hitCount = 49, missCount = 1, failureCount = 0]
2025-03-28 06:32:46 [main] DEBUG org.springframework.test.context.cache - Spring test ApplicationContext cache statistics: [DefaultContextCache@17e725fb size = 1, maxSize = 32, parentContextCount = 0, hitCount = 50, missCount = 1, failureCount = 0]
2025-03-28 06:32:46 [main] DEBUG org.springframework.test.context.cache - Spring test ApplicationContext cache statistics: [DefaultContextCache@17e725fb size = 1, maxSize = 32, parentContextCount = 0, hitCount = 51, missCount = 1, failureCount = 0]
2025-03-28 06:32:46 [main] DEBUG org.springframework.test.context.cache - Spring test ApplicationContext cache statistics: [DefaultContextCache@17e725fb size = 1, maxSize = 32, parentContextCount = 0, hitCount = 52, missCount = 1, failureCount = 0]
2025-03-28 06:32:46 [rp-io-70] DEBUG com.epam.reportportal.service.Launch - Accepted finish request for test item ID = ab854b9c-eeb9-4e05-8a71-0cc8a25a64a2
2025-03-28 06:32:46 [rp-io-70] DEBUG com.epam.reportportal.utils.SubscriptionUtils - Finish test item completed
2025-03-28 06:32:46 [main] DEBUG org.springframework.test.context.support.DirtiesContextTestExecutionListener - After test method: class [UserAPITest], method [updateUserTest], class annotated with @DirtiesContext [false] with mode [null], method annotated with @DirtiesContext [false] with mode [null]
2025-03-28 06:32:46 [main] DEBUG org.springframework.test.context.web.ServletTestExecutionListener - Resetting RequestContextHolder for test class com.sb.auto.OrangeHRMSpringBootAutomation.api.UserAPITest
2025-03-28 06:32:46 [main] INFO  com.sb.auto.OrangeHRMSpringBootAutomation.framework.listener.TestMethodListener - ? After Method: springTestContextAfterTestMethod
2025-03-28 06:32:46 [rp-io-82] DEBUG com.epam.reportportal.service.Launch - ReportPortal item with ID 'd6202e41-717e-4677-a558-58625b3dd7ca' has been created
2025-03-28 06:32:46 [rp-io-82] DEBUG com.epam.reportportal.utils.SubscriptionUtils - Start test item successfully completed
2025-03-28 06:32:46 [rp-io-84] DEBUG com.epam.reportportal.service.Launch - Starting test item...rp-io-84
2025-03-28 06:32:46 [main] INFO  com.sb.auto.OrangeHRMSpringBootAutomation.framework.listener.TestMethodListener - ? Before Method: springTestContextAfterTestClass
2025-03-28 06:32:46 [main] DEBUG org.springframework.test.context.cache - Spring test ApplicationContext cache statistics: [DefaultContextCache@17e725fb size = 1, maxSize = 32, parentContextCount = 0, hitCount = 53, missCount = 1, failureCount = 0]
2025-03-28 06:32:46 [main] DEBUG org.springframework.test.context.cache - Spring test ApplicationContext cache statistics: [DefaultContextCache@17e725fb size = 1, maxSize = 32, parentContextCount = 0, hitCount = 54, missCount = 1, failureCount = 0]
2025-03-28 06:32:46 [main] DEBUG org.springframework.test.context.support.DirtiesContextTestExecutionListener - After test class: class [UserAPITest], class annotated with @DirtiesContext [false] with mode [null]
2025-03-28 06:32:46 [main] INFO  com.sb.auto.OrangeHRMSpringBootAutomation.framework.listener.TestMethodListener - ? After Method: springTestContextAfterTestClass
2025-03-28 06:32:46 [rp-io-92] DEBUG com.epam.reportportal.service.Launch - Starting test item...rp-io-92
2025-03-28 06:32:46 [main] INFO  com.sb.auto.OrangeHRMSpringBootAutomation.framework.listener.TestMethodListener - ? Before Method: springTestContextBeforeTestClass
2025-03-28 06:32:46 [main] DEBUG org.springframework.test.context.support.DirtiesContextBeforeModesTestExecutionListener - Before test class: class [BookingAPITest], class annotated with @DirtiesContext [false] with mode [null]
2025-03-28 06:32:46 [main] DEBUG org.springframework.test.context.cache - Spring test ApplicationContext cache statistics: [DefaultContextCache@17e725fb size = 1, maxSize = 32, parentContextCount = 0, hitCount = 55, missCount = 1, failureCount = 0]
2025-03-28 06:32:46 [main] INFO  com.sb.auto.OrangeHRMSpringBootAutomation.framework.listener.TestMethodListener - ? After Method: springTestContextBeforeTestClass
2025-03-28 06:32:46 [main] INFO  com.sb.auto.OrangeHRMSpringBootAutomation.framework.listener.TestMethodListener - ? Before Method: springTestContextPrepareTestInstance
2025-03-28 06:32:46 [rp-io-99] DEBUG com.epam.reportportal.service.Launch - Starting test item...rp-io-99
2025-03-28 06:32:46 [main] DEBUG org.springframework.test.context.cache - Spring test ApplicationContext cache statistics: [DefaultContextCache@17e725fb size = 1, maxSize = 32, parentContextCount = 0, hitCount = 56, missCount = 1, failureCount = 0]
2025-03-28 06:32:46 [main] DEBUG org.springframework.test.context.web.ServletTestExecutionListener - Setting up MockHttpServletRequest, MockHttpServletResponse, ServletWebRequest, and RequestContextHolder for test class com.sb.auto.OrangeHRMSpringBootAutomation.api.BookingAPITest
2025-03-28 06:32:46 [rp-io-85] DEBUG com.epam.reportportal.service.Launch - Accepted finish request for test item ID = d6202e41-717e-4677-a558-58625b3dd7ca
2025-03-28 06:32:46 [rp-io-84] DEBUG com.epam.reportportal.service.Launch - ReportPortal item with ID '26f9dfa5-05b5-4758-9621-03b204615a9b' has been created
2025-03-28 06:32:46 [rp-io-84] DEBUG com.epam.reportportal.utils.SubscriptionUtils - Start test item successfully completed
2025-03-28 06:32:46 [rp-io-85] DEBUG com.epam.reportportal.utils.SubscriptionUtils - Finish test item completed
2025-03-28 06:32:46 [main] DEBUG org.springframework.test.context.support.DependencyInjectionTestExecutionListener - Performing dependency injection for test class com.sb.auto.OrangeHRMSpringBootAutomation.api.BookingAPITest
2025-03-28 06:32:46 [main] DEBUG org.springframework.test.context.cache - Spring test ApplicationContext cache statistics: [DefaultContextCache@17e725fb size = 1, maxSize = 32, parentContextCount = 0, hitCount = 57, missCount = 1, failureCount = 0]
2025-03-28 06:32:46 [main] DEBUG org.springframework.test.context.cache - Spring test ApplicationContext cache statistics: [DefaultContextCache@17e725fb size = 1, maxSize = 32, parentContextCount = 0, hitCount = 58, missCount = 1, failureCount = 0]
2025-03-28 06:32:46 [main] INFO  com.sb.auto.OrangeHRMSpringBootAutomation.framework.listener.TestMethodListener - ? After Method: springTestContextPrepareTestInstance
2025-03-28 06:32:46 [rp-io-94] DEBUG com.epam.reportportal.service.Launch - Starting test item...rp-io-94
2025-03-28 06:32:46 [main] INFO  com.sb.auto.OrangeHRMSpringBootAutomation.framework.listener.TestMethodListener - ? Before Method: setUp
API Base URL: https://reqres.in/api
2025-03-28 06:32:46 [main] INFO  com.sb.auto.OrangeHRMSpringBootAutomation.framework.listener.TestMethodListener - ? After Method: setUp
2025-03-28 06:32:46 [rp-io-92] DEBUG com.epam.reportportal.service.Launch - ReportPortal item with ID 'e9c10f9c-f83a-49af-ab1d-e01d0f4f9eed' has been created
2025-03-28 06:32:46 [rp-io-92] DEBUG com.epam.reportportal.utils.SubscriptionUtils - Start test item successfully completed
2025-03-28 06:32:46 [rp-io-8] DEBUG com.epam.reportportal.service.Launch - Starting test item...rp-io-8
2025-03-28 06:32:46 [main] INFO  com.sb.auto.OrangeHRMSpringBootAutomation.framework.listener.TestMethodListener - ? Before Method: springTestContextBeforeTestMethod
2025-03-28 06:32:46 [main] DEBUG org.springframework.test.context.support.DirtiesContextBeforeModesTestExecutionListener - Before test method: class [BookingAPITest], method [healthCheckTest], class annotated with @DirtiesContext [false] with mode [null], method annotated with @DirtiesContext [false] with mode [null]
2025-03-28 06:32:46 [main] DEBUG org.springframework.test.context.cache - Spring test ApplicationContext cache statistics: [DefaultContextCache@17e725fb size = 1, maxSize = 32, parentContextCount = 0, hitCount = 59, missCount = 1, failureCount = 0]
2025-03-28 06:32:46 [main] DEBUG org.springframework.test.context.cache - Spring test ApplicationContext cache statistics: [DefaultContextCache@17e725fb size = 1, maxSize = 32, parentContextCount = 0, hitCount = 60, missCount = 1, failureCount = 0]
2025-03-28 06:32:46 [main] DEBUG org.springframework.test.context.cache - Spring test ApplicationContext cache statistics: [DefaultContextCache@17e725fb size = 1, maxSize = 32, parentContextCount = 0, hitCount = 61, missCount = 1, failureCount = 0]
2025-03-28 06:32:46 [main] INFO  com.sb.auto.OrangeHRMSpringBootAutomation.framework.listener.TestMethodListener - ? After Method: springTestContextBeforeTestMethod
2025-03-28 06:32:46 [rp-io-2] DEBUG com.epam.reportportal.service.Launch - Starting test item...rp-io-2
2025-03-28 06:32:46 [main] INFO  com.sb.auto.OrangeHRMSpringBootAutomation.framework.listener.TestListener - ? Test Started: healthCheckTest
2025-03-28 06:32:46 [main] INFO  com.sb.auto.OrangeHRMSpringBootAutomation.framework.listener.TestMethodListener - ? Before Method: healthCheckTest
2025-03-28 06:32:46 [main] DEBUG org.springframework.test.context.cache - Spring test ApplicationContext cache statistics: [DefaultContextCache@17e725fb size = 1, maxSize = 32, parentContextCount = 0, hitCount = 62, missCount = 1, failureCount = 0]
Request method:	GET
Request URI:	https://restful-booker.herokuapp.com/ping
Proxy:			<none>
Request params:	<none>
Query params:	<none>
Form params:	<none>
Path params:	<none>
Headers:		Accept=*/*
Cookies:		<none>
Multiparts:		<none>
Body:			<none>
2025-03-28 06:32:46 [rp-io-99] DEBUG com.epam.reportportal.service.Launch - ReportPortal item with ID 'c70bed12-ee9c-47f9-b9e3-183ffe775deb' has been created
2025-03-28 06:32:46 [rp-io-99] DEBUG com.epam.reportportal.utils.SubscriptionUtils - Start test item successfully completed
2025-03-28 06:32:46 [rp-io-7] DEBUG com.epam.reportportal.service.Launch - ReportPortal item with ID '66db9009-dc96-4f83-b310-e231cea2a6fe' has been created
2025-03-28 06:32:46 [rp-io-7] DEBUG com.epam.reportportal.utils.SubscriptionUtils - Start test item successfully completed
2025-03-28 06:32:46 [rp-io-92] DEBUG com.epam.reportportal.service.Launch - Accepted finish request for test item ID = e9c10f9c-f83a-49af-ab1d-e01d0f4f9eed
2025-03-28 06:32:46 [rp-io-92] DEBUG com.epam.reportportal.utils.SubscriptionUtils - Finish test item completed
2025-03-28 06:32:46 [rp-io-94] DEBUG com.epam.reportportal.service.Launch - ReportPortal item with ID '379eac09-f815-4149-a040-10057a10b3f7' has been created
2025-03-28 06:32:46 [rp-io-94] DEBUG com.epam.reportportal.utils.SubscriptionUtils - Start test item successfully completed
2025-03-28 06:32:46 [rp-io-9] DEBUG com.epam.reportportal.service.Launch - ReportPortal item with ID '1c7334f3-e05b-4f85-8c84-c9886a96fd5a' has been created
2025-03-28 06:32:46 [rp-io-9] DEBUG com.epam.reportportal.utils.SubscriptionUtils - Start test item successfully completed
2025-03-28 06:32:47 [main] DEBUG org.apache.http.impl.conn.BasicClientConnectionManager - Get connection for route {s}->https://restful-booker.herokuapp.com:443
2025-03-28 06:32:47 [rp-io-84] DEBUG com.epam.reportportal.service.Launch - Accepted finish request for test item ID = 26f9dfa5-05b5-4758-9621-03b204615a9b
2025-03-28 06:32:47 [rp-io-84] DEBUG com.epam.reportportal.utils.SubscriptionUtils - Finish test item completed
2025-03-28 06:32:47 [rp-io-99] DEBUG com.epam.reportportal.service.Launch - Accepted finish request for test item ID = 66db9009-dc96-4f83-b310-e231cea2a6fe
2025-03-28 06:32:47 [rp-io-99] DEBUG com.epam.reportportal.utils.SubscriptionUtils - Finish test item completed
2025-03-28 06:32:47 [rp-io-22] DEBUG com.epam.reportportal.service.Launch - Accepted finish request for test item ID = 379eac09-f815-4149-a040-10057a10b3f7
2025-03-28 06:32:47 [rp-io-22] DEBUG com.epam.reportportal.utils.SubscriptionUtils - Finish test item completed
2025-03-28 06:32:47 [rp-io-19] DEBUG com.epam.reportportal.service.Launch - Accepted finish request for test item ID = c70bed12-ee9c-47f9-b9e3-183ffe775deb
2025-03-28 06:32:47 [rp-io-19] DEBUG com.epam.reportportal.utils.SubscriptionUtils - Finish test item completed
2025-03-28 06:32:47 [main] DEBUG org.apache.http.impl.conn.DefaultClientConnectionOperator - Connecting to restful-booker.herokuapp.com:443
2025-03-28 06:32:48 [main] DEBUG org.apache.http.client.protocol.RequestAddCookies - CookieSpec selected: ignoreCookies
2025-03-28 06:32:48 [main] DEBUG org.apache.http.client.protocol.RequestAuthCache - Auth cache not set in the context
2025-03-28 06:32:48 [main] DEBUG org.apache.http.client.protocol.RequestTargetAuthentication - Target auth state: UNCHALLENGED
2025-03-28 06:32:48 [main] DEBUG org.apache.http.client.protocol.RequestProxyAuthentication - Proxy auth state: UNCHALLENGED
2025-03-28 06:32:48 [main] DEBUG org.apache.http.impl.client.DefaultHttpClient - Attempt 1 to execute request
2025-03-28 06:32:48 [main] DEBUG org.apache.http.impl.conn.DefaultClientConnection - Sending request: GET /ping HTTP/1.1
2025-03-28 06:32:48 [main] DEBUG org.apache.http.wire -  >> "GET /ping HTTP/1.1[\r][\n]"
2025-03-28 06:32:48 [main] DEBUG org.apache.http.wire -  >> "Accept: */*[\r][\n]"
2025-03-28 06:32:48 [main] DEBUG org.apache.http.wire -  >> "Host: restful-booker.herokuapp.com[\r][\n]"
2025-03-28 06:32:48 [main] DEBUG org.apache.http.wire -  >> "Connection: Keep-Alive[\r][\n]"
2025-03-28 06:32:48 [main] DEBUG org.apache.http.wire -  >> "User-Agent: Apache-HttpClient/4.5.13 (Java/17.0.13)[\r][\n]"
2025-03-28 06:32:48 [main] DEBUG org.apache.http.wire -  >> "Accept-Encoding: gzip,deflate[\r][\n]"
2025-03-28 06:32:48 [main] DEBUG org.apache.http.wire -  >> "[\r][\n]"
2025-03-28 06:32:48 [main] DEBUG org.apache.http.headers - >> GET /ping HTTP/1.1
2025-03-28 06:32:48 [main] DEBUG org.apache.http.headers - >> Accept: */*
2025-03-28 06:32:48 [main] DEBUG org.apache.http.headers - >> Host: restful-booker.herokuapp.com
2025-03-28 06:32:48 [main] DEBUG org.apache.http.headers - >> Connection: Keep-Alive
2025-03-28 06:32:48 [main] DEBUG org.apache.http.headers - >> User-Agent: Apache-HttpClient/4.5.13 (Java/17.0.13)
2025-03-28 06:32:48 [main] DEBUG org.apache.http.headers - >> Accept-Encoding: gzip,deflate
2025-03-28 06:32:48 [main] DEBUG org.apache.http.wire -  << "HTTP/1.1 201 Created[\r][\n]"
2025-03-28 06:32:48 [main] DEBUG org.apache.http.wire -  << "Server: Cowboy[\r][\n]"
2025-03-28 06:32:48 [main] DEBUG org.apache.http.wire -  << "Report-To: {"group":"heroku-nel","max_age":3600,"endpoints":[{"url":"https://nel.heroku.com/reports?ts=1743157967&sid=c46efe9b-d3d2-4a0c-8c76-bfafa16c5add&s=H2TOhTRDt2zMErJR6%2BA1CODqFVatPHn9%2FGKrVKQkpsI%3D"}]}[\r][\n]"
2025-03-28 06:32:48 [main] DEBUG org.apache.http.wire -  << "Reporting-Endpoints: heroku-nel=https://nel.heroku.com/reports?ts=1743157967&sid=c46efe9b-d3d2-4a0c-8c76-bfafa16c5add&s=H2TOhTRDt2zMErJR6%2BA1CODqFVatPHn9%2FGKrVKQkpsI%3D[\r][\n]"
2025-03-28 06:32:48 [main] DEBUG org.apache.http.wire -  << "Nel: {"report_to":"heroku-nel","max_age":3600,"success_fraction":0.005,"failure_fraction":0.05,"response_headers":["Via"]}[\r][\n]"
2025-03-28 06:32:48 [main] DEBUG org.apache.http.wire -  << "Connection: keep-alive[\r][\n]"
2025-03-28 06:32:48 [main] DEBUG org.apache.http.wire -  << "X-Powered-By: Express[\r][\n]"
2025-03-28 06:32:48 [main] DEBUG org.apache.http.wire -  << "Content-Type: text/plain; charset=utf-8[\r][\n]"
2025-03-28 06:32:48 [main] DEBUG org.apache.http.wire -  << "Content-Length: 7[\r][\n]"
2025-03-28 06:32:48 [main] DEBUG org.apache.http.wire -  << "Etag: W/"7-rM9AyJuqT6iOan/xHh+AW+7K/T8"[\r][\n]"
2025-03-28 06:32:48 [main] DEBUG org.apache.http.wire -  << "Date: Fri, 28 Mar 2025 10:32:47 GMT[\r][\n]"
2025-03-28 06:32:48 [main] DEBUG org.apache.http.wire -  << "Via: 1.1 vegur[\r][\n]"
2025-03-28 06:32:48 [main] DEBUG org.apache.http.wire -  << "[\r][\n]"
2025-03-28 06:32:48 [main] DEBUG org.apache.http.impl.conn.DefaultClientConnection - Receiving response: HTTP/1.1 201 Created
2025-03-28 06:32:48 [main] DEBUG org.apache.http.headers - << HTTP/1.1 201 Created
2025-03-28 06:32:48 [main] DEBUG org.apache.http.headers - << Server: Cowboy
2025-03-28 06:32:48 [main] DEBUG org.apache.http.headers - << Report-To: {"group":"heroku-nel","max_age":3600,"endpoints":[{"url":"https://nel.heroku.com/reports?ts=1743157967&sid=c46efe9b-d3d2-4a0c-8c76-bfafa16c5add&s=H2TOhTRDt2zMErJR6%2BA1CODqFVatPHn9%2FGKrVKQkpsI%3D"}]}
2025-03-28 06:32:48 [main] DEBUG org.apache.http.headers - << Reporting-Endpoints: heroku-nel=https://nel.heroku.com/reports?ts=1743157967&sid=c46efe9b-d3d2-4a0c-8c76-bfafa16c5add&s=H2TOhTRDt2zMErJR6%2BA1CODqFVatPHn9%2FGKrVKQkpsI%3D
2025-03-28 06:32:48 [main] DEBUG org.apache.http.headers - << Nel: {"report_to":"heroku-nel","max_age":3600,"success_fraction":0.005,"failure_fraction":0.05,"response_headers":["Via"]}
2025-03-28 06:32:48 [main] DEBUG org.apache.http.headers - << Connection: keep-alive
2025-03-28 06:32:48 [main] DEBUG org.apache.http.headers - << X-Powered-By: Express
2025-03-28 06:32:48 [main] DEBUG org.apache.http.headers - << Content-Type: text/plain; charset=utf-8
2025-03-28 06:32:48 [main] DEBUG org.apache.http.headers - << Content-Length: 7
2025-03-28 06:32:48 [main] DEBUG org.apache.http.headers - << Etag: W/"7-rM9AyJuqT6iOan/xHh+AW+7K/T8"
2025-03-28 06:32:48 [main] DEBUG org.apache.http.headers - << Date: Fri, 28 Mar 2025 10:32:47 GMT
2025-03-28 06:32:48 [main] DEBUG org.apache.http.headers - << Via: 1.1 vegur
2025-03-28 06:32:48 [main] DEBUG org.apache.http.impl.client.DefaultHttpClient - Connection can be kept alive indefinitely
2025-03-28 06:32:48 [main] DEBUG io.restassured.internal.RestAssuredHttpBuilder - Parsing response as: text/plain; charset=utf-8
2025-03-28 06:32:48 [main] DEBUG io.restassured.internal.RestAssuredHttpBuilder - Parsed data to instance of: class org.apache.http.conn.EofSensorInputStream
2025-03-28 06:32:48 [main] DEBUG org.apache.http.wire -  << "Created"
2025-03-28 06:32:48 [main] DEBUG org.apache.http.impl.conn.BasicClientConnectionManager - Releasing connection org.apache.http.impl.conn.ManagedClientConnectionImpl@7b0eb7e
2025-03-28 06:32:48 [main] DEBUG org.apache.http.impl.conn.BasicClientConnectionManager - Connection can be kept alive indefinitely
HTTP/1.1 201 Created
Server: Cowboy
Report-To: {"group":"heroku-nel","max_age":3600,"endpoints":[{"url":"https://nel.heroku.com/reports?ts=1743157967&sid=c46efe9b-d3d2-4a0c-8c76-bfafa16c5add&s=H2TOhTRDt2zMErJR6%2BA1CODqFVatPHn9%2FGKrVKQkpsI%3D"}]}
Reporting-Endpoints: heroku-nel=https://nel.heroku.com/reports?ts=1743157967&sid=c46efe9b-d3d2-4a0c-8c76-bfafa16c5add&s=H2TOhTRDt2zMErJR6%2BA1CODqFVatPHn9%2FGKrVKQkpsI%3D
Nel: {"report_to":"heroku-nel","max_age":3600,"success_fraction":0.005,"failure_fraction":0.05,"response_headers":["Via"]}
Connection: keep-alive
X-Powered-By: Express
Content-Type: text/plain; charset=utf-8
Content-Length: 7
Etag: W/"7-rM9AyJuqT6iOan/xHh+AW+7K/T8"
Date: Fri, 28 Mar 2025 10:32:47 GMT
Via: 1.1 vegur

Created
2025-03-28 06:32:48 [main] INFO  com.sb.auto.OrangeHRMSpringBootAutomation.api.BookingAPITest - A simple health check endpoint to confirm whether the API is up and running. Created
2025-03-28 06:32:48 [main] DEBUG org.springframework.test.context.cache - Spring test ApplicationContext cache statistics: [DefaultContextCache@17e725fb size = 1, maxSize = 32, parentContextCount = 0, hitCount = 63, missCount = 1, failureCount = 0]
2025-03-28 06:32:48 [main] INFO  com.sb.auto.OrangeHRMSpringBootAutomation.framework.listener.TestMethodListener - ? After Method: healthCheckTest
2025-03-28 06:32:48 [main] INFO  com.sb.auto.OrangeHRMSpringBootAutomation.framework.listener.TestListener - ? Test Passed: healthCheckTest
]]></system-out>
  </testcase>
  <testcase name="getBookingIDsTest" classname="com.sb.auto.OrangeHRMSpringBootAutomation.api.BookingAPITest" time="1.57">
    <system-out><![CDATA[2025-03-28 06:32:48 [main] INFO  com.sb.auto.OrangeHRMSpringBootAutomation.framework.listener.TestMethodListener - ? Before Method: springTestContextAfterTestMethod
2025-03-28 06:32:48 [rp-io-45] DEBUG com.epam.reportportal.service.Launch - Starting test item...rp-io-45
2025-03-28 06:32:48 [main] DEBUG org.springframework.test.context.cache - Spring test ApplicationContext cache statistics: [DefaultContextCache@17e725fb size = 1, maxSize = 32, parentContextCount = 0, hitCount = 64, missCount = 1, failureCount = 0]
2025-03-28 06:32:48 [main] DEBUG org.springframework.test.context.cache - Spring test ApplicationContext cache statistics: [DefaultContextCache@17e725fb size = 1, maxSize = 32, parentContextCount = 0, hitCount = 65, missCount = 1, failureCount = 0]
2025-03-28 06:32:48 [main] DEBUG org.springframework.test.context.cache - Spring test ApplicationContext cache statistics: [DefaultContextCache@17e725fb size = 1, maxSize = 32, parentContextCount = 0, hitCount = 66, missCount = 1, failureCount = 0]
2025-03-28 06:32:48 [main] DEBUG org.springframework.test.context.cache - Spring test ApplicationContext cache statistics: [DefaultContextCache@17e725fb size = 1, maxSize = 32, parentContextCount = 0, hitCount = 67, missCount = 1, failureCount = 0]
2025-03-28 06:32:48 [main] DEBUG org.springframework.test.context.cache - Spring test ApplicationContext cache statistics: [DefaultContextCache@17e725fb size = 1, maxSize = 32, parentContextCount = 0, hitCount = 68, missCount = 1, failureCount = 0]
2025-03-28 06:32:48 [main] DEBUG org.springframework.test.context.cache - Spring test ApplicationContext cache statistics: [DefaultContextCache@17e725fb size = 1, maxSize = 32, parentContextCount = 0, hitCount = 69, missCount = 1, failureCount = 0]
2025-03-28 06:32:48 [main] DEBUG org.springframework.test.context.support.DirtiesContextTestExecutionListener - After test method: class [BookingAPITest], method [healthCheckTest], class annotated with @DirtiesContext [false] with mode [null], method annotated with @DirtiesContext [false] with mode [null]
2025-03-28 06:32:48 [main] DEBUG org.springframework.test.context.web.ServletTestExecutionListener - Resetting RequestContextHolder for test class com.sb.auto.OrangeHRMSpringBootAutomation.api.BookingAPITest
2025-03-28 06:32:48 [main] INFO  com.sb.auto.OrangeHRMSpringBootAutomation.framework.listener.TestMethodListener - ? After Method: springTestContextAfterTestMethod
2025-03-28 06:32:48 [rp-io-41] DEBUG com.epam.reportportal.service.Launch - Starting test item...rp-io-41
2025-03-28 06:32:48 [main] INFO  com.sb.auto.OrangeHRMSpringBootAutomation.framework.listener.TestMethodListener - ? Before Method: springTestContextBeforeTestMethod
2025-03-28 06:32:48 [main] DEBUG org.springframework.test.context.cache - Spring test ApplicationContext cache statistics: [DefaultContextCache@17e725fb size = 1, maxSize = 32, parentContextCount = 0, hitCount = 70, missCount = 1, failureCount = 0]
2025-03-28 06:32:48 [main] DEBUG org.springframework.test.context.web.ServletTestExecutionListener - Setting up MockHttpServletRequest, MockHttpServletResponse, ServletWebRequest, and RequestContextHolder for test class com.sb.auto.OrangeHRMSpringBootAutomation.api.BookingAPITest
2025-03-28 06:32:48 [main] DEBUG org.springframework.test.context.support.DirtiesContextBeforeModesTestExecutionListener - Before test method: class [BookingAPITest], method [getBookingIDsTest], class annotated with @DirtiesContext [false] with mode [null], method annotated with @DirtiesContext [false] with mode [null]
2025-03-28 06:32:48 [main] DEBUG org.springframework.test.context.support.DependencyInjectionTestExecutionListener - Reinjecting dependencies for test class com.sb.auto.OrangeHRMSpringBootAutomation.api.BookingAPITest
2025-03-28 06:32:48 [main] DEBUG org.springframework.test.context.cache - Spring test ApplicationContext cache statistics: [DefaultContextCache@17e725fb size = 1, maxSize = 32, parentContextCount = 0, hitCount = 71, missCount = 1, failureCount = 0]
2025-03-28 06:32:48 [main] DEBUG org.springframework.test.context.cache - Spring test ApplicationContext cache statistics: [DefaultContextCache@17e725fb size = 1, maxSize = 32, parentContextCount = 0, hitCount = 72, missCount = 1, failureCount = 0]
2025-03-28 06:32:48 [main] DEBUG org.springframework.test.context.cache - Spring test ApplicationContext cache statistics: [DefaultContextCache@17e725fb size = 1, maxSize = 32, parentContextCount = 0, hitCount = 73, missCount = 1, failureCount = 0]
2025-03-28 06:32:48 [main] DEBUG org.springframework.test.context.cache - Spring test ApplicationContext cache statistics: [DefaultContextCache@17e725fb size = 1, maxSize = 32, parentContextCount = 0, hitCount = 74, missCount = 1, failureCount = 0]
2025-03-28 06:32:48 [main] INFO  com.sb.auto.OrangeHRMSpringBootAutomation.framework.listener.TestMethodListener - ? After Method: springTestContextBeforeTestMethod
2025-03-28 06:32:48 [rp-io-54] DEBUG com.epam.reportportal.service.Launch - Accepted finish request for test item ID = 1c7334f3-e05b-4f85-8c84-c9886a96fd5a
2025-03-28 06:32:48 [rp-io-54] DEBUG com.epam.reportportal.utils.SubscriptionUtils - Finish test item completed
2025-03-28 06:32:48 [main] INFO  com.sb.auto.OrangeHRMSpringBootAutomation.framework.listener.TestListener - ? Test Started: getBookingIDsTest
2025-03-28 06:32:48 [rp-io-57] DEBUG com.epam.reportportal.service.Launch - Starting test item...rp-io-57
2025-03-28 06:32:48 [main] INFO  com.sb.auto.OrangeHRMSpringBootAutomation.framework.listener.TestMethodListener - ? Before Method: getBookingIDsTest
2025-03-28 06:32:48 [main] DEBUG org.springframework.test.context.cache - Spring test ApplicationContext cache statistics: [DefaultContextCache@17e725fb size = 1, maxSize = 32, parentContextCount = 0, hitCount = 75, missCount = 1, failureCount = 0]
2025-03-28 06:32:48 [rp-io-45] DEBUG com.epam.reportportal.service.Launch - ReportPortal item with ID '08e6327e-5c29-4184-8733-c5a334802efd' has been created
2025-03-28 06:32:48 [rp-io-45] DEBUG com.epam.reportportal.utils.SubscriptionUtils - Start test item successfully completed
Request method:	GET
Request URI:	https://restful-booker.herokuapp.com/booking
Proxy:			<none>
Request params:	<none>
Query params:	<none>
Form params:	<none>
Path params:	<none>
Headers:		Accept=*/*
Cookies:		<none>
Multiparts:		<none>
Body:			<none>
2025-03-28 06:32:48 [rp-io-41] DEBUG com.epam.reportportal.service.Launch - ReportPortal item with ID '15774569-a75a-45e1-b79d-681c266a9e1a' has been created
2025-03-28 06:32:48 [rp-io-41] DEBUG com.epam.reportportal.utils.SubscriptionUtils - Start test item successfully completed
2025-03-28 06:32:48 [main] DEBUG org.apache.http.impl.conn.BasicClientConnectionManager - Get connection for route {s}->https://restful-booker.herokuapp.com:443
2025-03-28 06:32:48 [main] DEBUG org.apache.http.impl.conn.DefaultClientConnectionOperator - Connecting to restful-booker.herokuapp.com:443
2025-03-28 06:32:48 [rp-io-57] DEBUG com.epam.reportportal.service.Launch - ReportPortal item with ID '7232c558-8090-4ac9-9677-110be6e5f16b' has been created
2025-03-28 06:32:48 [rp-io-57] DEBUG com.epam.reportportal.utils.SubscriptionUtils - Start test item successfully completed
2025-03-28 06:32:48 [rp-io-41] DEBUG com.epam.reportportal.service.Launch - Accepted finish request for test item ID = 15774569-a75a-45e1-b79d-681c266a9e1a
2025-03-28 06:32:48 [rp-io-41] DEBUG com.epam.reportportal.utils.SubscriptionUtils - Finish test item completed
2025-03-28 06:32:48 [rp-io-45] DEBUG com.epam.reportportal.service.Launch - Accepted finish request for test item ID = 08e6327e-5c29-4184-8733-c5a334802efd
2025-03-28 06:32:48 [rp-io-45] DEBUG com.epam.reportportal.utils.SubscriptionUtils - Finish test item completed
2025-03-28 06:32:49 [main] DEBUG org.apache.http.client.protocol.RequestAddCookies - CookieSpec selected: ignoreCookies
2025-03-28 06:32:49 [main] DEBUG org.apache.http.client.protocol.RequestAuthCache - Auth cache not set in the context
2025-03-28 06:32:49 [main] DEBUG org.apache.http.client.protocol.RequestTargetAuthentication - Target auth state: UNCHALLENGED
2025-03-28 06:32:49 [main] DEBUG org.apache.http.client.protocol.RequestProxyAuthentication - Proxy auth state: UNCHALLENGED
2025-03-28 06:32:49 [main] DEBUG org.apache.http.impl.client.DefaultHttpClient - Attempt 1 to execute request
2025-03-28 06:32:49 [main] DEBUG org.apache.http.impl.conn.DefaultClientConnection - Sending request: GET /booking HTTP/1.1
2025-03-28 06:32:49 [main] DEBUG org.apache.http.wire -  >> "GET /booking HTTP/1.1[\r][\n]"
2025-03-28 06:32:49 [main] DEBUG org.apache.http.wire -  >> "Accept: */*[\r][\n]"
2025-03-28 06:32:49 [main] DEBUG org.apache.http.wire -  >> "Host: restful-booker.herokuapp.com[\r][\n]"
2025-03-28 06:32:49 [main] DEBUG org.apache.http.wire -  >> "Connection: Keep-Alive[\r][\n]"
2025-03-28 06:32:49 [main] DEBUG org.apache.http.wire -  >> "User-Agent: Apache-HttpClient/4.5.13 (Java/17.0.13)[\r][\n]"
2025-03-28 06:32:49 [main] DEBUG org.apache.http.wire -  >> "Accept-Encoding: gzip,deflate[\r][\n]"
2025-03-28 06:32:49 [main] DEBUG org.apache.http.wire -  >> "[\r][\n]"
2025-03-28 06:32:49 [main] DEBUG org.apache.http.headers - >> GET /booking HTTP/1.1
2025-03-28 06:32:49 [main] DEBUG org.apache.http.headers - >> Accept: */*
2025-03-28 06:32:49 [main] DEBUG org.apache.http.headers - >> Host: restful-booker.herokuapp.com
2025-03-28 06:32:49 [main] DEBUG org.apache.http.headers - >> Connection: Keep-Alive
2025-03-28 06:32:49 [main] DEBUG org.apache.http.headers - >> User-Agent: Apache-HttpClient/4.5.13 (Java/17.0.13)
2025-03-28 06:32:49 [main] DEBUG org.apache.http.headers - >> Accept-Encoding: gzip,deflate
2025-03-28 06:32:49 [main] DEBUG org.apache.http.wire -  << "HTTP/1.1 200 OK[\r][\n]"
2025-03-28 06:32:49 [main] DEBUG org.apache.http.wire -  << "Server: Cowboy[\r][\n]"
2025-03-28 06:32:49 [main] DEBUG org.apache.http.wire -  << "Report-To: {"group":"heroku-nel","max_age":3600,"endpoints":[{"url":"https://nel.heroku.com/reports?ts=1743157969&sid=c46efe9b-d3d2-4a0c-8c76-bfafa16c5add&s=xpz%2FpaPFW8yxtYWWKBSX1vW7uqirqJNxaEuT1%2BrwhYs%3D"}]}[\r][\n]"
2025-03-28 06:32:49 [main] DEBUG org.apache.http.wire -  << "Reporting-Endpoints: heroku-nel=https://nel.heroku.com/reports?ts=1743157969&sid=c46efe9b-d3d2-4a0c-8c76-bfafa16c5add&s=xpz%2FpaPFW8yxtYWWKBSX1vW7uqirqJNxaEuT1%2BrwhYs%3D[\r][\n]"
2025-03-28 06:32:49 [main] DEBUG org.apache.http.wire -  << "Nel: {"report_to":"heroku-nel","max_age":3600,"success_fraction":0.005,"failure_fraction":0.05,"response_headers":["Via"]}[\r][\n]"
2025-03-28 06:32:49 [main] DEBUG org.apache.http.wire -  << "Connection: keep-alive[\r][\n]"
2025-03-28 06:32:49 [main] DEBUG org.apache.http.wire -  << "X-Powered-By: Express[\r][\n]"
2025-03-28 06:32:49 [main] DEBUG org.apache.http.wire -  << "Content-Type: application/json; charset=utf-8[\r][\n]"
2025-03-28 06:32:49 [main] DEBUG org.apache.http.wire -  << "Content-Length: 10720[\r][\n]"
2025-03-28 06:32:49 [main] DEBUG org.apache.http.wire -  << "Etag: W/"29e0-y3slZ6hZSVgRt73ZclSa4FZpBlI"[\r][\n]"
2025-03-28 06:32:49 [main] DEBUG org.apache.http.wire -  << "Date: Fri, 28 Mar 2025 10:32:49 GMT[\r][\n]"
2025-03-28 06:32:49 [main] DEBUG org.apache.http.wire -  << "Via: 1.1 vegur[\r][\n]"
2025-03-28 06:32:49 [main] DEBUG org.apache.http.wire -  << "[\r][\n]"
2025-03-28 06:32:49 [main] DEBUG org.apache.http.impl.conn.DefaultClientConnection - Receiving response: HTTP/1.1 200 OK
2025-03-28 06:32:49 [main] DEBUG org.apache.http.headers - << HTTP/1.1 200 OK
2025-03-28 06:32:49 [main] DEBUG org.apache.http.headers - << Server: Cowboy
2025-03-28 06:32:49 [main] DEBUG org.apache.http.headers - << Report-To: {"group":"heroku-nel","max_age":3600,"endpoints":[{"url":"https://nel.heroku.com/reports?ts=1743157969&sid=c46efe9b-d3d2-4a0c-8c76-bfafa16c5add&s=xpz%2FpaPFW8yxtYWWKBSX1vW7uqirqJNxaEuT1%2BrwhYs%3D"}]}
2025-03-28 06:32:49 [main] DEBUG org.apache.http.headers - << Reporting-Endpoints: heroku-nel=https://nel.heroku.com/reports?ts=1743157969&sid=c46efe9b-d3d2-4a0c-8c76-bfafa16c5add&s=xpz%2FpaPFW8yxtYWWKBSX1vW7uqirqJNxaEuT1%2BrwhYs%3D
2025-03-28 06:32:49 [main] DEBUG org.apache.http.headers - << Nel: {"report_to":"heroku-nel","max_age":3600,"success_fraction":0.005,"failure_fraction":0.05,"response_headers":["Via"]}
2025-03-28 06:32:49 [main] DEBUG org.apache.http.headers - << Connection: keep-alive
2025-03-28 06:32:49 [main] DEBUG org.apache.http.headers - << X-Powered-By: Express
2025-03-28 06:32:49 [main] DEBUG org.apache.http.headers - << Content-Type: application/json; charset=utf-8
2025-03-28 06:32:49 [main] DEBUG org.apache.http.headers - << Content-Length: 10720
2025-03-28 06:32:49 [main] DEBUG org.apache.http.headers - << Etag: W/"29e0-y3slZ6hZSVgRt73ZclSa4FZpBlI"
2025-03-28 06:32:49 [main] DEBUG org.apache.http.headers - << Date: Fri, 28 Mar 2025 10:32:49 GMT
2025-03-28 06:32:49 [main] DEBUG org.apache.http.headers - << Via: 1.1 vegur
2025-03-28 06:32:49 [main] DEBUG org.apache.http.impl.client.DefaultHttpClient - Connection can be kept alive indefinitely
2025-03-28 06:32:49 [main] DEBUG io.restassured.internal.RestAssuredHttpBuilder - Parsing response as: application/json; charset=utf-8
2025-03-28 06:32:49 [main] DEBUG io.restassured.internal.RestAssuredHttpBuilder - Parsed data to instance of: class org.apache.http.conn.EofSensorInputStream
2025-03-28 06:32:49 [main] DEBUG org.apache.http.wire -  << "[{"bookingid":758},{"bookingid":649},{"bookingid":182},{"bookingid":466},{"bookingid":275},{"bookingid":570},{"bookingid":547},{"bookingid":767},{"bookingid":698},{"bookingid":559},{"bookingid":380},{"bookingid":836},{"bookingid":342},{"bookingid":254},{"bookingid":160},{"bookingid":284},{"bookingid":233},{"bookingid":12},{"bookingid":199},{"bookingid":585},{"bookingid":794},{"bookingid":377},{"bookingid":130},{"bookingid":756},{"bookingid":606},{"bookingid":634},{"bookingid":442},{"bookingid":25},{"bookingid":554},{"bookingid":776},{"bookingid":609},{"bookingid":743},{"bookingid":171},{"bookingid":681},{"bookingid":750},{"bookingid":54},{"bookingid":712},{"bookingid":309},{"bookingid":128},{"bookingid":508},{"bookingid":22},{"bookingid":430},{"bookingid":208},{"bookingid":101},{"bookingid":312},{"bookingid":138},{"bookingid":735},{"bookingid":107},{"bookingid":166},{"bookingid":715},{"bookingid":806},{"bookingid":121},{"bookingid":6},{"bookingid":591},{"bookingid":251},{"bookingid":455},{"bookingid":607},{"bookingid":433},{"bookingid":96},{"bookingid":63},{"bookingid":238},{"bookingid":667},{"bookingid":391},{"bookingid":722},{"bookingid":111},{"bookingid":410},{"bookingid":636},{"bookingid":827},{"bookingid":573},{"bookingid":88},{"bookingid":326},{"bookingid":126},{"bookingid":738},{"bookingid":637},{"bookingid":37},{"bookingid":639},{"bookingid":123},{"bookingid":360},{"bookingid":579},{"bookingid":224},{"bookingid":561},{"bookingid":697},{"bookingid":131},{"bookingid":308},{"bookingid":353},{"bookingid":666},{"bookingid":460},{"bookingid":359},{"bookingid":560},{"bookingid":26},{"bookingid":799},{"bookingid":444},{"bookingid":276},{"bookingid":356},{"bookingid":567},{"bookingid":525},{"bookingid":72},{"bookingid":36},{"bookingid":168},{"bookingid":213},{"bookingid":223},{"bookingid":642},{"bookingid":76},{"bookingid":350},{"bookingid":601},{"bookingid":818},{"bookingid":780},{"bookingid":302},{"bookingid":529},{"bookingid":613},{"bookingid":379},{"bookingid":272},{"bookingid":125},{"bookingid":528},{"bookingid":802},{"bookingid":546},{"bookingid":45},{"bookingid":779},{"bookingid":89},{"bookingid":222},{"bookingid":86},{"bookingid":669},{"bookingid":514},{"bookingid":761},{"bookingid":593},{"bookingid":5},{"bookingid":772},{"bookingid":477},{"bookingid":598},{"bookingid":640},{"bookingid":592},{"bookingid":499},{"bookingid":688},{"bookingid":838},{"bookingid":522},{"bookingid":120},{"bookingid":317},{"bookingid":374},{"bookingid":242},{"bookingid":78},{"bookingid":648},{"bookingid":526},{"bookingid":785},{"bookingid":465},{"bookingid":311},{"bookingid":706},{"bookingid":30},{"bookingid":323},{"bookingid":304},{"bookingid":773},{"bookingid":751},{"bookingid":59},{"bookingid":553},{"bookingid":68},{"bookingid":485},{"bookingid":372},{"bookingid":777},{"bookingid":587},{"bookingid":693},{"bookingid":517},{"bookingid":511},{"bookingid":625},{"bookingid":608},{"bookingid":127},{"bookingid":28},{"bookingid":491},{"bookingid":492},{"bookingid":565},{"bookingid":497},{"bookingid":143},{"bookingid":822},{"bookingid":99},{"bookingid":494},{"bookingid":652},{"bookingid":740},{"bookingid":231},{"bookingid":805},{"bookingid":450},{"bookingid":784},{"bookingid":440},{"bookingid":9},{"bookingid":215},{"bookingid":10},{"bookingid":314},{"bookingid":664},{"bookingid":521},{"bookingid":250},{"bookingid":183},{"bookingid":136},{"bookingid":170},{"bookingid":98},{"bookingid":330},{"bookingid":163},{"bookingid":180},{"bookingid":237},{"bookingid":258},{"bookingid":434},{"bookingid":790},{"bookingid":347},{"bookingid":141},{"bookingid":424},{"bookingid":335},{"bookingid":405},{"bookingid":626},{"bookingid":16},{"bookingid":404},{"bookingid":82},{"bookingid":398},{"bookingid":299},{"bookingid":235},{"bookingid":422},{"bookingid":225},{"bookingid":778},{"bookingid":583},{"bookingid":333},{"bookingid":56},{"bookingid":683},{"bookingid":447},{"bookingid":675},{"bookingid":50},{"bookingid":495},{"bookingid":85},{"bookingid":801},{"bookingid":687},{"bookingid":66},{"bookingid":285},{"bookingid":484},{"bookingid":173},{"bookingid":135},{"bookingid":834},{"bookingid":57},{"bookingid":831},{"bookingid":412},{"bookingid":4},{"bookingid":814},{"bookingid":586},{"bookingid":691},{"bookingid":103},{"bookingid":654},{"bookingid":828},{"bookingid":702},{"bookingid":240},{"bookingid":48},{"bookingid":432},{"bookingid":744},{"bookingid":230},{"bookingid":624},{"bookingid":23},{"bookingid":47},{"bookingid":542},{"bookingid":734},{"bookingid":246},{"bookingid":277},{"bookingid":672},{"bookingid":40},{"bookingid":46},{"bookingid":385},{"bookingid":176},{"bookingid":265},{"bookingid":260},{"bookingid":124},{"bookingid":287},{"bookingid":807},{"bookingid":603},{"bookingid":478},{"bookingid":445},{"bookingid":427},{"bookingid":43},{"bookingid":506},{"bookingid":204},{"bookingid":749},{"bookingid":496},{"bookingid":325},{"bookingid":420},{"bookingid":399},{"bookingid":527},{"bookingid":243},{"bookingid":264},{"bookingid":133},{"bookingid":576},{"bookingid":20},{"bookingid":597},{"bookingid":203},{"bookingid":185},{"bookingid":668},{"bookingid":786},{"bookingid":488},{"bookingid":268},{"bookingid":764},{"bookingid":566},{"bookingid":582},{"bookingid":318},{"bookingid":191},{"bookingid":67},{"bookingid":820},{"bookingid":830},{"bookingid":502},{"bookingid":663},{"bookingid":214},{"bookingid":456},{"bookingid":220},{"bookingid":33},{"bookingid":628},{"bookingid":267},{"bookingid":142},{"bookingid":406},{"bookingid":826},{"bookingid":51},{"bookingid":394},{"bookingid":280},{"bookingid":800},{"bookingid":600},{"bookingid":122},{"bookingid":709},{"bookingid":39},{"bookingid":574},{"bookingid":770},{"bookingid":813},{"bookingid":313},{"bookingid":147},{"bookingid":657},{"bookingid":290},{"bookingid":365},{"bookingid":429},{"bookingid":117},{"bookingid":519},{"bookingid":343},{"bookingid":540},{"bookingid":207},{"bookingid":548},{"bookingid":796},{"bookingid":416},{"bookingid":116},{"bookingid":690},{"bookingid":279},{"bookingid":115},{"bookingid":604},{"bookingid":443},{"bookingid":261},{"bookingid":530},{"bookingid":227},{"bookingid":684},{"bookingid":332},{"bookingid":83},{"bookingid":505},{"bookingid":219},{"bookingid":351},{"bookingid":481},{"bookingid":296},{"bookingid":552},{"bookingid":18},{"bookingid":812},{"bookingid":209},{"bookingid":49},{"bookingid":97},{"bookingid":3},{"bookingid":396},{"bookingid":270},{"bookingid":644},{"bookingid":362},{"bookingid":354},{"bookingid":167},{"bookingid":355},{"bookingid":216},{"bookingid":793},{"bookingid":472},{"bookingid":263},{"bookingid":670},{"bookingid":65},{"bookingid":2},{"bookingid":19},{"bookingid":348},{"bookingid":331},{"bookingid":662},{"bookingid":787},{"bookingid":367},{"bookingid":105},{"bookingid":14},{"bookingid":7},{"bookingid":705},{"bookingid":21},{"bookingid":35},{"bookingid":643},{"bookingid":366},{"bookingid":192},{"bookingid":69},{"bookingid":321},{"bookingid":102},{"bookingid":197},{"bookingid":462},{"bookingid":731},{"bookingid":513},{"bookingid":79},{"bookingid":247},{"bookingid":297},{"bookingid":737},{"bookingid":58},{"bookingid":476},{"bookingid":257},{"bookingid":144},{"bookingid":91},{"bookingid":283},{"bookingid":618},{"bookingid":769},{"bookingid":338},{"bookingid":139},{"bookingid":229},{"bookingid":656},{"bookingid":483},{"bookingid":808},{"bookingid":762},{"bookingid":742},{"bookingid":621},{"bookingid":337},{"bookingid":541},{"bookingid":556},{"bookingid":"
2025-03-28 06:32:49 [main] DEBUG org.apache.http.wire -  << "775},{"bookingid":716},{"bookingid":490},{"bookingid":390},{"bookingid":572},{"bookingid":155},{"bookingid":558},{"bookingid":534},{"bookingid":177},{"bookingid":536},{"bookingid":53},{"bookingid":114},{"bookingid":550},{"bookingid":202},{"bookingid":194},{"bookingid":292},{"bookingid":757},{"bookingid":27},{"bookingid":467},{"bookingid":71},{"bookingid":64},{"bookingid":753},{"bookingid":589},{"bookingid":686},{"bookingid":61},{"bookingid":373},{"bookingid":100},{"bookingid":468},{"bookingid":748},{"bookingid":435},{"bookingid":303},{"bookingid":417},{"bookingid":113},{"bookingid":364},{"bookingid":676},{"bookingid":81},{"bookingid":151},{"bookingid":1},{"bookingid":632},{"bookingid":564},{"bookingid":8},{"bookingid":832},{"bookingid":659},{"bookingid":544},{"bookingid":474},{"bookingid":137},{"bookingid":245},{"bookingid":363},{"bookingid":475},{"bookingid":732},{"bookingid":187},{"bookingid":11},{"bookingid":677},{"bookingid":244},{"bookingid":60},{"bookingid":755},{"bookingid":17},{"bookingid":660},{"bookingid":62},{"bookingid":723},{"bookingid":646},{"bookingid":403},{"bookingid":402},{"bookingid":580},{"bookingid":584},{"bookingid":148},{"bookingid":612},{"bookingid":594},{"bookingid":13},{"bookingid":80},{"bookingid":631},{"bookingid":835},{"bookingid":503},{"bookingid":518},{"bookingid":692},{"bookingid":118},{"bookingid":454},{"bookingid":387},{"bookingid":397},{"bookingid":500},{"bookingid":29},{"bookingid":154},{"bookingid":439},{"bookingid":727},{"bookingid":31},{"bookingid":426},{"bookingid":795},{"bookingid":70},{"bookingid":711},{"bookingid":42},{"bookingid":421},{"bookingid":788},{"bookingid":252},{"bookingid":108},{"bookingid":32},{"bookingid":210},{"bookingid":73},{"bookingid":538},{"bookingid":409},{"bookingid":38},{"bookingid":90},{"bookingid":811},{"bookingid":754},{"bookingid":821},{"bookingid":438},{"bookingid":728},{"bookingid":271},{"bookingid":189},{"bookingid":324},{"bookingid":487},{"bookingid":184},{"bookingid":415},{"bookingid":345},{"bookingid":616},{"bookingid":381},{"bookingid":282},{"bookingid":327},{"bookingid":388},{"bookingid":766},{"bookingid":179},{"bookingid":109},{"bookingid":149},{"bookingid":448},{"bookingid":620},{"bookingid":647},{"bookingid":110},{"bookingid":724},{"bookingid":696},{"bookingid":459},{"bookingid":730},{"bookingid":414},{"bookingid":152},{"bookingid":249},{"bookingid":721},{"bookingid":293},{"bookingid":817},{"bookingid":201},{"bookingid":341},{"bookingid":336},{"bookingid":196},{"bookingid":699},{"bookingid":74},{"bookingid":92},{"bookingid":392},{"bookingid":316},{"bookingid":104},{"bookingid":701},{"bookingid":717},{"bookingid":516},{"bookingid":746},{"bookingid":161},{"bookingid":75},{"bookingid":630},{"bookingid":87},{"bookingid":232},{"bookingid":471},{"bookingid":153},{"bookingid":370},{"bookingid":411},{"bookingid":653},{"bookingid":384},{"bookingid":41},{"bookingid":175},{"bookingid":704},{"bookingid":305},{"bookingid":535},{"bookingid":95},{"bookingid":453},{"bookingid":188},{"bookingid":680},{"bookingid":15},{"bookingid":298},{"bookingid":378},{"bookingid":510},{"bookingid":291},{"bookingid":823},{"bookingid":617},{"bookingid":156},{"bookingid":461},{"bookingid":571},{"bookingid":710},{"bookingid":162},{"bookingid":615},{"bookingid":718},{"bookingid":146}]"
2025-03-28 06:32:49 [main] DEBUG org.apache.http.impl.conn.BasicClientConnectionManager - Releasing connection org.apache.http.impl.conn.ManagedClientConnectionImpl@4485ca30
2025-03-28 06:32:49 [main] DEBUG org.apache.http.impl.conn.BasicClientConnectionManager - Connection can be kept alive indefinitely
HTTP/1.1 200 OK
Server: Cowboy
Report-To: {"group":"heroku-nel","max_age":3600,"endpoints":[{"url":"https://nel.heroku.com/reports?ts=1743157969&sid=c46efe9b-d3d2-4a0c-8c76-bfafa16c5add&s=xpz%2FpaPFW8yxtYWWKBSX1vW7uqirqJNxaEuT1%2BrwhYs%3D"}]}
Reporting-Endpoints: heroku-nel=https://nel.heroku.com/reports?ts=1743157969&sid=c46efe9b-d3d2-4a0c-8c76-bfafa16c5add&s=xpz%2FpaPFW8yxtYWWKBSX1vW7uqirqJNxaEuT1%2BrwhYs%3D
Nel: {"report_to":"heroku-nel","max_age":3600,"success_fraction":0.005,"failure_fraction":0.05,"response_headers":["Via"]}
Connection: keep-alive
X-Powered-By: Express
Content-Type: application/json; charset=utf-8
Content-Length: 10720
Etag: W/"29e0-y3slZ6hZSVgRt73ZclSa4FZpBlI"
Date: Fri, 28 Mar 2025 10:32:49 GMT
Via: 1.1 vegur

[
    {
        "bookingid": 758
    },
    {
        "bookingid": 649
    },
    {
        "bookingid": 182
    },
    {
        "bookingid": 466
    },
    {
        "bookingid": 275
    },
    {
        "bookingid": 570
    },
    {
        "bookingid": 547
    },
    {
        "bookingid": 767
    },
    {
        "bookingid": 698
    },
    {
        "bookingid": 559
    },
    {
        "bookingid": 380
    },
    {
        "bookingid": 836
    },
    {
        "bookingid": 342
    },
    {
        "bookingid": 254
    },
    {
        "bookingid": 160
    },
    {
        "bookingid": 284
    },
    {
        "bookingid": 233
    },
    {
        "bookingid": 12
    },
    {
        "bookingid": 199
    },
    {
        "bookingid": 585
    },
    {
        "bookingid": 794
    },
    {
        "bookingid": 377
    },
    {
        "bookingid": 130
    },
    {
        "bookingid": 756
    },
    {
        "bookingid": 606
    },
    {
        "bookingid": 634
    },
    {
        "bookingid": 442
    },
    {
        "bookingid": 25
    },
    {
        "bookingid": 554
    },
    {
        "bookingid": 776
    },
    {
        "bookingid": 609
    },
    {
        "bookingid": 743
    },
    {
        "bookingid": 171
    },
    {
        "bookingid": 681
    },
    {
        "bookingid": 750
    },
    {
        "bookingid": 54
    },
    {
        "bookingid": 712
    },
    {
        "bookingid": 309
    },
    {
        "bookingid": 128
    },
    {
        "bookingid": 508
    },
    {
        "bookingid": 22
    },
    {
        "bookingid": 430
    },
    {
        "bookingid": 208
    },
    {
        "bookingid": 101
    },
    {
        "bookingid": 312
    },
    {
        "bookingid": 138
    },
    {
        "bookingid": 735
    },
    {
        "bookingid": 107
    },
    {
        "bookingid": 166
    },
    {
        "bookingid": 715
    },
    {
        "bookingid": 806
    },
    {
        "bookingid": 121
    },
    {
        "bookingid": 6
    },
    {
        "bookingid": 591
    },
    {
        "bookingid": 251
    },
    {
        "bookingid": 455
    },
    {
        "bookingid": 607
    },
    {
        "bookingid": 433
    },
    {
        "bookingid": 96
    },
    {
        "bookingid": 63
    },
    {
        "bookingid": 238
    },
    {
        "bookingid": 667
    },
    {
        "bookingid": 391
    },
    {
        "bookingid": 722
    },
    {
        "bookingid": 111
    },
    {
        "bookingid": 410
    },
    {
        "bookingid": 636
    },
    {
        "bookingid": 827
    },
    {
        "bookingid": 573
    },
    {
        "bookingid": 88
    },
    {
        "bookingid": 326
    },
    {
        "bookingid": 126
    },
    {
        "bookingid": 738
    },
    {
        "bookingid": 637
    },
    {
        "bookingid": 37
    },
    {
        "bookingid": 639
    },
    {
        "bookingid": 123
    },
    {
        "bookingid": 360
    },
    {
        "bookingid": 579
    },
    {
        "bookingid": 224
    },
    {
        "bookingid": 561
    },
    {
        "bookingid": 697
    },
    {
        "bookingid": 131
    },
    {
        "bookingid": 308
    },
    {
        "bookingid": 353
    },
    {
        "bookingid": 666
    },
    {
        "bookingid": 460
    },
    {
        "bookingid": 359
    },
    {
        "bookingid": 560
    },
    {
        "bookingid": 26
    },
    {
        "bookingid": 799
    },
    {
        "bookingid": 444
    },
    {
        "bookingid": 276
    },
    {
        "bookingid": 356
    },
    {
        "bookingid": 567
    },
    {
        "bookingid": 525
    },
    {
        "bookingid": 72
    },
    {
        "bookingid": 36
    },
    {
        "bookingid": 168
    },
    {
        "bookingid": 213
    },
    {
        "bookingid": 223
    },
    {
        "bookingid": 642
    },
    {
        "bookingid": 76
    },
    {
        "bookingid": 350
    },
    {
        "bookingid": 601
    },
    {
        "bookingid": 818
    },
    {
        "bookingid": 780
    },
    {
        "bookingid": 302
    },
    {
        "bookingid": 529
    },
    {
        "bookingid": 613
    },
    {
        "bookingid": 379
    },
    {
        "bookingid": 272
    },
    {
        "bookingid": 125
    },
    {
        "bookingid": 528
    },
    {
        "bookingid": 802
    },
    {
        "bookingid": 546
    },
    {
        "bookingid": 45
    },
    {
        "bookingid": 779
    },
    {
        "bookingid": 89
    },
    {
        "bookingid": 222
    },
    {
        "bookingid": 86
    },
    {
        "bookingid": 669
    },
    {
        "bookingid": 514
    },
    {
        "bookingid": 761
    },
    {
        "bookingid": 593
    },
    {
        "bookingid": 5
    },
    {
        "bookingid": 772
    },
    {
        "bookingid": 477
    },
    {
        "bookingid": 598
    },
    {
        "bookingid": 640
    },
    {
        "bookingid": 592
    },
    {
        "bookingid": 499
    },
    {
        "bookingid": 688
    },
    {
        "bookingid": 838
    },
    {
        "bookingid": 522
    },
    {
        "bookingid": 120
    },
    {
        "bookingid": 317
    },
    {
        "bookingid": 374
    },
    {
        "bookingid": 242
    },
    {
        "bookingid": 78
    },
    {
        "bookingid": 648
    },
    {
        "bookingid": 526
    },
    {
        "bookingid": 785
    },
    {
        "bookingid": 465
    },
    {
        "bookingid": 311
    },
    {
        "bookingid": 706
    },
    {
        "bookingid": 30
    },
    {
        "bookingid": 323
    },
    {
        "bookingid": 304
    },
    {
        "bookingid": 773
    },
    {
        "bookingid": 751
    },
    {
        "bookingid": 59
    },
    {
        "bookingid": 553
    },
    {
        "bookingid": 68
    },
    {
        "bookingid": 485
    },
    {
        "bookingid": 372
    },
    {
        "bookingid": 777
    },
    {
        "bookingid": 587
    },
    {
        "bookingid": 693
    },
    {
        "bookingid": 517
    },
    {
        "bookingid": 511
    },
    {
        "bookingid": 625
    },
    {
        "bookingid": 608
    },
    {
        "bookingid": 127
    },
    {
        "bookingid": 28
    },
    {
        "bookingid": 491
    },
    {
        "bookingid": 492
    },
    {
        "bookingid": 565
    },
    {
        "bookingid": 497
    },
    {
        "bookingid": 143
    },
    {
        "bookingid": 822
    },
    {
        "bookingid": 99
    },
    {
        "bookingid": 494
    },
    {
        "bookingid": 652
    },
    {
        "bookingid": 740
    },
    {
        "bookingid": 231
    },
    {
        "bookingid": 805
    },
    {
        "bookingid": 450
    },
    {
        "bookingid": 784
    },
    {
        "bookingid": 440
    },
    {
        "bookingid": 9
    },
    {
        "bookingid": 215
    },
    {
        "bookingid": 10
    },
    {
        "bookingid": 314
    },
    {
        "bookingid": 664
    },
    {
        "bookingid": 521
    },
    {
        "bookingid": 250
    },
    {
        "bookingid": 183
    },
    {
        "bookingid": 136
    },
    {
        "bookingid": 170
    },
    {
        "bookingid": 98
    },
    {
        "bookingid": 330
    },
    {
        "bookingid": 163
    },
    {
        "bookingid": 180
    },
    {
        "bookingid": 237
    },
    {
        "bookingid": 258
    },
    {
        "bookingid": 434
    },
    {
        "bookingid": 790
    },
    {
        "bookingid": 347
    },
    {
        "bookingid": 141
    },
    {
        "bookingid": 424
    },
    {
        "bookingid": 335
    },
    {
        "bookingid": 405
    },
    {
        "bookingid": 626
    },
    {
        "bookingid": 16
    },
    {
        "bookingid": 404
    },
    {
        "bookingid": 82
    },
    {
        "bookingid": 398
    },
    {
        "bookingid": 299
    },
    {
        "bookingid": 235
    },
    {
        "bookingid": 422
    },
    {
        "bookingid": 225
    },
    {
        "bookingid": 778
    },
    {
        "bookingid": 583
    },
    {
        "bookingid": 333
    },
    {
        "bookingid": 56
    },
    {
        "bookingid": 683
    },
    {
        "bookingid": 447
    },
    {
        "bookingid": 675
    },
    {
        "bookingid": 50
    },
    {
        "bookingid": 495
    },
    {
        "bookingid": 85
    },
    {
        "bookingid": 801
    },
    {
        "bookingid": 687
    },
    {
        "bookingid": 66
    },
    {
        "bookingid": 285
    },
    {
        "bookingid": 484
    },
    {
        "bookingid": 173
    },
    {
        "bookingid": 135
    },
    {
        "bookingid": 834
    },
    {
        "bookingid": 57
    },
    {
        "bookingid": 831
    },
    {
        "bookingid": 412
    },
    {
        "bookingid": 4
    },
    {
        "bookingid": 814
    },
    {
        "bookingid": 586
    },
    {
        "bookingid": 691
    },
    {
        "bookingid": 103
    },
    {
        "bookingid": 654
    },
    {
        "bookingid": 828
    },
    {
        "bookingid": 702
    },
    {
        "bookingid": 240
    },
    {
        "bookingid": 48
    },
    {
        "bookingid": 432
    },
    {
        "bookingid": 744
    },
    {
        "bookingid": 230
    },
    {
        "bookingid": 624
    },
    {
        "bookingid": 23
    },
    {
        "bookingid": 47
    },
    {
        "bookingid": 542
    },
    {
        "bookingid": 734
    },
    {
        "bookingid": 246
    },
    {
        "bookingid": 277
    },
    {
        "bookingid": 672
    },
    {
        "bookingid": 40
    },
    {
        "bookingid": 46
    },
    {
        "bookingid": 385
    },
    {
        "bookingid": 176
    },
    {
        "bookingid": 265
    },
    {
        "bookingid": 260
    },
    {
        "bookingid": 124
    },
    {
        "bookingid": 287
    },
    {
        "bookingid": 807
    },
    {
        "bookingid": 603
    },
    {
        "bookingid": 478
    },
    {
        "bookingid": 445
    },
    {
        "bookingid": 427
    },
    {
        "bookingid": 43
    },
    {
        "bookingid": 506
    },
    {
        "bookingid": 204
    },
    {
        "bookingid": 749
    },
    {
        "bookingid": 496
    },
    {
        "bookingid": 325
    },
    {
        "bookingid": 420
    },
    {
        "bookingid": 399
    },
    {
        "bookingid": 527
    },
    {
        "bookingid": 243
    },
    {
        "bookingid": 264
    },
    {
        "bookingid": 133
    },
    {
        "bookingid": 576
    },
    {
        "bookingid": 20
    },
    {
        "bookingid": 597
    },
    {
        "bookingid": 203
    },
    {
        "bookingid": 185
    },
    {
        "bookingid": 668
    },
    {
        "bookingid": 786
    },
    {
        "bookingid": 488
    },
    {
        "bookingid": 268
    },
    {
        "bookingid": 764
    },
    {
        "bookingid": 566
    },
    {
        "bookingid": 582
    },
    {
        "bookingid": 318
    },
    {
        "bookingid": 191
    },
    {
        "bookingid": 67
    },
    {
        "bookingid": 820
    },
    {
        "bookingid": 830
    },
    {
        "bookingid": 502
    },
    {
        "bookingid": 663
    },
    {
        "bookingid": 214
    },
    {
        "bookingid": 456
    },
    {
        "bookingid": 220
    },
    {
        "bookingid": 33
    },
    {
        "bookingid": 628
    },
    {
        "bookingid": 267
    },
    {
        "bookingid": 142
    },
    {
        "bookingid": 406
    },
    {
        "bookingid": 826
    },
    {
        "bookingid": 51
    },
    {
        "bookingid": 394
    },
    {
        "bookingid": 280
    },
    {
        "bookingid": 800
    },
    {
        "bookingid": 600
    },
    {
        "bookingid": 122
    },
    {
        "bookingid": 709
    },
    {
        "bookingid": 39
    },
    {
        "bookingid": 574
    },
    {
        "bookingid": 770
    },
    {
        "bookingid": 813
    },
    {
        "bookingid": 313
    },
    {
        "bookingid": 147
    },
    {
        "bookingid": 657
    },
    {
        "bookingid": 290
    },
    {
        "bookingid": 365
    },
    {
        "bookingid": 429
    },
    {
        "bookingid": 117
    },
    {
        "bookingid": 519
    },
    {
        "bookingid": 343
    },
    {
        "bookingid": 540
    },
    {
        "bookingid": 207
    },
    {
        "bookingid": 548
    },
    {
        "bookingid": 796
    },
    {
        "bookingid": 416
    },
    {
        "bookingid": 116
    },
    {
        "bookingid": 690
    },
    {
        "bookingid": 279
    },
    {
        "bookingid": 115
    },
    {
        "bookingid": 604
    },
    {
        "bookingid": 443
    },
    {
        "bookingid": 261
    },
    {
        "bookingid": 530
    },
    {
        "bookingid": 227
    },
    {
        "bookingid": 684
    },
    {
        "bookingid": 332
    },
    {
        "bookingid": 83
    },
    {
        "bookingid": 505
    },
    {
        "bookingid": 219
    },
    {
        "bookingid": 351
    },
    {
        "bookingid": 481
    },
    {
        "bookingid": 296
    },
    {
        "bookingid": 552
    },
    {
        "bookingid": 18
    },
    {
        "bookingid": 812
    },
    {
        "bookingid": 209
    },
    {
        "bookingid": 49
    },
    {
        "bookingid": 97
    },
    {
        "bookingid": 3
    },
    {
        "bookingid": 396
    },
    {
        "bookingid": 270
    },
    {
        "bookingid": 644
    },
    {
        "bookingid": 362
    },
    {
        "bookingid": 354
    },
    {
        "bookingid": 167
    },
    {
        "bookingid": 355
    },
    {
        "bookingid": 216
    },
    {
        "bookingid": 793
    },
    {
        "bookingid": 472
    },
    {
        "bookingid": 263
    },
    {
        "bookingid": 670
    },
    {
        "bookingid": 65
    },
    {
        "bookingid": 2
    },
    {
        "bookingid": 19
    },
    {
        "bookingid": 348
    },
    {
        "bookingid": 331
    },
    {
        "bookingid": 662
    },
    {
        "bookingid": 787
    },
    {
        "bookingid": 367
    },
    {
        "bookingid": 105
    },
    {
        "bookingid": 14
    },
    {
        "bookingid": 7
    },
    {
        "bookingid": 705
    },
    {
        "bookingid": 21
    },
    {
        "bookingid": 35
    },
    {
        "bookingid": 643
    },
    {
        "bookingid": 366
    },
    {
        "bookingid": 192
    },
    {
        "bookingid": 69
    },
    {
        "bookingid": 321
    },
    {
        "bookingid": 102
    },
    {
        "bookingid": 197
    },
    {
        "bookingid": 462
    },
    {
        "bookingid": 731
    },
    {
        "bookingid": 513
    },
    {
        "bookingid": 79
    },
    {
        "bookingid": 247
    },
    {
        "bookingid": 297
    },
    {
        "bookingid": 737
    },
    {
        "bookingid": 58
    },
    {
        "bookingid": 476
    },
    {
        "bookingid": 257
    },
    {
        "bookingid": 144
    },
    {
        "bookingid": 91
    },
    {
        "bookingid": 283
    },
    {
        "bookingid": 618
    },
    {
        "bookingid": 769
    },
    {
        "bookingid": 338
    },
    {
        "bookingid": 139
    },
    {
        "bookingid": 229
    },
    {
        "bookingid": 656
    },
    {
        "bookingid": 483
    },
    {
        "bookingid": 808
    },
    {
        "bookingid": 762
    },
    {
        "bookingid": 742
    },
    {
        "bookingid": 621
    },
    {
        "bookingid": 337
    },
    {
        "bookingid": 541
    },
    {
        "bookingid": 556
    },
    {
        "bookingid": 775
    },
    {
        "bookingid": 716
    },
    {
        "bookingid": 490
    },
    {
        "bookingid": 390
    },
    {
        "bookingid": 572
    },
    {
        "bookingid": 155
    },
    {
        "bookingid": 558
    },
    {
        "bookingid": 534
    },
    {
        "bookingid": 177
    },
    {
        "bookingid": 536
    },
    {
        "bookingid": 53
    },
    {
        "bookingid": 114
    },
    {
        "bookingid": 550
    },
    {
        "bookingid": 202
    },
    {
        "bookingid": 194
    },
    {
        "bookingid": 292
    },
    {
        "bookingid": 757
    },
    {
        "bookingid": 27
    },
    {
        "bookingid": 467
    },
    {
        "bookingid": 71
    },
    {
        "bookingid": 64
    },
    {
        "bookingid": 753
    },
    {
        "bookingid": 589
    },
    {
        "bookingid": 686
    },
    {
        "bookingid": 61
    },
    {
        "bookingid": 373
    },
    {
        "bookingid": 100
    },
    {
        "bookingid": 468
    },
    {
        "bookingid": 748
    },
    {
        "bookingid": 435
    },
    {
        "bookingid": 303
    },
    {
        "bookingid": 417
    },
    {
        "bookingid": 113
    },
    {
        "bookingid": 364
    },
    {
        "bookingid": 676
    },
    {
        "bookingid": 81
    },
    {
        "bookingid": 151
    },
    {
        "bookingid": 1
    },
    {
        "bookingid": 632
    },
    {
        "bookingid": 564
    },
    {
        "bookingid": 8
    },
    {
        "bookingid": 832
    },
    {
        "bookingid": 659
    },
    {
        "bookingid": 544
    },
    {
        "bookingid": 474
    },
    {
        "bookingid": 137
    },
    {
        "bookingid": 245
    },
    {
        "bookingid": 363
    },
    {
        "bookingid": 475
    },
    {
        "bookingid": 732
    },
    {
        "bookingid": 187
    },
    {
        "bookingid": 11
    },
    {
        "bookingid": 677
    },
    {
        "bookingid": 244
    },
    {
        "bookingid": 60
    },
    {
        "bookingid": 755
    },
    {
        "bookingid": 17
    },
    {
        "bookingid": 660
    },
    {
        "bookingid": 62
    },
    {
        "bookingid": 723
    },
    {
        "bookingid": 646
    },
    {
        "bookingid": 403
    },
    {
        "bookingid": 402
    },
    {
        "bookingid": 580
    },
    {
        "bookingid": 584
    },
    {
        "bookingid": 148
    },
    {
        "bookingid": 612
    },
    {
        "bookingid": 594
    },
    {
        "bookingid": 13
    },
    {
        "bookingid": 80
    },
    {
        "bookingid": 631
    },
    {
        "bookingid": 835
    },
    {
        "bookingid": 503
    },
    {
        "bookingid": 518
    },
    {
        "bookingid": 692
    },
    {
        "bookingid": 118
    },
    {
        "bookingid": 454
    },
    {
        "bookingid": 387
    },
    {
        "bookingid": 397
    },
    {
        "bookingid": 500
    },
    {
        "bookingid": 29
    },
    {
        "bookingid": 154
    },
    {
        "bookingid": 439
    },
    {
        "bookingid": 727
    },
    {
        "bookingid": 31
    },
    {
        "bookingid": 426
    },
    {
        "bookingid": 795
    },
    {
        "bookingid": 70
    },
    {
        "bookingid": 711
    },
    {
        "bookingid": 42
    },
    {
        "bookingid": 421
    },
    {
        "bookingid": 788
    },
    {
        "bookingid": 252
    },
    {
        "bookingid": 108
    },
    {
        "bookingid": 32
    },
    {
        "bookingid": 210
    },
    {
        "bookingid": 73
    },
    {
        "bookingid": 538
    },
    {
        "bookingid": 409
    },
    {
        "bookingid": 38
    },
    {
        "bookingid": 90
    },
    {
        "bookingid": 811
    },
    {
        "bookingid": 754
    },
    {
        "bookingid": 821
    },
    {
        "bookingid": 438
    },
    {
        "bookingid": 728
    },
    {
        "bookingid": 271
    },
    {
        "bookingid": 189
    },
    {
        "bookingid": 324
    },
    {
        "bookingid": 487
    },
    {
        "bookingid": 184
    },
    {
        "bookingid": 415
    },
    {
        "bookingid": 345
    },
    {
        "bookingid": 616
    },
    {
        "bookingid": 381
    },
    {
        "bookingid": 282
    },
    {
        "bookingid": 327
    },
    {
        "bookingid": 388
    },
    {
        "bookingid": 766
    },
    {
        "bookingid": 179
    },
    {
        "bookingid": 109
    },
    {
        "bookingid": 149
    },
    {
        "bookingid": 448
    },
    {
        "bookingid": 620
    },
    {
        "bookingid": 647
    },
    {
        "bookingid": 110
    },
    {
        "bookingid": 724
    },
    {
        "bookingid": 696
    },
    {
        "bookingid": 459
    },
    {
        "bookingid": 730
    },
    {
        "bookingid": 414
    },
    {
        "bookingid": 152
    },
    {
        "bookingid": 249
    },
    {
        "bookingid": 721
    },
    {
        "bookingid": 293
    },
    {
        "bookingid": 817
    },
    {
        "bookingid": 201
    },
    {
        "bookingid": 341
    },
    {
        "bookingid": 336
    },
    {
        "bookingid": 196
    },
    {
        "bookingid": 699
    },
    {
        "bookingid": 74
    },
    {
        "bookingid": 92
    },
    {
        "bookingid": 392
    },
    {
        "bookingid": 316
    },
    {
        "bookingid": 104
    },
    {
        "bookingid": 701
    },
    {
        "bookingid": 717
    },
    {
        "bookingid": 516
    },
    {
        "bookingid": 746
    },
    {
        "bookingid": 161
    },
    {
        "bookingid": 75
    },
    {
        "bookingid": 630
    },
    {
        "bookingid": 87
    },
    {
        "bookingid": 232
    },
    {
        "bookingid": 471
    },
    {
        "bookingid": 153
    },
    {
        "bookingid": 370
    },
    {
        "bookingid": 411
    },
    {
        "bookingid": 653
    },
    {
        "bookingid": 384
    },
    {
        "bookingid": 41
    },
    {
        "bookingid": 175
    },
    {
        "bookingid": 704
    },
    {
        "bookingid": 305
    },
    {
        "bookingid": 535
    },
    {
        "bookingid": 95
    },
    {
        "bookingid": 453
    },
    {
        "bookingid": 188
    },
    {
        "bookingid": 680
    },
    {
        "bookingid": 15
    },
    {
        "bookingid": 298
    },
    {
        "bookingid": 378
    },
    {
        "bookingid": 510
    },
    {
        "bookingid": 291
    },
    {
        "bookingid": 823
    },
    {
        "bookingid": 617
    },
    {
        "bookingid": 156
    },
    {
        "bookingid": 461
    },
    {
        "bookingid": 571
    },
    {
        "bookingid": 710
    },
    {
        "bookingid": 162
    },
    {
        "bookingid": 615
    },
    {
        "bookingid": 718
    },
    {
        "bookingid": 146
    }
]
2025-03-28 06:32:49 [main] INFO  com.sb.auto.OrangeHRMSpringBootAutomation.api.BookingAPITest - Response of Get Booking IDs API [{"bookingid":758},{"bookingid":649},{"bookingid":182},{"bookingid":466},{"bookingid":275},{"bookingid":570},{"bookingid":547},{"bookingid":767},{"bookingid":698},{"bookingid":559},{"bookingid":380},{"bookingid":836},{"bookingid":342},{"bookingid":254},{"bookingid":160},{"bookingid":284},{"bookingid":233},{"bookingid":12},{"bookingid":199},{"bookingid":585},{"bookingid":794},{"bookingid":377},{"bookingid":130},{"bookingid":756},{"bookingid":606},{"bookingid":634},{"bookingid":442},{"bookingid":25},{"bookingid":554},{"bookingid":776},{"bookingid":609},{"bookingid":743},{"bookingid":171},{"bookingid":681},{"bookingid":750},{"bookingid":54},{"bookingid":712},{"bookingid":309},{"bookingid":128},{"bookingid":508},{"bookingid":22},{"bookingid":430},{"bookingid":208},{"bookingid":101},{"bookingid":312},{"bookingid":138},{"bookingid":735},{"bookingid":107},{"bookingid":166},{"bookingid":715},{"bookingid":806},{"bookingid":121},{"bookingid":6},{"bookingid":591},{"bookingid":251},{"bookingid":455},{"bookingid":607},{"bookingid":433},{"bookingid":96},{"bookingid":63},{"bookingid":238},{"bookingid":667},{"bookingid":391},{"bookingid":722},{"bookingid":111},{"bookingid":410},{"bookingid":636},{"bookingid":827},{"bookingid":573},{"bookingid":88},{"bookingid":326},{"bookingid":126},{"bookingid":738},{"bookingid":637},{"bookingid":37},{"bookingid":639},{"bookingid":123},{"bookingid":360},{"bookingid":579},{"bookingid":224},{"bookingid":561},{"bookingid":697},{"bookingid":131},{"bookingid":308},{"bookingid":353},{"bookingid":666},{"bookingid":460},{"bookingid":359},{"bookingid":560},{"bookingid":26},{"bookingid":799},{"bookingid":444},{"bookingid":276},{"bookingid":356},{"bookingid":567},{"bookingid":525},{"bookingid":72},{"bookingid":36},{"bookingid":168},{"bookingid":213},{"bookingid":223},{"bookingid":642},{"bookingid":76},{"bookingid":350},{"bookingid":601},{"bookingid":818},{"bookingid":780},{"bookingid":302},{"bookingid":529},{"bookingid":613},{"bookingid":379},{"bookingid":272},{"bookingid":125},{"bookingid":528},{"bookingid":802},{"bookingid":546},{"bookingid":45},{"bookingid":779},{"bookingid":89},{"bookingid":222},{"bookingid":86},{"bookingid":669},{"bookingid":514},{"bookingid":761},{"bookingid":593},{"bookingid":5},{"bookingid":772},{"bookingid":477},{"bookingid":598},{"bookingid":640},{"bookingid":592},{"bookingid":499},{"bookingid":688},{"bookingid":838},{"bookingid":522},{"bookingid":120},{"bookingid":317},{"bookingid":374},{"bookingid":242},{"bookingid":78},{"bookingid":648},{"bookingid":526},{"bookingid":785},{"bookingid":465},{"bookingid":311},{"bookingid":706},{"bookingid":30},{"bookingid":323},{"bookingid":304},{"bookingid":773},{"bookingid":751},{"bookingid":59},{"bookingid":553},{"bookingid":68},{"bookingid":485},{"bookingid":372},{"bookingid":777},{"bookingid":587},{"bookingid":693},{"bookingid":517},{"bookingid":511},{"bookingid":625},{"bookingid":608},{"bookingid":127},{"bookingid":28},{"bookingid":491},{"bookingid":492},{"bookingid":565},{"bookingid":497},{"bookingid":143},{"bookingid":822},{"bookingid":99},{"bookingid":494},{"bookingid":652},{"bookingid":740},{"bookingid":231},{"bookingid":805},{"bookingid":450},{"bookingid":784},{"bookingid":440},{"bookingid":9},{"bookingid":215},{"bookingid":10},{"bookingid":314},{"bookingid":664},{"bookingid":521},{"bookingid":250},{"bookingid":183},{"bookingid":136},{"bookingid":170},{"bookingid":98},{"bookingid":330},{"bookingid":163},{"bookingid":180},{"bookingid":237},{"bookingid":258},{"bookingid":434},{"bookingid":790},{"bookingid":347},{"bookingid":141},{"bookingid":424},{"bookingid":335},{"bookingid":405},{"bookingid":626},{"bookingid":16},{"bookingid":404},{"bookingid":82},{"bookingid":398},{"bookingid":299},{"bookingid":235},{"bookingid":422},{"bookingid":225},{"bookingid":778},{"bookingid":583},{"bookingid":333},{"bookingid":56},{"bookingid":683},{"bookingid":447},{"bookingid":675},{"bookingid":50},{"bookingid":495},{"bookingid":85},{"bookingid":801},{"bookingid":687},{"bookingid":66},{"bookingid":285},{"bookingid":484},{"bookingid":173},{"bookingid":135},{"bookingid":834},{"bookingid":57},{"bookingid":831},{"bookingid":412},{"bookingid":4},{"bookingid":814},{"bookingid":586},{"bookingid":691},{"bookingid":103},{"bookingid":654},{"bookingid":828},{"bookingid":702},{"bookingid":240},{"bookingid":48},{"bookingid":432},{"bookingid":744},{"bookingid":230},{"bookingid":624},{"bookingid":23},{"bookingid":47},{"bookingid":542},{"bookingid":734},{"bookingid":246},{"bookingid":277},{"bookingid":672},{"bookingid":40},{"bookingid":46},{"bookingid":385},{"bookingid":176},{"bookingid":265},{"bookingid":260},{"bookingid":124},{"bookingid":287},{"bookingid":807},{"bookingid":603},{"bookingid":478},{"bookingid":445},{"bookingid":427},{"bookingid":43},{"bookingid":506},{"bookingid":204},{"bookingid":749},{"bookingid":496},{"bookingid":325},{"bookingid":420},{"bookingid":399},{"bookingid":527},{"bookingid":243},{"bookingid":264},{"bookingid":133},{"bookingid":576},{"bookingid":20},{"bookingid":597},{"bookingid":203},{"bookingid":185},{"bookingid":668},{"bookingid":786},{"bookingid":488},{"bookingid":268},{"bookingid":764},{"bookingid":566},{"bookingid":582},{"bookingid":318},{"bookingid":191},{"bookingid":67},{"bookingid":820},{"bookingid":830},{"bookingid":502},{"bookingid":663},{"bookingid":214},{"bookingid":456},{"bookingid":220},{"bookingid":33},{"bookingid":628},{"bookingid":267},{"bookingid":142},{"bookingid":406},{"bookingid":826},{"bookingid":51},{"bookingid":394},{"bookingid":280},{"bookingid":800},{"bookingid":600},{"bookingid":122},{"bookingid":709},{"bookingid":39},{"bookingid":574},{"bookingid":770},{"bookingid":813},{"bookingid":313},{"bookingid":147},{"bookingid":657},{"bookingid":290},{"bookingid":365},{"bookingid":429},{"bookingid":117},{"bookingid":519},{"bookingid":343},{"bookingid":540},{"bookingid":207},{"bookingid":548},{"bookingid":796},{"bookingid":416},{"bookingid":116},{"bookingid":690},{"bookingid":279},{"bookingid":115},{"bookingid":604},{"bookingid":443},{"bookingid":261},{"bookingid":530},{"bookingid":227},{"bookingid":684},{"bookingid":332},{"bookingid":83},{"bookingid":505},{"bookingid":219},{"bookingid":351},{"bookingid":481},{"bookingid":296},{"bookingid":552},{"bookingid":18},{"bookingid":812},{"bookingid":209},{"bookingid":49},{"bookingid":97},{"bookingid":3},{"bookingid":396},{"bookingid":270},{"bookingid":644},{"bookingid":362},{"bookingid":354},{"bookingid":167},{"bookingid":355},{"bookingid":216},{"bookingid":793},{"bookingid":472},{"bookingid":263},{"bookingid":670},{"bookingid":65},{"bookingid":2},{"bookingid":19},{"bookingid":348},{"bookingid":331},{"bookingid":662},{"bookingid":787},{"bookingid":367},{"bookingid":105},{"bookingid":14},{"bookingid":7},{"bookingid":705},{"bookingid":21},{"bookingid":35},{"bookingid":643},{"bookingid":366},{"bookingid":192},{"bookingid":69},{"bookingid":321},{"bookingid":102},{"bookingid":197},{"bookingid":462},{"bookingid":731},{"bookingid":513},{"bookingid":79},{"bookingid":247},{"bookingid":297},{"bookingid":737},{"bookingid":58},{"bookingid":476},{"bookingid":257},{"bookingid":144},{"bookingid":91},{"bookingid":283},{"bookingid":618},{"bookingid":769},{"bookingid":338},{"bookingid":139},{"bookingid":229},{"bookingid":656},{"bookingid":483},{"bookingid":808},{"bookingid":762},{"bookingid":742},{"bookingid":621},{"bookingid":337},{"bookingid":541},{"bookingid":556},{"bookingid":775},{"bookingid":716},{"bookingid":490},{"bookingid":390},{"bookingid":572},{"bookingid":155},{"bookingid":558},{"bookingid":534},{"bookingid":177},{"bookingid":536},{"bookingid":53},{"bookingid":114},{"bookingid":550},{"bookingid":202},{"bookingid":194},{"bookingid":292},{"bookingid":757},{"bookingid":27},{"bookingid":467},{"bookingid":71},{"bookingid":64},{"bookingid":753},{"bookingid":589},{"bookingid":686},{"bookingid":61},{"bookingid":373},{"bookingid":100},{"bookingid":468},{"bookingid":748},{"bookingid":435},{"bookingid":303},{"bookingid":417},{"bookingid":113},{"bookingid":364},{"bookingid":676},{"bookingid":81},{"bookingid":151},{"bookingid":1},{"bookingid":632},{"bookingid":564},{"bookingid":8},{"bookingid":832},{"bookingid":659},{"bookingid":544},{"bookingid":474},{"bookingid":137},{"bookingid":245},{"bookingid":363},{"bookingid":475},{"bookingid":732},{"bookingid":187},{"bookingid":11},{"bookingid":677},{"bookingid":244},{"bookingid":60},{"bookingid":755},{"bookingid":17},{"bookingid":660},{"bookingid":62},{"bookingid":723},{"bookingid":646},{"bookingid":403},{"bookingid":402},{"bookingid":580},{"bookingid":584},{"bookingid":148},{"bookingid":612},{"bookingid":594},{"bookingid":13},{"bookingid":80},{"bookingid":631},{"bookingid":835},{"bookingid":503},{"bookingid":518},{"bookingid":692},{"bookingid":118},{"bookingid":454},{"bookingid":387},{"bookingid":397},{"bookingid":500},{"bookingid":29},{"bookingid":154},{"bookingid":439},{"bookingid":727},{"bookingid":31},{"bookingid":426},{"bookingid":795},{"bookingid":70},{"bookingid":711},{"bookingid":42},{"bookingid":421},{"bookingid":788},{"bookingid":252},{"bookingid":108},{"bookingid":32},{"bookingid":210},{"bookingid":73},{"bookingid":538},{"bookingid":409},{"bookingid":38},{"bookingid":90},{"bookingid":811},{"bookingid":754},{"bookingid":821},{"bookingid":438},{"bookingid":728},{"bookingid":271},{"bookingid":189},{"bookingid":324},{"bookingid":487},{"bookingid":184},{"bookingid":415},{"bookingid":345},{"bookingid":616},{"bookingid":381},{"bookingid":282},{"bookingid":327},{"bookingid":388},{"bookingid":766},{"bookingid":179},{"bookingid":109},{"bookingid":149},{"bookingid":448},{"bookingid":620},{"bookingid":647},{"bookingid":110},{"bookingid":724},{"bookingid":696},{"bookingid":459},{"bookingid":730},{"bookingid":414},{"bookingid":152},{"bookingid":249},{"bookingid":721},{"bookingid":293},{"bookingid":817},{"bookingid":201},{"bookingid":341},{"bookingid":336},{"bookingid":196},{"bookingid":699},{"bookingid":74},{"bookingid":92},{"bookingid":392},{"bookingid":316},{"bookingid":104},{"bookingid":701},{"bookingid":717},{"bookingid":516},{"bookingid":746},{"bookingid":161},{"bookingid":75},{"bookingid":630},{"bookingid":87},{"bookingid":232},{"bookingid":471},{"bookingid":153},{"bookingid":370},{"bookingid":411},{"bookingid":653},{"bookingid":384},{"bookingid":41},{"bookingid":175},{"bookingid":704},{"bookingid":305},{"bookingid":535},{"bookingid":95},{"bookingid":453},{"bookingid":188},{"bookingid":680},{"bookingid":15},{"bookingid":298},{"bookingid":378},{"bookingid":510},{"bookingid":291},{"bookingid":823},{"bookingid":617},{"bookingid":156},{"bookingid":461},{"bookingid":571},{"bookingid":710},{"bookingid":162},{"bookingid":615},{"bookingid":718},{"bookingid":146}]
2025-03-28 06:32:49 [main] DEBUG org.springframework.test.context.cache - Spring test ApplicationContext cache statistics: [DefaultContextCache@17e725fb size = 1, maxSize = 32, parentContextCount = 0, hitCount = 76, missCount = 1, failureCount = 0]
2025-03-28 06:32:49 [main] INFO  com.sb.auto.OrangeHRMSpringBootAutomation.framework.listener.TestMethodListener - ? After Method: getBookingIDsTest
2025-03-28 06:32:49 [main] INFO  com.sb.auto.OrangeHRMSpringBootAutomation.framework.listener.TestListener - ? Test Passed: getBookingIDsTest
]]></system-out>
  </testcase>
  <testcase name="getBookingTest" classname="com.sb.auto.OrangeHRMSpringBootAutomation.api.BookingAPITest" time="1.306">
    <system-out><![CDATA[2025-03-28 06:32:49 [rp-io-69] DEBUG com.epam.reportportal.service.Launch - Starting test item...rp-io-69
2025-03-28 06:32:49 [main] INFO  com.sb.auto.OrangeHRMSpringBootAutomation.framework.listener.TestMethodListener - ? Before Method: springTestContextAfterTestMethod
2025-03-28 06:32:49 [main] DEBUG org.springframework.test.context.cache - Spring test ApplicationContext cache statistics: [DefaultContextCache@17e725fb size = 1, maxSize = 32, parentContextCount = 0, hitCount = 77, missCount = 1, failureCount = 0]
2025-03-28 06:32:49 [main] DEBUG org.springframework.test.context.cache - Spring test ApplicationContext cache statistics: [DefaultContextCache@17e725fb size = 1, maxSize = 32, parentContextCount = 0, hitCount = 78, missCount = 1, failureCount = 0]
2025-03-28 06:32:49 [main] DEBUG org.springframework.test.context.cache - Spring test ApplicationContext cache statistics: [DefaultContextCache@17e725fb size = 1, maxSize = 32, parentContextCount = 0, hitCount = 79, missCount = 1, failureCount = 0]
2025-03-28 06:32:49 [main] DEBUG org.springframework.test.context.cache - Spring test ApplicationContext cache statistics: [DefaultContextCache@17e725fb size = 1, maxSize = 32, parentContextCount = 0, hitCount = 80, missCount = 1, failureCount = 0]
2025-03-28 06:32:49 [main] DEBUG org.springframework.test.context.cache - Spring test ApplicationContext cache statistics: [DefaultContextCache@17e725fb size = 1, maxSize = 32, parentContextCount = 0, hitCount = 81, missCount = 1, failureCount = 0]
2025-03-28 06:32:49 [main] DEBUG org.springframework.test.context.cache - Spring test ApplicationContext cache statistics: [DefaultContextCache@17e725fb size = 1, maxSize = 32, parentContextCount = 0, hitCount = 82, missCount = 1, failureCount = 0]
2025-03-28 06:32:49 [main] DEBUG org.springframework.test.context.support.DirtiesContextTestExecutionListener - After test method: class [BookingAPITest], method [getBookingIDsTest], class annotated with @DirtiesContext [false] with mode [null], method annotated with @DirtiesContext [false] with mode [null]
2025-03-28 06:32:49 [main] DEBUG org.springframework.test.context.web.ServletTestExecutionListener - Resetting RequestContextHolder for test class com.sb.auto.OrangeHRMSpringBootAutomation.api.BookingAPITest
2025-03-28 06:32:49 [main] INFO  com.sb.auto.OrangeHRMSpringBootAutomation.framework.listener.TestMethodListener - ? After Method: springTestContextAfterTestMethod
2025-03-28 06:32:49 [main] INFO  com.sb.auto.OrangeHRMSpringBootAutomation.framework.listener.TestMethodListener - ? Before Method: springTestContextBeforeTestMethod
2025-03-28 06:32:49 [main] DEBUG com.epam.reportportal.service.Launch - Starting test item...main
2025-03-28T10:32:49.923787Z main ERROR Recursive call to appender ReportPortalAppender
2025-03-28 06:32:49 [rp-io-83] DEBUG com.epam.reportportal.service.Launch - Accepted finish request for test item ID = 7232c558-8090-4ac9-9677-110be6e5f16b
2025-03-28 06:32:49 [rp-io-83] DEBUG com.epam.reportportal.utils.SubscriptionUtils - Finish test item completed
2025-03-28 06:32:49 [main] DEBUG org.springframework.test.context.cache - Spring test ApplicationContext cache statistics: [DefaultContextCache@17e725fb size = 1, maxSize = 32, parentContextCount = 0, hitCount = 83, missCount = 1, failureCount = 0]
2025-03-28 06:32:49 [main] DEBUG org.springframework.test.context.web.ServletTestExecutionListener - Setting up MockHttpServletRequest, MockHttpServletResponse, ServletWebRequest, and RequestContextHolder for test class com.sb.auto.OrangeHRMSpringBootAutomation.api.BookingAPITest
2025-03-28 06:32:49 [main] DEBUG org.springframework.test.context.support.DirtiesContextBeforeModesTestExecutionListener - Before test method: class [BookingAPITest], method [getBookingTest], class annotated with @DirtiesContext [false] with mode [null], method annotated with @DirtiesContext [false] with mode [null]
2025-03-28 06:32:49 [rp-io-69] DEBUG com.epam.reportportal.service.Launch - ReportPortal item with ID '3d1dba16-24a7-4962-9ed4-36b1c90f40f5' has been created
2025-03-28 06:32:49 [rp-io-69] DEBUG com.epam.reportportal.utils.SubscriptionUtils - Start test item successfully completed
2025-03-28 06:32:49 [main] DEBUG org.springframework.test.context.support.DependencyInjectionTestExecutionListener - Reinjecting dependencies for test class com.sb.auto.OrangeHRMSpringBootAutomation.api.BookingAPITest
2025-03-28 06:32:49 [main] DEBUG org.springframework.test.context.cache - Spring test ApplicationContext cache statistics: [DefaultContextCache@17e725fb size = 1, maxSize = 32, parentContextCount = 0, hitCount = 84, missCount = 1, failureCount = 0]
2025-03-28 06:32:49 [main] DEBUG org.springframework.test.context.cache - Spring test ApplicationContext cache statistics: [DefaultContextCache@17e725fb size = 1, maxSize = 32, parentContextCount = 0, hitCount = 85, missCount = 1, failureCount = 0]
2025-03-28 06:32:49 [main] DEBUG org.springframework.test.context.cache - Spring test ApplicationContext cache statistics: [DefaultContextCache@17e725fb size = 1, maxSize = 32, parentContextCount = 0, hitCount = 86, missCount = 1, failureCount = 0]
2025-03-28 06:32:49 [main] DEBUG org.springframework.test.context.cache - Spring test ApplicationContext cache statistics: [DefaultContextCache@17e725fb size = 1, maxSize = 32, parentContextCount = 0, hitCount = 87, missCount = 1, failureCount = 0]
2025-03-28 06:32:49 [main] INFO  com.sb.auto.OrangeHRMSpringBootAutomation.framework.listener.TestMethodListener - ? After Method: springTestContextBeforeTestMethod
2025-03-28 06:32:49 [main] INFO  com.sb.auto.OrangeHRMSpringBootAutomation.framework.listener.TestListener - ? Test Started: getBookingTest
2025-03-28 06:32:49 [rp-io-5] DEBUG com.epam.reportportal.service.Launch - Starting test item...rp-io-5
2025-03-28 06:32:49 [main] INFO  com.sb.auto.OrangeHRMSpringBootAutomation.framework.listener.TestMethodListener - ? Before Method: getBookingTest
2025-03-28 06:32:49 [main] DEBUG org.springframework.test.context.cache - Spring test ApplicationContext cache statistics: [DefaultContextCache@17e725fb size = 1, maxSize = 32, parentContextCount = 0, hitCount = 88, missCount = 1, failureCount = 0]
2025-03-28 06:32:49 [rp-io-69] DEBUG com.epam.reportportal.service.Launch - Accepted finish request for test item ID = 3d1dba16-24a7-4962-9ed4-36b1c90f40f5
2025-03-28 06:32:49 [rp-io-97] DEBUG com.epam.reportportal.service.Launch - ReportPortal item with ID 'd7e8e642-7ef1-4983-9ce9-ca205ce5b058' has been created
2025-03-28 06:32:49 [rp-io-69] DEBUG com.epam.reportportal.utils.SubscriptionUtils - Finish test item completed
2025-03-28 06:32:49 [rp-io-97] DEBUG com.epam.reportportal.utils.SubscriptionUtils - Start test item successfully completed
2025-03-28 06:32:49 [rp-io-5] DEBUG com.epam.reportportal.service.Launch - ReportPortal item with ID 'd143069c-25fa-45ea-a32c-4284a89a9720' has been created
Request method:	GET
Request URI:	https://restful-booker.herokuapp.com/booking/1
Proxy:			<none>
Request params:	<none>
Query params:	<none>
Form params:	<none>
Path params:	<none>
Headers:		Accept=application/json
Cookies:		<none>
Multiparts:		<none>
Body:			<none>
2025-03-28 06:32:49 [rp-io-5] DEBUG com.epam.reportportal.utils.SubscriptionUtils - Start test item successfully completed
2025-03-28 06:32:49 [rp-io-97] DEBUG com.epam.reportportal.service.Launch - Accepted finish request for test item ID = d7e8e642-7ef1-4983-9ce9-ca205ce5b058
2025-03-28 06:32:49 [rp-io-97] DEBUG com.epam.reportportal.utils.SubscriptionUtils - Finish test item completed
2025-03-28 06:32:49 [main] DEBUG org.apache.http.impl.conn.BasicClientConnectionManager - Get connection for route {s}->https://restful-booker.herokuapp.com:443
2025-03-28 06:32:49 [main] DEBUG org.apache.http.impl.conn.DefaultClientConnectionOperator - Connecting to restful-booker.herokuapp.com:443
2025-03-28 06:32:51 [main] DEBUG org.apache.http.client.protocol.RequestAddCookies - CookieSpec selected: ignoreCookies
2025-03-28 06:32:51 [main] DEBUG org.apache.http.client.protocol.RequestAuthCache - Auth cache not set in the context
2025-03-28 06:32:51 [main] DEBUG org.apache.http.client.protocol.RequestTargetAuthentication - Target auth state: UNCHALLENGED
2025-03-28 06:32:51 [main] DEBUG org.apache.http.client.protocol.RequestProxyAuthentication - Proxy auth state: UNCHALLENGED
2025-03-28 06:32:51 [main] DEBUG org.apache.http.impl.client.DefaultHttpClient - Attempt 1 to execute request
2025-03-28 06:32:51 [main] DEBUG org.apache.http.impl.conn.DefaultClientConnection - Sending request: GET /booking/1 HTTP/1.1
2025-03-28 06:32:51 [main] DEBUG org.apache.http.wire -  >> "GET /booking/1 HTTP/1.1[\r][\n]"
2025-03-28 06:32:51 [main] DEBUG org.apache.http.wire -  >> "Accept: application/json[\r][\n]"
2025-03-28 06:32:51 [main] DEBUG org.apache.http.wire -  >> "Host: restful-booker.herokuapp.com[\r][\n]"
2025-03-28 06:32:51 [main] DEBUG org.apache.http.wire -  >> "Connection: Keep-Alive[\r][\n]"
2025-03-28 06:32:51 [main] DEBUG org.apache.http.wire -  >> "User-Agent: Apache-HttpClient/4.5.13 (Java/17.0.13)[\r][\n]"
2025-03-28 06:32:51 [main] DEBUG org.apache.http.wire -  >> "Accept-Encoding: gzip,deflate[\r][\n]"
2025-03-28 06:32:51 [main] DEBUG org.apache.http.wire -  >> "[\r][\n]"
2025-03-28 06:32:51 [main] DEBUG org.apache.http.headers - >> GET /booking/1 HTTP/1.1
2025-03-28 06:32:51 [main] DEBUG org.apache.http.headers - >> Accept: application/json
2025-03-28 06:32:51 [main] DEBUG org.apache.http.headers - >> Host: restful-booker.herokuapp.com
2025-03-28 06:32:51 [main] DEBUG org.apache.http.headers - >> Connection: Keep-Alive
2025-03-28 06:32:51 [main] DEBUG org.apache.http.headers - >> User-Agent: Apache-HttpClient/4.5.13 (Java/17.0.13)
2025-03-28 06:32:51 [main] DEBUG org.apache.http.headers - >> Accept-Encoding: gzip,deflate
2025-03-28 06:32:51 [main] DEBUG org.apache.http.wire -  << "HTTP/1.1 200 OK[\r][\n]"
2025-03-28 06:32:51 [main] DEBUG org.apache.http.wire -  << "Server: Cowboy[\r][\n]"
2025-03-28 06:32:51 [main] DEBUG org.apache.http.wire -  << "Report-To: {"group":"heroku-nel","max_age":3600,"endpoints":[{"url":"https://nel.heroku.com/reports?ts=1743157970&sid=c46efe9b-d3d2-4a0c-8c76-bfafa16c5add&s=dcmm%2BAmgKmaarAiqnPSSmBFEWhp8ImegHbZJW8xxLoE%3D"}]}[\r][\n]"
2025-03-28 06:32:51 [main] DEBUG org.apache.http.wire -  << "Reporting-Endpoints: heroku-nel=https://nel.heroku.com/reports?ts=1743157970&sid=c46efe9b-d3d2-4a0c-8c76-bfafa16c5add&s=dcmm%2BAmgKmaarAiqnPSSmBFEWhp8ImegHbZJW8xxLoE%3D[\r][\n]"
2025-03-28 06:32:51 [main] DEBUG org.apache.http.wire -  << "Nel: {"report_to":"heroku-nel","max_age":3600,"success_fraction":0.005,"failure_fraction":0.05,"response_headers":["Via"]}[\r][\n]"
2025-03-28 06:32:51 [main] DEBUG org.apache.http.wire -  << "Connection: keep-alive[\r][\n]"
2025-03-28 06:32:51 [main] DEBUG org.apache.http.wire -  << "X-Powered-By: Express[\r][\n]"
2025-03-28 06:32:51 [main] DEBUG org.apache.http.wire -  << "Content-Type: application/json; charset=utf-8[\r][\n]"
2025-03-28 06:32:51 [main] DEBUG org.apache.http.wire -  << "Content-Length: 171[\r][\n]"
2025-03-28 06:32:51 [main] DEBUG org.apache.http.wire -  << "Etag: W/"ab-lrrVmMtaLij3OgfTMtpxG8TwFAs"[\r][\n]"
2025-03-28 06:32:51 [main] DEBUG org.apache.http.wire -  << "Date: Fri, 28 Mar 2025 10:32:50 GMT[\r][\n]"
2025-03-28 06:32:51 [main] DEBUG org.apache.http.wire -  << "Via: 1.1 vegur[\r][\n]"
2025-03-28 06:32:51 [main] DEBUG org.apache.http.wire -  << "[\r][\n]"
2025-03-28 06:32:51 [main] DEBUG org.apache.http.impl.conn.DefaultClientConnection - Receiving response: HTTP/1.1 200 OK
2025-03-28 06:32:51 [main] DEBUG org.apache.http.headers - << HTTP/1.1 200 OK
2025-03-28 06:32:51 [main] DEBUG org.apache.http.headers - << Server: Cowboy
2025-03-28 06:32:51 [main] DEBUG org.apache.http.headers - << Report-To: {"group":"heroku-nel","max_age":3600,"endpoints":[{"url":"https://nel.heroku.com/reports?ts=1743157970&sid=c46efe9b-d3d2-4a0c-8c76-bfafa16c5add&s=dcmm%2BAmgKmaarAiqnPSSmBFEWhp8ImegHbZJW8xxLoE%3D"}]}
2025-03-28 06:32:51 [main] DEBUG org.apache.http.headers - << Reporting-Endpoints: heroku-nel=https://nel.heroku.com/reports?ts=1743157970&sid=c46efe9b-d3d2-4a0c-8c76-bfafa16c5add&s=dcmm%2BAmgKmaarAiqnPSSmBFEWhp8ImegHbZJW8xxLoE%3D
2025-03-28 06:32:51 [main] DEBUG org.apache.http.headers - << Nel: {"report_to":"heroku-nel","max_age":3600,"success_fraction":0.005,"failure_fraction":0.05,"response_headers":["Via"]}
2025-03-28 06:32:51 [main] DEBUG org.apache.http.headers - << Connection: keep-alive
2025-03-28 06:32:51 [main] DEBUG org.apache.http.headers - << X-Powered-By: Express
2025-03-28 06:32:51 [main] DEBUG org.apache.http.headers - << Content-Type: application/json; charset=utf-8
2025-03-28 06:32:51 [main] DEBUG org.apache.http.headers - << Content-Length: 171
2025-03-28 06:32:51 [main] DEBUG org.apache.http.headers - << Etag: W/"ab-lrrVmMtaLij3OgfTMtpxG8TwFAs"
2025-03-28 06:32:51 [main] DEBUG org.apache.http.headers - << Date: Fri, 28 Mar 2025 10:32:50 GMT
2025-03-28 06:32:51 [main] DEBUG org.apache.http.headers - << Via: 1.1 vegur
2025-03-28 06:32:51 [main] DEBUG org.apache.http.impl.client.DefaultHttpClient - Connection can be kept alive indefinitely
2025-03-28 06:32:51 [main] DEBUG io.restassured.internal.RestAssuredHttpBuilder - Parsing response as: application/json; charset=utf-8
2025-03-28 06:32:51 [main] DEBUG io.restassured.internal.RestAssuredHttpBuilder - Parsed data to instance of: class org.apache.http.conn.EofSensorInputStream
2025-03-28 06:32:51 [main] DEBUG org.apache.http.wire -  << "{"firstname":"Sally","lastname":"Jones","totalprice":251,"depositpaid":false,"bookingdates":{"checkin":"2017-04-20","checkout":"2020-08-05"},"additionalneeds":"Breakfast"}"
2025-03-28 06:32:51 [main] DEBUG org.apache.http.impl.conn.BasicClientConnectionManager - Releasing connection org.apache.http.impl.conn.ManagedClientConnectionImpl@3077e4aa
2025-03-28 06:32:51 [main] DEBUG org.apache.http.impl.conn.BasicClientConnectionManager - Connection can be kept alive indefinitely
HTTP/1.1 200 OK
Server: Cowboy
Report-To: {"group":"heroku-nel","max_age":3600,"endpoints":[{"url":"https://nel.heroku.com/reports?ts=1743157970&sid=c46efe9b-d3d2-4a0c-8c76-bfafa16c5add&s=dcmm%2BAmgKmaarAiqnPSSmBFEWhp8ImegHbZJW8xxLoE%3D"}]}
Reporting-Endpoints: heroku-nel=https://nel.heroku.com/reports?ts=1743157970&sid=c46efe9b-d3d2-4a0c-8c76-bfafa16c5add&s=dcmm%2BAmgKmaarAiqnPSSmBFEWhp8ImegHbZJW8xxLoE%3D
Nel: {"report_to":"heroku-nel","max_age":3600,"success_fraction":0.005,"failure_fraction":0.05,"response_headers":["Via"]}
Connection: keep-alive
X-Powered-By: Express
Content-Type: application/json; charset=utf-8
Content-Length: 171
Etag: W/"ab-lrrVmMtaLij3OgfTMtpxG8TwFAs"
Date: Fri, 28 Mar 2025 10:32:50 GMT
Via: 1.1 vegur

{
    "firstname": "Sally",
    "lastname": "Jones",
    "totalprice": 251,
    "depositpaid": false,
    "bookingdates": {
        "checkin": "2017-04-20",
        "checkout": "2020-08-05"
    },
    "additionalneeds": "Breakfast"
}
2025-03-28 06:32:51 [main] INFO  com.sb.auto.OrangeHRMSpringBootAutomation.api.BookingAPITest - Response of Get Booking for particular ID API {"firstname":"Sally","lastname":"Jones","totalprice":251,"depositpaid":false,"bookingdates":{"checkin":"2017-04-20","checkout":"2020-08-05"},"additionalneeds":"Breakfast"}
2025-03-28 06:32:51 [main] DEBUG org.springframework.test.context.cache - Spring test ApplicationContext cache statistics: [DefaultContextCache@17e725fb size = 1, maxSize = 32, parentContextCount = 0, hitCount = 89, missCount = 1, failureCount = 0]
2025-03-28 06:32:51 [main] INFO  com.sb.auto.OrangeHRMSpringBootAutomation.framework.listener.TestMethodListener - ? After Method: getBookingTest
2025-03-28 06:32:51 [main] INFO  com.sb.auto.OrangeHRMSpringBootAutomation.framework.listener.TestListener - ? Test Passed: getBookingTest
]]></system-out>
  </testcase>
  <testcase name="createBookingTest" classname="com.sb.auto.OrangeHRMSpringBootAutomation.api.BookingAPITest" time="4.448">
    <system-out><![CDATA[2025-03-28 06:32:51 [rp-io-84] DEBUG com.epam.reportportal.service.Launch - Starting test item...rp-io-84
2025-03-28 06:32:51 [main] INFO  com.sb.auto.OrangeHRMSpringBootAutomation.framework.listener.TestMethodListener - ? Before Method: springTestContextAfterTestMethod
2025-03-28 06:32:51 [main] DEBUG org.springframework.test.context.cache - Spring test ApplicationContext cache statistics: [DefaultContextCache@17e725fb size = 1, maxSize = 32, parentContextCount = 0, hitCount = 90, missCount = 1, failureCount = 0]
2025-03-28 06:32:51 [main] DEBUG org.springframework.test.context.cache - Spring test ApplicationContext cache statistics: [DefaultContextCache@17e725fb size = 1, maxSize = 32, parentContextCount = 0, hitCount = 91, missCount = 1, failureCount = 0]
2025-03-28 06:32:51 [main] DEBUG org.springframework.test.context.cache - Spring test ApplicationContext cache statistics: [DefaultContextCache@17e725fb size = 1, maxSize = 32, parentContextCount = 0, hitCount = 92, missCount = 1, failureCount = 0]
2025-03-28 06:32:51 [main] DEBUG org.springframework.test.context.cache - Spring test ApplicationContext cache statistics: [DefaultContextCache@17e725fb size = 1, maxSize = 32, parentContextCount = 0, hitCount = 93, missCount = 1, failureCount = 0]
2025-03-28 06:32:51 [main] DEBUG org.springframework.test.context.cache - Spring test ApplicationContext cache statistics: [DefaultContextCache@17e725fb size = 1, maxSize = 32, parentContextCount = 0, hitCount = 94, missCount = 1, failureCount = 0]
2025-03-28 06:32:51 [main] DEBUG org.springframework.test.context.cache - Spring test ApplicationContext cache statistics: [DefaultContextCache@17e725fb size = 1, maxSize = 32, parentContextCount = 0, hitCount = 95, missCount = 1, failureCount = 0]
2025-03-28 06:32:51 [main] DEBUG org.springframework.test.context.support.DirtiesContextTestExecutionListener - After test method: class [BookingAPITest], method [getBookingTest], class annotated with @DirtiesContext [false] with mode [null], method annotated with @DirtiesContext [false] with mode [null]
2025-03-28 06:32:51 [main] DEBUG org.springframework.test.context.web.ServletTestExecutionListener - Resetting RequestContextHolder for test class com.sb.auto.OrangeHRMSpringBootAutomation.api.BookingAPITest
2025-03-28 06:32:51 [main] INFO  com.sb.auto.OrangeHRMSpringBootAutomation.framework.listener.TestMethodListener - ? After Method: springTestContextAfterTestMethod
2025-03-28 06:32:51 [main] INFO  com.sb.auto.OrangeHRMSpringBootAutomation.framework.listener.TestMethodListener - ? Before Method: springTestContextBeforeTestMethod
2025-03-28 06:32:51 [main] DEBUG com.epam.reportportal.service.Launch - Starting test item...main
2025-03-28T10:32:51.416353Z main ERROR Recursive call to appender ReportPortalAppender
2025-03-28 06:32:51 [main] DEBUG org.springframework.test.context.cache - Spring test ApplicationContext cache statistics: [DefaultContextCache@17e725fb size = 1, maxSize = 32, parentContextCount = 0, hitCount = 96, missCount = 1, failureCount = 0]
2025-03-28 06:32:51 [main] DEBUG org.springframework.test.context.web.ServletTestExecutionListener - Setting up MockHttpServletRequest, MockHttpServletResponse, ServletWebRequest, and RequestContextHolder for test class com.sb.auto.OrangeHRMSpringBootAutomation.api.BookingAPITest
2025-03-28 06:32:51 [main] DEBUG org.springframework.test.context.support.DirtiesContextBeforeModesTestExecutionListener - Before test method: class [BookingAPITest], method [createBookingTest], class annotated with @DirtiesContext [false] with mode [null], method annotated with @DirtiesContext [false] with mode [null]
2025-03-28 06:32:51 [main] DEBUG org.springframework.test.context.support.DependencyInjectionTestExecutionListener - Reinjecting dependencies for test class com.sb.auto.OrangeHRMSpringBootAutomation.api.BookingAPITest
2025-03-28 06:32:51 [main] DEBUG org.springframework.test.context.cache - Spring test ApplicationContext cache statistics: [DefaultContextCache@17e725fb size = 1, maxSize = 32, parentContextCount = 0, hitCount = 97, missCount = 1, failureCount = 0]
2025-03-28 06:32:51 [main] DEBUG org.springframework.test.context.cache - Spring test ApplicationContext cache statistics: [DefaultContextCache@17e725fb size = 1, maxSize = 32, parentContextCount = 0, hitCount = 98, missCount = 1, failureCount = 0]
2025-03-28 06:32:51 [main] DEBUG org.springframework.test.context.cache - Spring test ApplicationContext cache statistics: [DefaultContextCache@17e725fb size = 1, maxSize = 32, parentContextCount = 0, hitCount = 99, missCount = 1, failureCount = 0]
2025-03-28 06:32:51 [rp-io-26] DEBUG com.epam.reportportal.service.Launch - Accepted finish request for test item ID = d143069c-25fa-45ea-a32c-4284a89a9720
2025-03-28 06:32:51 [rp-io-26] DEBUG com.epam.reportportal.utils.SubscriptionUtils - Finish test item completed
2025-03-28 06:32:51 [main] DEBUG org.springframework.test.context.cache - Spring test ApplicationContext cache statistics: [DefaultContextCache@17e725fb size = 1, maxSize = 32, parentContextCount = 0, hitCount = 100, missCount = 1, failureCount = 0]
2025-03-28 06:32:51 [main] INFO  com.sb.auto.OrangeHRMSpringBootAutomation.framework.listener.TestMethodListener - ? After Method: springTestContextBeforeTestMethod
2025-03-28 06:32:51 [main] INFO  com.sb.auto.OrangeHRMSpringBootAutomation.framework.listener.TestListener - ? Test Started: createBookingTest
2025-03-28 06:32:51 [main] DEBUG com.epam.reportportal.service.Launch - Starting test item...main
2025-03-28 06:32:51 [main] INFO  com.sb.auto.OrangeHRMSpringBootAutomation.framework.listener.TestMethodListener - ? Before Method: createBookingTest
2025-03-28 06:32:51 [main] DEBUG org.springframework.test.context.cache - Spring test ApplicationContext cache statistics: [DefaultContextCache@17e725fb size = 1, maxSize = 32, parentContextCount = 0, hitCount = 101, missCount = 1, failureCount = 0]
2025-03-28 06:32:51 [rp-io-84] DEBUG com.epam.reportportal.service.Launch - ReportPortal item with ID '0d301362-fdce-4fb6-98ff-8effab40d2ef' has been created
2025-03-28 06:32:51 [rp-io-84] DEBUG com.epam.reportportal.utils.SubscriptionUtils - Start test item successfully completed
2025-03-28 06:32:51 [rp-io-22] DEBUG com.epam.reportportal.service.Launch - ReportPortal item with ID '341dd740-3fcf-45f7-86c4-340b07cd0d0a' has been created
2025-03-28 06:32:51 [rp-io-19] DEBUG com.epam.reportportal.service.Launch - ReportPortal item with ID '2b38e259-db9c-4e79-a2dc-de008b98ab03' has been created
2025-03-28 06:32:51 [rp-io-22] DEBUG com.epam.reportportal.utils.SubscriptionUtils - Start test item successfully completed
2025-03-28 06:32:51 [rp-io-19] DEBUG com.epam.reportportal.utils.SubscriptionUtils - Start test item successfully completed
2025-03-28 06:32:51 [rp-io-84] DEBUG com.epam.reportportal.service.Launch - Accepted finish request for test item ID = 0d301362-fdce-4fb6-98ff-8effab40d2ef
2025-03-28 06:32:51 [rp-io-36] DEBUG com.epam.reportportal.service.Launch - Accepted finish request for test item ID = 341dd740-3fcf-45f7-86c4-340b07cd0d0a
2025-03-28 06:32:51 [rp-io-36] DEBUG com.epam.reportportal.utils.SubscriptionUtils - Finish test item completed
2025-03-28 06:32:51 [rp-io-84] DEBUG com.epam.reportportal.utils.SubscriptionUtils - Finish test item completed
2025-03-28 06:32:51 [main] DEBUG org.apache.http.impl.conn.BasicClientConnectionManager - Get connection for route {s}->https://restful-booker.herokuapp.com:443
2025-03-28 06:32:51 [main] DEBUG org.apache.http.impl.conn.DefaultClientConnectionOperator - Connecting to restful-booker.herokuapp.com:443
2025-03-28 06:32:52 [main] DEBUG org.apache.http.client.protocol.RequestAddCookies - CookieSpec selected: ignoreCookies
2025-03-28 06:32:52 [main] DEBUG org.apache.http.client.protocol.RequestAuthCache - Auth cache not set in the context
2025-03-28 06:32:52 [main] DEBUG org.apache.http.client.protocol.RequestTargetAuthentication - Target auth state: UNCHALLENGED
2025-03-28 06:32:52 [main] DEBUG org.apache.http.client.protocol.RequestProxyAuthentication - Proxy auth state: UNCHALLENGED
2025-03-28 06:32:52 [main] DEBUG org.apache.http.impl.client.DefaultHttpClient - Attempt 1 to execute request
2025-03-28 06:32:52 [main] DEBUG org.apache.http.impl.conn.DefaultClientConnection - Sending request: POST /auth HTTP/1.1
2025-03-28 06:32:52 [main] DEBUG org.apache.http.wire -  >> "POST /auth HTTP/1.1[\r][\n]"
2025-03-28 06:32:52 [main] DEBUG org.apache.http.wire -  >> "Accept: */*[\r][\n]"
2025-03-28 06:32:52 [main] DEBUG org.apache.http.wire -  >> "Content-Type: application/json[\r][\n]"
2025-03-28 06:32:52 [main] DEBUG org.apache.http.wire -  >> "Content-Length: 45[\r][\n]"
2025-03-28 06:32:52 [main] DEBUG org.apache.http.wire -  >> "Host: restful-booker.herokuapp.com[\r][\n]"
2025-03-28 06:32:52 [main] DEBUG org.apache.http.wire -  >> "Connection: Keep-Alive[\r][\n]"
2025-03-28 06:32:52 [main] DEBUG org.apache.http.wire -  >> "User-Agent: Apache-HttpClient/4.5.13 (Java/17.0.13)[\r][\n]"
2025-03-28 06:32:52 [main] DEBUG org.apache.http.wire -  >> "Accept-Encoding: gzip,deflate[\r][\n]"
2025-03-28 06:32:52 [main] DEBUG org.apache.http.wire -  >> "[\r][\n]"
2025-03-28 06:32:52 [main] DEBUG org.apache.http.headers - >> POST /auth HTTP/1.1
2025-03-28 06:32:52 [main] DEBUG org.apache.http.headers - >> Accept: */*
2025-03-28 06:32:52 [main] DEBUG org.apache.http.headers - >> Content-Type: application/json
2025-03-28 06:32:52 [main] DEBUG org.apache.http.headers - >> Content-Length: 45
2025-03-28 06:32:52 [main] DEBUG org.apache.http.headers - >> Host: restful-booker.herokuapp.com
2025-03-28 06:32:52 [main] DEBUG org.apache.http.headers - >> Connection: Keep-Alive
2025-03-28 06:32:52 [main] DEBUG org.apache.http.headers - >> User-Agent: Apache-HttpClient/4.5.13 (Java/17.0.13)
2025-03-28 06:32:52 [main] DEBUG org.apache.http.headers - >> Accept-Encoding: gzip,deflate
2025-03-28 06:32:52 [main] DEBUG org.apache.http.wire -  >> "{"password":"password123","username":"admin"}"
2025-03-28 06:32:52 [main] DEBUG org.apache.http.wire -  << "HTTP/1.1 200 OK[\r][\n]"
2025-03-28 06:32:52 [main] DEBUG org.apache.http.wire -  << "Server: Cowboy[\r][\n]"
2025-03-28 06:32:52 [main] DEBUG org.apache.http.wire -  << "Report-To: {"group":"heroku-nel","max_age":3600,"endpoints":[{"url":"https://nel.heroku.com/reports?ts=1743157972&sid=c46efe9b-d3d2-4a0c-8c76-bfafa16c5add&s=Row9v2p%2F91oSUYbUr8y8JU09gr573HQpMOa9Tpfrb98%3D"}]}[\r][\n]"
2025-03-28 06:32:52 [main] DEBUG org.apache.http.wire -  << "Reporting-Endpoints: heroku-nel=https://nel.heroku.com/reports?ts=1743157972&sid=c46efe9b-d3d2-4a0c-8c76-bfafa16c5add&s=Row9v2p%2F91oSUYbUr8y8JU09gr573HQpMOa9Tpfrb98%3D[\r][\n]"
2025-03-28 06:32:52 [main] DEBUG org.apache.http.wire -  << "Nel: {"report_to":"heroku-nel","max_age":3600,"success_fraction":0.005,"failure_fraction":0.05,"response_headers":["Via"]}[\r][\n]"
2025-03-28 06:32:52 [main] DEBUG org.apache.http.wire -  << "Connection: keep-alive[\r][\n]"
2025-03-28 06:32:52 [main] DEBUG org.apache.http.wire -  << "X-Powered-By: Express[\r][\n]"
2025-03-28 06:32:52 [main] DEBUG org.apache.http.wire -  << "Content-Type: application/json; charset=utf-8[\r][\n]"
2025-03-28 06:32:52 [main] DEBUG org.apache.http.wire -  << "Content-Length: 27[\r][\n]"
2025-03-28 06:32:52 [main] DEBUG org.apache.http.wire -  << "Etag: W/"1b-glfycQo6M/icBADIhHE5O0a1Njg"[\r][\n]"
2025-03-28 06:32:52 [main] DEBUG org.apache.http.wire -  << "Date: Fri, 28 Mar 2025 10:32:52 GMT[\r][\n]"
2025-03-28 06:32:52 [main] DEBUG org.apache.http.wire -  << "Via: 1.1 vegur[\r][\n]"
2025-03-28 06:32:52 [main] DEBUG org.apache.http.wire -  << "[\r][\n]"
2025-03-28 06:32:53 [main] DEBUG org.apache.http.impl.conn.DefaultClientConnection - Receiving response: HTTP/1.1 200 OK
2025-03-28 06:32:53 [main] DEBUG org.apache.http.headers - << HTTP/1.1 200 OK
2025-03-28 06:32:53 [main] DEBUG org.apache.http.headers - << Server: Cowboy
2025-03-28 06:32:53 [main] DEBUG org.apache.http.headers - << Report-To: {"group":"heroku-nel","max_age":3600,"endpoints":[{"url":"https://nel.heroku.com/reports?ts=1743157972&sid=c46efe9b-d3d2-4a0c-8c76-bfafa16c5add&s=Row9v2p%2F91oSUYbUr8y8JU09gr573HQpMOa9Tpfrb98%3D"}]}
2025-03-28 06:32:53 [main] DEBUG org.apache.http.headers - << Reporting-Endpoints: heroku-nel=https://nel.heroku.com/reports?ts=1743157972&sid=c46efe9b-d3d2-4a0c-8c76-bfafa16c5add&s=Row9v2p%2F91oSUYbUr8y8JU09gr573HQpMOa9Tpfrb98%3D
2025-03-28 06:32:53 [main] DEBUG org.apache.http.headers - << Nel: {"report_to":"heroku-nel","max_age":3600,"success_fraction":0.005,"failure_fraction":0.05,"response_headers":["Via"]}
2025-03-28 06:32:53 [main] DEBUG org.apache.http.headers - << Connection: keep-alive
2025-03-28 06:32:53 [main] DEBUG org.apache.http.headers - << X-Powered-By: Express
2025-03-28 06:32:53 [main] DEBUG org.apache.http.headers - << Content-Type: application/json; charset=utf-8
2025-03-28 06:32:53 [main] DEBUG org.apache.http.headers - << Content-Length: 27
2025-03-28 06:32:53 [main] DEBUG org.apache.http.headers - << Etag: W/"1b-glfycQo6M/icBADIhHE5O0a1Njg"
2025-03-28 06:32:53 [main] DEBUG org.apache.http.headers - << Date: Fri, 28 Mar 2025 10:32:52 GMT
2025-03-28 06:32:53 [main] DEBUG org.apache.http.headers - << Via: 1.1 vegur
2025-03-28 06:32:53 [main] DEBUG org.apache.http.impl.client.DefaultHttpClient - Connection can be kept alive indefinitely
2025-03-28 06:32:53 [main] DEBUG io.restassured.internal.RestAssuredHttpBuilder - Parsing response as: application/json; charset=utf-8
2025-03-28 06:32:53 [main] DEBUG io.restassured.internal.RestAssuredHttpBuilder - Parsed data to instance of: class org.apache.http.conn.EofSensorInputStream
2025-03-28 06:32:53 [main] DEBUG org.apache.http.wire -  << "{"token":"d2082d3e4c7d152"}"
2025-03-28 06:32:53 [main] DEBUG org.apache.http.impl.conn.BasicClientConnectionManager - Releasing connection org.apache.http.impl.conn.ManagedClientConnectionImpl@79228440
2025-03-28 06:32:53 [main] DEBUG org.apache.http.impl.conn.BasicClientConnectionManager - Connection can be kept alive indefinitely
2025-03-28 06:32:53 [Finalizer] DEBUG org.apache.http.impl.conn.DefaultClientConnection - Connection 0.0.0.0:65373<->54.243.238.66:443 closed
2025-03-28 06:32:53 [Finalizer] DEBUG org.apache.http.impl.conn.DefaultClientConnection - Connection 0.0.0.0:65374<->54.243.238.66:443 closed
2025-03-28 06:32:53 [Finalizer] DEBUG org.apache.http.impl.conn.DefaultClientConnection - Connection 0.0.0.0:65369<->54.243.238.66:443 closed
Request method:	POST
Request URI:	https://restful-booker.herokuapp.com/booking
Proxy:			<none>
Request params:	<none>
Query params:	<none>
Form params:	<none>
Path params:	<none>
Headers:		Authorization=Basic d2082d3e4c7d152
				Accept=application/json
				Content-Type=application/json
Cookies:		<none>
Multiparts:		<none>
Body:
{
    "firstname": "Jim",
    "lastname": "Brown",
    "totalprice": 111,
    "depositpaid": true,
    "additionalneeds": "Breakfast",
    "bookingdates": {
        "checkin": "2018-01-01",
        "checkout": "2019-01-01"
    }
}
2025-03-28 06:32:54 [main] DEBUG org.apache.http.impl.conn.BasicClientConnectionManager - Get connection for route {s}->https://restful-booker.herokuapp.com:443
2025-03-28 06:32:54 [main] DEBUG org.apache.http.impl.conn.DefaultClientConnectionOperator - Connecting to restful-booker.herokuapp.com:443
2025-03-28 06:32:55 [main] DEBUG org.apache.http.client.protocol.RequestAddCookies - CookieSpec selected: ignoreCookies
2025-03-28 06:32:55 [main] DEBUG org.apache.http.client.protocol.RequestAuthCache - Auth cache not set in the context
2025-03-28 06:32:55 [main] DEBUG org.apache.http.client.protocol.RequestProxyAuthentication - Proxy auth state: UNCHALLENGED
2025-03-28 06:32:55 [main] DEBUG org.apache.http.impl.client.DefaultHttpClient - Attempt 1 to execute request
2025-03-28 06:32:55 [main] DEBUG org.apache.http.impl.conn.DefaultClientConnection - Sending request: POST /booking HTTP/1.1
2025-03-28 06:32:55 [main] DEBUG org.apache.http.wire -  >> "POST /booking HTTP/1.1[\r][\n]"
2025-03-28 06:32:55 [main] DEBUG org.apache.http.wire -  >> "Authorization: Basic d2082d3e4c7d152[\r][\n]"
2025-03-28 06:32:55 [main] DEBUG org.apache.http.wire -  >> "Accept: application/json[\r][\n]"
2025-03-28 06:32:55 [main] DEBUG org.apache.http.wire -  >> "Content-Type: application/json[\r][\n]"
2025-03-28 06:32:55 [main] DEBUG org.apache.http.wire -  >> "Content-Length: 168[\r][\n]"
2025-03-28 06:32:55 [main] DEBUG org.apache.http.wire -  >> "Host: restful-booker.herokuapp.com[\r][\n]"
2025-03-28 06:32:55 [main] DEBUG org.apache.http.wire -  >> "Connection: Keep-Alive[\r][\n]"
2025-03-28 06:32:55 [main] DEBUG org.apache.http.wire -  >> "User-Agent: Apache-HttpClient/4.5.13 (Java/17.0.13)[\r][\n]"
2025-03-28 06:32:55 [main] DEBUG org.apache.http.wire -  >> "Accept-Encoding: gzip,deflate[\r][\n]"
2025-03-28 06:32:55 [main] DEBUG org.apache.http.wire -  >> "[\r][\n]"
2025-03-28 06:32:55 [main] DEBUG org.apache.http.headers - >> POST /booking HTTP/1.1
2025-03-28 06:32:55 [main] DEBUG org.apache.http.headers - >> Authorization: Basic d2082d3e4c7d152
2025-03-28 06:32:55 [main] DEBUG org.apache.http.headers - >> Accept: application/json
2025-03-28 06:32:55 [main] DEBUG org.apache.http.headers - >> Content-Type: application/json
2025-03-28 06:32:55 [main] DEBUG org.apache.http.headers - >> Content-Length: 168
2025-03-28 06:32:55 [main] DEBUG org.apache.http.headers - >> Host: restful-booker.herokuapp.com
2025-03-28 06:32:55 [main] DEBUG org.apache.http.headers - >> Connection: Keep-Alive
2025-03-28 06:32:55 [main] DEBUG org.apache.http.headers - >> User-Agent: Apache-HttpClient/4.5.13 (Java/17.0.13)
2025-03-28 06:32:55 [main] DEBUG org.apache.http.headers - >> Accept-Encoding: gzip,deflate
2025-03-28 06:32:55 [main] DEBUG org.apache.http.wire -  >> "{"firstname":"Jim","lastname":"Brown","totalprice":111,"depositpaid":true,"additionalneeds":"Breakfast","bookingdates":{"checkin":"2018-01-01","checkout":"2019-01-01"}}"
2025-03-28 06:32:55 [main] DEBUG org.apache.http.wire -  << "HTTP/1.1 200 OK[\r][\n]"
2025-03-28 06:32:55 [main] DEBUG org.apache.http.wire -  << "Server: Cowboy[\r][\n]"
2025-03-28 06:32:55 [main] DEBUG org.apache.http.wire -  << "Report-To: {"group":"heroku-nel","max_age":3600,"endpoints":[{"url":"https://nel.heroku.com/reports?ts=1743157975&sid=c46efe9b-d3d2-4a0c-8c76-bfafa16c5add&s=F83%2BPuLIeu8SIAm%2BKZES7DS%2BCowdv9vpuSPsv6y%2FdcU%3D"}]}[\r][\n]"
2025-03-28 06:32:55 [main] DEBUG org.apache.http.wire -  << "Reporting-Endpoints: heroku-nel=https://nel.heroku.com/reports?ts=1743157975&sid=c46efe9b-d3d2-4a0c-8c76-bfafa16c5add&s=F83%2BPuLIeu8SIAm%2BKZES7DS%2BCowdv9vpuSPsv6y%2FdcU%3D[\r][\n]"
2025-03-28 06:32:55 [main] DEBUG org.apache.http.wire -  << "Nel: {"report_to":"heroku-nel","max_age":3600,"success_fraction":0.005,"failure_fraction":0.05,"response_headers":["Via"]}[\r][\n]"
2025-03-28 06:32:55 [main] DEBUG org.apache.http.wire -  << "Connection: keep-alive[\r][\n]"
2025-03-28 06:32:55 [main] DEBUG org.apache.http.wire -  << "X-Powered-By: Express[\r][\n]"
2025-03-28 06:32:55 [main] DEBUG org.apache.http.wire -  << "Content-Type: application/json; charset=utf-8[\r][\n]"
2025-03-28 06:32:55 [main] DEBUG org.apache.http.wire -  << "Content-Length: 196[\r][\n]"
2025-03-28 06:32:55 [main] DEBUG org.apache.http.wire -  << "Etag: W/"c4-CdMR2qcVqbkqUwIOlKVLzCsY6nk"[\r][\n]"
2025-03-28 06:32:55 [main] DEBUG org.apache.http.wire -  << "Date: Fri, 28 Mar 2025 10:32:55 GMT[\r][\n]"
2025-03-28 06:32:55 [main] DEBUG org.apache.http.wire -  << "Via: 1.1 vegur[\r][\n]"
2025-03-28 06:32:55 [main] DEBUG org.apache.http.wire -  << "[\r][\n]"
2025-03-28 06:32:55 [main] DEBUG org.apache.http.impl.conn.DefaultClientConnection - Receiving response: HTTP/1.1 200 OK
2025-03-28 06:32:55 [main] DEBUG org.apache.http.headers - << HTTP/1.1 200 OK
2025-03-28 06:32:55 [main] DEBUG org.apache.http.headers - << Server: Cowboy
2025-03-28 06:32:55 [main] DEBUG org.apache.http.headers - << Report-To: {"group":"heroku-nel","max_age":3600,"endpoints":[{"url":"https://nel.heroku.com/reports?ts=1743157975&sid=c46efe9b-d3d2-4a0c-8c76-bfafa16c5add&s=F83%2BPuLIeu8SIAm%2BKZES7DS%2BCowdv9vpuSPsv6y%2FdcU%3D"}]}
2025-03-28 06:32:55 [main] DEBUG org.apache.http.headers - << Reporting-Endpoints: heroku-nel=https://nel.heroku.com/reports?ts=1743157975&sid=c46efe9b-d3d2-4a0c-8c76-bfafa16c5add&s=F83%2BPuLIeu8SIAm%2BKZES7DS%2BCowdv9vpuSPsv6y%2FdcU%3D
2025-03-28 06:32:55 [main] DEBUG org.apache.http.headers - << Nel: {"report_to":"heroku-nel","max_age":3600,"success_fraction":0.005,"failure_fraction":0.05,"response_headers":["Via"]}
2025-03-28 06:32:55 [main] DEBUG org.apache.http.headers - << Connection: keep-alive
2025-03-28 06:32:55 [main] DEBUG org.apache.http.headers - << X-Powered-By: Express
2025-03-28 06:32:55 [main] DEBUG org.apache.http.headers - << Content-Type: application/json; charset=utf-8
2025-03-28 06:32:55 [main] DEBUG org.apache.http.headers - << Content-Length: 196
2025-03-28 06:32:55 [main] DEBUG org.apache.http.headers - << Etag: W/"c4-CdMR2qcVqbkqUwIOlKVLzCsY6nk"
2025-03-28 06:32:55 [main] DEBUG org.apache.http.headers - << Date: Fri, 28 Mar 2025 10:32:55 GMT
2025-03-28 06:32:55 [main] DEBUG org.apache.http.headers - << Via: 1.1 vegur
2025-03-28 06:32:55 [main] DEBUG org.apache.http.impl.client.DefaultHttpClient - Connection can be kept alive indefinitely
2025-03-28 06:32:55 [main] DEBUG io.restassured.internal.RestAssuredHttpBuilder - Parsing response as: application/json; charset=utf-8
2025-03-28 06:32:55 [main] DEBUG io.restassured.internal.RestAssuredHttpBuilder - Parsed data to instance of: class org.apache.http.conn.EofSensorInputStream
2025-03-28 06:32:55 [main] DEBUG org.apache.http.wire -  << "{"bookingid":892,"booking":{"firstname":"Jim","lastname":"Brown","totalprice":111,"depositpaid":true,"bookingdates":{"checkin":"2018-01-01","checkout":"2019-01-01"},"additionalneeds":"Breakfast"}}"
2025-03-28 06:32:55 [main] DEBUG org.apache.http.impl.conn.BasicClientConnectionManager - Releasing connection org.apache.http.impl.conn.ManagedClientConnectionImpl@765cb6c1
2025-03-28 06:32:55 [main] DEBUG org.apache.http.impl.conn.BasicClientConnectionManager - Connection can be kept alive indefinitely
HTTP/1.1 200 OK
Server: Cowboy
Report-To: {"group":"heroku-nel","max_age":3600,"endpoints":[{"url":"https://nel.heroku.com/reports?ts=1743157975&sid=c46efe9b-d3d2-4a0c-8c76-bfafa16c5add&s=F83%2BPuLIeu8SIAm%2BKZES7DS%2BCowdv9vpuSPsv6y%2FdcU%3D"}]}
Reporting-Endpoints: heroku-nel=https://nel.heroku.com/reports?ts=1743157975&sid=c46efe9b-d3d2-4a0c-8c76-bfafa16c5add&s=F83%2BPuLIeu8SIAm%2BKZES7DS%2BCowdv9vpuSPsv6y%2FdcU%3D
Nel: {"report_to":"heroku-nel","max_age":3600,"success_fraction":0.005,"failure_fraction":0.05,"response_headers":["Via"]}
Connection: keep-alive
X-Powered-By: Express
Content-Type: application/json; charset=utf-8
Content-Length: 196
Etag: W/"c4-CdMR2qcVqbkqUwIOlKVLzCsY6nk"
Date: Fri, 28 Mar 2025 10:32:55 GMT
Via: 1.1 vegur

{
    "bookingid": 892,
    "booking": {
        "firstname": "Jim",
        "lastname": "Brown",
        "totalprice": 111,
        "depositpaid": true,
        "bookingdates": {
            "checkin": "2018-01-01",
            "checkout": "2019-01-01"
        },
        "additionalneeds": "Breakfast"
    }
}
2025-03-28 06:32:55 [main] INFO  com.sb.auto.OrangeHRMSpringBootAutomation.api.BookingAPITest - Response of Create Booking API {"bookingid":892,"booking":{"firstname":"Jim","lastname":"Brown","totalprice":111,"depositpaid":true,"bookingdates":{"checkin":"2018-01-01","checkout":"2019-01-01"},"additionalneeds":"Breakfast"}}
2025-03-28 06:32:55 [main] DEBUG org.springframework.test.context.cache - Spring test ApplicationContext cache statistics: [DefaultContextCache@17e725fb size = 1, maxSize = 32, parentContextCount = 0, hitCount = 102, missCount = 1, failureCount = 0]
2025-03-28 06:32:55 [main] INFO  com.sb.auto.OrangeHRMSpringBootAutomation.framework.listener.TestMethodListener - ? After Method: createBookingTest
2025-03-28 06:32:55 [main] INFO  com.sb.auto.OrangeHRMSpringBootAutomation.framework.listener.TestListener - ? Test Passed: createBookingTest
]]></system-out>
  </testcase>
  <testcase name="updateBookingTest" classname="com.sb.auto.OrangeHRMSpringBootAutomation.api.BookingAPITest" time="1.506">
    <system-out><![CDATA[2025-03-28 06:32:55 [main] INFO  com.sb.auto.OrangeHRMSpringBootAutomation.framework.listener.TestMethodListener - ? Before Method: springTestContextAfterTestMethod
2025-03-28 06:32:55 [rp-io-78] DEBUG com.epam.reportportal.service.Launch - Starting test item...rp-io-78
2025-03-28 06:32:55 [main] DEBUG org.springframework.test.context.cache - Spring test ApplicationContext cache statistics: [DefaultContextCache@17e725fb size = 1, maxSize = 32, parentContextCount = 0, hitCount = 103, missCount = 1, failureCount = 0]
2025-03-28 06:32:55 [main] DEBUG org.springframework.test.context.cache - Spring test ApplicationContext cache statistics: [DefaultContextCache@17e725fb size = 1, maxSize = 32, parentContextCount = 0, hitCount = 104, missCount = 1, failureCount = 0]
2025-03-28 06:32:55 [main] DEBUG org.springframework.test.context.cache - Spring test ApplicationContext cache statistics: [DefaultContextCache@17e725fb size = 1, maxSize = 32, parentContextCount = 0, hitCount = 105, missCount = 1, failureCount = 0]
2025-03-28 06:32:55 [main] DEBUG org.springframework.test.context.cache - Spring test ApplicationContext cache statistics: [DefaultContextCache@17e725fb size = 1, maxSize = 32, parentContextCount = 0, hitCount = 106, missCount = 1, failureCount = 0]
2025-03-28 06:32:55 [main] DEBUG org.springframework.test.context.cache - Spring test ApplicationContext cache statistics: [DefaultContextCache@17e725fb size = 1, maxSize = 32, parentContextCount = 0, hitCount = 107, missCount = 1, failureCount = 0]
2025-03-28 06:32:55 [main] DEBUG org.springframework.test.context.cache - Spring test ApplicationContext cache statistics: [DefaultContextCache@17e725fb size = 1, maxSize = 32, parentContextCount = 0, hitCount = 108, missCount = 1, failureCount = 0]
2025-03-28 06:32:55 [main] DEBUG org.springframework.test.context.support.DirtiesContextTestExecutionListener - After test method: class [BookingAPITest], method [createBookingTest], class annotated with @DirtiesContext [false] with mode [null], method annotated with @DirtiesContext [false] with mode [null]
2025-03-28 06:32:55 [main] DEBUG org.springframework.test.context.web.ServletTestExecutionListener - Resetting RequestContextHolder for test class com.sb.auto.OrangeHRMSpringBootAutomation.api.BookingAPITest
2025-03-28 06:32:55 [main] INFO  com.sb.auto.OrangeHRMSpringBootAutomation.framework.listener.TestMethodListener - ? After Method: springTestContextAfterTestMethod
2025-03-28 06:32:55 [rp-io-62] DEBUG com.epam.reportportal.service.Launch - Starting test item...rp-io-62
2025-03-28 06:32:55 [main] INFO  com.sb.auto.OrangeHRMSpringBootAutomation.framework.listener.TestMethodListener - ? Before Method: springTestContextBeforeTestMethod
2025-03-28 06:32:55 [main] DEBUG org.springframework.test.context.cache - Spring test ApplicationContext cache statistics: [DefaultContextCache@17e725fb size = 1, maxSize = 32, parentContextCount = 0, hitCount = 109, missCount = 1, failureCount = 0]
2025-03-28 06:32:55 [rp-io-77] DEBUG com.epam.reportportal.service.Launch - Accepted finish request for test item ID = 2b38e259-db9c-4e79-a2dc-de008b98ab03
2025-03-28 06:32:55 [main] DEBUG org.springframework.test.context.web.ServletTestExecutionListener - Setting up MockHttpServletRequest, MockHttpServletResponse, ServletWebRequest, and RequestContextHolder for test class com.sb.auto.OrangeHRMSpringBootAutomation.api.BookingAPITest
2025-03-28 06:32:55 [rp-io-77] DEBUG com.epam.reportportal.utils.SubscriptionUtils - Finish test item completed
2025-03-28 06:32:55 [main] DEBUG org.springframework.test.context.support.DirtiesContextBeforeModesTestExecutionListener - Before test method: class [BookingAPITest], method [updateBookingTest], class annotated with @DirtiesContext [false] with mode [null], method annotated with @DirtiesContext [false] with mode [null]
2025-03-28 06:32:55 [main] DEBUG org.springframework.test.context.support.DependencyInjectionTestExecutionListener - Reinjecting dependencies for test class com.sb.auto.OrangeHRMSpringBootAutomation.api.BookingAPITest
2025-03-28 06:32:55 [main] DEBUG org.springframework.test.context.cache - Spring test ApplicationContext cache statistics: [DefaultContextCache@17e725fb size = 1, maxSize = 32, parentContextCount = 0, hitCount = 110, missCount = 1, failureCount = 0]
2025-03-28 06:32:55 [main] DEBUG org.springframework.test.context.cache - Spring test ApplicationContext cache statistics: [DefaultContextCache@17e725fb size = 1, maxSize = 32, parentContextCount = 0, hitCount = 111, missCount = 1, failureCount = 0]
2025-03-28 06:32:55 [main] DEBUG org.springframework.test.context.cache - Spring test ApplicationContext cache statistics: [DefaultContextCache@17e725fb size = 1, maxSize = 32, parentContextCount = 0, hitCount = 112, missCount = 1, failureCount = 0]
2025-03-28 06:32:55 [main] DEBUG org.springframework.test.context.cache - Spring test ApplicationContext cache statistics: [DefaultContextCache@17e725fb size = 1, maxSize = 32, parentContextCount = 0, hitCount = 113, missCount = 1, failureCount = 0]
2025-03-28 06:32:55 [main] INFO  com.sb.auto.OrangeHRMSpringBootAutomation.framework.listener.TestMethodListener - ? After Method: springTestContextBeforeTestMethod
2025-03-28 06:32:55 [rp-io-78] DEBUG com.epam.reportportal.service.Launch - ReportPortal item with ID '91bb401e-05aa-4e9c-a95d-e971028aa4ea' has been created
2025-03-28 06:32:55 [rp-io-78] DEBUG com.epam.reportportal.utils.SubscriptionUtils - Start test item successfully completed
2025-03-28 06:32:55 [rp-io-86] DEBUG com.epam.reportportal.service.Launch - Starting test item...rp-io-86
2025-03-28 06:32:55 [main] INFO  com.sb.auto.OrangeHRMSpringBootAutomation.framework.listener.TestListener - ? Test Started: updateBookingTest
2025-03-28 06:32:55 [main] INFO  com.sb.auto.OrangeHRMSpringBootAutomation.framework.listener.TestMethodListener - ? Before Method: updateBookingTest
2025-03-28 06:32:55 [main] DEBUG org.springframework.test.context.cache - Spring test ApplicationContext cache statistics: [DefaultContextCache@17e725fb size = 1, maxSize = 32, parentContextCount = 0, hitCount = 114, missCount = 1, failureCount = 0]
2025-03-28 06:32:55 [rp-io-62] DEBUG com.epam.reportportal.service.Launch - ReportPortal item with ID '10eba250-67aa-4707-a582-2c25e44a8557' has been created
2025-03-28 06:32:55 [rp-io-62] DEBUG com.epam.reportportal.utils.SubscriptionUtils - Start test item successfully completed
2025-03-28 06:32:56 [rp-io-86] DEBUG com.epam.reportportal.service.Launch - ReportPortal item with ID '65a2e682-ed26-47fe-9728-165e41398782' has been created
2025-03-28 06:32:56 [rp-io-86] DEBUG com.epam.reportportal.utils.SubscriptionUtils - Start test item successfully completed
2025-03-28 06:32:56 [rp-io-91] DEBUG com.epam.reportportal.service.Launch - Accepted finish request for test item ID = 91bb401e-05aa-4e9c-a95d-e971028aa4ea
2025-03-28 06:32:56 [rp-io-91] DEBUG com.epam.reportportal.utils.SubscriptionUtils - Finish test item completed
2025-03-28 06:32:56 [rp-io-83] DEBUG com.epam.reportportal.service.Launch - Accepted finish request for test item ID = 10eba250-67aa-4707-a582-2c25e44a8557
2025-03-28 06:32:56 [rp-io-83] DEBUG com.epam.reportportal.utils.SubscriptionUtils - Finish test item completed
Request method:	PUT
Request URI:	https://restful-booker.herokuapp.com/booking/1
Proxy:			<none>
Request params:	<none>
Query params:	<none>
Form params:	<none>
Path params:	<none>
Headers:		Authorization=Basic YWRtaW46cGFzc3dvcmQxMjM=
				Accept=application/json
				Content-Type=application/json
Cookies:		<none>
Multiparts:		<none>
Body:
{
    "firstname": "James",
    "lastname": "Sam",
    "totalprice": 500,
    "depositpaid": false,
    "additionalneeds": "Dinner",
    "bookingdates": {
        "checkin": "2028-01-01",
        "checkout": "2029-01-01"
    }
}
2025-03-28 06:32:56 [main] DEBUG org.apache.http.impl.conn.BasicClientConnectionManager - Get connection for route {s}->https://restful-booker.herokuapp.com:443
2025-03-28 06:32:56 [main] DEBUG org.apache.http.impl.conn.DefaultClientConnectionOperator - Connecting to restful-booker.herokuapp.com:443
2025-03-28 06:32:57 [main] DEBUG org.apache.http.client.protocol.RequestAddCookies - CookieSpec selected: ignoreCookies
2025-03-28 06:32:57 [main] DEBUG org.apache.http.client.protocol.RequestAuthCache - Auth cache not set in the context
2025-03-28 06:32:57 [main] DEBUG org.apache.http.client.protocol.RequestProxyAuthentication - Proxy auth state: UNCHALLENGED
2025-03-28 06:32:57 [main] DEBUG org.apache.http.impl.client.DefaultHttpClient - Attempt 1 to execute request
2025-03-28 06:32:57 [main] DEBUG org.apache.http.impl.conn.DefaultClientConnection - Sending request: PUT /booking/1 HTTP/1.1
2025-03-28 06:32:57 [main] DEBUG org.apache.http.wire -  >> "PUT /booking/1 HTTP/1.1[\r][\n]"
2025-03-28 06:32:57 [main] DEBUG org.apache.http.wire -  >> "Authorization: Basic YWRtaW46cGFzc3dvcmQxMjM=[\r][\n]"
2025-03-28 06:32:57 [main] DEBUG org.apache.http.wire -  >> "Accept: application/json[\r][\n]"
2025-03-28 06:32:57 [main] DEBUG org.apache.http.wire -  >> "Content-Type: application/json[\r][\n]"
2025-03-28 06:32:57 [main] DEBUG org.apache.http.wire -  >> "Content-Length: 166[\r][\n]"
2025-03-28 06:32:57 [main] DEBUG org.apache.http.wire -  >> "Host: restful-booker.herokuapp.com[\r][\n]"
2025-03-28 06:32:57 [main] DEBUG org.apache.http.wire -  >> "Connection: Keep-Alive[\r][\n]"
2025-03-28 06:32:57 [main] DEBUG org.apache.http.wire -  >> "User-Agent: Apache-HttpClient/4.5.13 (Java/17.0.13)[\r][\n]"
2025-03-28 06:32:57 [main] DEBUG org.apache.http.wire -  >> "Accept-Encoding: gzip,deflate[\r][\n]"
2025-03-28 06:32:57 [main] DEBUG org.apache.http.wire -  >> "[\r][\n]"
2025-03-28 06:32:57 [main] DEBUG org.apache.http.headers - >> PUT /booking/1 HTTP/1.1
2025-03-28 06:32:57 [main] DEBUG org.apache.http.headers - >> Authorization: Basic YWRtaW46cGFzc3dvcmQxMjM=
2025-03-28 06:32:57 [main] DEBUG org.apache.http.headers - >> Accept: application/json
2025-03-28 06:32:57 [main] DEBUG org.apache.http.headers - >> Content-Type: application/json
2025-03-28 06:32:57 [main] DEBUG org.apache.http.headers - >> Content-Length: 166
2025-03-28 06:32:57 [main] DEBUG org.apache.http.headers - >> Host: restful-booker.herokuapp.com
2025-03-28 06:32:57 [main] DEBUG org.apache.http.headers - >> Connection: Keep-Alive
2025-03-28 06:32:57 [main] DEBUG org.apache.http.headers - >> User-Agent: Apache-HttpClient/4.5.13 (Java/17.0.13)
2025-03-28 06:32:57 [main] DEBUG org.apache.http.headers - >> Accept-Encoding: gzip,deflate
2025-03-28 06:32:57 [main] DEBUG org.apache.http.wire -  >> "{"firstname":"James","lastname":"Sam","totalprice":500,"depositpaid":false,"additionalneeds":"Dinner","bookingdates":{"checkin":"2028-01-01","checkout":"2029-01-01"}}"
2025-03-28 06:32:57 [main] DEBUG org.apache.http.wire -  << "HTTP/1.1 200 OK[\r][\n]"
2025-03-28 06:32:57 [main] DEBUG org.apache.http.wire -  << "Server: Cowboy[\r][\n]"
2025-03-28 06:32:57 [main] DEBUG org.apache.http.wire -  << "Report-To: {"group":"heroku-nel","max_age":3600,"endpoints":[{"url":"https://nel.heroku.com/reports?ts=1743157976&sid=c46efe9b-d3d2-4a0c-8c76-bfafa16c5add&s=753PczuP7Zf9zcuLVCu0uBodOv3BOXIsJrm4LKoGI%2Fo%3D"}]}[\r][\n]"
2025-03-28 06:32:57 [main] DEBUG org.apache.http.wire -  << "Reporting-Endpoints: heroku-nel=https://nel.heroku.com/reports?ts=1743157976&sid=c46efe9b-d3d2-4a0c-8c76-bfafa16c5add&s=753PczuP7Zf9zcuLVCu0uBodOv3BOXIsJrm4LKoGI%2Fo%3D[\r][\n]"
2025-03-28 06:32:57 [main] DEBUG org.apache.http.wire -  << "Nel: {"report_to":"heroku-nel","max_age":3600,"success_fraction":0.005,"failure_fraction":0.05,"response_headers":["Via"]}[\r][\n]"
2025-03-28 06:32:57 [main] DEBUG org.apache.http.wire -  << "Connection: keep-alive[\r][\n]"
2025-03-28 06:32:57 [main] DEBUG org.apache.http.wire -  << "X-Powered-By: Express[\r][\n]"
2025-03-28 06:32:57 [main] DEBUG org.apache.http.wire -  << "Content-Type: application/json; charset=utf-8[\r][\n]"
2025-03-28 06:32:57 [main] DEBUG org.apache.http.wire -  << "Content-Length: 166[\r][\n]"
2025-03-28 06:32:57 [main] DEBUG org.apache.http.wire -  << "Etag: W/"a6-eRdbBZwr/UinyejIGaQSRLl0tZ0"[\r][\n]"
2025-03-28 06:32:57 [main] DEBUG org.apache.http.wire -  << "Date: Fri, 28 Mar 2025 10:32:56 GMT[\r][\n]"
2025-03-28 06:32:57 [main] DEBUG org.apache.http.wire -  << "Via: 1.1 vegur[\r][\n]"
2025-03-28 06:32:57 [main] DEBUG org.apache.http.wire -  << "[\r][\n]"
2025-03-28 06:32:57 [main] DEBUG org.apache.http.impl.conn.DefaultClientConnection - Receiving response: HTTP/1.1 200 OK
2025-03-28 06:32:57 [main] DEBUG org.apache.http.headers - << HTTP/1.1 200 OK
2025-03-28 06:32:57 [main] DEBUG org.apache.http.headers - << Server: Cowboy
2025-03-28 06:32:57 [main] DEBUG org.apache.http.headers - << Report-To: {"group":"heroku-nel","max_age":3600,"endpoints":[{"url":"https://nel.heroku.com/reports?ts=1743157976&sid=c46efe9b-d3d2-4a0c-8c76-bfafa16c5add&s=753PczuP7Zf9zcuLVCu0uBodOv3BOXIsJrm4LKoGI%2Fo%3D"}]}
2025-03-28 06:32:57 [main] DEBUG org.apache.http.headers - << Reporting-Endpoints: heroku-nel=https://nel.heroku.com/reports?ts=1743157976&sid=c46efe9b-d3d2-4a0c-8c76-bfafa16c5add&s=753PczuP7Zf9zcuLVCu0uBodOv3BOXIsJrm4LKoGI%2Fo%3D
2025-03-28 06:32:57 [main] DEBUG org.apache.http.headers - << Nel: {"report_to":"heroku-nel","max_age":3600,"success_fraction":0.005,"failure_fraction":0.05,"response_headers":["Via"]}
2025-03-28 06:32:57 [main] DEBUG org.apache.http.headers - << Connection: keep-alive
2025-03-28 06:32:57 [main] DEBUG org.apache.http.headers - << X-Powered-By: Express
2025-03-28 06:32:57 [main] DEBUG org.apache.http.headers - << Content-Type: application/json; charset=utf-8
2025-03-28 06:32:57 [main] DEBUG org.apache.http.headers - << Content-Length: 166
2025-03-28 06:32:57 [main] DEBUG org.apache.http.headers - << Etag: W/"a6-eRdbBZwr/UinyejIGaQSRLl0tZ0"
2025-03-28 06:32:57 [main] DEBUG org.apache.http.headers - << Date: Fri, 28 Mar 2025 10:32:56 GMT
2025-03-28 06:32:57 [main] DEBUG org.apache.http.headers - << Via: 1.1 vegur
2025-03-28 06:32:57 [main] DEBUG org.apache.http.impl.client.DefaultHttpClient - Connection can be kept alive indefinitely
2025-03-28 06:32:57 [main] DEBUG io.restassured.internal.RestAssuredHttpBuilder - Parsing response as: application/json; charset=utf-8
2025-03-28 06:32:57 [main] DEBUG io.restassured.internal.RestAssuredHttpBuilder - Parsed data to instance of: class org.apache.http.conn.EofSensorInputStream
2025-03-28 06:32:57 [main] DEBUG org.apache.http.wire -  << "{"firstname":"James","lastname":"Sam","totalprice":500,"depositpaid":false,"bookingdates":{"checkin":"2028-01-01","checkout":"2029-01-01"},"additionalneeds":"Dinner"}"
2025-03-28 06:32:57 [main] DEBUG org.apache.http.impl.conn.BasicClientConnectionManager - Releasing connection org.apache.http.impl.conn.ManagedClientConnectionImpl@3f4b52fa
2025-03-28 06:32:57 [main] DEBUG org.apache.http.impl.conn.BasicClientConnectionManager - Connection can be kept alive indefinitely
HTTP/1.1 200 OK
Server: Cowboy
Report-To: {"group":"heroku-nel","max_age":3600,"endpoints":[{"url":"https://nel.heroku.com/reports?ts=1743157976&sid=c46efe9b-d3d2-4a0c-8c76-bfafa16c5add&s=753PczuP7Zf9zcuLVCu0uBodOv3BOXIsJrm4LKoGI%2Fo%3D"}]}
Reporting-Endpoints: heroku-nel=https://nel.heroku.com/reports?ts=1743157976&sid=c46efe9b-d3d2-4a0c-8c76-bfafa16c5add&s=753PczuP7Zf9zcuLVCu0uBodOv3BOXIsJrm4LKoGI%2Fo%3D
Nel: {"report_to":"heroku-nel","max_age":3600,"success_fraction":0.005,"failure_fraction":0.05,"response_headers":["Via"]}
Connection: keep-alive
X-Powered-By: Express
Content-Type: application/json; charset=utf-8
Content-Length: 166
Etag: W/"a6-eRdbBZwr/UinyejIGaQSRLl0tZ0"
Date: Fri, 28 Mar 2025 10:32:56 GMT
Via: 1.1 vegur

{
    "firstname": "James",
    "lastname": "Sam",
    "totalprice": 500,
    "depositpaid": false,
    "bookingdates": {
        "checkin": "2028-01-01",
        "checkout": "2029-01-01"
    },
    "additionalneeds": "Dinner"
}
2025-03-28 06:32:57 [main] INFO  com.sb.auto.OrangeHRMSpringBootAutomation.api.BookingAPITest - Response of Update Booking API for particular ID {"firstname":"James","lastname":"Sam","totalprice":500,"depositpaid":false,"bookingdates":{"checkin":"2028-01-01","checkout":"2029-01-01"},"additionalneeds":"Dinner"}
2025-03-28 06:32:57 [main] DEBUG org.springframework.test.context.cache - Spring test ApplicationContext cache statistics: [DefaultContextCache@17e725fb size = 1, maxSize = 32, parentContextCount = 0, hitCount = 115, missCount = 1, failureCount = 0]
2025-03-28 06:32:57 [main] INFO  com.sb.auto.OrangeHRMSpringBootAutomation.framework.listener.TestMethodListener - ? After Method: updateBookingTest
2025-03-28 06:32:57 [main] INFO  com.sb.auto.OrangeHRMSpringBootAutomation.framework.listener.TestListener - ? Test Passed: updateBookingTest
]]></system-out>
  </testcase>
  <testcase name="deleteBookingTest" classname="com.sb.auto.OrangeHRMSpringBootAutomation.api.BookingAPITest" time="1.5">
    <system-out><![CDATA[2025-03-28 06:32:57 [rp-io-14] DEBUG com.epam.reportportal.service.Launch - Starting test item...rp-io-14
2025-03-28 06:32:57 [main] INFO  com.sb.auto.OrangeHRMSpringBootAutomation.framework.listener.TestMethodListener - ? Before Method: springTestContextAfterTestMethod
2025-03-28 06:32:57 [rp-io-8] DEBUG com.epam.reportportal.service.Launch - Accepted finish request for test item ID = 65a2e682-ed26-47fe-9728-165e41398782
2025-03-28 06:32:57 [rp-io-8] DEBUG com.epam.reportportal.utils.SubscriptionUtils - Finish test item completed
2025-03-28 06:32:57 [main] DEBUG org.springframework.test.context.cache - Spring test ApplicationContext cache statistics: [DefaultContextCache@17e725fb size = 1, maxSize = 32, parentContextCount = 0, hitCount = 116, missCount = 1, failureCount = 0]
2025-03-28 06:32:57 [main] DEBUG org.springframework.test.context.cache - Spring test ApplicationContext cache statistics: [DefaultContextCache@17e725fb size = 1, maxSize = 32, parentContextCount = 0, hitCount = 117, missCount = 1, failureCount = 0]
2025-03-28 06:32:57 [main] DEBUG org.springframework.test.context.cache - Spring test ApplicationContext cache statistics: [DefaultContextCache@17e725fb size = 1, maxSize = 32, parentContextCount = 0, hitCount = 118, missCount = 1, failureCount = 0]
2025-03-28 06:32:57 [rp-io-92] DEBUG com.epam.reportportal.service.Launch - ReportPortal item with ID '17ea2c3d-d6d6-4296-a03e-90bcd0f59ed9' has been created
2025-03-28 06:32:57 [rp-io-92] DEBUG com.epam.reportportal.utils.SubscriptionUtils - Start test item successfully completed
2025-03-28 06:32:57 [main] DEBUG org.springframework.test.context.cache - Spring test ApplicationContext cache statistics: [DefaultContextCache@17e725fb size = 1, maxSize = 32, parentContextCount = 0, hitCount = 119, missCount = 1, failureCount = 0]
2025-03-28 06:32:57 [main] DEBUG org.springframework.test.context.cache - Spring test ApplicationContext cache statistics: [DefaultContextCache@17e725fb size = 1, maxSize = 32, parentContextCount = 0, hitCount = 120, missCount = 1, failureCount = 0]
2025-03-28 06:32:57 [main] DEBUG org.springframework.test.context.cache - Spring test ApplicationContext cache statistics: [DefaultContextCache@17e725fb size = 1, maxSize = 32, parentContextCount = 0, hitCount = 121, missCount = 1, failureCount = 0]
2025-03-28 06:32:57 [main] DEBUG org.springframework.test.context.support.DirtiesContextTestExecutionListener - After test method: class [BookingAPITest], method [updateBookingTest], class annotated with @DirtiesContext [false] with mode [null], method annotated with @DirtiesContext [false] with mode [null]
2025-03-28 06:32:57 [main] DEBUG org.springframework.test.context.web.ServletTestExecutionListener - Resetting RequestContextHolder for test class com.sb.auto.OrangeHRMSpringBootAutomation.api.BookingAPITest
2025-03-28 06:32:57 [main] INFO  com.sb.auto.OrangeHRMSpringBootAutomation.framework.listener.TestMethodListener - ? After Method: springTestContextAfterTestMethod
2025-03-28 06:32:57 [rp-io-13] DEBUG com.epam.reportportal.service.Launch - Starting test item...rp-io-13
2025-03-28 06:32:57 [main] INFO  com.sb.auto.OrangeHRMSpringBootAutomation.framework.listener.TestMethodListener - ? Before Method: springTestContextBeforeTestMethod
2025-03-28 06:32:57 [main] DEBUG org.springframework.test.context.cache - Spring test ApplicationContext cache statistics: [DefaultContextCache@17e725fb size = 1, maxSize = 32, parentContextCount = 0, hitCount = 122, missCount = 1, failureCount = 0]
2025-03-28 06:32:57 [main] DEBUG org.springframework.test.context.web.ServletTestExecutionListener - Setting up MockHttpServletRequest, MockHttpServletResponse, ServletWebRequest, and RequestContextHolder for test class com.sb.auto.OrangeHRMSpringBootAutomation.api.BookingAPITest
2025-03-28 06:32:57 [main] DEBUG org.springframework.test.context.support.DirtiesContextBeforeModesTestExecutionListener - Before test method: class [BookingAPITest], method [deleteBookingTest], class annotated with @DirtiesContext [false] with mode [null], method annotated with @DirtiesContext [false] with mode [null]
2025-03-28 06:32:57 [main] DEBUG org.springframework.test.context.support.DependencyInjectionTestExecutionListener - Reinjecting dependencies for test class com.sb.auto.OrangeHRMSpringBootAutomation.api.BookingAPITest
2025-03-28 06:32:57 [rp-io-99] DEBUG com.epam.reportportal.service.Launch - Accepted finish request for test item ID = 17ea2c3d-d6d6-4296-a03e-90bcd0f59ed9
2025-03-28 06:32:57 [main] DEBUG org.springframework.test.context.cache - Spring test ApplicationContext cache statistics: [DefaultContextCache@17e725fb size = 1, maxSize = 32, parentContextCount = 0, hitCount = 123, missCount = 1, failureCount = 0]
2025-03-28 06:32:57 [rp-io-99] DEBUG com.epam.reportportal.utils.SubscriptionUtils - Finish test item completed
2025-03-28 06:32:57 [main] DEBUG org.springframework.test.context.cache - Spring test ApplicationContext cache statistics: [DefaultContextCache@17e725fb size = 1, maxSize = 32, parentContextCount = 0, hitCount = 124, missCount = 1, failureCount = 0]
2025-03-28 06:32:57 [main] DEBUG org.springframework.test.context.cache - Spring test ApplicationContext cache statistics: [DefaultContextCache@17e725fb size = 1, maxSize = 32, parentContextCount = 0, hitCount = 125, missCount = 1, failureCount = 0]
2025-03-28 06:32:57 [main] DEBUG org.springframework.test.context.cache - Spring test ApplicationContext cache statistics: [DefaultContextCache@17e725fb size = 1, maxSize = 32, parentContextCount = 0, hitCount = 126, missCount = 1, failureCount = 0]
2025-03-28 06:32:57 [rp-io-13] DEBUG com.epam.reportportal.service.Launch - ReportPortal item with ID '1d7eac6f-8258-4c82-a661-d9e6c80ae9b3' has been created
2025-03-28 06:32:57 [rp-io-13] DEBUG com.epam.reportportal.utils.SubscriptionUtils - Start test item successfully completed
2025-03-28 06:32:57 [main] INFO  com.sb.auto.OrangeHRMSpringBootAutomation.framework.listener.TestMethodListener - ? After Method: springTestContextBeforeTestMethod
2025-03-28 06:32:57 [rp-io-28] DEBUG com.epam.reportportal.service.Launch - Starting test item...rp-io-28
2025-03-28 06:32:57 [main] INFO  com.sb.auto.OrangeHRMSpringBootAutomation.framework.listener.TestListener - ? Test Started: deleteBookingTest
2025-03-28 06:32:57 [main] INFO  com.sb.auto.OrangeHRMSpringBootAutomation.framework.listener.TestMethodListener - ? Before Method: deleteBookingTest
2025-03-28 06:32:57 [main] DEBUG org.springframework.test.context.cache - Spring test ApplicationContext cache statistics: [DefaultContextCache@17e725fb size = 1, maxSize = 32, parentContextCount = 0, hitCount = 127, missCount = 1, failureCount = 0]
2025-03-28 06:32:57 [rp-io-7] DEBUG com.epam.reportportal.service.Launch - Accepted finish request for test item ID = 1d7eac6f-8258-4c82-a661-d9e6c80ae9b3
2025-03-28 06:32:57 [rp-io-7] DEBUG com.epam.reportportal.utils.SubscriptionUtils - Finish test item completed
Request method:	DELETE
Request URI:	https://restful-booker.herokuapp.com/booking/1
Proxy:			<none>
Request params:	<none>
Query params:	<none>
Form params:	<none>
Path params:	<none>
Headers:		Authorization=Basic YWRtaW46cGFzc3dvcmQxMjM=
				Accept=application/json
				Content-Type=application/json
Cookies:		<none>
Multiparts:		<none>
Body:			<none>
2025-03-28 06:32:57 [main] DEBUG org.apache.http.impl.conn.BasicClientConnectionManager - Get connection for route {s}->https://restful-booker.herokuapp.com:443
2025-03-28 06:32:57 [main] DEBUG org.apache.http.impl.conn.DefaultClientConnectionOperator - Connecting to restful-booker.herokuapp.com:443
2025-03-28 06:32:57 [rp-io-28] DEBUG com.epam.reportportal.service.Launch - ReportPortal item with ID '6bca13c6-9e44-4095-9a46-119acd6fd884' has been created
2025-03-28 06:32:57 [rp-io-28] DEBUG com.epam.reportportal.utils.SubscriptionUtils - Start test item successfully completed
2025-03-28 06:32:58 [main] DEBUG org.apache.http.client.protocol.RequestAddCookies - CookieSpec selected: ignoreCookies
2025-03-28 06:32:58 [main] DEBUG org.apache.http.client.protocol.RequestAuthCache - Auth cache not set in the context
2025-03-28 06:32:58 [main] DEBUG org.apache.http.client.protocol.RequestProxyAuthentication - Proxy auth state: UNCHALLENGED
2025-03-28 06:32:58 [main] DEBUG org.apache.http.impl.client.DefaultHttpClient - Attempt 1 to execute request
2025-03-28 06:32:58 [main] DEBUG org.apache.http.impl.conn.DefaultClientConnection - Sending request: DELETE /booking/1 HTTP/1.1
2025-03-28 06:32:58 [main] DEBUG org.apache.http.wire -  >> "DELETE /booking/1 HTTP/1.1[\r][\n]"
2025-03-28 06:32:58 [main] DEBUG org.apache.http.wire -  >> "Content-Type: application/json[\r][\n]"
2025-03-28 06:32:58 [main] DEBUG org.apache.http.wire -  >> "Authorization: Basic YWRtaW46cGFzc3dvcmQxMjM=[\r][\n]"
2025-03-28 06:32:58 [main] DEBUG org.apache.http.wire -  >> "Accept: application/json[\r][\n]"
2025-03-28 06:32:58 [main] DEBUG org.apache.http.wire -  >> "Host: restful-booker.herokuapp.com[\r][\n]"
2025-03-28 06:32:58 [main] DEBUG org.apache.http.wire -  >> "Connection: Keep-Alive[\r][\n]"
2025-03-28 06:32:58 [main] DEBUG org.apache.http.wire -  >> "User-Agent: Apache-HttpClient/4.5.13 (Java/17.0.13)[\r][\n]"
2025-03-28 06:32:58 [main] DEBUG org.apache.http.wire -  >> "Accept-Encoding: gzip,deflate[\r][\n]"
2025-03-28 06:32:58 [main] DEBUG org.apache.http.wire -  >> "[\r][\n]"
2025-03-28 06:32:58 [main] DEBUG org.apache.http.headers - >> DELETE /booking/1 HTTP/1.1
2025-03-28 06:32:58 [main] DEBUG org.apache.http.headers - >> Content-Type: application/json
2025-03-28 06:32:58 [main] DEBUG org.apache.http.headers - >> Authorization: Basic YWRtaW46cGFzc3dvcmQxMjM=
2025-03-28 06:32:58 [main] DEBUG org.apache.http.headers - >> Accept: application/json
2025-03-28 06:32:58 [main] DEBUG org.apache.http.headers - >> Host: restful-booker.herokuapp.com
2025-03-28 06:32:58 [main] DEBUG org.apache.http.headers - >> Connection: Keep-Alive
2025-03-28 06:32:58 [main] DEBUG org.apache.http.headers - >> User-Agent: Apache-HttpClient/4.5.13 (Java/17.0.13)
2025-03-28 06:32:58 [main] DEBUG org.apache.http.headers - >> Accept-Encoding: gzip,deflate
2025-03-28 06:32:59 [main] DEBUG org.apache.http.wire -  << "HTTP/1.1 201 Created[\r][\n]"
2025-03-28 06:32:59 [main] DEBUG org.apache.http.wire -  << "Server: Cowboy[\r][\n]"
2025-03-28 06:32:59 [main] DEBUG org.apache.http.wire -  << "Report-To: {"group":"heroku-nel","max_age":3600,"endpoints":[{"url":"https://nel.heroku.com/reports?ts=1743157978&sid=c46efe9b-d3d2-4a0c-8c76-bfafa16c5add&s=kGhQjhSjegxlP6S53PnuGwoDaLH041OVNTNbSQJX8LQ%3D"}]}[\r][\n]"
2025-03-28 06:32:59 [main] DEBUG org.apache.http.wire -  << "Reporting-Endpoints: heroku-nel=https://nel.heroku.com/reports?ts=1743157978&sid=c46efe9b-d3d2-4a0c-8c76-bfafa16c5add&s=kGhQjhSjegxlP6S53PnuGwoDaLH041OVNTNbSQJX8LQ%3D[\r][\n]"
2025-03-28 06:32:59 [main] DEBUG org.apache.http.wire -  << "Nel: {"report_to":"heroku-nel","max_age":3600,"success_fraction":0.005,"failure_fraction":0.05,"response_headers":["Via"]}[\r][\n]"
2025-03-28 06:32:59 [main] DEBUG org.apache.http.wire -  << "Connection: keep-alive[\r][\n]"
2025-03-28 06:32:59 [main] DEBUG org.apache.http.wire -  << "X-Powered-By: Express[\r][\n]"
2025-03-28 06:32:59 [main] DEBUG org.apache.http.wire -  << "Content-Type: text/plain; charset=utf-8[\r][\n]"
2025-03-28 06:32:59 [main] DEBUG org.apache.http.wire -  << "Content-Length: 7[\r][\n]"
2025-03-28 06:32:59 [main] DEBUG org.apache.http.wire -  << "Etag: W/"7-rM9AyJuqT6iOan/xHh+AW+7K/T8"[\r][\n]"
2025-03-28 06:32:59 [main] DEBUG org.apache.http.wire -  << "Date: Fri, 28 Mar 2025 10:32:58 GMT[\r][\n]"
2025-03-28 06:32:59 [main] DEBUG org.apache.http.wire -  << "Via: 1.1 vegur[\r][\n]"
2025-03-28 06:32:59 [main] DEBUG org.apache.http.wire -  << "[\r][\n]"
2025-03-28 06:32:59 [main] DEBUG org.apache.http.impl.conn.DefaultClientConnection - Receiving response: HTTP/1.1 201 Created
2025-03-28 06:32:59 [main] DEBUG org.apache.http.headers - << HTTP/1.1 201 Created
2025-03-28 06:32:59 [main] DEBUG org.apache.http.headers - << Server: Cowboy
2025-03-28 06:32:59 [main] DEBUG org.apache.http.headers - << Report-To: {"group":"heroku-nel","max_age":3600,"endpoints":[{"url":"https://nel.heroku.com/reports?ts=1743157978&sid=c46efe9b-d3d2-4a0c-8c76-bfafa16c5add&s=kGhQjhSjegxlP6S53PnuGwoDaLH041OVNTNbSQJX8LQ%3D"}]}
2025-03-28 06:32:59 [main] DEBUG org.apache.http.headers - << Reporting-Endpoints: heroku-nel=https://nel.heroku.com/reports?ts=1743157978&sid=c46efe9b-d3d2-4a0c-8c76-bfafa16c5add&s=kGhQjhSjegxlP6S53PnuGwoDaLH041OVNTNbSQJX8LQ%3D
2025-03-28 06:32:59 [main] DEBUG org.apache.http.headers - << Nel: {"report_to":"heroku-nel","max_age":3600,"success_fraction":0.005,"failure_fraction":0.05,"response_headers":["Via"]}
2025-03-28 06:32:59 [main] DEBUG org.apache.http.headers - << Connection: keep-alive
2025-03-28 06:32:59 [main] DEBUG org.apache.http.headers - << X-Powered-By: Express
2025-03-28 06:32:59 [main] DEBUG org.apache.http.headers - << Content-Type: text/plain; charset=utf-8
2025-03-28 06:32:59 [main] DEBUG org.apache.http.headers - << Content-Length: 7
2025-03-28 06:32:59 [main] DEBUG org.apache.http.headers - << Etag: W/"7-rM9AyJuqT6iOan/xHh+AW+7K/T8"
2025-03-28 06:32:59 [main] DEBUG org.apache.http.headers - << Date: Fri, 28 Mar 2025 10:32:58 GMT
2025-03-28 06:32:59 [main] DEBUG org.apache.http.headers - << Via: 1.1 vegur
2025-03-28 06:32:59 [main] DEBUG org.apache.http.impl.client.DefaultHttpClient - Connection can be kept alive indefinitely
2025-03-28 06:32:59 [main] DEBUG io.restassured.internal.RestAssuredHttpBuilder - Parsing response as: text/plain; charset=utf-8
2025-03-28 06:32:59 [main] DEBUG io.restassured.internal.RestAssuredHttpBuilder - Parsed data to instance of: class org.apache.http.conn.EofSensorInputStream
2025-03-28 06:32:59 [main] DEBUG org.apache.http.wire -  << "Created"
2025-03-28 06:32:59 [main] DEBUG org.apache.http.impl.conn.BasicClientConnectionManager - Releasing connection org.apache.http.impl.conn.ManagedClientConnectionImpl@659b0c20
2025-03-28 06:32:59 [main] DEBUG org.apache.http.impl.conn.BasicClientConnectionManager - Connection can be kept alive indefinitely
HTTP/1.1 201 Created
Server: Cowboy
Report-To: {"group":"heroku-nel","max_age":3600,"endpoints":[{"url":"https://nel.heroku.com/reports?ts=1743157978&sid=c46efe9b-d3d2-4a0c-8c76-bfafa16c5add&s=kGhQjhSjegxlP6S53PnuGwoDaLH041OVNTNbSQJX8LQ%3D"}]}
Reporting-Endpoints: heroku-nel=https://nel.heroku.com/reports?ts=1743157978&sid=c46efe9b-d3d2-4a0c-8c76-bfafa16c5add&s=kGhQjhSjegxlP6S53PnuGwoDaLH041OVNTNbSQJX8LQ%3D
Nel: {"report_to":"heroku-nel","max_age":3600,"success_fraction":0.005,"failure_fraction":0.05,"response_headers":["Via"]}
Connection: keep-alive
X-Powered-By: Express
Content-Type: text/plain; charset=utf-8
Content-Length: 7
Etag: W/"7-rM9AyJuqT6iOan/xHh+AW+7K/T8"
Date: Fri, 28 Mar 2025 10:32:58 GMT
Via: 1.1 vegur

Created
2025-03-28 06:32:59 [main] INFO  com.sb.auto.OrangeHRMSpringBootAutomation.api.BookingAPITest - Response of Delete Booking API for particular ID Created
2025-03-28 06:32:59 [main] DEBUG org.springframework.test.context.cache - Spring test ApplicationContext cache statistics: [DefaultContextCache@17e725fb size = 1, maxSize = 32, parentContextCount = 0, hitCount = 128, missCount = 1, failureCount = 0]
2025-03-28 06:32:59 [main] INFO  com.sb.auto.OrangeHRMSpringBootAutomation.framework.listener.TestMethodListener - ? After Method: deleteBookingTest
2025-03-28 06:32:59 [main] INFO  com.sb.auto.OrangeHRMSpringBootAutomation.framework.listener.TestListener - ? Test Passed: deleteBookingTest
]]></system-out>
  </testcase>
</testsuite>