<?xml version="1.0" encoding="UTF-8"?>
<!-- Generated by org.testng.reporters.JUnitReportReporter -->
<testsuite hostname="DESKTOP-4LTBBG9" failures="0" tests="1" name="com.sb.auto.OrangeHRMSpringBootAutomation.qa.RegisterTest" time="28.615" errors="0" timestamp="2025-03-26T02:12:55 EDT" skipped="0">
  <testcase classname="com.sb.auto.OrangeHRMSpringBootAutomation.qa.RegisterTest" name="registerTest" time="28.615"/>
</testsuite> <!-- com.sb.auto.OrangeHRMSpringBootAutomation.qa.RegisterTest -->
