<?xml version="1.0" encoding="UTF-8"?>
<!-- Generated by org.testng.reporters.JUnitReportReporter -->
<testsuite hostname="DESKTOP-4LTBBG9" failures="0" tests="6" name="com.sb.auto.OrangeHRMSpringBootAutomation.api.BookingAPITest" time="12.168" errors="0" timestamp="2025-03-28T06:33:00 EDT" skipped="0">
  <testcase classname="com.sb.auto.OrangeHRMSpringBootAutomation.api.BookingAPITest" name="healthCheckTest" time="1.610"/>
  <testcase classname="com.sb.auto.OrangeHRMSpringBootAutomation.api.BookingAPITest" name="getBookingIDsTest" time="1.460"/>
  <testcase classname="com.sb.auto.OrangeHRMSpringBootAutomation.api.BookingAPITest" name="getBookingTest" time="1.468"/>
  <testcase classname="com.sb.auto.OrangeHRMSpringBootAutomation.api.BookingAPITest" name="createBookingTest" time="4.569"/>
  <testcase classname="com.sb.auto.OrangeHRMSpringBootAutomation.api.BookingAPITest" name="updateBookingTest" time="1.491"/>
  <testcase classname="com.sb.auto.OrangeHRMSpringBootAutomation.api.BookingAPITest" name="deleteBookingTest" time="1.570"/>
</testsuite> <!-- com.sb.auto.OrangeHRMSpringBootAutomation.api.BookingAPITest -->
