<?xml version="1.0" encoding="UTF-8"?>
<!-- Generated by org.testng.reporters.JUnitReportReporter -->
<testsuite hostname="DESKTOP-4LTBBG9" failures="0" tests="4" name="com.sb.auto.OrangeHRMSpringBootAutomation.api.UserAPITest" time="6.843" errors="0" timestamp="2025-03-28T06:33:00 EDT" skipped="0">
  <testcase classname="com.sb.auto.OrangeHRMSpringBootAutomation.api.UserAPITest" name="getUserDetailsTest" time="1.983"/>
  <testcase classname="com.sb.auto.OrangeHRMSpringBootAutomation.api.UserAPITest" name="deleteUserTest" time="0.700"/>
  <testcase classname="com.sb.auto.OrangeHRMSpringBootAutomation.api.UserAPITest" name="createNewUserTest" time="3.346"/>
  <testcase classname="com.sb.auto.OrangeHRMSpringBootAutomation.api.UserAPITest" name="updateUserTest" time="0.814"/>
</testsuite> <!-- com.sb.auto.OrangeHRMSpringBootAutomation.api.UserAPITest -->
